====================== Reading setup parameters ======================
domain:
theta_min = 0.663225115758
phi_max = 2.32128790515
z_max = 6371000.0
phi_min = 1.4835298642
z_min = 6171000.0
theta_max = 1.18682389136
elements:
ny_global = 624
nx_global = 420
nz_global = 27
nx = 43
ny = 53
nz = 10
lpd: 4
======================================================================
Converting snapshot to hdf5 for iteration = 0
iteration: 0  NOT exists!
Converting snapshot to hdf5 for iteration = 100
Converting snapshot to hdf5 for iteration = 200
Converting snapshot to hdf5 for iteration = 300
Converting snapshot to hdf5 for iteration = 400
Converting snapshot to hdf5 for iteration = 500
Converting snapshot to hdf5 for iteration = 600
Converting snapshot to hdf5 for iteration = 700
Converting snapshot to hdf5 for iteration = 800
Converting snapshot to hdf5 for iteration = 900
Converting snapshot to hdf5 for iteration = 1000
Converting snapshot to hdf5 for iteration = 1100
Converting snapshot to hdf5 for iteration = 1200
Converting snapshot to hdf5 for iteration = 1300
Converting snapshot to hdf5 for iteration = 1400
Converting snapshot to hdf5 for iteration = 1500
Converting snapshot to hdf5 for iteration = 1600
Converting snapshot to hdf5 for iteration = 1700
Converting snapshot to hdf5 for iteration = 1800
Converting snapshot to hdf5 for iteration = 1900
Converting snapshot to hdf5 for iteration = 2000
Converting snapshot to hdf5 for iteration = 2100
Converting snapshot to hdf5 for iteration = 2200
Converting snapshot to hdf5 for iteration = 2300
Converting snapshot to hdf5 for iteration = 2400
Converting snapshot to hdf5 for iteration = 2500
Converting snapshot to hdf5 for iteration = 2600
Converting snapshot to hdf5 for iteration = 2700
Converting snapshot to hdf5 for iteration = 2800
Converting snapshot to hdf5 for iteration = 2900
Converting snapshot to hdf5 for iteration = 3000
Converting snapshot to hdf5 for iteration = 3100
Converting snapshot to hdf5 for iteration = 3200
Converting snapshot to hdf5 for iteration = 3300
Converting snapshot to hdf5 for iteration = 3400
Converting snapshot to hdf5 for iteration = 3500
Converting snapshot to hdf5 for iteration = 3600
Converting snapshot to hdf5 for iteration = 3700
Converting snapshot to hdf5 for iteration = 3800
Converting snapshot to hdf5 for iteration = 3900
Converting snapshot to hdf5 for iteration = 4000
Converting snapshot to hdf5 for iteration = 4100
Converting snapshot to hdf5 for iteration = 4200
Converting snapshot to hdf5 for iteration = 4300
Converting snapshot to hdf5 for iteration = 4400
Converting snapshot to hdf5 for iteration = 4500
Converting snapshot to hdf5 for iteration = 4600
Converting snapshot to hdf5 for iteration = 4700
Converting snapshot to hdf5 for iteration = 4800
Converting snapshot to hdf5 for iteration = 4900
Converting snapshot to hdf5 for iteration = 5000
Converting snapshot to hdf5 for iteration = 5100
Converting snapshot to hdf5 for iteration = 5200
Converting snapshot to hdf5 for iteration = 5300
Converting snapshot to hdf5 for iteration = 5400
Converting snapshot to hdf5 for iteration = 5500
Converting snapshot to hdf5 for iteration = 5600
Converting snapshot to hdf5 for iteration = 5700
Converting snapshot to hdf5 for iteration = 5800
Converting snapshot to hdf5 for iteration = 5900
Converting snapshot to hdf5 for iteration = 6000
Converting snapshot to hdf5 for iteration = 6100
Converting snapshot to hdf5 for iteration = 6200
Converting snapshot to hdf5 for iteration = 6300
Converting snapshot to hdf5 for iteration = 6400
Converting snapshot to hdf5 for iteration = 6500
Converting snapshot to hdf5 for iteration = 6600
Converting snapshot to hdf5 for iteration = 6700
Converting snapshot to hdf5 for iteration = 6800
Converting snapshot to hdf5 for iteration = 6900
Converting snapshot to hdf5 for iteration = 7000
Converting snapshot to hdf5 for iteration = 7100
Converting snapshot to hdf5 for iteration = 7200
Converting snapshot to hdf5 for iteration = 7300
Converting snapshot to hdf5 for iteration = 7400
Converting snapshot to hdf5 for iteration = 7500
Converting snapshot to hdf5 for iteration = 7600
Converting snapshot to hdf5 for iteration = 7700
Converting snapshot to hdf5 for iteration = 7800
Converting snapshot to hdf5 for iteration = 7900
Converting snapshot to hdf5 for iteration = 8000
Converting snapshot to hdf5 for iteration = 8100
Converting snapshot to hdf5 for iteration = 8200
Converting snapshot to hdf5 for iteration = 8300
Converting snapshot to hdf5 for iteration = 8400
Converting snapshot to hdf5 for iteration = 8500
Converting snapshot to hdf5 for iteration = 8600
Converting snapshot to hdf5 for iteration = 8700
Converting snapshot to hdf5 for iteration = 8800
Converting snapshot to hdf5 for iteration = 8900
Converting snapshot to hdf5 for iteration = 9000
Converting snapshot to hdf5 for iteration = 9100
Converting snapshot to hdf5 for iteration = 9200
Converting snapshot to hdf5 for iteration = 9300
Converting snapshot to hdf5 for iteration = 9400
Converting snapshot to hdf5 for iteration = 9500
Converting snapshot to hdf5 for iteration = 9600
Converting snapshot to hdf5 for iteration = 9700
Converting snapshot to hdf5 for iteration = 9800
Converting snapshot to hdf5 for iteration = 9900
Converting snapshot to hdf5 for iteration = 10000
Converting snapshot to hdf5 for iteration = 10100
Converting snapshot to hdf5 for iteration = 10200
Converting snapshot to hdf5 for iteration = 10300
Converting snapshot to hdf5 for iteration = 10400
Converting snapshot to hdf5 for iteration = 10500
Converting snapshot to hdf5 for iteration = 10600
Converting snapshot to hdf5 for iteration = 10700
Converting snapshot to hdf5 for iteration = 10800
Converting snapshot to hdf5 for iteration = 10900
Converting snapshot to hdf5 for iteration = 11000
Converting snapshot to hdf5 for iteration = 11100
Converting snapshot to hdf5 for iteration = 11200
Converting snapshot to hdf5 for iteration = 11300
Converting snapshot to hdf5 for iteration = 11400
Converting snapshot to hdf5 for iteration = 11500
Converting snapshot to hdf5 for iteration = 11600
Converting snapshot to hdf5 for iteration = 11700
Converting snapshot to hdf5 for iteration = 11800
Converting snapshot to hdf5 for iteration = 11900
Converting snapshot to hdf5 for iteration = 12000
Converting snapshot to hdf5 for iteration = 12100
Converting snapshot to hdf5 for iteration = 12200
Converting snapshot to hdf5 for iteration = 12300
Converting snapshot to hdf5 for iteration = 12400
Converting snapshot to hdf5 for iteration = 12500
Converting snapshot to hdf5 for iteration = 12600
Converting snapshot to hdf5 for iteration = 12700
Converting snapshot to hdf5 for iteration = 12800
Converting snapshot to hdf5 for iteration = 12900
Converting snapshot to hdf5 for iteration = 13000
Converting snapshot to hdf5 for iteration = 13100
Converting snapshot to hdf5 for iteration = 13200
Converting snapshot to hdf5 for iteration = 13300
Converting snapshot to hdf5 for iteration = 13400
Converting snapshot to hdf5 for iteration = 13500
Converting snapshot to hdf5 for iteration = 13600
Converting snapshot to hdf5 for iteration = 13700
Converting snapshot to hdf5 for iteration = 13800
Converting snapshot to hdf5 for iteration = 13900
Converting snapshot to hdf5 for iteration = 14000
Converting snapshot to hdf5 for iteration = 14100
Converting snapshot to hdf5 for iteration = 14200
Converting snapshot to hdf5 for iteration = 14300
Converting snapshot to hdf5 for iteration = 14400
Converting snapshot to hdf5 for iteration = 14500
Converting snapshot to hdf5 for iteration = 14600
Converting snapshot to hdf5 for iteration = 14700
Converting snapshot to hdf5 for iteration = 14800
Converting snapshot to hdf5 for iteration = 14900
Converting snapshot to hdf5 for iteration = 15000
Converting snapshot to hdf5 for iteration = 15100
Converting snapshot to hdf5 for iteration = 15200
Converting snapshot to hdf5 for iteration = 15300
Converting snapshot to hdf5 for iteration = 15400
Converting snapshot to hdf5 for iteration = 15500
Converting snapshot to hdf5 for iteration = 15600
Converting snapshot to hdf5 for iteration = 15700
Converting snapshot to hdf5 for iteration = 15800
Converting snapshot to hdf5 for iteration = 15900
Converting snapshot to hdf5 for iteration = 16000
Converting snapshot to hdf5 for iteration = 16100
Converting snapshot to hdf5 for iteration = 16200
Converting snapshot to hdf5 for iteration = 16300
Converting snapshot to hdf5 for iteration = 16400
Converting snapshot to hdf5 for iteration = 16500
Converting snapshot to hdf5 for iteration = 16600
Converting snapshot to hdf5 for iteration = 16700
Converting snapshot to hdf5 for iteration = 16800
Converting snapshot to hdf5 for iteration = 16900
Converting snapshot to hdf5 for iteration = 17000
Converting snapshot to hdf5 for iteration = 17100
Converting snapshot to hdf5 for iteration = 17200
Converting snapshot to hdf5 for iteration = 17300
Converting snapshot to hdf5 for iteration = 17400
Converting snapshot to hdf5 for iteration = 17500
Converting snapshot to hdf5 for iteration = 17600
Converting snapshot to hdf5 for iteration = 17700
Converting snapshot to hdf5 for iteration = 17800
Converting snapshot to hdf5 for iteration = 17900
Converting snapshot to hdf5 for iteration = 18000
Converting snapshot to hdf5 for iteration = 18100
Converting snapshot to hdf5 for iteration = 18200
Converting snapshot to hdf5 for iteration = 18300
Converting snapshot to hdf5 for iteration = 18400
Converting snapshot to hdf5 for iteration = 18500
Converting snapshot to hdf5 for iteration = 18600
Converting snapshot to hdf5 for iteration = 18700
Converting snapshot to hdf5 for iteration = 18800
Converting snapshot to hdf5 for iteration = 18900
Converting snapshot to hdf5 for iteration = 19000
Converting snapshot to hdf5 for iteration = 19100
Converting snapshot to hdf5 for iteration = 19200
Converting snapshot to hdf5 for iteration = 19300
Converting snapshot to hdf5 for iteration = 19400
Converting snapshot to hdf5 for iteration = 19500
Converting snapshot to hdf5 for iteration = 19600
Converting snapshot to hdf5 for iteration = 19700
Converting snapshot to hdf5 for iteration = 19800
Converting snapshot to hdf5 for iteration = 19900
Converting snapshot to hdf5 for iteration = 20000
Converting snapshot to hdf5 for iteration = 20100
Converting snapshot to hdf5 for iteration = 20200
Converting snapshot to hdf5 for iteration = 20300
Converting snapshot to hdf5 for iteration = 20400
Converting snapshot to hdf5 for iteration = 20500
Converting snapshot to hdf5 for iteration = 20600
Converting snapshot to hdf5 for iteration = 20700
Converting snapshot to hdf5 for iteration = 20800
Converting snapshot to hdf5 for iteration = 20900
Converting snapshot to hdf5 for iteration = 21000
Converting snapshot to hdf5 for iteration = 21100
Converting snapshot to hdf5 for iteration = 21200
Converting snapshot to hdf5 for iteration = 21300
Converting snapshot to hdf5 for iteration = 21400
Converting snapshot to hdf5 for iteration = 21500
Converting snapshot to hdf5 for iteration = 21600
Converting snapshot to hdf5 for iteration = 21700
Converting snapshot to hdf5 for iteration = 21800
Converting snapshot to hdf5 for iteration = 21900
Converting snapshot to hdf5 for iteration = 22000
Converting snapshot to hdf5 for iteration = 22100
Converting snapshot to hdf5 for iteration = 22200
Converting snapshot to hdf5 for iteration = 22300
Converting snapshot to hdf5 for iteration = 22400
Converting snapshot to hdf5 for iteration = 22500
Converting snapshot to hdf5 for iteration = 22600
Converting snapshot to hdf5 for iteration = 22700
Converting snapshot to hdf5 for iteration = 22800
Converting snapshot to hdf5 for iteration = 22900
Converting snapshot to hdf5 for iteration = 23000
Converting snapshot to hdf5 for iteration = 23100
Converting snapshot to hdf5 for iteration = 23200
Converting snapshot to hdf5 for iteration = 23300
Converting snapshot to hdf5 for iteration = 23400
Converting snapshot to hdf5 for iteration = 23500
Converting snapshot to hdf5 for iteration = 23600
Converting snapshot to hdf5 for iteration = 23700
Converting snapshot to hdf5 for iteration = 23800
Converting snapshot to hdf5 for iteration = 23900
Converting snapshot to hdf5 for iteration = 24000
Converting snapshot to hdf5 for iteration = 24100
Converting snapshot to hdf5 for iteration = 24200
Converting snapshot to hdf5 for iteration = 24300
Converting snapshot to hdf5 for iteration = 24400
Converting snapshot to hdf5 for iteration = 24500
Converting snapshot to hdf5 for iteration = 24600
Converting snapshot to hdf5 for iteration = 24700
Converting snapshot to hdf5 for iteration = 24800
Converting snapshot to hdf5 for iteration = 24900
Converting snapshot to hdf5 for iteration = 25000
Converting snapshot to hdf5 for iteration = 25100
Converting snapshot to hdf5 for iteration = 25200
Converting snapshot to hdf5 for iteration = 25300
Converting snapshot to hdf5 for iteration = 25400
Converting snapshot to hdf5 for iteration = 25500
Converting snapshot to hdf5 for iteration = 25600
Converting snapshot to hdf5 for iteration = 25700
Converting snapshot to hdf5 for iteration = 25800
Converting snapshot to hdf5 for iteration = 25900
Converting snapshot to hdf5 for iteration = 26000
Converting snapshot to hdf5 for iteration = 26100
Converting snapshot to hdf5 for iteration = 26200
Converting snapshot to hdf5 for iteration = 26300
Converting snapshot to hdf5 for iteration = 26400
Converting snapshot to hdf5 for iteration = 26500
Converting snapshot to hdf5 for iteration = 26600
Converting snapshot to hdf5 for iteration = 26700
Converting snapshot to hdf5 for iteration = 26800
Converting snapshot to hdf5 for iteration = 26900
Converting snapshot to hdf5 for iteration = 27000
Converting snapshot to hdf5 for iteration = 27100
Converting snapshot to hdf5 for iteration = 27200
Converting snapshot to hdf5 for iteration = 27300
Converting snapshot to hdf5 for iteration = 27400
Converting snapshot to hdf5 for iteration = 27500
Converting snapshot to hdf5 for iteration = 27600
Converting snapshot to hdf5 for iteration = 27700
Converting snapshot to hdf5 for iteration = 27800
Converting snapshot to hdf5 for iteration = 27900
Converting snapshot to hdf5 for iteration = 28000
Converting snapshot to hdf5 for iteration = 28100
Converting snapshot to hdf5 for iteration = 28200
Converting snapshot to hdf5 for iteration = 28300
Converting snapshot to hdf5 for iteration = 28400
Converting snapshot to hdf5 for iteration = 28500
Converting snapshot to hdf5 for iteration = 28600
Converting snapshot to hdf5 for iteration = 28700
Converting snapshot to hdf5 for iteration = 28800
Converting snapshot to hdf5 for iteration = 28900
Converting snapshot to hdf5 for iteration = 29000
Converting snapshot to hdf5 for iteration = 29100
Converting snapshot to hdf5 for iteration = 29200
Converting snapshot to hdf5 for iteration = 29300
Converting snapshot to hdf5 for iteration = 29400
Converting snapshot to hdf5 for iteration = 29500
Converting snapshot to hdf5 for iteration = 29600
Converting snapshot to hdf5 for iteration = 29700
Converting snapshot to hdf5 for iteration = 29800
Converting snapshot to hdf5 for iteration = 29900
Converting snapshot to hdf5 for iteration = 30000
