236 26 2.56884
236.5 26 2.58843
237 26 2.61274
237.5 26 2.63784
238 26 2.66313
238.5 26 2.68855
239 26 2.71387
239.5 26 2.73892
240 26 2.76366
240.5 26 2.7878
241 26 2.81128
241.5 26 2.83367
242 26 2.85482
242.5 26 2.87383
243 26 2.90225
243.5 26 2.91553
244 26 2.92902
244.5 26 2.9431
245 26 2.95669
245.5 26 2.96826
246 26 2.97787
246.5 26 2.98539
247 26 2.99223
247.5 26 3.00181
248 26 3.00509
248.5 26 3.00859
249 26 3.01122
249.5 26 3.01361
250 26 3.01565
250.5 26 3.01809
251 26 3.01807
251.5 26 3.02048
252 26 3.02117
252.5 26 3.02239
253 26 3.02422
253.5 26 3.02622
254 26 3.02489
254.5 26 3.04299
255 26 3.02282
255.5 26 3.02376
256 26 3.02398
256.5 26 3.02477
257 26 3.0259
257.5 26 3.02783
258 26 3.0484
258.5 26 3.00824
259 26 3.04607
259.5 26 3.05313
260 26 3.06573
260.5 26 3.0803
261 26 3.0925
261.5 26 3.11231
262 26 3.12792
262.5 26 3.10666
263 26 3.11591
263.5 26 3.0993
264 26 3.07007
264.5 26 3.04312
265 26 3.01291
265.5 26 2.9794
266 26 2.94451
266.5 26 2.90888
267 26 2.87411
267.5 26 2.84745
268 26 2.81962
268.5 26 2.78923
269 26 2.80489
269.5 26 2.73305
270 26 2.73419
270.5 26 2.72719
271 26 2.71868
271.5 26 2.71611
272 26 2.71567
272.5 26 2.73484
273 26 2.75342
273.5 26 2.74295
274 26 2.7788
274.5 26 2.80574
275 26 2.83522
275.5 26 2.86737
276 26 2.9038
276.5 26 2.94145
277 26 2.97843
277.5 26 3.01553
278 26 3.05596
278.5 26 3.0999
279 26 3.13631
279.5 26 3.16764
280 26 3.18915
280.5 26 3.19941
281 26 3.20484
281.5 26 3.20705
282 26 3.20737
282.5 26 3.20868
283 26 3.21084
283.5 26 3.21362
284 26 3.21772
284.5 26 3.22029
285 26 3.22431
285.5 26 3.22875
286 26 3.23313
286.5 26 3.2373
287 26 3.24103
287.5 26 3.24283
288 26 3.2446
288.5 26 3.24648
289 26 3.24651
289.5 26 3.2458
290 26 3.24582
290.5 26 3.24621
291 26 3.24402
291.5 26 3.24087
292 26 3.23622
292.5 26 3.23805
293 26 3.23561
293.5 26 3.23245
294 26 3.22922
236 26.5 2.58224
236.5 26.5 2.61501
237 26.5 2.63511
237.5 26.5 2.65989
238 26.5 2.68539
238.5 26.5 2.71118
239 26.5 2.7369
239.5 26.5 2.76262
240 26.5 2.78793
240.5 26.5 2.81269
241 26.5 2.83644
241.5 26.5 2.85912
242 26.5 2.88025
242.5 26.5 2.90011
243 26.5 2.90889
243.5 26.5 2.94306
244 26.5 2.9514
244.5 26.5 2.96384
245 26.5 2.976
245.5 26.5 2.98623
246 26.5 2.99462
246.5 26.5 2.99996
247 26.5 3.00608
247.5 26.5 3.01543
248 26.5 3.0173
248.5 26.5 3.01992
249 26.5 3.02211
249.5 26.5 3.02389
250 26.5 3.02581
250.5 26.5 3.02812
251 26.5 3.028
251.5 26.5 3.03102
252 26.5 3.03156
252.5 26.5 3.03363
253 26.5 3.03573
253.5 26.5 3.03838
254 26.5 3.03873
254.5 26.5 3.03362
255 26.5 3.03577
255.5 26.5 3.0354
256 26.5 3.03507
256.5 26.5 3.0348
257 26.5 3.03402
257.5 26.5 3.03397
258 26.5 3.06611
258.5 26.5 3.00864
259 26.5 3.03678
259.5 26.5 3.04078
260 26.5 3.04832
260.5 26.5 3.05555
261 26.5 3.06721
261.5 26.5 3.09155
262 26.5 3.09131
262.5 26.5 3.0871
263 26.5 3.08736
263.5 26.5 3.05941
264 26.5 3.03121
264.5 26.5 3.00335
265 26.5 2.97127
265.5 26.5 2.93786
266 26.5 2.90449
266.5 26.5 2.87337
267 26.5 2.84889
267.5 26.5 2.82212
268 26.5 2.79568
268.5 26.5 2.81799
269 26.5 2.74965
269.5 26.5 2.74201
270 26.5 2.73468
270.5 26.5 2.72799
271 26.5 2.72866
271.5 26.5 2.71859
272 26.5 2.73637
272.5 26.5 2.75538
273 26.5 2.76707
273.5 26.5 2.76304
274 26.5 2.79791
274.5 26.5 2.8247
275 26.5 2.85459
275.5 26.5 2.88658
276 26.5 2.92389
276.5 26.5 2.9598
277 26.5 2.99391
277.5 26.5 3.02698
278 26.5 3.05864
278.5 26.5 3.09197
279 26.5 3.12789
279.5 26.5 3.16498
280 26.5 3.18708
280.5 26.5 3.19699
281 26.5 3.20264
281.5 26.5 3.20609
282 26.5 3.20833
282.5 26.5 3.21087
283 26.5 3.21229
283.5 26.5 3.21404
284 26.5 3.2161
284.5 26.5 3.2183
285 26.5 3.22171
285.5 26.5 3.22523
286 26.5 3.22909
286.5 26.5 3.23193
287 26.5 3.23497
287.5 26.5 3.23653
288 26.5 3.23773
288.5 26.5 3.2379
289 26.5 3.23727
289.5 26.5 3.23918
290 26.5 3.23987
290.5 26.5 3.23618
291 26.5 3.23217
291.5 26.5 3.22934
292 26.5 3.23088
292.5 26.5 3.22837
293 26.5 3.2245
293.5 26.5 3.22153
294 26.5 3.21938
236 27 2.60067
236.5 27 2.63392
237 27 2.65972
237.5 27 2.6821
238 27 2.70767
238.5 27 2.73386
239 27 2.76036
239.5 27 2.78678
240 27 2.81288
240.5 27 2.83833
241 27 2.86269
241.5 27 2.88567
242 27 2.90675
242.5 27 2.92593
243 27 2.92683
243.5 27 2.97321
244 27 2.97463
244.5 27 2.98539
245 27 2.9958
245.5 27 3.00486
246 27 3.01187
246.5 27 3.01579
247 27 3.02178
247.5 27 3.03028
248 27 3.03102
248.5 27 3.03281
249 27 3.03448
249.5 27 3.03598
250 27 3.03785
250.5 27 3.03995
251 27 3.04
251.5 27 3.04361
252 27 3.0441
252.5 27 3.04702
253 27 3.04945
253.5 27 3.05215
254 27 3.05821
254.5 27 3.03508
255 27 3.04918
255.5 27 3.04843
256 27 3.04756
256.5 27 3.04627
257 27 3.04371
257.5 27 3.04399
258 27 3.0573
258.5 27 3.02819
259 27 3.03159
259.5 27 3.02992
260 27 3.03057
260.5 27 3.02878
261 27 3.04027
261.5 27 3.06694
262 27 3.0568
262.5 27 3.07051
263 27 3.0524
263.5 27 3.02004
264 27 2.99282
264.5 27 2.96029
265 27 2.92644
265.5 27 2.89373
266 27 2.8653
266.5 27 2.84239
267 27 2.81783
267.5 27 2.79543
268 27 2.82037
268.5 27 2.76413
269 27 2.74569
269.5 27 2.73705
270 27 2.73379
270.5 27 2.73025
271 27 2.73291
271.5 27 2.73331
272 27 2.75526
272.5 27 2.77257
273 27 2.77958
273.5 27 2.7896
274 27 2.8186
274.5 27 2.84379
275 27 2.87313
275.5 27 2.90722
276 27 2.94515
276.5 27 2.98228
277 27 3.01671
277.5 27 3.04877
278 27 3.07321
278.5 27 3.09285
279 27 3.12634
279.5 27 3.16295
280 27 3.18381
280.5 27 3.1944
281 27 3.20108
281.5 27 3.20657
282 27 3.21007
282.5 27 3.21155
283 27 3.21363
283.5 27 3.21369
284 27 3.21544
284.5 27 3.21713
285 27 3.21904
285.5 27 3.22201
286 27 3.22446
286.5 27 3.22738
287 27 3.22883
287.5 27 3.22998
288 27 3.2305
288.5 27 3.22938
289 27 3.23164
289.5 27 3.2317
290 27 3.22935
290.5 27 3.22483
291 27 3.22252
291.5 27 3.22486
292 27 3.22064
292.5 27 3.21758
293 27 3.21483
293.5 27 3.21163
294 27 3.2088
236 27.5 2.6278
236.5 27.5 2.64664
237 27.5 2.68387
237.5 27.5 2.7054
238 27.5 2.73013
238.5 27.5 2.75683
239 27.5 2.78415
239.5 27.5 2.81164
240 27.5 2.83889
240.5 27.5 2.86523
241 27.5 2.89045
241.5 27.5 2.91372
242 27.5 2.93483
242.5 27.5 2.95333
243 27.5 2.95797
243.5 27.5 3.00239
244 27.5 2.99917
244.5 27.5 3.0078
245 27.5 3.0164
245.5 27.5 3.02423
246 27.5 3.02998
246.5 27.5 3.03287
247 27.5 3.03911
247.5 27.5 3.04656
248 27.5 3.04631
248.5 27.5 3.04761
249 27.5 3.04871
249.5 27.5 3.04999
250 27.5 3.05187
250.5 27.5 3.05402
251 27.5 3.05443
251.5 27.5 3.05847
252 27.5 3.05911
252.5 27.5 3.06271
253 27.5 3.06554
253.5 27.5 3.06709
254 27.5 3.08062
254.5 27.5 3.05195
255 27.5 3.06378
255.5 27.5 3.06265
256 27.5 3.06129
256.5 27.5 3.05916
257 27.5 3.05533
257.5 27.5 3.06519
258 27.5 3.0253
258.5 27.5 3.03868
259 27.5 3.03009
259.5 27.5 3.02289
260 27.5 3.01355
260.5 27.5 3.0027
261 27.5 3.01013
261.5 27.5 3.02606
262 27.5 3.03647
262.5 27.5 3.04634
263 27.5 3.01273
263.5 27.5 2.98443
264 27.5 2.95048
264.5 27.5 2.913
265 27.5 2.87854
265.5 27.5 2.85086
266 27.5 2.82865
266.5 27.5 2.80665
267 27.5 2.78769
267.5 27.5 2.80032
268 27.5 2.77241
268.5 27.5 2.74038
269 27.5 2.73474
269.5 27.5 2.73286
270 27.5 2.72961
270.5 27.5 2.73739
271 27.5 2.7336
271.5 27.5 2.75275
272 27.5 2.77532
272.5 27.5 2.78948
273 27.5 2.7901
273.5 27.5 2.81479
274 27.5 2.8384
274.5 27.5 2.86219
275 27.5 2.88978
275.5 27.5 2.92625
276 27.5 2.96667
276.5 27.5 3.00725
277 27.5 3.04722
277.5 27.5 3.08436
278 27.5 3.10626
278.5 27.5 3.1178
279 27.5 3.14317
279.5 27.5 3.16827
280 27.5 3.18488
280.5 27.5 3.19521
281 27.5 3.20318
281.5 27.5 3.20927
282 27.5 3.21208
282.5 27.5 3.21229
283 27.5 3.21308
283.5 27.5 3.2136
284 27.5 3.21365
284.5 27.5 3.21665
285 27.5 3.2173
285.5 27.5 3.21938
286 27.5 3.21996
286.5 27.5 3.22146
287 27.5 3.22276
287.5 27.5 3.22226
288 27.5 3.22292
288.5 27.5 3.22666
289 27.5 3.22447
289.5 27.5 3.22197
290 27.5 3.21686
290.5 27.5 3.21772
291 27.5 3.21775
291.5 27.5 3.21384
292 27.5 3.21023
292.5 27.5 3.20766
293 27.5 3.20481
293.5 27.5 3.20113
294 27.5 3.19744
236 28 2.65098
236.5 28 2.67183
237 28 2.69601
237.5 28 2.73165
238 28 2.75329
238.5 28 2.78012
239 28 2.80854
239.5 28 2.83751
240 28 2.86612
240.5 28 2.89385
241 28 2.91999
241.5 28 2.94381
242 28 2.96506
242.5 28 2.98272
243 28 2.99176
243.5 28 3.02753
244 28 3.02529
244.5 28 3.03097
245 28 3.03743
245.5 28 3.04409
246 28 3.04891
246.5 28 3.05099
247 28 3.05767
247.5 28 3.06415
248 28 3.0633
248.5 28 3.06415
249 28 3.06487
249.5 28 3.06579
250 28 3.06774
250.5 28 3.06977
251 28 3.07078
251.5 28 3.07528
252 28 3.0763
252.5 28 3.08046
253 28 3.0838
253.5 28 3.08297
254 28 3.10403
254.5 28 3.07099
255 28 3.07936
255.5 28 3.07732
256 28 3.0756
256.5 28 3.07258
257 28 3.06895
257.5 28 3.09351
258 28 3.02217
258.5 28 3.0446
259 28 3.03378
259.5 28 3.02284
260 28 3.00261
260.5 28 2.98263
261 28 2.97681
261.5 28 2.97223
262 28 3.0091
262.5 28 3.00847
263 28 2.97978
263.5 28 2.94682
264 28 2.9026
264.5 28 2.86221
265 28 2.83194
265.5 28 2.80895
266 28 2.78929
266.5 28 2.7735
267 28 2.76745
267.5 28 2.77393
268 28 2.72106
268.5 28 2.72746
269 28 2.72589
269.5 28 2.72551
270 28 2.72878
270.5 28 2.73718
271 28 2.74292
271.5 28 2.77021
272 28 2.79174
272.5 28 2.80946
273 28 2.80765
273.5 28 2.8367
274 28 2.85653
274.5 28 2.87709
275 28 2.90452
275.5 28 2.94224
276 28 2.9857
276.5 28 3.03216
277 28 3.07901
277.5 28 3.1211
278 28 3.14487
278.5 28 3.15946
279 28 3.17115
279.5 28 3.1811
280 28 3.19162
280.5 28 3.20099
281 28 3.208
281.5 28 3.21392
282 28 3.21486
282.5 28 3.21349
283 28 3.21276
283.5 28 3.21332
284 28 3.21325
284.5 28 3.21355
285 28 3.21469
285.5 28 3.21438
286 28 3.21661
286.5 28 3.21666
287 28 3.21414
287.5 28 3.21629
288 28 3.21918
288.5 28 3.218
289 28 3.21431
289.5 28 3.20963
290 28 3.21295
290.5 28 3.21224
291 28 3.20725
291.5 28 3.20445
292 28 3.20082
292.5 28 3.19688
293 28 3.19457
293.5 28 3.19003
294 28 3.18667
236 28.5 2.67363
236.5 28.5 2.69618
237 28.5 2.7157
237.5 28.5 2.74825
238 28.5 2.77935
238.5 28.5 2.80423
239 28.5 2.83373
239.5 28.5 2.86437
240 28.5 2.89486
240.5 28.5 2.92429
241 28.5 2.95164
241.5 28.5 2.97628
242 28.5 2.99745
242.5 28.5 3.01439
243 28.5 3.02502
243.5 28.5 3.04583
244 28.5 3.05323
244.5 28.5 3.05475
245 28.5 3.05866
245.5 28.5 3.06402
246 28.5 3.0679
246.5 28.5 3.06972
247 28.5 3.07711
247.5 28.5 3.0826
248 28.5 3.08163
248.5 28.5 3.08202
249 28.5 3.08222
249.5 28.5 3.08267
250 28.5 3.08469
250.5 28.5 3.08631
251 28.5 3.08826
251.5 28.5 3.09294
252 28.5 3.09472
252.5 28.5 3.09939
253 28.5 3.10319
253.5 28.5 3.09976
254 28.5 3.12606
254.5 28.5 3.08989
255 28.5 3.09464
255.5 28.5 3.09143
256 28.5 3.0888
256.5 28.5 3.08506
257 28.5 3.08525
257.5 28.5 3.09956
258 28.5 3.04946
258.5 28.5 3.05492
259 28.5 3.04547
259.5 28.5 3.03298
260 28.5 3.00708
260.5 28.5 2.98118
261 28.5 2.94959
261.5 28.5 2.92825
262 28.5 2.95267
262.5 28.5 2.95853
263 28.5 2.9459
263.5 28.5 2.90067
264 28.5 2.84966
264.5 28.5 2.81198
265 28.5 2.78594
265.5 28.5 2.76744
266 28.5 2.75412
266.5 28.5 2.74255
267 28.5 2.76853
267.5 28.5 2.70121
268 28.5 2.71639
268.5 28.5 2.7147
269 28.5 2.71529
269.5 28.5 2.71586
270 28.5 2.72921
270.5 28.5 2.73213
271 28.5 2.75584
271.5 28.5 2.78483
272 28.5 2.80476
272.5 28.5 2.82543
273 28.5 2.8341
273.5 28.5 2.85776
274 28.5 2.8723
274.5 28.5 2.88754
275 28.5 2.91422
275.5 28.5 2.95256
276 28.5 2.99907
276.5 28.5 3.05328
277 28.5 3.10785
277.5 28.5 3.14796
278 28.5 3.17893
278.5 28.5 3.20366
279 28.5 3.20473
279.5 28.5 3.20193
280 28.5 3.20624
280.5 28.5 3.21244
281 28.5 3.21566
281.5 28.5 3.21709
282 28.5 3.21697
282.5 28.5 3.21501
283 28.5 3.21394
283.5 28.5 3.21375
284 28.5 3.21288
284.5 28.5 3.21167
285 28.5 3.21125
285.5 28.5 3.21064
286 28.5 3.20952
286.5 28.5 3.20961
287 28.5 3.21171
287.5 28.5 3.21189
288 28.5 3.21093
288.5 28.5 3.20654
289 28.5 3.20417
289.5 28.5 3.20726
290 28.5 3.20401
290.5 28.5 3.20084
291 28.5 3.1982
291.5 28.5 3.19484
292 28.5 3.19199
292.5 28.5 3.18632
293 28.5 3.18262
293.5 28.5 3.18105
294 28.5 3.17749
236 29 2.69629
236.5 29 2.71872
237 29 2.74161
237.5 29 2.76281
238 29 2.80227
238.5 29 2.83061
239 29 2.8599
239.5 29 2.89212
240 29 2.92484
240.5 29 2.95645
241 29 2.98554
241.5 29 3.01112
242 29 3.03204
242.5 29 3.04806
243 29 3.05802
243.5 29 3.06217
244 29 3.08302
244.5 29 3.07848
245 29 3.07942
245.5 29 3.08315
246 29 3.08646
246.5 29 3.08823
247 29 3.09642
247.5 29 3.10111
248 29 3.10068
248.5 29 3.1005
249 29 3.09977
249.5 29 3.09945
250 29 3.10108
250.5 29 3.10225
251 29 3.10529
251.5 29 3.1099
252 29 3.11295
252.5 29 3.11805
253 29 3.12196
253.5 29 3.11748
254 29 3.1443
254.5 29 3.10764
255 29 3.10854
255.5 29 3.10344
256 29 3.09872
256.5 29 3.09413
257 29 3.10615
257.5 29 3.07807
258 29 3.07127
258.5 29 3.06831
259 29 3.06654
259.5 29 3.05685
260 29 3.03551
260.5 29 3.01174
261 29 2.96147
261.5 29 2.9345
262 29 2.91906
262.5 29 2.90978
263 29 2.88864
263.5 29 2.84261
264 29 2.79562
264.5 29 2.7639
265 29 2.7452
265.5 29 2.7331
266 29 2.72312
266.5 29 2.75528
267 29 2.69656
267.5 29 2.70302
268 29 2.70187
268.5 29 2.70147
269 29 2.70058
269.5 29 2.70873
270 29 2.72075
270.5 29 2.73247
271 29 2.76468
271.5 29 2.79184
272 29 2.81954
272.5 29 2.83622
273 29 2.86096
273.5 29 2.87799
274 29 2.88448
274.5 29 2.8938
275 29 2.91703
275.5 29 2.95427
276 29 3.00476
276.5 29 3.06892
277 29 3.12844
277.5 29 3.16477
278 29 3.20318
278.5 29 3.23003
279 29 3.23185
279.5 29 3.22541
280 29 3.22522
280.5 29 3.22559
281 29 3.22315
281.5 29 3.21995
282 29 3.21766
282.5 29 3.21705
283 29 3.21516
283.5 29 3.21323
284 29 3.21097
284.5 29 3.20982
285 29 3.20794
285.5 29 3.20586
286 29 3.20446
286.5 29 3.207
287 29 3.20752
287.5 29 3.20402
288 29 3.19807
288.5 29 3.19952
289 29 3.20252
289.5 29 3.19789
290 29 3.19517
290.5 29 3.19201
291 29 3.18948
291.5 29 3.18516
292 29 3.18081
292.5 29 3.17687
293 29 3.17468
293.5 29 3.17194
294 29 3.16735
236 29.5 2.73209
236.5 29.5 2.74137
237 29.5 2.76496
237.5 29.5 2.78823
238 29.5 2.8163
238.5 29.5 2.85827
239 29.5 2.88743
239.5 29.5 2.92066
240 29.5 2.95578
240.5 29.5 2.98989
241 29.5 3.02106
241.5 29.5 3.04773
242 29.5 3.06864
242.5 29.5 3.08322
243 29.5 3.09093
243.5 29.5 3.08525
244 29.5 3.11227
244.5 29.5 3.10105
245 29.5 3.0984
245.5 29.5 3.10041
246 29.5 3.10344
246.5 29.5 3.10546
247 29.5 3.11457
247.5 29.5 3.11868
248 29.5 3.1197
248.5 29.5 3.11851
249 29.5 3.11613
249.5 29.5 3.11432
250 29.5 3.11487
250.5 29.5 3.11514
251 29.5 3.11944
251.5 29.5 3.12393
252 29.5 3.12876
252.5 29.5 3.13435
253 29.5 3.13685
253.5 29.5 3.13461
254 29.5 3.15706
254.5 29.5 3.12303
255 29.5 3.12072
255.5 29.5 3.11234
256 29.5 3.10294
256.5 29.5 3.09677
257 29.5 3.12027
257.5 29.5 3.06358
258 29.5 3.0811
258.5 29.5 3.08292
259 29.5 3.09537
259.5 29.5 3.09825
260 29.5 3.0945
260.5 29.5 3.07581
261 29.5 3.03307
261.5 29.5 3.00245
262 29.5 2.95323
262.5 29.5 2.89449
263 29.5 2.83787
263.5 29.5 2.79329
264 29.5 2.75699
264.5 29.5 2.73307
265 29.5 2.71925
265.5 29.5 2.7084
266 29.5 2.73483
266.5 29.5 2.69888
267 29.5 2.68852
267.5 29.5 2.68932
268 29.5 2.68778
268.5 29.5 2.68568
269 29.5 2.685
269.5 29.5 2.69859
270 29.5 2.70737
270.5 29.5 2.73475
271 29.5 2.7661
271.5 29.5 2.78984
272 29.5 2.82819
272.5 29.5 2.85032
273 29.5 2.88446
273.5 29.5 2.89565
274 29.5 2.89364
274.5 29.5 2.89663
275 29.5 2.9136
275.5 29.5 2.94711
276 29.5 3.00161
276.5 29.5 3.07493
277 29.5 3.13638
277.5 29.5 3.17733
278 29.5 3.20912
278.5 29.5 3.22795
279 29.5 3.23782
279.5 29.5 3.23959
280 29.5 3.23822
280.5 29.5 3.23242
281 29.5 3.22609
281.5 29.5 3.22281
282 29.5 3.21992
282.5 29.5 3.21688
283 29.5 3.21464
283.5 29.5 3.2114
284 29.5 3.20878
284.5 29.5 3.20653
285 29.5 3.20314
285.5 29.5 3.20151
286 29.5 3.20399
286.5 29.5 3.20178
287 29.5 3.19796
287.5 29.5 3.19333
288 29.5 3.19554
288.5 29.5 3.19567
289 29.5 3.19236
289.5 29.5 3.18958
290 29.5 3.18642
290.5 29.5 3.18351
291 29.5 3.17935
291.5 29.5 3.17606
292 29.5 3.17282
292.5 29.5 3.17007
293 29.5 3.16568
293.5 29.5 3.16109
294 29.5 3.1573
236 30 2.75658
236.5 30 2.76593
237 30 2.78782
237.5 30 2.81339
238 30 2.83832
238.5 30 2.87621
239 30 2.9172
239.5 30 2.94992
240 30 2.98666
240.5 30 3.02334
241 30 3.057
241.5 30 3.08522
242 30 3.10626
242.5 30 3.11915
243 30 3.12357
243.5 30 3.11426
244 30 3.13651
244.5 30 3.121
245 30 3.11413
245.5 30 3.1142
246 30 3.11731
246.5 30 3.12016
247 30 3.13036
247.5 30 3.13417
248 30 3.13748
248.5 30 3.13467
249 30 3.12976
249.5 30 3.12498
250 30 3.12338
250.5 30 3.12216
251 30 3.12787
251.5 30 3.13199
252 30 3.13909
252.5 30 3.14591
253 30 3.14498
253.5 30 3.14697
254 30 3.1635
254.5 30 3.13482
255 30 3.13122
255.5 30 3.11938
256 30 3.10103
256.5 30 3.09065
257 30 3.09763
257.5 30 3.05993
258 30 3.08354
258.5 30 3.0989
259 30 3.12256
259.5 30 3.14421
260 30 3.1668
260.5 30 3.15763
261 30 3.13336
261.5 30 3.08717
262 30 3.01521
262.5 30 2.92349
263 30 2.83617
263.5 30 2.78052
264 30 2.75046
264.5 30 2.72994
265 30 2.71101
265.5 30 2.71793
266 30 2.70212
266.5 30 2.67621
267 30 2.67802
267.5 30 2.6763
268 30 2.67216
268.5 30 2.66694
269 30 2.67098
269.5 30 2.67916
270 30 2.69713
270.5 30 2.73143
271 30 2.75705
271.5 30 2.78353
272 30 2.81965
272.5 30 2.86249
273 30 2.90026
273.5 30 2.90767
274 30 2.90284
274.5 30 2.90068
275 30 2.90934
275.5 30 2.93685
276 30 2.98811
276.5 30 3.0602
277 30 3.12843
277.5 30 3.17691
278 30 3.19407
278.5 30 3.20988
279 30 3.23022
279.5 30 3.23924
280 30 3.23699
280.5 30 3.23153
281 30 3.22646
281.5 30 3.2233
282 30 3.22043
282.5 30 3.21626
283 30 3.21291
283.5 30 3.20963
284 30 3.20559
284.5 30 3.20137
285 30 3.20141
285.5 30 3.20124
286 30 3.19806
286.5 30 3.19174
287 30 3.18754
287.5 30 3.1928
288 30 3.19093
288.5 30 3.18615
289 30 3.18397
289.5 30 3.18157
290 30 3.17712
290.5 30 3.17287
291 30 3.17022
291.5 30 3.16857
292 30 3.16527
292.5 30 3.16036
293 30 3.15654
293.5 30 3.15163
294 30 3.14755
236 30.5 2.74378
236.5 30.5 2.80844
237 30.5 2.81136
237.5 30.5 2.83715
238 30.5 2.86472
238.5 30.5 2.89397
239 30.5 2.94032
239.5 30.5 2.97987
240 30.5 3.01641
240.5 30.5 3.05509
241 30.5 3.09154
241.5 30.5 3.12175
242 30.5 3.14322
242.5 30.5 3.15449
243 30.5 3.15503
243.5 30.5 3.1424
244 30.5 3.15155
244.5 30.5 3.13639
245 30.5 3.12487
245.5 30.5 3.12283
246 30.5 3.12683
246.5 30.5 3.13059
247 30.5 3.14207
247.5 30.5 3.14651
248 30.5 3.15283
248.5 30.5 3.14777
249 30.5 3.13887
249.5 30.5 3.12943
250 30.5 3.12368
250.5 30.5 3.11994
251 30.5 3.12681
251.5 30.5 3.13047
252 30.5 3.1399
252.5 30.5 3.14887
253 30.5 3.14451
253.5 30.5 3.14905
254 30.5 3.16091
254.5 30.5 3.14194
255 30.5 3.14073
255.5 30.5 3.12815
256 30.5 3.09998
256.5 30.5 3.08102
257 30.5 3.0527
257.5 30.5 3.05883
258 30.5 3.09437
258.5 30.5 3.11824
259 30.5 3.13803
259.5 30.5 3.16952
260 30.5 3.20781
260.5 30.5 3.219
261 30.5 3.2096
261.5 30.5 3.15253
262 30.5 3.06666
262.5 30.5 2.9679
263 30.5 2.869
263.5 30.5 2.79691
264 30.5 2.76109
264.5 30.5 2.73576
265 30.5 2.72158
265.5 30.5 2.71246
266 30.5 2.67298
266.5 30.5 2.67251
267 30.5 2.66959
267.5 30.5 2.6611
268 30.5 2.65173
268.5 30.5 2.64853
269 30.5 2.65457
269.5 30.5 2.65944
270 30.5 2.68495
270.5 30.5 2.71727
271 30.5 2.74153
271.5 30.5 2.77172
272 30.5 2.80051
272.5 30.5 2.8542
273 30.5 2.89371
273.5 30.5 2.91081
274 30.5 2.91918
274.5 30.5 2.91922
275 30.5 2.92102
275.5 30.5 2.93759
276 30.5 2.97311
276.5 30.5 3.03316
277 30.5 3.11046
277.5 30.5 3.16346
278 30.5 3.17766
278.5 30.5 3.19144
279 30.5 3.21314
279.5 30.5 3.22495
280 30.5 3.2251
280.5 30.5 3.22423
281 30.5 3.22297
281.5 30.5 3.22076
282 30.5 3.21812
282.5 30.5 3.21402
283 30.5 3.21094
283.5 30.5 3.20622
284 30.5 3.20144
284.5 30.5 3.20136
285 30.5 3.19999
285.5 30.5 3.19498
286 30.5 3.18636
286.5 30.5 3.1864
287 30.5 3.18893
287.5 30.5 3.18457
288 30.5 3.18252
288.5 30.5 3.1795
289 30.5 3.17582
289.5 30.5 3.17226
290 30.5 3.16853
290.5 30.5 3.16523
291 30.5 3.1633
291.5 30.5 3.16056
292 30.5 3.15617
292.5 30.5 3.15096
293 30.5 3.14661
293.5 30.5 3.1428
294 30.5 3.13872
236 31 2.77501
236.5 31 2.81137
237 31 2.84182
237.5 31 2.86065
238 31 2.88902
238.5 31 2.91836
239 31 2.95521
239.5 31 3.00535
240 31 3.04418
240.5 31 3.08291
241 31 3.12134
241.5 31 3.15409
242 31 3.17687
242.5 31 3.18699
243 31 3.18334
243.5 31 3.16542
244 31 3.15617
244.5 31 3.14448
245 31 3.12851
245.5 31 3.12537
246 31 3.13104
246.5 31 3.13561
247 31 3.14783
247.5 31 3.15451
248 31 3.164
248.5 31 3.15618
249 31 3.14195
249.5 31 3.12636
250 31 3.11324
250.5 31 3.10482
251 31 3.11157
251.5 31 3.11527
252 31 3.12675
252.5 31 3.13721
253 31 3.13211
253.5 31 3.13587
254 31 3.1434
254.5 31 3.14291
255 31 3.14729
255.5 31 3.13283
256 31 3.09439
256.5 31 3.06442
257 31 3.03196
257.5 31 3.07999
258 31 3.12167
258.5 31 3.13592
259 31 3.14613
259.5 31 3.17532
260 31 3.20725
260.5 31 3.23222
261 31 3.2335
261.5 31 3.18593
262 31 3.10709
262.5 31 3.01124
263 31 2.90583
263.5 31 2.81889
264 31 2.76746
264.5 31 2.73611
265 31 2.72637
265.5 31 2.68169
266 31 2.67565
266.5 31 2.66987
267 31 2.66068
267.5 31 2.64636
268 31 2.63332
268.5 31 2.63354
269 31 2.6377
269.5 31 2.6492
270 31 2.67005
270.5 31 2.69552
271 31 2.72713
271.5 31 2.75502
272 31 2.78479
272.5 31 2.83252
273 31 2.87809
273.5 31 2.91991
274 31 2.95383
274.5 31 2.96767
275 31 2.96904
275.5 31 2.97169
276 31 2.98737
276.5 31 3.03293
277 31 3.102
277.5 31 3.15227
278 31 3.17149
278.5 31 3.17846
279 31 3.1895
279.5 31 3.20142
280 31 3.20849
280.5 31 3.21273
281 31 3.21416
281.5 31 3.21444
282 31 3.21474
282.5 31 3.21211
283 31 3.20703
283.5 31 3.20464
284 31 3.20382
284.5 31 3.19915
285 31 3.19131
285.5 31 3.18354
286 31 3.1855
286.5 31 3.18572
287 31 3.1813
287.5 31 3.17724
288 31 3.17459
288.5 31 3.17203
289 31 3.1678
289.5 31 3.16501
290 31 3.16363
290.5 31 3.16031
291 31 3.15507
291.5 31 3.15149
292 31 3.14737
292.5 31 3.14327
293 31 3.13975
293.5 31 3.13566
294 31 3.12959
236 31.5 2.81044
236.5 31.5 2.8101
237 31.5 2.87591
237.5 31.5 2.88526
238 31.5 2.91141
238.5 31.5 2.94143
239 31.5 2.97272
239.5 31.5 3.01782
240 31.5 3.06624
240.5 31.5 3.10433
241 31.5 3.14255
241.5 31.5 3.17751
242 31.5 3.2028
242.5 31.5 3.21308
243 31.5 3.20607
243.5 31.5 3.18099
244 31.5 3.15197
244.5 31.5 3.14064
245 31.5 3.12343
245.5 31.5 3.12192
246 31.5 3.13035
246.5 31.5 3.13466
247 31.5 3.14533
247.5 31.5 3.15558
248 31.5 3.16754
248.5 31.5 3.15749
249 31.5 3.13869
249.5 31.5 3.11665
250 31.5 3.09291
250.5 31.5 3.07523
251 31.5 3.0763
251.5 31.5 3.08419
252 31.5 3.09709
252.5 31.5 3.10327
253 31.5 3.10045
253.5 31.5 3.10605
254 31.5 3.11302
254.5 31.5 3.13945
255 31.5 3.15093
255.5 31.5 3.13045
256 31.5 3.0782
256.5 31.5 3.04166
257 31.5 3.04489
257.5 31.5 3.10799
258 31.5 3.13782
258.5 31.5 3.14071
259 31.5 3.15277
259.5 31.5 3.17559
260 31.5 3.19259
260.5 31.5 3.21419
261 31.5 3.21654
261.5 31.5 3.18699
262 31.5 3.12984
262.5 31.5 3.04682
263 31.5 2.94348
263.5 31.5 2.8461
264 31.5 2.77831
264.5 31.5 2.7494
265 31.5 2.69234
265.5 31.5 2.68511
266 31.5 2.67713
266.5 31.5 2.66656
267 31.5 2.65255
267.5 31.5 2.63679
268 31.5 2.62629
268.5 31.5 2.62455
269 31.5 2.63038
269.5 31.5 2.64715
270 31.5 2.66323
270.5 31.5 2.68603
271 31.5 2.72336
271.5 31.5 2.75299
272 31.5 2.79048
272.5 31.5 2.84196
273 31.5 2.90371
273.5 31.5 2.96634
274 31.5 3.01893
274.5 31.5 3.04946
275 31.5 3.05557
275.5 31.5 3.05152
276 31.5 3.05441
276.5 31.5 3.07969
277 31.5 3.12251
277.5 31.5 3.15783
278 31.5 3.17021
278.5 31.5 3.16621
279 31.5 3.1682
279.5 31.5 3.17898
280 31.5 3.18923
280.5 31.5 3.19776
281 31.5 3.20465
281.5 31.5 3.20976
282 31.5 3.21132
282.5 31.5 3.20866
283 31.5 3.20769
283.5 31.5 3.20698
284 31.5 3.20087
284.5 31.5 3.18964
285 31.5 3.18297
285.5 31.5 3.18669
286 31.5 3.18291
286.5 31.5 3.17759
287 31.5 3.1743
287.5 31.5 3.17084
288 31.5 3.16635
288.5 31.5 3.1629
289 31.5 3.16175
289.5 31.5 3.16095
290 31.5 3.15735
290.5 31.5 3.15319
291 31.5 3.14903
291.5 31.5 3.14409
292 31.5 3.14029
292.5 31.5 3.13649
293 31.5 3.13286
293.5 31.5 3.12773
294 31.5 3.12152
236 32 2.83753
236.5 32 2.85191
237 32 2.87069
237.5 32 2.91842
238 32 2.93257
238.5 32 2.96015
239 32 2.9893
239.5 32 3.02358
240 32 3.07253
240.5 32 3.11585
241 32 3.15126
241.5 32 3.18532
242 32 3.21345
242.5 32 3.22665
243 32 3.21968
243.5 32 3.18696
244 32 3.1387
244.5 32 3.11964
245 32 3.10859
245.5 32 3.11477
246 32 3.12756
246.5 32 3.13063
247 32 3.1341
247.5 32 3.14472
248 32 3.15713
248.5 32 3.14821
249 32 3.13064
249.5 32 3.10478
250 32 3.07425
250.5 32 3.04822
251 32 3.03999
251.5 32 3.05314
252 32 3.0671
252.5 32 3.0636
253 32 3.06234
253.5 32 3.07583
254 32 3.08897
254.5 32 3.13812
255 32 3.16089
255.5 32 3.13977
256 32 3.08149
256.5 32 3.04563
257 32 3.0759
257.5 32 3.12188
258 32 3.13102
258.5 32 3.13696
259 32 3.15834
259.5 32 3.17272
260 32 3.1796
260.5 32 3.19098
261 32 3.18885
261.5 32 3.17078
262 32 3.1324
262.5 32 3.0647
263 32 2.97385
263.5 32 2.87819
264 32 2.81611
264.5 32 2.73284
265 32 2.70087
265.5 32 2.69055
266 32 2.68377
266.5 32 2.66905
267 32 2.6528
267.5 32 2.63835
268 32 2.6311
268.5 32 2.62793
269 32 2.6375
269.5 32 2.65322
270 32 2.67136
270.5 32 2.70247
271 32 2.74556
271.5 32 2.79187
272 32 2.84371
272.5 32 2.91022
273 32 2.98679
273.5 32 3.05608
274 32 3.11136
274.5 32 3.14756
275 32 3.15944
275.5 32 3.15924
276 32 3.15389
276.5 32 3.15516
277 32 3.16869
277.5 32 3.18014
278 32 3.17765
278.5 32 3.16628
279 32 3.16082
279.5 32 3.16468
280 32 3.17429
280.5 32 3.18753
281 32 3.19975
281.5 32 3.20634
282 32 3.21082
282.5 32 3.21391
283 32 3.21181
283.5 32 3.20239
284 32 3.18992
284.5 32 3.18738
285 32 3.18732
285.5 32 3.18076
286 32 3.17549
286.5 32 3.17083
287 32 3.16698
287.5 32 3.16315
288 32 3.16105
288.5 32 3.16049
289 32 3.15746
289.5 32 3.15357
290 32 3.15076
290.5 32 3.14687
291 32 3.14304
291.5 32 3.13952
292 32 3.13566
292.5 32 3.13081
293 32 3.12513
293.5 32 3.11971
294 32 3.11649
236 32.5 2.86797
236.5 32.5 2.88415
237 32.5 2.8856
237.5 32.5 2.93522
238 32.5 2.95459
238.5 32.5 2.97461
239 32.5 2.99968
239.5 32.5 3.02528
240 32.5 3.06229
240.5 32.5 3.10736
241 32.5 3.14183
241.5 32.5 3.1699
242 32.5 3.19803
242.5 32.5 3.21694
243 32.5 3.21649
243.5 32.5 3.17933
244 32.5 3.11328
244.5 32.5 3.0801
245 32.5 3.08579
245.5 32.5 3.10838
246 32.5 3.12703
246.5 32.5 3.13307
247 32.5 3.12848
247.5 32.5 3.13502
248 32.5 3.14244
248.5 32.5 3.13515
249 32.5 3.12466
249.5 32.5 3.10313
250 32.5 3.07584
250.5 32.5 3.04991
251 32.5 3.03446
251.5 32.5 3.04456
252 32.5 3.05905
252.5 32.5 3.04896
253 32.5 3.04826
253.5 32.5 3.07195
254 32.5 3.08664
254.5 32.5 3.14469
255 32.5 3.18074
255.5 32.5 3.16623
256 32.5 3.1195
256.5 32.5 3.08618
257 32.5 3.10884
257.5 32.5 3.12999
258 32.5 3.12959
258.5 32.5 3.14388
259 32.5 3.16623
259.5 32.5 3.16905
260 32.5 3.16999
260.5 32.5 3.17204
261 32.5 3.16806
261.5 32.5 3.15499
262 32.5 3.12312
262.5 32.5 3.06369
263 32.5 2.98617
263.5 32.5 2.91532
264 32.5 2.81399
264.5 32.5 2.74862
265 32.5 2.7165
265.5 32.5 2.7052
266 32.5 2.69749
266.5 32.5 2.68487
267 32.5 2.67318
267.5 32.5 2.66699
268 32.5 2.66303
268.5 32.5 2.66289
269 32.5 2.6711
269.5 32.5 2.68392
270 32.5 2.70459
270.5 32.5 2.74325
271 32.5 2.80291
271.5 32.5 2.87536
272 32.5 2.94378
272.5 32.5 3.01376
273 32.5 3.08986
273.5 32.5 3.15444
274 32.5 3.20049
274.5 32.5 3.22945
275 32.5 3.24516
275.5 32.5 3.25036
276 32.5 3.24297
276.5 32.5 3.22826
277 32.5 3.21632
277.5 32.5 3.21031
278 32.5 3.20321
278.5 32.5 3.18889
279 32.5 3.17257
279.5 32.5 3.16534
280 32.5 3.1723
280.5 32.5 3.18718
281 32.5 3.20149
281.5 32.5 3.21303
282 32.5 3.22029
282.5 32.5 3.21846
283 32.5 3.20731
283.5 32.5 3.19538
284 32.5 3.19417
284.5 32.5 3.18978
285 32.5 3.18075
285.5 32.5 3.17425
286 32.5 3.16974
286.5 32.5 3.16386
287 32.5 3.1595
287.5 32.5 3.15857
288 32.5 3.1592
288.5 32.5 3.15643
289 32.5 3.15358
289.5 32.5 3.14965
290 32.5 3.14552
290.5 32.5 3.14284
291 32.5 3.13987
291.5 32.5 3.13613
292 32.5 3.13042
292.5 32.5 3.12437
293 32.5 3.12071
293.5 32.5 3.10988
294 32.5 3.08623
236 33 2.90163
236.5 33 2.91491
237 33 2.92565
237.5 33 2.93134
238 33 2.97764
238.5 33 2.98588
239 33 3.00259
239.5 33 3.01942
240 33 3.03943
240.5 33 3.07234
241 33 3.10308
241.5 33 3.1225
242 33 3.1447
242.5 33 3.1701
243 33 3.18192
243.5 33 3.1487
244 33 3.07576
244.5 33 3.03783
245 33 3.06528
245.5 33 3.10423
246 33 3.12766
246.5 33 3.14283
247 33 3.1419
247.5 33 3.14581
248 33 3.14646
248.5 33 3.13658
249 33 3.13058
249.5 33 3.12082
250 33 3.09826
250.5 33 3.07375
251 33 3.05226
251.5 33 3.05258
252 33 3.06102
252.5 33 3.05034
253 33 3.05535
253.5 33 3.09301
254 33 3.10137
254.5 33 3.15866
255 33 3.19936
255.5 33 3.18863
256 33 3.15983
256.5 33 3.1274
257 33 3.12731
257.5 33 3.13361
258 33 3.13897
258.5 33 3.16062
259 33 3.17626
259.5 33 3.17036
260 33 3.16288
260.5 33 3.15705
261 33 3.15094
261.5 33 3.13886
262 33 3.11024
262.5 33 3.05838
263 33 3.0005
263.5 33 2.91814
264 33 2.83083
264.5 33 2.78137
265 33 2.75277
265.5 33 2.73997
266 33 2.73157
266.5 33 2.72457
267 33 2.72409
267.5 33 2.73026
268 33 2.73295
268.5 33 2.73551
269 33 2.74007
269.5 33 2.75217
270 33 2.77562
270.5 33 2.81774
271 33 2.89534
271.5 33 2.98842
272 33 3.06324
272.5 33 3.11615
273 33 3.16711
273.5 33 3.21618
274 33 3.25354
274.5 33 3.27509
275 33 3.28615
275.5 33 3.29435
276 33 3.29256
276.5 33 3.2762
277 33 3.25692
277.5 33 3.24529
278 33 3.23811
278.5 33 3.22586
279 33 3.205
279.5 33 3.18619
280 33 3.18449
280.5 33 3.19925
281 33 3.21868
281.5 33 3.23098
282 33 3.22901
282.5 33 3.21561
283 33 3.20662
283.5 33 3.20461
284 33 3.19375
284.5 33 3.18373
285 33 3.17576
285.5 33 3.16759
286 33 3.16123
286.5 33 3.1586
287 33 3.15946
287.5 33 3.15699
288 33 3.15357
288.5 33 3.15207
289 33 3.14984
289.5 33 3.14718
290 33 3.14452
290.5 33 3.14196
291 33 3.13792
291.5 33 3.13153
292 33 3.1267
292.5 33 3.12109
293 33 3.09663
293.5 33 3.09929
294 33 3.12146
236 33.5 2.93895
236.5 33.5 2.94852
237 33.5 2.95728
237.5 33.5 2.95414
238 33.5 2.97879
238.5 33.5 2.99565
239 33.5 2.9994
239.5 33.5 3.00479
240 33.5 3.00651
240.5 33.5 3.01443
241 33.5 3.02363
241.5 33.5 3.03808
242 33.5 3.06055
242.5 33.5 3.09722
243 33.5 3.12583
243.5 33.5 3.106
244 33.5 3.04806
244.5 33.5 3.02627
245 33.5 3.06647
245.5 33.5 3.10983
246 33.5 3.13356
246.5 33.5 3.15275
247 33.5 3.16079
247.5 33.5 3.16389
248 33.5 3.16431
248.5 33.5 3.15558
249 33.5 3.15264
249.5 33.5 3.14976
250 33.5 3.1251
250.5 33.5 3.09834
251 33.5 3.07468
251.5 33.5 3.06369
252 33.5 3.05416
252.5 33.5 3.04559
253 33.5 3.06307
253.5 33.5 3.11492
254 33.5 3.1231
254.5 33.5 3.17757
255 33.5 3.20748
255.5 33.5 3.19611
256 33.5 3.17771
256.5 33.5 3.14439
257 33.5 3.1289
257.5 33.5 3.12934
258 33.5 3.13927
258.5 33.5 3.16207
259 33.5 3.17426
259.5 33.5 3.17075
260 33.5 3.15598
260.5 33.5 3.14101
261 33.5 3.12903
261.5 33.5 3.11528
262 33.5 3.092
262.5 33.5 3.05531
263 33.5 3.00556
263.5 33.5 2.92051
264 33.5 2.87742
264.5 33.5 2.83997
265 33.5 2.81848
265.5 33.5 2.80636
266 33.5 2.7987
266.5 33.5 2.79487
267 33.5 2.80285
267.5 33.5 2.81259
268 33.5 2.81565
268.5 33.5 2.81824
269 33.5 2.82455
269.5 33.5 2.84534
270 33.5 2.88253
270.5 33.5 2.93659
271 33.5 3.01792
271.5 33.5 3.1126
272 33.5 3.18229
272.5 33.5 3.20851
273 33.5 3.21896
273.5 33.5 3.2402
274 33.5 3.26556
274.5 33.5 3.28439
275 33.5 3.2963
275.5 33.5 3.30497
276 33.5 3.30564
276.5 33.5 3.29465
277 33.5 3.28204
277.5 33.5 3.27439
278 33.5 3.26899
278.5 33.5 3.26071
279 33.5 3.24389
279.5 33.5 3.22205
280 33.5 3.21484
280.5 33.5 3.22912
281 33.5 3.24429
281.5 33.5 3.24348
282 33.5 3.23197
282.5 33.5 3.22731
283 33.5 3.21916
283.5 33.5 3.20283
284 33.5 3.18875
284.5 33.5 3.17672
285 33.5 3.16722
285.5 33.5 3.16105
286 33.5 3.16024
286.5 33.5 3.15885
287 33.5 3.15486
287.5 33.5 3.15439
288 33.5 3.1518
288.5 33.5 3.14936
289 33.5 3.14928
289.5 33.5 3.14876
290 33.5 3.14505
290.5 33.5 3.13999
291 33.5 3.13529
291.5 33.5 3.13155
292 33.5 3.11431
292.5 33.5 3.09928
293 33.5 3.12236
293.5 33.5 3.11751
294 33.5 3.09808
236 34 2.97917
236.5 34 2.98486
237 34 2.98901
237.5 34 2.98791
238 34 2.9772
238.5 34 3.00004
239 34 2.99261
239.5 34 2.98502
240 34 2.97215
240.5 34 2.95355
241 34 2.9398
241.5 34 2.96044
242 34 3.00488
242.5 34 3.05612
243 34 3.09502
243.5 34 3.08511
244 34 3.05211
244.5 34 3.05265
245 34 3.09129
245.5 34 3.12771
246 34 3.14671
246.5 34 3.16039
247 34 3.16986
247.5 34 3.17311
248 34 3.17723
248.5 34 3.17791
249 34 3.18133
249.5 34 3.17543
250 34 3.15015
250.5 34 3.12684
251 34 3.10696
251.5 34 3.08401
252 34 3.05332
252.5 34 3.04596
253 34 3.06931
253.5 34 3.11816
254 34 3.14312
254.5 34 3.19848
255 34 3.20713
255.5 34 3.19441
256 34 3.17711
256.5 34 3.14434
257 34 3.12603
257.5 34 3.12324
258 34 3.12918
258.5 34 3.14183
259 34 3.15566
259.5 34 3.15915
260 34 3.14169
260.5 34 3.11997
261 34 3.10181
261.5 34 3.08073
262 34 3.0633
262.5 34 3.0484
263 34 2.99051
263.5 34 2.95979
264 34 2.93222
264.5 34 2.90959
265 34 2.89565
265.5 34 2.88921
266 34 2.88434
266.5 34 2.88376
267 34 2.89161
267.5 34 2.89675
268 34 2.8952
268.5 34 2.89757
269 34 2.91024
269.5 34 2.94618
270 34 3.00605
270.5 34 3.07463
271 34 3.14667
271.5 34 3.22328
272 34 3.27763
272.5 34 3.28791
273 34 3.27406
273.5 34 3.26472
274 34 3.26814
274.5 34 3.28096
275 34 3.29694
275.5 34 3.30652
276 34 3.30368
276.5 34 3.29314
277 34 3.28538
277.5 34 3.28215
278 34 3.2789
278.5 34 3.2771
279 34 3.27643
279.5 34 3.26876
280 34 3.25838
280.5 34 3.25595
281 34 3.25614
281.5 34 3.25693
282 34 3.25613
282.5 34 3.23915
283 34 3.21766
283.5 34 3.19914
284 34 3.182
284.5 34 3.16865
285 34 3.16402
285.5 34 3.16105
286 34 3.15634
286.5 34 3.15494
287 34 3.15304
287.5 34 3.15129
288 34 3.15285
288.5 34 3.15251
289 34 3.15111
289.5 34 3.14881
290 34 3.14562
290.5 34 3.142
291 34 3.13202
291.5 34 3.11072
292 34 3.1224
292.5 34 3.1339
293 34 3.11347
293.5 34 3.10273
294 34 3.09395
236 34.5 3.01915
236.5 34.5 3.02328
237 34.5 3.02245
237.5 34.5 3.01715
238 34.5 2.99851
238.5 34.5 2.99116
239 34.5 2.98563
239.5 34.5 2.96472
240 34.5 2.94623
240.5 34.5 2.92162
241 34.5 2.91083
241.5 34.5 2.94675
242 34.5 3.012
242.5 34.5 3.06606
243 34.5 3.09757
243.5 34.5 3.08642
244 34.5 3.07143
244.5 34.5 3.08237
245 34.5 3.11232
245.5 34.5 3.13888
246 34.5 3.15228
246.5 34.5 3.16178
247 34.5 3.17031
247.5 34.5 3.17706
248 34.5 3.18201
248.5 34.5 3.19024
249 34.5 3.19869
249.5 34.5 3.18966
250 34.5 3.17314
250.5 34.5 3.16063
251 34.5 3.14536
251.5 34.5 3.11416
252 34.5 3.07289
252.5 34.5 3.06015
253 34.5 3.06942
253.5 34.5 3.09448
254 34.5 3.14963
254.5 34.5 3.21097
255 34.5 3.20306
255.5 34.5 3.18974
256 34.5 3.16679
256.5 34.5 3.13913
257 34.5 3.12626
257.5 34.5 3.12291
258 34.5 3.12209
258.5 34.5 3.12445
259 34.5 3.13671
259.5 34.5 3.13744
260 34.5 3.11315
260.5 34.5 3.0853
261 34.5 3.0595
261.5 34.5 3.03039
262 34.5 3.02353
262.5 34.5 3.01821
263 34.5 3.01257
263.5 34.5 3.01626
264 34.5 2.99923
264.5 34.5 2.97923
265 34.5 2.96684
265.5 34.5 2.96439
266 34.5 2.96307
266.5 34.5 2.96629
267 34.5 2.97527
267.5 34.5 2.98225
268 34.5 2.98367
268.5 34.5 2.98694
269 34.5 3.00386
269.5 34.5 3.04433
270 34.5 3.10883
270.5 34.5 3.17866
271 34.5 3.24083
271.5 34.5 3.29505
272 34.5 3.33208
272.5 34.5 3.3427
273 34.5 3.32953
273.5 34.5 3.30898
274 34.5 3.2933
274.5 34.5 3.28996
275 34.5 3.29792
275.5 34.5 3.30419
276 34.5 3.29914
276.5 34.5 3.28633
277 34.5 3.27656
277.5 34.5 3.27262
278 34.5 3.27179
278.5 34.5 3.28152
279 34.5 3.30091
279.5 34.5 3.30689
280 34.5 3.28954
280.5 34.5 3.27429
281 34.5 3.28117
281.5 34.5 3.28444
282 34.5 3.26694
282.5 34.5 3.24057
283 34.5 3.21329
283.5 34.5 3.19067
284 34.5 3.17733
284.5 34.5 3.16904
285 34.5 3.16172
285.5 34.5 3.15638
286 34.5 3.15334
286.5 34.5 3.15225
287 34.5 3.15275
287.5 34.5 3.15349
288 34.5 3.15593
288.5 34.5 3.15646
289 34.5 3.15337
289.5 34.5 3.15034
290 34.5 3.14519
290.5 34.5 3.12702
291 34.5 3.12747
291.5 34.5 3.14651
292 34.5 3.1347
292.5 34.5 3.11977
293 34.5 3.11031
293.5 34.5 3.10137
294 34.5 3.09403
236 35 3.0594
236.5 35 3.06011
237 35 3.05629
237.5 35 3.04568
238 35 3.02506
238.5 35 2.99009
239 35 2.97532
239.5 35 2.94414
240 35 2.92423
240.5 35 2.91551
241 35 2.93208
241.5 35 2.98126
242 35 3.03857
242.5 35 3.07778
243 35 3.09677
243.5 35 3.08741
244 35 3.08359
244.5 35 3.09472
245 35 3.1154
245.5 35 3.13736
246 35 3.15267
246.5 35 3.16516
247 35 3.17434
247.5 35 3.18154
248 35 3.18113
248.5 35 3.1894
249 35 3.19886
249.5 35 3.19182
250 35 3.18688
250.5 35 3.18449
251 35 3.16822
251.5 35 3.1333
252 35 3.09514
252.5 35 3.07163
253 35 3.05826
253.5 35 3.06169
254 35 3.13777
254.5 35 3.20251
255 35 3.19679
255.5 35 3.19126
256 35 3.16469
256.5 35 3.14176
257 35 3.13129
257.5 35 3.12631
258 35 3.12082
258.5 35 3.12067
259 35 3.12272
259.5 35 3.1087
260 35 3.07435
260.5 35 3.0386
261 35 3.0048
261.5 35 2.98047
262 35 2.98332
262.5 35 3.00831
263 35 3.05984
263.5 35 3.08328
264 35 3.07808
264.5 35 3.06047
265 35 3.04841
265.5 35 3.04294
266 35 3.04134
266.5 35 3.04675
267 35 3.06053
267.5 35 3.07778
268 35 3.08577
268.5 35 3.08616
269 35 3.09585
269.5 35 3.12208
270 35 3.16912
270.5 35 3.22666
271 35 3.27932
271.5 35 3.32166
272 35 3.35174
272.5 35 3.36737
273 35 3.36573
273.5 35 3.34945
274 35 3.32801
274.5 35 3.31034
275 35 3.302
275.5 35 3.30002
276 35 3.29428
276.5 35 3.28269
277 35 3.27266
277.5 35 3.26562
278 35 3.26416
278.5 35 3.28035
279 35 3.30897
279.5 35 3.32318
280 35 3.32088
280.5 35 3.31815
281 35 3.31126
281.5 35 3.29787
282 35 3.27294
282.5 35 3.23703
283 35 3.20762
283.5 35 3.19128
284 35 3.17739
284.5 35 3.165
285 35 3.15742
285.5 35 3.15311
286 35 3.15107
286.5 35 3.15299
287 35 3.15593
287.5 35 3.15847
288 35 3.1583
288.5 35 3.15824
289 35 3.15593
289.5 35 3.14213
290 35 3.13613
290.5 35 3.15447
291 35 3.15514
291.5 35 3.14042
292 35 3.12942
292.5 35 3.11989
293 35 3.11232
293.5 35 3.10353
294 35 3.09422
236 35.5 3.1012
236.5 35.5 3.09311
237 35.5 3.08608
237.5 35.5 3.07184
238 35.5 3.04746
238.5 35.5 3.00622
239 35.5 2.96149
239.5 35.5 2.92412
240 35.5 2.89939
240.5 35.5 2.91493
241 35.5 2.96601
241.5 35.5 3.02476
242 35.5 3.0567
242.5 35.5 3.07267
243 35.5 3.08456
243.5 35.5 3.08657
244 35.5 3.0942
244.5 35.5 3.10472
245 35.5 3.11322
245.5 35.5 3.13396
246 35.5 3.16018
246.5 35.5 3.18087
247 35.5 3.19204
247.5 35.5 3.19283
248 35.5 3.18019
248.5 35.5 3.18204
249 35.5 3.18656
249.5 35.5 3.18175
250 35.5 3.18512
250.5 35.5 3.19175
251 35.5 3.16797
251.5 35.5 3.12692
252 35.5 3.09749
252.5 35.5 3.07151
253 35.5 3.04961
253.5 35.5 3.04821
254 35.5 3.11662
254.5 35.5 3.17224
255 35.5 3.18613
255.5 35.5 3.19955
256 35.5 3.1802
256.5 35.5 3.15598
257 35.5 3.13709
257.5 35.5 3.12479
258 35.5 3.11943
258.5 35.5 3.11791
259 35.5 3.10705
259.5 35.5 3.07822
260 35.5 3.04098
260.5 35.5 3.00618
261 35.5 2.98038
261.5 35.5 2.97269
262 35.5 2.98975
262.5 35.5 3.04435
263 35.5 3.10524
263.5 35.5 3.14141
264 35.5 3.15504
264.5 35.5 3.15288
265 35.5 3.14789
265.5 35.5 3.14157
266 35.5 3.13873
266.5 35.5 3.14636
267 35.5 3.16394
267.5 35.5 3.18215
268 35.5 3.18657
268.5 35.5 3.17944
269 35.5 3.17485
269.5 35.5 3.17912
270 35.5 3.19748
270.5 35.5 3.2321
271 35.5 3.27822
271.5 35.5 3.32295
272 35.5 3.35299
272.5 35.5 3.36987
273 35.5 3.37541
273.5 35.5 3.36804
274 35.5 3.34918
274.5 35.5 3.32552
275 35.5 3.30608
275.5 35.5 3.29627
276 35.5 3.29049
276.5 35.5 3.2832
277 35.5 3.27809
277.5 35.5 3.27351
278 35.5 3.26601
278.5 35.5 3.26945
279 35.5 3.29756
279.5 35.5 3.33527
280 35.5 3.35189
280.5 35.5 3.34669
281 35.5 3.33404
281.5 35.5 3.31183
282 35.5 3.28064
282.5 35.5 3.24501
283 35.5 3.21315
283.5 35.5 3.19046
284 35.5 3.17344
284.5 35.5 3.16142
285 35.5 3.1548
285.5 35.5 3.153
286 35.5 3.15387
286.5 35.5 3.15728
287 35.5 3.15963
287.5 35.5 3.15966
288 35.5 3.15936
288.5 35.5 3.15294
289 35.5 3.1459
289.5 35.5 3.16133
290 35.5 3.17012
290.5 35.5 3.15951
291 35.5 3.14931
291.5 35.5 3.14173
292 35.5 3.13388
292.5 35.5 3.12536
293 35.5 3.11634
293.5 35.5 3.10568
294 35.5 3.09469
236 36 3.13831
236.5 36 3.12419
237 36 3.10725
237.5 36 3.08904
238 36 3.06218
238.5 36 3.02105
239 36 2.95898
239.5 36 2.9048
240 36 2.88515
240.5 36 2.93127
241 36 3.01119
241.5 36 3.06647
242 36 3.07403
242.5 36 3.06933
243 36 3.07304
243.5 36 3.08614
244 36 3.10464
244.5 36 3.11634
245 36 3.11315
245.5 36 3.12701
246 36 3.16015
246.5 36 3.19095
247 36 3.20972
247.5 36 3.20561
248 36 3.18042
248.5 36 3.1731
249 36 3.17009
249.5 36 3.16865
250 36 3.17926
250.5 36 3.19299
251 36 3.16218
251.5 36 3.11358
252 36 3.08852
252.5 36 3.07039
253 36 3.05671
253.5 36 3.06118
254 36 3.1044
254.5 36 3.13669
255 36 3.16841
255.5 36 3.19783
256 36 3.19326
256.5 36 3.16857
257 36 3.13988
257.5 36 3.123
258 36 3.11991
258.5 36 3.11609
259 36 3.0988
259.5 36 3.06728
260 36 3.03603
260.5 36 3.01728
261 36 3.01435
261.5 36 3.02143
262 36 3.04897
262.5 36 3.09831
263 36 3.14328
263.5 36 3.18392
264 36 3.21287
264.5 36 3.2279
265 36 3.23343
265.5 36 3.23081
266 36 3.22848
266.5 36 3.23733
267 36 3.25276
267.5 36 3.26026
268 36 3.258
268.5 36 3.25085
269 36 3.24184
269.5 36 3.23018
270 36 3.22189
270.5 36 3.23201
271 36 3.26669
271.5 36 3.31132
272 36 3.34418
272.5 36 3.36046
273 36 3.36661
273.5 36 3.36354
274 36 3.34947
274.5 36 3.32943
275 36 3.31148
275.5 36 3.29817
276 36 3.28593
276.5 36 3.27726
277 36 3.27709
277.5 36 3.2769
278 36 3.26882
278.5 36 3.2711
279 36 3.29635
279.5 36 3.32636
280 36 3.344
280.5 36 3.34498
281 36 3.33445
281.5 36 3.31875
282 36 3.29792
282.5 36 3.26153
283 36 3.21899
283.5 36 3.19086
284 36 3.17326
284.5 36 3.16112
285 36 3.15717
285.5 36 3.15741
286 36 3.1575
286.5 36 3.15713
287 36 3.15877
287.5 36 3.15642
288 36 3.15062
288.5 36 3.16535
289 36 3.18061
289.5 36 3.17535
290 36 3.16734
290.5 36 3.16028
291 36 3.15393
291.5 36 3.14658
292 36 3.13897
292.5 36 3.12963
293 36 3.11953
293.5 36 3.10783
294 36 3.0977
236 36.5 3.16718
236.5 36.5 3.14709
237 36.5 3.12077
237.5 36.5 3.08969
238 36.5 3.05718
238.5 36.5 3.01495
239 36.5 2.95351
239.5 36.5 2.89441
240 36.5 2.89976
240.5 36.5 2.977
241 36.5 3.0645
241.5 36.5 3.09739
242 36.5 3.08331
242.5 36.5 3.0646
243 36.5 3.05943
243.5 36.5 3.07445
244 36.5 3.09628
244.5 36.5 3.10998
245 36.5 3.10559
245.5 36.5 3.1074
246 36.5 3.13561
246.5 36.5 3.17302
247 36.5 3.1987
247.5 36.5 3.19506
248 36.5 3.16771
248.5 36.5 3.15956
249 36.5 3.15964
249.5 36.5 3.17177
250 36.5 3.19001
250.5 36.5 3.20007
251 36.5 3.1656
251.5 36.5 3.11663
252 36.5 3.09032
252.5 36.5 3.07961
253 36.5 3.07411
253.5 36.5 3.08205
254 36.5 3.10493
254.5 36.5 3.11365
255 36.5 3.1461
255.5 36.5 3.17995
256 36.5 3.19143
256.5 36.5 3.17619
257 36.5 3.1495
257.5 36.5 3.13466
258 36.5 3.13116
258.5 36.5 3.12589
259 36.5 3.11079
259.5 36.5 3.09055
260 36.5 3.07349
260.5 36.5 3.07081
261 36.5 3.07863
261.5 36.5 3.09006
262 36.5 3.11382
262.5 36.5 3.14248
263 36.5 3.17372
263.5 36.5 3.21092
264 36.5 3.24404
264.5 36.5 3.2671
265 36.5 3.27954
265.5 36.5 3.2812
266 36.5 3.27935
266.5 36.5 3.28216
267 36.5 3.28583
267.5 36.5 3.28432
268 36.5 3.28348
268.5 36.5 3.2863
269 36.5 3.28633
269.5 36.5 3.27652
270 36.5 3.26212
270.5 36.5 3.25756
271 36.5 3.2713
271.5 36.5 3.29779
272 36.5 3.32025
272.5 36.5 3.33042
273 36.5 3.3335
273.5 36.5 3.33358
274 36.5 3.32853
274.5 36.5 3.31783
275 36.5 3.30919
275.5 36.5 3.30164
276 36.5 3.28317
276.5 36.5 3.25897
277 36.5 3.25078
277.5 36.5 3.2649
278 36.5 3.28043
278.5 36.5 3.28548
279 36.5 3.29312
279.5 36.5 3.30796
280 36.5 3.31839
280.5 36.5 3.32014
281 36.5 3.31989
281.5 36.5 3.3153
282 36.5 3.30024
282.5 36.5 3.2702
283 36.5 3.22878
283.5 36.5 3.19737
284 36.5 3.18037
284.5 36.5 3.16892
285 36.5 3.16153
285.5 36.5 3.15598
286 36.5 3.15429
286.5 36.5 3.15271
287 36.5 3.1503
287.5 36.5 3.16561
288 36.5 3.18509
288.5 36.5 3.18469
289 36.5 3.18058
289.5 36.5 3.17746
290 36.5 3.17223
290.5 36.5 3.16641
291 36.5 3.16086
291.5 36.5 3.15289
292 36.5 3.14346
292.5 36.5 3.13225
293 36.5 3.12255
293.5 36.5 3.11578
294 36.5 3.10665
236 37 3.18583
236.5 37 3.15797
237 37 3.12146
237.5 37 3.07355
238 37 3.02073
238.5 37 2.97054
239 37 2.92501
239.5 37 2.90353
240 37 2.94716
240.5 37 3.03886
241 37 3.1018
241.5 37 3.10361
242 37 3.07248
242.5 37 3.04672
243 37 3.0379
243.5 37 3.04942
244 37 3.07168
244.5 37 3.08792
245 37 3.08963
245.5 37 3.08317
246 37 3.09988
246.5 37 3.12935
247 37 3.14528
247.5 37 3.14229
248 37 3.12827
248.5 37 3.1375
249 37 3.15711
249.5 37 3.18838
250 37 3.21066
250.5 37 3.20612
251 37 3.16961
251.5 37 3.12741
252 37 3.10363
252.5 37 3.09648
253 37 3.086
253.5 37 3.08524
254 37 3.09634
254.5 37 3.09937
255 37 3.1289
255.5 37 3.16402
256 37 3.18691
256.5 37 3.18409
257 37 3.16665
257.5 37 3.15277
258 37 3.1479
258.5 37 3.14294
259 37 3.1343
259.5 37 3.12943
260 37 3.12766
260.5 37 3.12965
261 37 3.13371
261.5 37 3.14204
262 37 3.15575
262.5 37 3.17238
263 37 3.19467
263.5 37 3.22308
264 37 3.25284
264.5 37 3.27755
265 37 3.29265
265.5 37 3.29721
266 37 3.295
266.5 37 3.29093
267 37 3.28547
267.5 37 3.28122
268 37 3.28453
268.5 37 3.29391
269 37 3.30432
269.5 37 3.30881
270 37 3.30467
270.5 37 3.29787
271 37 3.29378
271.5 37 3.29141
272 37 3.28695
272.5 37 3.28238
273 37 3.28403
273.5 37 3.28881
274 37 3.2891
274.5 37 3.28518
275 37 3.2891
275.5 37 3.29603
276 37 3.27966
276.5 37 3.24662
277 37 3.23354
277.5 37 3.2487
278 37 3.26748
278.5 37 3.27711
279 37 3.28625
279.5 37 3.29857
280 37 3.30798
280.5 37 3.30637
281 37 3.3014
281.5 37 3.30034
282 37 3.29223
282.5 37 3.27084
283 37 3.23621
283.5 37 3.20462
284 37 3.18689
284.5 37 3.17134
285 37 3.15623
285.5 37 3.14692
286 37 3.14569
286.5 37 3.16179
287 37 3.18203
287.5 37 3.18639
288 37 3.18829
288.5 37 3.19011
289 37 3.18551
289.5 37 3.18202
290 37 3.17865
290.5 37 3.17245
291 37 3.16638
291.5 37 3.15544
292 37 3.14589
292.5 37 3.14046
293 37 3.13298
293.5 37 3.12326
294 37 3.11249
236 37.5 3.19015
236.5 37.5 3.1565
237 37.5 3.10787
237.5 37.5 3.04209
238 37.5 2.96853
238.5 37.5 2.91713
239 37.5 2.90689
239.5 37.5 2.94328
240 37.5 3.01837
240.5 37.5 3.08642
241 37.5 3.1009
241.5 37.5 3.07501
242 37.5 3.04419
242.5 37.5 3.02512
243 37.5 3.01919
243.5 37.5 3.02937
244 37.5 3.05226
244.5 37.5 3.07281
245 37.5 3.08203
245.5 37.5 3.07551
246 37.5 3.07627
246.5 37.5 3.08173
247 37.5 3.07265
247.5 37.5 3.06635
248 37.5 3.07293
248.5 37.5 3.11014
249 37.5 3.15676
249.5 37.5 3.19795
250 37.5 3.21736
250.5 37.5 3.19984
251 37.5 3.16385
251.5 37.5 3.13178
252 37.5 3.11874
252.5 37.5 3.11011
253 37.5 3.08667
253.5 37.5 3.07321
254 37.5 3.07508
254.5 37.5 3.09117
255 37.5 3.12802
255.5 37.5 3.15912
256 37.5 3.17948
256.5 37.5 3.18427
257 37.5 3.17519
257.5 37.5 3.16329
258 37.5 3.15859
258.5 37.5 3.15508
259 37.5 3.15241
259.5 37.5 3.15473
260 37.5 3.1592
260.5 37.5 3.16172
261 37.5 3.16268
261.5 37.5 3.1669
262 37.5 3.17595
262.5 37.5 3.18953
263 37.5 3.20577
263.5 37.5 3.22682
264 37.5 3.2517
264.5 37.5 3.2739
265 37.5 3.28803
265.5 37.5 3.29253
266 37.5 3.28974
266.5 37.5 3.28569
267 37.5 3.28361
267.5 37.5 3.28291
268 37.5 3.28533
268.5 37.5 3.29627
269 37.5 3.3138
269.5 37.5 3.32663
270 37.5 3.32723
270.5 37.5 3.32012
271 37.5 3.30905
271.5 37.5 3.29272
272 37.5 3.27328
272.5 37.5 3.2579
273 37.5 3.25131
273.5 37.5 3.25065
274 37.5 3.25225
274.5 37.5 3.25358
275 37.5 3.26195
275.5 37.5 3.28259
276 37.5 3.28943
276.5 37.5 3.26329
277 37.5 3.23105
277.5 37.5 3.21858
278 37.5 3.22346
278.5 37.5 3.24093
279 37.5 3.26946
279.5 37.5 3.29188
280 37.5 3.29868
280.5 37.5 3.29682
281 37.5 3.29326
281.5 37.5 3.29209
282 37.5 3.28591
282.5 37.5 3.26533
283 37.5 3.22782
283.5 37.5 3.18951
284 37.5 3.16724
284.5 37.5 3.15147
285 37.5 3.14227
285.5 37.5 3.15214
286 37.5 3.17069
286.5 37.5 3.18066
287 37.5 3.18758
287.5 37.5 3.19414
288 37.5 3.19546
288.5 37.5 3.19527
289 37.5 3.19344
289.5 37.5 3.18947
290 37.5 3.18431
290.5 37.5 3.17401
291 37.5 3.16626
291.5 37.5 3.161
292 37.5 3.1553
292.5 37.5 3.14852
293 37.5 3.13922
293.5 37.5 3.12851
294 37.5 3.11746
236 38 3.18386
236.5 38 3.13999
237 38 3.08328
237.5 38 3.00842
238 38 2.93766
238.5 38 2.90903
239 38 2.94193
239.5 38 3.01695
240 38 3.08721
240.5 38 3.10271
241 38 3.06779
241.5 38 3.03262
242 38 3.01961
242.5 38 3.01653
243 38 3.01624
243.5 38 3.02386
244 38 3.04395
244.5 38 3.06943
245 38 3.08722
245.5 38 3.08774
246 38 3.0773
246.5 38 3.05873
247 38 3.02603
247.5 38 3.01134
248 38 3.02922
248.5 38 3.08385
249 38 3.15123
249.5 38 3.19376
250 38 3.20533
250.5 38 3.18232
251 38 3.1547
251.5 38 3.13742
252 38 3.13351
252.5 38 3.11732
253 38 3.08898
253.5 38 3.07426
254 38 3.07196
254.5 38 3.09804
255 38 3.13222
255.5 38 3.14405
256 38 3.15239
256.5 38 3.16305
257 38 3.1666
257.5 38 3.16593
258 38 3.1632
258.5 38 3.16035
259 38 3.16004
259.5 38 3.16162
260 38 3.16617
260.5 38 3.17026
261 38 3.17193
261.5 38 3.17419
262 38 3.18123
262.5 38 3.19326
263 38 3.2091
263.5 38 3.22778
264 38 3.24888
264.5 38 3.26692
265 38 3.27685
265.5 38 3.27912
266 38 3.27769
266.5 38 3.27988
267 38 3.28537
267.5 38 3.28776
268 38 3.29128
268.5 38 3.30271
269 38 3.31852
269.5 38 3.32823
270 38 3.32643
270.5 38 3.31696
271 38 3.3039
271.5 38 3.28868
272 38 3.27108
272.5 38 3.25312
273 38 3.24073
273.5 38 3.23629
274 38 3.23787
274.5 38 3.24205
275 38 3.25365
275.5 38 3.28206
276 38 3.30462
276.5 38 3.29108
277 38 3.25144
277.5 38 3.21181
278 38 3.19034
278.5 38 3.19817
279 38 3.22717
279.5 38 3.25568
280 38 3.27495
280.5 38 3.28747
281 38 3.29357
281.5 38 3.29479
282 38 3.28619
282.5 38 3.25789
283 38 3.20879
283.5 38 3.15763
284 38 3.13085
284.5 38 3.13195
285 38 3.14627
285.5 38 3.16051
286 38 3.17429
286.5 38 3.18964
287 38 3.19994
287.5 38 3.20359
288 38 3.20541
288.5 38 3.20589
289 38 3.20057
289.5 38 3.1917
290 38 3.18418
290.5 38 3.17796
291 38 3.17373
291.5 38 3.16969
292 38 3.16093
292.5 38 3.15173
293 38 3.14211
293.5 38 3.1318
294 38 3.12176
236 38.5 3.17031
236.5 38.5 3.11896
237 38.5 3.05665
237.5 38.5 2.99167
238 38.5 2.94187
238.5 38.5 2.94238
239 38.5 3.00609
239.5 38.5 3.08842
240 38.5 3.12261
240.5 38.5 3.08995
241 38.5 3.03486
241.5 38.5 3.00745
242 38.5 3.00985
242.5 38.5 3.01674
243 38.5 3.02053
243.5 38.5 3.02656
244 38.5 3.0439
244.5 38.5 3.07014
245 38.5 3.0924
245.5 38.5 3.10217
246 38.5 3.09582
246.5 38.5 3.06701
247 38.5 3.01928
247.5 38.5 2.99495
248 38.5 3.01121
248.5 38.5 3.06304
249 38.5 3.13811
249.5 38.5 3.17665
250 38.5 3.17506
250.5 38.5 3.15375
251 38.5 3.1467
251.5 38.5 3.14429
252 38.5 3.1342
252.5 38.5 3.11037
253 38.5 3.09279
253.5 38.5 3.08945
254 38.5 3.08977
254.5 38.5 3.10428
255 38.5 3.11057
255.5 38.5 3.09888
256 38.5 3.10105
256.5 38.5 3.12168
257 38.5 3.1453
257.5 38.5 3.15999
258 38.5 3.16208
258.5 38.5 3.16053
259 38.5 3.15939
259.5 38.5 3.16052
260 38.5 3.16647
260.5 38.5 3.17346
261 38.5 3.17637
261.5 38.5 3.17597
262 38.5 3.17757
262.5 38.5 3.18916
263 38.5 3.20922
263.5 38.5 3.22903
264 38.5 3.24527
264.5 38.5 3.25892
265 38.5 3.26745
265.5 38.5 3.27038
266 38.5 3.27215
266.5 38.5 3.27791
267 38.5 3.28639
267.5 38.5 3.29339
268 38.5 3.29957
268.5 38.5 3.30647
269 38.5 3.31421
269.5 38.5 3.31879
270 38.5 3.31416
270.5 38.5 3.30091
271 38.5 3.28348
271.5 38.5 3.26619
272 38.5 3.25229
272.5 38.5 3.24249
273 38.5 3.23395
273.5 38.5 3.22761
274 38.5 3.23139
274.5 38.5 3.24322
275 38.5 3.25607
275.5 38.5 3.27962
276 38.5 3.30912
276.5 38.5 3.31822
277 38.5 3.29807
277.5 38.5 3.25591
278 38.5 3.20706
278.5 38.5 3.1788
279 38.5 3.18424
279.5 38.5 3.20944
280 38.5 3.23828
280.5 38.5 3.26451
281 38.5 3.28436
281.5 38.5 3.29644
282 38.5 3.29408
282.5 38.5 3.2658
283 38.5 3.21175
283.5 38.5 3.15925
284 38.5 3.13358
284.5 38.5 3.13066
285 38.5 3.14393
285.5 38.5 3.16864
286 38.5 3.19085
286.5 38.5 3.20507
287 38.5 3.21497
287.5 38.5 3.22123
288 38.5 3.21926
288.5 38.5 3.21144
289 38.5 3.20252
289.5 38.5 3.19462
290 38.5 3.19042
290.5 38.5 3.18584
291 38.5 3.17876
291.5 38.5 3.17064
292 38.5 3.16203
292.5 38.5 3.15269
293 38.5 3.1446
293.5 38.5 3.13595
294 38.5 3.12644
236 39 3.14756
236.5 39 3.10405
237 39 3.05091
237.5 39 2.99092
238 39 2.95476
238.5 39 2.97491
239 39 3.04961
239.5 39 3.1153
240 39 3.11561
240.5 39 3.06667
241 39 3.01874
241.5 39 3
242 39 3.00291
242.5 39 3.00948
243 39 3.0186
243.5 39 3.03215
244 39 3.05019
244.5 39 3.07037
245 39 3.08894
245.5 39 3.10474
246 39 3.10965
246.5 39 3.08425
247 39 3.03054
247.5 39 2.99985
248 39 3.00654
248.5 39 3.04185
249 39 3.10664
249.5 39 3.13215
250 39 3.12024
250.5 39 3.11016
251 39 3.12374
251.5 39 3.12606
252 39 3.10131
252.5 39 3.08151
253 39 3.08691
253.5 39 3.09764
254 39 3.0986
254.5 39 3.09327
255 39 3.06721
255.5 39 3.03976
256 39 3.0431
256.5 39 3.07535
257 39 3.1154
257.5 39 3.14164
258 39 3.15217
258.5 39 3.15489
259 39 3.15495
259.5 39 3.15823
260 39 3.16654
260.5 39 3.17603
261 39 3.18008
261.5 39 3.17634
262 39 3.17515
262.5 39 3.18846
263 39 3.21137
263.5 39 3.22948
264 39 3.24031
264.5 39 3.25058
265 39 3.25991
265.5 39 3.26588
266 39 3.27101
266.5 39 3.27874
267 39 3.28759
267.5 39 3.29557
268 39 3.30269
268.5 39 3.30685
269 39 3.30769
269.5 39 3.30604
270 39 3.29814
270.5 39 3.28275
271 39 3.26379
271.5 39 3.24678
272 39 3.23491
272.5 39 3.22762
273 39 3.22202
273.5 39 3.22038
274 39 3.22925
274.5 39 3.245
275 39 3.25697
275.5 39 3.27207
276 39 3.30124
276.5 39 3.32991
277 39 3.3353
277.5 39 3.30787
278 39 3.25528
278.5 39 3.2023
279 39 3.17459
279.5 39 3.17797
280 39 3.2009
280.5 39 3.23086
281 39 3.26116
281.5 39 3.28665
282 39 3.29453
282.5 39 3.27633
283 39 3.23938
283.5 39 3.20056
284 39 3.17485
284.5 39 3.16889
285 39 3.18028
285.5 39 3.19873
286 39 3.21701
286.5 39 3.23189
287 39 3.23886
287.5 39 3.23667
288 39 3.22946
288.5 39 3.22012
289 39 3.21292
289.5 39 3.20468
290 39 3.19441
290.5 39 3.18399
291 39 3.17546
291.5 39 3.16809
292 39 3.16148
292.5 39 3.15489
293 39 3.14804
293.5 39 3.14191
294 39 3.1359
236 39.5 3.1237
236.5 39.5 3.08488
237 39.5 3.04229
237.5 39.5 2.99424
238 39.5 2.96672
238.5 39.5 2.99704
239 39.5 3.06692
239.5 39.5 3.11077
240 39.5 3.0963
240.5 39.5 3.05447
241 39.5 3.0187
241.5 39.5 3.00394
242 39.5 3.00123
242.5 39.5 3.00427
243 39.5 3.01821
243.5 39.5 3.04012
244 39.5 3.0576
244.5 39.5 3.06802
245 39.5 3.07973
245.5 39.5 3.09727
246 39.5 3.10915
246.5 39.5 3.09166
247 39.5 3.0432
247.5 39.5 3.0068
248 39.5 2.99565
248.5 39.5 3.00711
249 39.5 3.04151
249.5 39.5 3.05039
250 39.5 3.04346
250.5 39.5 3.04934
251 39.5 3.06681
251.5 39.5 3.06772
252 39.5 3.04794
252.5 39.5 3.05143
253 39.5 3.08205
253.5 39.5 3.10101
254 39.5 3.10045
254.5 39.5 3.08495
255 39.5 3.04305
255.5 39.5 3.00632
256 39.5 3.00718
256.5 39.5 3.04091
257 39.5 3.08433
257.5 39.5 3.11721
258 39.5 3.13661
258.5 39.5 3.14596
259 39.5 3.15163
259.5 39.5 3.15886
260 39.5 3.16866
260.5 39.5 3.17777
261 39.5 3.18156
261.5 39.5 3.17971
262 39.5 3.18188
262.5 39.5 3.19536
263 39.5 3.21598
263.5 39.5 3.23215
264 39.5 3.23902
264.5 39.5 3.24185
265 39.5 3.24807
265.5 39.5 3.25861
266 39.5 3.26974
266.5 39.5 3.27732
267 39.5 3.28242
267.5 39.5 3.28939
268 39.5 3.29736
268.5 39.5 3.30038
269 39.5 3.29842
269.5 39.5 3.29308
270 39.5 3.28288
270.5 39.5 3.26975
271 39.5 3.25641
271.5 39.5 3.24287
272 39.5 3.23105
272.5 39.5 3.22367
273 39.5 3.22125
273.5 39.5 3.22603
274 39.5 3.23993
274.5 39.5 3.25503
275 39.5 3.26127
275.5 39.5 3.26733
276 39.5 3.29215
276.5 39.5 3.32843
277 39.5 3.34731
277.5 39.5 3.33276
278 39.5 3.29086
278.5 39.5 3.23811
279 39.5 3.19471
279.5 39.5 3.17516
280 39.5 3.18013
280.5 39.5 3.20085
281 39.5 3.23029
281.5 39.5 3.26145
282 39.5 3.27848
282.5 39.5 3.27166
283 39.5 3.25293
283.5 39.5 3.24104
284 39.5 3.23505
284.5 39.5 3.22896
285 39.5 3.2323
285.5 39.5 3.24544
286 39.5 3.25697
286.5 39.5 3.26101
287 39.5 3.25897
287.5 39.5 3.2553
288 39.5 3.24989
288.5 39.5 3.2391
289 39.5 3.22353
289.5 39.5 3.20661
290 39.5 3.19062
290.5 39.5 3.17874
291 39.5 3.17015
291.5 39.5 3.1647
292 39.5 3.16109
292.5 39.5 3.15786
293 39.5 3.15529
293.5 39.5 3.15216
294 39.5 3.14735
236 40 3.09284
236.5 40 3.05358
237 40 3.01945
237.5 40 2.99942
238 40 2.99817
238.5 40 3.0235
239 40 3.0676
239.5 40 3.09064
240 40 3.07798
240.5 40 3.04925
241 40 3.0277
241.5 40 3.02108
242 40 3.01847
242.5 40 3.01866
243 40 3.02919
243.5 40 3.04676
244 40 3.05939
244.5 40 3.06577
245 40 3.07421
245.5 40 3.08996
246 40 3.10116
246.5 40 3.0888
247 40 3.05035
247.5 40 3.01069
248 40 2.98153
248.5 40 2.96761
249 40 2.96642
249.5 40 2.9638
250 40 2.96774
250.5 40 2.98272
251 40 2.99251
251.5 40 2.9955
252 40 3.00026
252.5 40 3.03149
253 40 3.07769
253.5 40 3.10094
254 40 3.10589
254.5 40 3.0933
255 40 3.05166
255.5 40 3.01044
256 40 3.00359
256.5 40 3.02776
257 40 3.06399
257.5 40 3.09703
258 40 3.12152
258.5 40 3.13866
259 40 3.15211
259.5 40 3.16518
260 40 3.17625
260.5 40 3.18178
261 40 3.18191
261.5 40 3.18384
262 40 3.1909
262.5 40 3.20152
263 40 3.21831
263.5 40 3.23569
264 40 3.23945
264.5 40 3.23396
265 40 3.23748
265.5 40 3.25024
266 40 3.26122
266.5 40 3.26808
267 40 3.27337
267.5 40 3.27893
268 40 3.28486
268.5 40 3.28879
269 40 3.28712
269.5 40 3.2794
270 40 3.269
270.5 40 3.26169
271 40 3.25772
271.5 40 3.25251
272 40 3.24503
272.5 40 3.23769
273 40 3.23367
273.5 40 3.23865
274 40 3.2537
274.5 40 3.2668
275 40 3.26865
275.5 40 3.27066
276 40 3.2918
276.5 40 3.32626
277 40 3.34567
277.5 40 3.33664
278 40 3.30906
278.5 40 3.27154
279 40 3.22862
279.5 40 3.19185
280 40 3.17521
280.5 40 3.18163
281 40 3.20407
281.5 40 3.2332
282 40 3.2555
282.5 40 3.25935
283 40 3.2476
283.5 40 3.24353
284 40 3.25762
284.5 40 3.27271
285 40 3.28121
285.5 40 3.28562
286 40 3.2879
286.5 40 3.29082
287 40 3.29102
287.5 40 3.28518
288 40 3.27209
288.5 40 3.25134
289 40 3.22498
289.5 40 3.20071
290 40 3.18347
290.5 40 3.17356
291 40 3.16871
291.5 40 3.16644
292 40 3.16639
292.5 40 3.16667
293 40 3.16364
293.5 40 3.15811
294 40 3.15118
236 40.5 3.0619
236.5 40.5 3.03149
237 40.5 3.01888
237.5 40.5 3.02739
238 40.5 3.03589
238.5 40.5 3.04241
239 40.5 3.05117
239.5 40.5 3.05193
240 40.5 3.04486
240.5 40.5 3.03757
241 40.5 3.03736
241.5 40.5 3.04146
242 40.5 3.04182
242.5 40.5 3.04166
243 40.5 3.04523
243.5 40.5 3.04993
244 40.5 3.05509
244.5 40.5 3.06392
245 40.5 3.07511
245.5 40.5 3.08877
246 40.5 3.09747
246.5 40.5 3.0864
247 40.5 3.053
247.5 40.5 3.01279
248 40.5 2.97652
248.5 40.5 2.94372
249 40.5 2.91577
249.5 40.5 2.90615
250 40.5 2.91356
250.5 40.5 2.92873
251 40.5 2.93389
251.5 40.5 2.94213
252 40.5 2.9643
252.5 40.5 3.00797
253 40.5 3.05727
253.5 40.5 3.08822
254 40.5 3.10627
254.5 40.5 3.10376
255 40.5 3.06841
255.5 40.5 3.02691
256 40.5 3.01431
256.5 40.5 3.02983
257 40.5 3.05884
257.5 40.5 3.08796
258 40.5 3.11313
258.5 40.5 3.1356
259 40.5 3.15775
259.5 40.5 3.17907
260 40.5 3.19211
260.5 40.5 3.19361
261 40.5 3.18954
261.5 40.5 3.19029
262 40.5 3.1981
262.5 40.5 3.20717
263 40.5 3.21872
263.5 40.5 3.23267
264 40.5 3.23794
264.5 40.5 3.23101
265 40.5 3.22612
265.5 40.5 3.23365
266 40.5 3.24671
266.5 40.5 3.25694
267 40.5 3.26327
267.5 40.5 3.2679
268 40.5 3.27175
268.5 40.5 3.27353
269 40.5 3.27129
269.5 40.5 3.26547
270 40.5 3.25946
270.5 40.5 3.25861
271 40.5 3.26276
271.5 40.5 3.26539
272 40.5 3.26287
272.5 40.5 3.257
273 40.5 3.25296
273.5 40.5 3.25611
274 40.5 3.26657
274.5 40.5 3.27494
275 40.5 3.27584
275.5 40.5 3.27998
276 40.5 3.29818
276.5 40.5 3.32449
277 40.5 3.34043
277.5 40.5 3.33837
278 40.5 3.32503
278.5 40.5 3.30071
279 40.5 3.26266
279.5 40.5 3.22013
280 40.5 3.19042
280.5 40.5 3.1834
281 40.5 3.1955
281.5 40.5 3.21965
282 40.5 3.24172
282.5 40.5 3.2438
283 40.5 3.23079
283.5 40.5 3.23215
284 40.5 3.25515
284.5 40.5 3.27884
285 40.5 3.29732
285.5 40.5 3.31326
286 40.5 3.32296
286.5 40.5 3.32466
287 40.5 3.31866
287.5 40.5 3.30469
288 40.5 3.28285
288.5 40.5 3.2548
289 40.5 3.2244
289.5 40.5 3.19835
290 40.5 3.18161
290.5 40.5 3.17346
291 40.5 3.17226
291.5 40.5 3.17386
292 40.5 3.17288
292.5 40.5 3.17072
293 40.5 3.16649
293.5 40.5 3.16065
294 40.5 3.15624
236 41 3.03373
236.5 41 3.02573
237 41 3.03877
237.5 41 3.05657
238 41 3.04762
238.5 41 3.02962
239 41 3.02382
239.5 41 3.01875
240 41 3.01421
240.5 41 3.02171
241 41 3.03655
241.5 41 3.04715
242 41 3.05221
242.5 41 3.05793
243 41 3.0613
243.5 41 3.05746
244 41 3.05411
244.5 41 3.06195
245 41 3.07831
245.5 41 3.09387
246 41 3.10247
246.5 41 3.09166
247 41 3.05884
247.5 41 3.0166
248 41 2.981
248.5 41 2.93992
249 41 2.89631
249.5 41 2.88088
250 41 2.88313
250.5 41 2.89253
251 41 2.89945
251.5 41 2.91345
252 41 2.9381
252.5 41 2.9801
253 41 3.02737
253.5 41 3.06883
254 41 3.09891
254.5 41 3.10636
255 41 3.07845
255.5 41 3.04014
256 41 3.02597
256.5 41 3.03894
257 41 3.06578
257.5 41 3.09322
258 41 3.11703
258.5 41 3.14098
259 41 3.16794
259.5 41 3.19416
260 41 3.20886
260.5 41 3.20861
261 41 3.20315
261.5 41 3.20424
262 41 3.21463
262.5 41 3.22471
263 41 3.22954
263.5 41 3.23392
264 41 3.23492
264.5 41 3.22637
265 41 3.21824
265.5 41 3.22208
266 41 3.23213
266.5 41 3.24228
267 41 3.25146
267.5 41 3.25607
268 41 3.25755
268.5 41 3.25883
269 41 3.25908
269.5 41 3.25814
270 41 3.25748
270.5 41 3.25906
271 41 3.26269
271.5 41 3.26547
272 41 3.26794
272.5 41 3.27069
273 41 3.27211
273.5 41 3.27304
274 41 3.2765
274.5 41 3.28013
275 41 3.28181
275.5 41 3.28891
276 41 3.30541
276.5 41 3.32533
277 41 3.33834
277.5 41 3.33968
278 41 3.33403
278.5 41 3.32162
279 41 3.29737
279.5 41 3.26349
280 41 3.23278
280.5 41 3.21756
281 41 3.21348
281.5 41 3.21469
282 41 3.22465
282.5 41 3.23392
283 41 3.22918
283.5 41 3.22601
284 41 3.24526
284.5 41 3.2786
285 41 3.31032
285.5 41 3.33192
286 41 3.3412
286.5 41 3.33774
287 41 3.32346
287.5 41 3.30644
288 41 3.2884
288.5 41 3.26503
289 41 3.2345
289.5 41 3.20472
290 41 3.18763
290.5 41 3.18169
291 41 3.17896
291.5 41 3.17538
292 41 3.17227
292.5 41 3.16939
293 41 3.16855
293.5 41 3.16904
294 41 3.16855
236 41.5 3.00047
236.5 41.5 3.01706
237 41.5 3.04915
237.5 41.5 3.06621
238 41.5 3.04152
238.5 41.5 3.00896
239 41.5 2.99858
239.5 41.5 2.99956
240 41.5 3.00127
240.5 41.5 3.0072
241 41.5 3.01987
241.5 41.5 3.03679
242 41.5 3.05516
242.5 41.5 3.07425
243 41.5 3.08622
243.5 41.5 3.08175
244 41.5 3.07034
244.5 41.5 3.07213
245 41.5 3.08897
245.5 41.5 3.1058
246 41.5 3.11334
246.5 41.5 3.10262
247 41.5 3.06981
247.5 41.5 3.0278
248 41.5 2.99445
248.5 41.5 2.95457
249 41.5 2.90752
249.5 41.5 2.88474
250 41.5 2.87418
250.5 41.5 2.87396
251 41.5 2.88533
251.5 41.5 2.90266
252 41.5 2.92252
252.5 41.5 2.95874
253 41.5 3.00642
253.5 41.5 3.05403
254 41.5 3.08896
254.5 41.5 3.10431
255 41.5 3.08824
255.5 41.5 3.05868
256 41.5 3.04621
256.5 41.5 3.05866
257 41.5 3.0848
257.5 41.5 3.11135
258 41.5 3.13224
258.5 41.5 3.15211
259 41.5 3.17388
259.5 41.5 3.1945
260 41.5 3.20615
260.5 41.5 3.2067
261 41.5 3.20693
261.5 41.5 3.21781
262 41.5 3.23731
262.5 41.5 3.25366
263 41.5 3.2592
263.5 41.5 3.25087
264 41.5 3.23389
264.5 41.5 3.22124
265 41.5 3.21961
265.5 41.5 3.22399
266 41.5 3.22397
266.5 41.5 3.22253
267 41.5 3.2287
267.5 41.5 3.24007
268 41.5 3.25055
268.5 41.5 3.25802
269 41.5 3.26228
269.5 41.5 3.26394
270 41.5 3.26212
270.5 41.5 3.2578
271 41.5 3.25523
271.5 41.5 3.25774
272 41.5 3.26615
272.5 41.5 3.27596
273 41.5 3.28066
273.5 41.5 3.27961
274 41.5 3.27732
274.5 41.5 3.27613
275 41.5 3.2777
275.5 41.5 3.28824
276 41.5 3.30719
276.5 41.5 3.32568
277 41.5 3.33632
277.5 41.5 3.33825
278 41.5 3.33733
278.5 41.5 3.33472
279 41.5 3.32645
279.5 41.5 3.30994
280 41.5 3.28453
280.5 41.5 3.25778
281 41.5 3.23795
281.5 41.5 3.22463
282 41.5 3.22153
282.5 41.5 3.2276
283 41.5 3.23292
283.5 41.5 3.23874
284 41.5 3.2557
284.5 41.5 3.28399
285 41.5 3.31295
285.5 41.5 3.3296
286 41.5 3.33047
286.5 41.5 3.32284
287 41.5 3.31363
287.5 41.5 3.30704
288 41.5 3.2982
288.5 41.5 3.28268
289 41.5 3.2577
289.5 41.5 3.22525
290 41.5 3.19979
290.5 41.5 3.18566
291 41.5 3.17806
291.5 41.5 3.17522
292 41.5 3.17641
292.5 41.5 3.17957
293 41.5 3.18004
293.5 41.5 3.17824
294 41.5 3.17677
236 42 2.97055
236.5 42 3.01936
237 42 3.06017
237.5 42 3.06253
238 42 3.02957
238.5 42 2.99683
239 42 2.98185
239.5 42 2.9833
240 42 2.99169
240.5 42 2.99598
241 42 3.00248
241.5 42 3.02429
242 42 3.05879
242.5 42 3.092
243 42 3.11247
243.5 42 3.11111
244 42 3.09854
244.5 42 3.09787
245 42 3.10922
245.5 42 3.12105
246 42 3.12426
246.5 42 3.11027
247 42 3.07775
247.5 42 3.0402
248 42 3.01083
248.5 42 2.97908
249 42 2.93733
249.5 42 2.90435
250 42 2.88038
250.5 42 2.87608
251 42 2.89316
251.5 42 2.90833
252 42 2.92039
252.5 42 2.95178
253 42 3.00192
253.5 42 3.0481
254 42 3.08123
254.5 42 3.09998
255 42 3.0975
255.5 42 3.08261
256 42 3.07829
256.5 42 3.09345
257 42 3.11875
257.5 42 3.14076
258 42 3.1531
258.5 42 3.16033
259 42 3.16906
259.5 42 3.17953
260 42 3.18837
260.5 42 3.1948
261 42 3.20464
261.5 42 3.22432
262 42 3.25318
262.5 42 3.28011
263 42 3.29349
263.5 42 3.28419
264 42 3.25515
264.5 42 3.22971
265 42 3.22357
265.5 42 3.22601
266 42 3.21802
266.5 42 3.20481
267 42 3.20569
267.5 42 3.22332
268 42 3.24798
268.5 42 3.2684
269 42 3.27732
269.5 42 3.27545
270 42 3.26794
270.5 42 3.261
271 42 3.25795
271.5 42 3.26058
272 42 3.26885
272.5 42 3.27644
273 42 3.27709
273.5 42 3.27349
274 42 3.27002
274.5 42 3.26439
275 42 3.25848
275.5 42 3.26579
276 42 3.29015
276.5 42 3.3172
277 42 3.33375
277.5 42 3.34059
278 42 3.34492
278.5 42 3.34567
279 42 3.34105
279.5 42 3.33125
280 42 3.31383
280.5 42 3.29177
281 42 3.2722
281.5 42 3.25803
282 42 3.25058
282.5 42 3.24877
283 42 3.24936
283.5 42 3.25429
284 42 3.26945
284.5 42 3.29314
285 42 3.31328
285.5 42 3.31938
286 42 3.31482
286.5 42 3.31333
287 42 3.31535
287.5 42 3.31145
288 42 3.2979
288.5 42 3.2815
289 42 3.26332
289.5 42 3.23466
290 42 3.20774
290.5 42 3.19607
291 42 3.19157
291.5 42 3.18859
292 42 3.18784
292.5 42 3.18711
293 42 3.18636
293.5 42 3.18634
294 42 3.18777
236 42.5 2.94405
236.5 42.5 3.02107
237 42.5 3.06901
237.5 42.5 3.05722
238 42.5 3.0134
238.5 42.5 2.9766
239 42.5 2.96279
239.5 42.5 2.97103
240 42.5 2.98503
240.5 42.5 2.99156
241 42.5 2.99913
241.5 42.5 3.02202
242 42.5 3.05923
242.5 42.5 3.0957
243 42.5 3.11796
243.5 42.5 3.11701
244 42.5 3.10827
244.5 42.5 3.11312
245 42.5 3.12343
245.5 42.5 3.128
246 42.5 3.12357
246.5 42.5 3.10426
247 42.5 3.07336
247.5 42.5 3.0439
248 42.5 3.02127
248.5 42.5 2.99837
249 42.5 2.96272
249.5 42.5 2.9232
250 42.5 2.89852
250.5 42.5 2.90182
251 42.5 2.92194
251.5 42.5 2.92795
252 42.5 2.93033
252.5 42.5 2.95771
253 42.5 3.00504
253.5 42.5 3.04451
254 42.5 3.06956
254.5 42.5 3.08301
255 42.5 3.09007
255.5 42.5 3.09646
256 42.5 3.10974
256.5 42.5 3.13398
257 42.5 3.15927
257.5 42.5 3.17251
258 42.5 3.16965
258.5 42.5 3.16185
259 42.5 3.16153
259.5 42.5 3.17014
260 42.5 3.18241
260.5 42.5 3.19464
261 42.5 3.2106
261.5 42.5 3.2364
262 42.5 3.27128
262.5 42.5 3.30361
263 42.5 3.32164
263.5 42.5 3.31817
264 42.5 3.29194
264.5 42.5 3.25808
265 42.5 3.23729
265.5 42.5 3.2285
266 42.5 3.215
266.5 42.5 3.19886
267 42.5 3.19844
267.5 42.5 3.21978
268 42.5 3.25106
268.5 42.5 3.2743
269 42.5 3.28172
269.5 42.5 3.28089
270 42.5 3.27923
270.5 42.5 3.27878
271 42.5 3.27946
271.5 42.5 3.27832
272 42.5 3.27736
272.5 42.5 3.27911
273 42.5 3.27826
273.5 42.5 3.27185
274 42.5 3.26176
274.5 42.5 3.24708
275 42.5 3.23171
275.5 42.5 3.23292
276 42.5 3.25968
276.5 42.5 3.29617
277 42.5 3.32385
277.5 42.5 3.33941
278 42.5 3.34643
278.5 42.5 3.3462
279 42.5 3.34312
279.5 42.5 3.3405
280 42.5 3.33535
280.5 42.5 3.32694
281 42.5 3.31714
281.5 42.5 3.30625
282 42.5 3.29405
282.5 42.5 3.28447
283 42.5 3.28174
283.5 42.5 3.28457
284 42.5 3.29224
284.5 42.5 3.30775
285 42.5 3.3252
285.5 42.5 3.33096
286 42.5 3.32518
286.5 42.5 3.32235
287 42.5 3.32228
287.5 42.5 3.3105
288 42.5 3.28543
288.5 42.5 3.25909
289 42.5 3.24238
289.5 42.5 3.23153
290 42.5 3.22057
290.5 42.5 3.20944
291 42.5 3.20108
291.5 42.5 3.19609
292 42.5 3.19352
292.5 42.5 3.19514
293 42.5 3.19984
293.5 42.5 3.20224
294 42.5 3.20342
236 43 2.9361
236.5 43 3.01941
237 43 3.06399
237.5 43 3.04904
238 43 3.00267
238.5 43 2.96375
239 43 2.95388
239.5 43 2.96709
240 43 2.98375
240.5 43 2.99601
241 43 3.0093
241.5 43 3.02969
242 43 3.05753
242.5 43 3.08595
243 43 3.10063
243.5 43 3.09497
244 43 3.08931
244.5 43 3.10156
245 43 3.11661
245.5 43 3.11893
246 43 3.10927
246.5 43 3.08902
247 43 3.06378
247.5 43 3.04407
248 43 3.02926
248.5 43 3.0113
249 43 2.98122
249.5 43 2.94694
250 43 2.935
250.5 43 2.94838
251 43 2.96452
251.5 43 2.95976
252 43 2.9549
252.5 43 2.97841
253 43 3.01661
253.5 43 3.04288
254 43 3.04938
254.5 43 3.04937
255 43 3.06401
255.5 43 3.09626
256 43 3.13329
256.5 43 3.16703
257 43 3.1886
257.5 43 3.18805
258 43 3.17291
258.5 43 3.16031
259 43 3.15967
259.5 43 3.17183
260 43 3.18928
260.5 43 3.20829
261 43 3.23304
261.5 43 3.26371
262 43 3.29693
262.5 43 3.32547
263 43 3.33995
263.5 43 3.3367
264 43 3.31976
264.5 43 3.29723
265 43 3.27367
265.5 43 3.24713
266 43 3.21905
266.5 43 3.20098
267 43 3.19874
267.5 43 3.21651
268 43 3.25038
268.5 43 3.27812
269 43 3.28992
269.5 43 3.29453
270 43 3.29784
270.5 43 3.30162
271 43 3.30645
271.5 43 3.30612
272 43 3.29836
272.5 43 3.2881
273 43 3.27676
273.5 43 3.2653
274 43 3.25486
274.5 43 3.24033
275 43 3.21995
275.5 43 3.21125
276 43 3.22991
276.5 43 3.2636
277 43 3.29598
277.5 43 3.32396
278 43 3.34294
278.5 43 3.34893
279 43 3.34772
279.5 43 3.34654
280 43 3.34746
280.5 43 3.34876
281 43 3.34529
281.5 43 3.33813
282 43 3.33104
282.5 43 3.32377
283 43 3.31887
283.5 43 3.31857
284 43 3.32162
284.5 43 3.3289
285 43 3.34059
285.5 43 3.34872
286 43 3.34776
286.5 43 3.34156
287 43 3.33237
287.5 43 3.31509
288 43 3.28572
288.5 43 3.2501
289 43 3.22404
289.5 43 3.21649
290 43 3.21746
290.5 43 3.21443
291 43 3.20904
291.5 43 3.20586
292 43 3.20585
292.5 43 3.20738
293 43 3.20958
293.5 43 3.20908
294 43 3.20792
236 43.5 2.94659
236.5 43.5 3.02785
237 43.5 3.06794
237.5 43.5 3.04758
238 43.5 2.99782
238.5 43.5 2.96689
239 43.5 2.96667
239.5 43.5 2.97898
240 43.5 2.99282
240.5 43.5 3.00836
241 43.5 3.02581
241.5 43.5 3.04578
242 43.5 3.06531
242.5 43.5 3.07744
243 43.5 3.07816
243.5 43.5 3.07098
244 43.5 3.07136
244.5 43.5 3.08446
245 43.5 3.09631
245.5 43.5 3.09939
246 43.5 3.09409
246.5 43.5 3.08167
247 43.5 3.06582
247.5 43.5 3.05157
248 43.5 3.03865
248.5 43.5 3.02445
249 43.5 3.00587
249.5 43.5 2.98608
250 43.5 2.98644
250.5 43.5 3.00178
251 43.5 3.01102
251.5 43.5 3.0022
252 43.5 2.99887
252.5 43.5 3.01975
253 43.5 3.0464
253.5 43.5 3.0501
254 43.5 3.03133
254.5 43.5 3.02314
255 43.5 3.04973
255.5 43.5 3.10253
256 43.5 3.15453
256.5 43.5 3.18742
257 43.5 3.19622
257.5 43.5 3.18503
258 43.5 3.16971
258.5 43.5 3.16083
259 43.5 3.16311
259.5 43.5 3.18031
260 43.5 3.2065
260.5 43.5 3.23542
261 43.5 3.26601
261.5 43.5 3.29364
262 43.5 3.31725
262.5 43.5 3.33618
263 43.5 3.34595
263.5 43.5 3.34603
264 43.5 3.34076
264.5 43.5 3.33266
265 43.5 3.3156
265.5 43.5 3.28018
266 43.5 3.22847
266.5 43.5 3.1849
267 43.5 3.17377
267.5 43.5 3.20411
268 43.5 3.25713
268.5 43.5 3.29567
269 43.5 3.31152
269.5 43.5 3.31709
270 43.5 3.32031
270.5 43.5 3.32452
271 43.5 3.32676
271.5 43.5 3.32021
272 43.5 3.30642
272.5 43.5 3.29145
273 43.5 3.27628
273.5 43.5 3.26192
274 43.5 3.24818
274.5 43.5 3.23175
275 43.5 3.2113
275.5 43.5 3.19915
276 43.5 3.20945
276.5 43.5 3.23886
277 43.5 3.2772
277.5 43.5 3.31596
278 43.5 3.34498
278.5 43.5 3.35578
279 43.5 3.34932
279.5 43.5 3.33845
280 43.5 3.33683
280.5 43.5 3.34643
281 43.5 3.35405
281.5 43.5 3.35365
282 43.5 3.35329
282.5 43.5 3.35464
283 43.5 3.35268
283.5 43.5 3.34609
284 43.5 3.33942
284.5 43.5 3.34025
285 43.5 3.35133
285.5 43.5 3.36412
286 43.5 3.36821
286.5 43.5 3.36134
287 43.5 3.34375
287.5 43.5 3.31514
288 43.5 3.28109
288.5 43.5 3.24869
289 43.5 3.22369
289.5 43.5 3.21958
290 43.5 3.23038
290.5 43.5 3.23007
291 43.5 3.21647
291.5 43.5 3.20588
292 43.5 3.20268
292.5 43.5 3.20331
293 43.5 3.208
293.5 43.5 3.21348
294 43.5 3.21815
236 44 2.96277
236.5 44 3.03102
237 44 3.06697
237.5 44 3.0503
238 44 3.00942
238.5 44 2.9932
239 44 3.00277
239.5 44 3.01276
240 44 3.02262
240.5 44 3.03898
241 44 3.05569
241.5 44 3.07209
242 44 3.08653
242.5 44 3.08962
243 44 3.08439
243.5 44 3.08234
244 44 3.08508
244.5 44 3.08516
245 44 3.08295
245.5 44 3.08543
246 44 3.08991
246.5 44 3.08873
247 44 3.08138
247.5 44 3.06799
248 44 3.05157
248.5 44 3.04105
249 44 3.03748
249.5 44 3.03288
250 44 3.03732
250.5 44 3.04853
251 44 3.05216
251.5 44 3.04565
252 44 3.05107
252.5 44 3.07058
253 44 3.07986
253.5 44 3.05655
254 44 3.02436
254.5 44 3.02432
255 44 3.06343
255.5 44 3.12336
256 44 3.17544
256.5 44 3.19655
257 44 3.18953
257.5 44 3.1739
258 44 3.1632
258.5 44 3.16258
259 44 3.17529
259.5 44 3.2027
260 44 3.23548
260.5 44 3.26556
261 44 3.29347
261.5 44 3.31444
262 44 3.32817
262.5 44 3.33818
263 44 3.34506
263.5 44 3.35018
264 44 3.356
264.5 44 3.36097
265 44 3.34953
265.5 44 3.30347
266 44 3.22964
266.5 44 3.16998
267 44 3.15872
267.5 44 3.19876
268 44 3.26608
268.5 44 3.31925
269 44 3.34393
269.5 44 3.34868
270 44 3.3396
270.5 44 3.32662
271 44 3.31823
271.5 44 3.31348
272 44 3.30841
272.5 44 3.2997
273 44 3.28298
273.5 44 3.26009
274 44 3.23742
274.5 44 3.2203
275 44 3.20731
275.5 44 3.20112
276 44 3.2093
276.5 44 3.23408
277 44 3.27281
277.5 44 3.31379
278 44 3.34347
278.5 44 3.35458
279 44 3.349
279.5 44 3.34012
280 44 3.34059
280.5 44 3.35078
281 44 3.3586
281.5 44 3.36003
282 44 3.36439
282.5 44 3.36999
283 44 3.36845
283.5 44 3.36181
284 44 3.35674
284.5 44 3.35807
285 44 3.36747
285.5 44 3.37813
286 44 3.37717
286.5 44 3.35916
287 44 3.33364
287.5 44 3.31181
288 44 3.29341
288.5 44 3.27271
289 44 3.24684
289.5 44 3.23354
290 44 3.23568
290.5 44 3.22367
291 44 3.19888
291.5 44 3.18873
292 44 3.1985
292.5 44 3.21182
293 44 3.22085
293.5 44 3.22735
294 44 3.2313
236 44.5 2.98377
236.5 44.5 3.03454
237 44.5 3.05821
237.5 44.5 3.05073
238 44.5 3.0327
238.5 44.5 3.03367
239 44.5 3.04774
239.5 44.5 3.05335
240 44.5 3.06111
240.5 44.5 3.07982
241 44.5 3.09749
241.5 44.5 3.11202
242 44.5 3.12414
242.5 44.5 3.12987
243 44.5 3.13363
243.5 44.5 3.13546
244 44.5 3.1271
244.5 44.5 3.10964
245 44.5 3.09508
245.5 44.5 3.09293
246 44.5 3.09846
246.5 44.5 3.10074
247 44.5 3.09755
247.5 44.5 3.08894
248 44.5 3.07471
248.5 44.5 3.06644
249 44.5 3.07131
249.5 44.5 3.07832
250 44.5 3.08483
250.5 44.5 3.09579
251 44.5 3.09651
251.5 44.5 3.09227
252 44.5 3.10234
252.5 44.5 3.11495
253 44.5 3.09767
253.5 44.5 3.05475
254 44.5 3.0291
254.5 44.5 3.04385
255 44.5 3.08903
255.5 44.5 3.14227
256 44.5 3.18033
256.5 44.5 3.18604
257 44.5 3.16945
257.5 44.5 3.15517
258 44.5 3.15322
258.5 44.5 3.1642
259 44.5 3.18952
259.5 44.5 3.2242
260 44.5 3.25511
260.5 44.5 3.28015
261 44.5 3.30399
261.5 44.5 3.32065
262 44.5 3.3282
262.5 44.5 3.33399
263 44.5 3.34268
263.5 44.5 3.35486
264 44.5 3.36882
264.5 44.5 3.3776
265 44.5 3.3652
265.5 44.5 3.31972
266 44.5 3.24943
266.5 44.5 3.19066
267 44.5 3.17636
267.5 44.5 3.21196
268 44.5 3.28121
268.5 44.5 3.34101
269 44.5 3.36519
269.5 44.5 3.36667
270 44.5 3.35496
270.5 44.5 3.33362
271 44.5 3.31505
271.5 44.5 3.30909
272 44.5 3.31183
272.5 44.5 3.31018
273 44.5 3.29491
273.5 44.5 3.27078
274 44.5 3.24654
274.5 44.5 3.22955
275 44.5 3.22242
275.5 44.5 3.22247
276 44.5 3.23015
276.5 44.5 3.24877
277 44.5 3.28001
277.5 44.5 3.31355
278 44.5 3.33877
278.5 44.5 3.35405
279 44.5 3.35887
279.5 44.5 3.35705
280 44.5 3.35916
280.5 44.5 3.3685
281 44.5 3.37394
281.5 44.5 3.37027
282 44.5 3.36896
282.5 44.5 3.37549
283 44.5 3.38031
283.5 44.5 3.37541
284 44.5 3.36679
284.5 44.5 3.36765
285 44.5 3.37719
285.5 44.5 3.38228
286 44.5 3.37542
286.5 44.5 3.35329
287 44.5 3.32778
287.5 44.5 3.31561
288 44.5 3.30729
288.5 44.5 3.2889
289 44.5 3.26189
289.5 44.5 3.24195
290 44.5 3.23677
290.5 44.5 3.22032
291 44.5 3.18922
291.5 44.5 3.17931
292 44.5 3.19637
292.5 44.5 3.21527
293 44.5 3.2255
293.5 44.5 3.23077
294 44.5 3.23099
236 45 2.99485
236.5 45 3.03628
237 45 3.05384
237.5 45 3.05826
238 45 3.05817
238.5 45 3.06143
239 45 3.06344
239.5 45 3.05504
240 45 3.05584
240.5 45 3.07585
241 45 3.10139
241.5 45 3.12785
242 45 3.15404
242.5 45 3.17589
243 45 3.19287
243.5 45 3.19602
244 45 3.17766
244.5 45 3.15081
245 45 3.13145
245.5 45 3.12175
246 45 3.11634
246.5 45 3.11157
247 45 3.11069
247.5 45 3.11418
248 45 3.1104
248.5 45 3.10149
249 45 3.10248
249.5 45 3.11531
250 45 3.12937
250.5 45 3.1478
251 45 3.15189
251.5 45 3.14776
252 45 3.15256
252.5 45 3.14638
253 45 3.10462
253.5 45 3.05647
254 45 3.04104
254.5 45 3.06272
255 45 3.10408
255.5 45 3.14112
256 45 3.15739
256.5 45 3.15119
257 45 3.13611
257.5 45 3.13004
258 45 3.14025
258.5 45 3.16344
259 45 3.19447
259.5 45 3.22639
260 45 3.25062
260.5 45 3.2718
261 45 3.29552
261.5 45 3.31285
262 45 3.32067
262.5 45 3.32748
263 45 3.33951
263.5 45 3.35792
264 45 3.37546
264.5 45 3.3779
265 45 3.36117
265.5 45 3.33132
266 45 3.28807
266.5 45 3.24414
267 45 3.22246
267.5 45 3.23327
268 45 3.2826
268.5 45 3.34467
269 45 3.37697
269.5 45 3.38085
270 45 3.37306
270.5 45 3.35469
271 45 3.33381
271.5 45 3.32479
272 45 3.32518
272.5 45 3.32012
273 45 3.30367
273.5 45 3.28354
274 45 3.26547
274.5 45 3.25323
275 45 3.25184
275.5 45 3.25884
276 45 3.271
276.5 45 3.28733
277 45 3.30601
277.5 45 3.32333
278 45 3.33903
278.5 45 3.35548
279 45 3.36706
279.5 45 3.37136
280 45 3.37821
280.5 45 3.39127
281 45 3.39703
281.5 45 3.38653
282 45 3.37244
282.5 45 3.37051
283 45 3.37578
283.5 45 3.37291
284 45 3.36586
284.5 45 3.37158
285 45 3.38438
285.5 45 3.38466
286 45 3.36887
286.5 45 3.34062
287 45 3.31381
287.5 45 3.30336
288 45 3.30484
288.5 45 3.30649
289 45 3.29072
289.5 45 3.26159
290 45 3.24023
290.5 45 3.21251
291 45 3.17371
291.5 45 3.161
292 45 3.18222
292.5 45 3.20107
293 45 3.20604
293.5 45 3.21554
294 45 3.23939
236 45.5 3.02625
236.5 45.5 3.05907
237 45.5 3.07186
237.5 45.5 3.07513
238 45.5 3.07499
238.5 45.5 3.06579
239 45.5 3.04078
239.5 45.5 3.00952
240 45.5 2.99593
240.5 45.5 3.00702
241 45.5 3.03729
241.5 45.5 3.08291
242 45.5 3.133
242.5 45.5 3.18182
243 45.5 3.22534
243.5 45.5 3.24142
244 45.5 3.22243
244.5 45.5 3.19297
245 45.5 3.17102
245.5 45.5 3.15411
246 45.5 3.13971
246.5 45.5 3.13032
247 45.5 3.13068
247.5 45.5 3.14235
248 45.5 3.14916
248.5 45.5 3.13198
249 45.5 3.11331
249.5 45.5 3.12517
250 45.5 3.15555
250.5 45.5 3.18813
251 45.5 3.19843
251.5 45.5 3.19097
252 45.5 3.18346
252.5 45.5 3.16
253 45.5 3.11191
253.5 45.5 3.06909
254 45.5 3.05736
254.5 45.5 3.07343
255 45.5 3.10113
255.5 45.5 3.12057
256 45.5 3.1201
256.5 45.5 3.10711
257 45.5 3.09703
257.5 45.5 3.10152
258 45.5 3.1241
258.5 45.5 3.15569
259 45.5 3.18612
259.5 45.5 3.21357
260 45.5 3.23626
260.5 45.5 3.25897
261 45.5 3.28611
261.5 45.5 3.30675
262 45.5 3.31599
262.5 45.5 3.3231
263 45.5 3.33596
263.5 45.5 3.35374
264 45.5 3.36736
264.5 45.5 3.36805
265 45.5 3.3592
265.5 45.5 3.34738
266 45.5 3.324
266.5 45.5 3.28898
267 45.5 3.26259
267.5 45.5 3.2606
268 45.5 3.29021
268.5 45.5 3.33597
269 45.5 3.36758
269.5 45.5 3.37991
270 45.5 3.3809
270.5 45.5 3.36938
271 45.5 3.35086
271.5 45.5 3.34029
272 45.5 3.33932
272.5 45.5 3.33496
273 45.5 3.31983
273.5 45.5 3.2965
274 45.5 3.27271
274.5 45.5 3.2609
275 45.5 3.26781
275.5 45.5 3.28851
276 45.5 3.31143
276.5 45.5 3.32748
277 45.5 3.33658
277.5 45.5 3.34477
278 45.5 3.35488
278.5 45.5 3.36373
279 45.5 3.36913
279.5 45.5 3.37521
280 45.5 3.38434
280.5 45.5 3.39254
281 45.5 3.39361
281.5 45.5 3.38571
282 45.5 3.37752
282.5 45.5 3.37784
283 45.5 3.38059
283.5 45.5 3.37749
284 45.5 3.37341
284.5 45.5 3.37544
285 45.5 3.37983
285.5 45.5 3.37788
286 45.5 3.36438
286.5 45.5 3.3381
287 45.5 3.30927
287.5 45.5 3.29487
288 45.5 3.2959
288.5 45.5 3.2988
289 45.5 3.28251
289.5 45.5 3.24758
290 45.5 3.21613
290.5 45.5 3.19153
291 45.5 3.17192
291.5 45.5 3.16612
292 45.5 3.18279
292.5 45.5 3.21554
293 45.5 3.24322
293.5 45.5 3.25232
294 45.5 3.25114
236 46 3.01677
236.5 46 3.06189
237 46 3.08824
237.5 46 3.0984
238 46 3.09532
238.5 46 3.06618
239 46 3.01473
239.5 46 2.96955
240 46 2.94919
240.5 46 2.95673
241 46 2.99333
241.5 46 3.04769
242 46 3.10197
242.5 46 3.16146
243 46 3.22369
243.5 46 3.25586
244 46 3.24642
244.5 46 3.21861
245 46 3.19245
245.5 46 3.1706
246 46 3.15424
246.5 46 3.14694
247 46 3.15097
247.5 46 3.17026
248 46 3.18747
250.5 46 3.22628
251 46 3.22501
251.5 46 3.20611
252 46 3.18689
252.5 46 3.15843
253 46 3.1191
253.5 46 3.08833
254 46 3.0791
254.5 46 3.08402
255 46 3.09279
255.5 46 3.09553
256 46 3.08523
256.5 46 3.06999
257 46 3.06123
257.5 46 3.06602
258 46 3.09252
258.5 46 3.1337
259 46 3.17297
259.5 46 3.20493
260 46 3.22933
260.5 46 3.25065
261 46 3.27507
261.5 46 3.2985
262 46 3.31497
262.5 46 3.32707
263 46 3.34113
263.5 46 3.35653
264 46 3.36434
264.5 46 3.36268
265 46 3.36121
265.5 46 3.36154
266 46 3.35075
266.5 46 3.32315
267 46 3.29658
267.5 46 3.29179
268 46 3.30644
268.5 46 3.32162
269 46 3.33229
269.5 46 3.3459
270 46 3.35565
270.5 46 3.35112
271 46 3.34069
271.5 46 3.3392
272 46 3.34605
272.5 46 3.34901
273 46 3.33194
273.5 46 3.29103
274 46 3.25073
274.5 46 3.23848
275 46 3.2564
275.5 46 3.2916
276 46 3.32747
276.5 46 3.3513
277 46 3.36386
277.5 46 3.37371
278 46 3.38021
278.5 46 3.37838
279 46 3.37799
279.5 46 3.38546
280 46 3.39018
280.5 46 3.38483
281 46 3.37735
281.5 46 3.37273
282 46 3.37126
282.5 46 3.37435
283 46 3.37883
283.5 46 3.38342
284 46 3.38479
284.5 46 3.37999
285 46 3.37429
285.5 46 3.37159
286 46 3.36471
286.5 46 3.34418
287 46 3.31562
287.5 46 3.29388
288 46 3.27697
288.5 46 3.26186
289 46 3.24127
289.5 46 3.20702
290 46 3.1838
290.5 46 3.19026
291 46 3.21636
291.5 46 3.23349
292 46 3.22937
292.5 46 3.2224
293 46 3.22354
293.5 46 3.22954
294 46 3.23777
236 46.5 2.98715
236.5 46.5 3.0288
237 46.5 3.06503
237.5 46.5 3.09007
238 46.5 3.09308
238.5 46.5 3.06633
239 46.5 3.01904
239.5 46.5 2.97759
240 46.5 2.9625
240.5 46.5 2.97949
241 46.5 3.02662
241.5 46.5 3.08577
242 46.5 3.13681
242.5 46.5 3.18382
243 46.5 3.22791
243.5 46.5 3.25013
244 46.5 3.24238
244.5 46.5 3.21791
245 46.5 3.19186
245.5 46.5 3.1683
246 46.5 3.14934
246.5 46.5 3.14012
247 46.5 3.14587
247.5 46.5 3.1769
251 46.5 3.23632
251.5 46.5 3.20266
252 46.5 3.18099
252.5 46.5 3.15636
253 46.5 3.12666
253.5 46.5 3.10358
254 46.5 3.09265
254.5 46.5 3.09003
255 46.5 3.0899
255.5 46.5 3.08176
256 46.5 3.06061
256.5 46.5 3.03775
257 46.5 3.02583
257.5 46.5 3.03198
258 46.5 3.06278
258.5 46.5 3.11074
259 46.5 3.15552
259.5 46.5 3.18769
260 46.5 3.21254
260.5 46.5 3.23848
261 46.5 3.26841
261.5 46.5 3.29856
262 46.5 3.32591
262.5 46.5 3.34751
263 46.5 3.36255
263.5 46.5 3.37275
264 46.5 3.37628
264.5 46.5 3.37563
265 46.5 3.37614
265.5 46.5 3.3758
266 46.5 3.36766
266.5 46.5 3.34795
267 46.5 3.32453
267.5 46.5 3.30957
268 46.5 3.30192
268.5 46.5 3.29326
269 46.5 3.28472
269.5 46.5 3.28441
270 46.5 3.29184
270.5 46.5 3.29714
271 46.5 3.29979
271.5 46.5 3.30807
272 46.5 3.32029
272.5 46.5 3.32489
273 46.5 3.30239
273.5 46.5 3.25572
274 46.5 3.22262
274.5 46.5 3.22579
275 46.5 3.25701
275.5 46.5 3.30214
276 46.5 3.35008
276.5 46.5 3.38528
277 46.5 3.40034
277.5 46.5 3.40443
278 46.5 3.40325
278.5 46.5 3.39455
279 46.5 3.38834
279.5 46.5 3.39043
280 46.5 3.38582
280.5 46.5 3.37141
281 46.5 3.36224
281.5 46.5 3.36178
282 46.5 3.36436
282.5 46.5 3.37041
283 46.5 3.37562
283.5 46.5 3.37606
284 46.5 3.3745
284.5 46.5 3.36848
285 46.5 3.3634
285.5 46.5 3.36914
286 46.5 3.37591
286.5 46.5 3.36617
287 46.5 3.33902
287.5 46.5 3.3055
288 46.5 3.27535
288.5 46.5 3.25525
289 46.5 3.23322
289.5 46.5 3.19734
290 46.5 3.17403
290.5 46.5 3.18404
291 46.5 3.21221
291.5 46.5 3.22799
292 46.5 3.2235
292.5 46.5 3.21959
293 46.5 3.22394
293.5 46.5 3.2322
294 46.5 3.24172
236 47 2.95221
236.5 47 2.9875
237 47 3.0341
237.5 47 3.07443
238 47 3.09241
238.5 47 3.0891
239 47 3.06869
239.5 47 3.0461
240 47 3.04187
240.5 47 3.06654
241 47 3.11372
241.5 47 3.16374
242 47 3.20026
242.5 47 3.22317
243 47 3.23855
243.5 47 3.24221
244 47 3.23074
244.5 47 3.21204
245 47 3.19383
245.5 47 3.17589
246 47 3.15897
246.5 47 3.14538
247 47 3.13928
251.5 47 3.19265
252 47 3.18655
252.5 47 3.16629
253 47 3.138
253.5 47 3.11313
254 47 3.09536
254.5 47 3.08867
255 47 3.08835
255.5 47 3.07411
256 47 3.0423
256.5 47 3.01323
257 47 3.00073
257.5 47 3.00738
258 47 3.03756
258.5 47 3.08643
259 47 3.1335
259.5 47 3.16759
260 47 3.19761
260.5 47 3.23307
261 47 3.27189
261.5 47 3.30772
262 47 3.34193
262.5 47 3.37234
263 47 3.3879
263.5 47 3.38962
264 47 3.38556
264.5 47 3.38343
265 47 3.38396
265.5 47 3.38001
266 47 3.37314
266.5 47 3.36198
267 47 3.34241
267.5 47 3.31718
268 47 3.29081
268.5 47 3.26877
269 47 3.25178
269.5 47 3.24202
270 47 3.24297
270.5 47 3.24891
271 47 3.25734
271.5 47 3.27211
272 47 3.28778
272.5 47 3.29184
273 47 3.27279
273.5 47 3.2389
274 47 3.21892
274.5 47 3.22796
275 47 3.25955
275.5 47 3.30269
276 47 3.34801
276.5 47 3.38321
277 47 3.40161
277.5 47 3.40861
278 47 3.40944
278.5 47 3.40527
279 47 3.40333
279.5 47 3.4066
280 47 3.40189
280.5 47 3.38504
281 47 3.36978
281.5 47 3.3626
282 47 3.36034
282.5 47 3.36509
283 47 3.36998
283.5 47 3.36614
284 47 3.36551
284.5 47 3.36679
285 47 3.36354
285.5 47 3.3703
286 47 3.3858
286.5 47 3.38857
287 47 3.3691
287.5 47 3.34129
288 47 3.31833
288.5 47 3.28814
289 47 3.23651
289.5 47 3.18274
290 47 3.15988
290.5 47 3.17093
291 47 3.19635
291.5 47 3.21525
292 47 3.21996
292.5 47 3.22083
293 47 3.22595
293.5 47 3.23238
294 47 3.2421
236 47.5 2.95294
236.5 47.5 2.98413
237 47.5 3.02419
237.5 47.5 3.05614
238 47.5 3.08091
238.5 47.5 3.10614
239 47.5 3.12585
239.5 47.5 3.14154
240 47.5 3.15654
240.5 47.5 3.17347
241 47.5 3.19795
241.5 47.5 3.22368
242 47.5 3.241
242.5 47.5 3.2488
243 47.5 3.24933
243.5 47.5 3.2417
244 47.5 3.22576
244.5 47.5 3.20666
245 47.5 3.19137
245.5 47.5 3.1778
246 47.5 3.16603
246.5 47.5 3.16089
247 47.5 3.16386
251.5 47.5 3.20032
252 47.5 3.19026
252.5 47.5 3.16971
253 47.5 3.13971
253.5 47.5 3.11229
254 47.5 3.09353
254.5 47.5 3.08492
255 47.5 3.08045
255.5 47.5 3.06338
256 47.5 3.03171
256.5 47.5 3.00608
257 47.5 2.99787
257.5 47.5 3.00663
258 47.5 3.03713
258.5 47.5 3.08614
259 47.5 3.13681
259.5 47.5 3.17582
260 47.5 3.20727
260.5 47.5 3.24112
261 47.5 3.27467
261.5 47.5 3.30244
262 47.5 3.33235
262.5 47.5 3.36501
263 47.5 3.3849
263.5 47.5 3.38755
264 47.5 3.38205
264.5 47.5 3.37874
265 47.5 3.38063
265.5 47.5 3.38255
266 47.5 3.3821
266.5 47.5 3.37628
267 47.5 3.36312
267.5 47.5 3.34128
268 47.5 3.30946
268.5 47.5 3.27723
269 47.5 3.2493
269.5 47.5 3.22721
270 47.5 3.21577
270.5 47.5 3.21299
271 47.5 3.21773
271.5 47.5 3.2302
272 47.5 3.24383
272.5 47.5 3.24901
273 47.5 3.24019
273.5 47.5 3.22434
274 47.5 3.21806
274.5 47.5 3.23149
275 47.5 3.26221
275.5 47.5 3.3023
276 47.5 3.34375
276.5 47.5 3.3778
277 47.5 3.39966
277.5 47.5 3.41131
278 47.5 3.41589
278.5 47.5 3.41622
279 47.5 3.41679
279.5 47.5 3.41851
280 47.5 3.41358
280.5 47.5 3.39935
281 47.5 3.38381
281.5 47.5 3.37303
282 47.5 3.36744
282.5 47.5 3.36763
283 47.5 3.36887
283.5 47.5 3.36565
284 47.5 3.36517
284.5 47.5 3.36796
285 47.5 3.36929
285.5 47.5 3.37695
286 47.5 3.39088
286.5 47.5 3.39692
287 47.5 3.38633
287.5 47.5 3.36648
288 47.5 3.34411
288.5 47.5 3.3088
289 47.5 3.25394
289.5 47.5 3.19994
290 47.5 3.17231
290.5 47.5 3.17247
291 47.5 3.18679
291.5 47.5 3.20194
292 47.5 3.21139
292.5 47.5 3.21798
293 47.5 3.22593
293.5 47.5 3.23394
294 47.5 3.24264
236 48 2.99679
236.5 48 3.03328
237 48 3.05662
237.5 48 3.06614
238 48 3.08499
238.5 48 3.12258
239 48 3.16595
239.5 48 3.2054
240 48 3.22936
240.5 48 3.23256
241 48 3.23332
241.5 48 3.24188
242 48 3.24851
242.5 48 3.25063
243 48 3.24906
243.5 48 3.23866
244 48 3.22137
244.5 48 3.20711
245 48 3.19724
245.5 48 3.18415
246 48 3.17537
246.5 48 3.18277
247 48 3.21138
247.5 48 3.27155
251 48 3.25242
251.5 48 3.21731
252 48 3.20019
252.5 48 3.18085
253 48 3.1546
253.5 48 3.12958
254 48 3.11167
254.5 48 3.09999
255 48 3.08659
255.5 48 3.06193
256 48 3.02978
256.5 48 3.00768
257 48 3.00454
257.5 48 3.02125
258 48 3.05861
258.5 48 3.10915
259 48 3.16101
259.5 48 3.20328
260 48 3.23402
260.5 48 3.25889
261 48 3.28027
261.5 48 3.30142
262 48 3.32797
262.5 48 3.35653
263 48 3.37726
263.5 48 3.38533
264 48 3.38157
264.5 48 3.37397
265 48 3.37015
265.5 48 3.37204
266 48 3.37658
266.5 48 3.37491
267 48 3.36403
267.5 48 3.34418
268 48 3.314
268.5 48 3.28007
269 48 3.24819
269.5 48 3.22115
270 48 3.20308
270.5 48 3.19459
271 48 3.19504
271.5 48 3.20294
272 48 3.21302
272.5 48 3.21935
273 48 3.21905
273.5 48 3.21657
274 48 3.22106
274.5 48 3.2383
275 48 3.26752
275.5 48 3.3038
276 48 3.34098
276.5 48 3.37304
277 48 3.39635
277.5 48 3.41108
278 48 3.41926
278.5 48 3.42295
279 48 3.42469
279.5 48 3.42461
280 48 3.41929
280.5 48 3.40763
281 48 3.39387
281.5 48 3.38254
282 48 3.37494
282.5 48 3.37116
283 48 3.36933
283.5 48 3.36694
284 48 3.36679
284.5 48 3.3698
285 48 3.37375
285.5 48 3.38134
286 48 3.39137
286.5 48 3.39586
287 48 3.38902
287.5 48 3.37271
288 48 3.34928
288.5 48 3.31423
289 48 3.26696
289.5 48 3.22117
290 48 3.19269
290.5 48 3.1842
291 48 3.1889
291.5 48 3.19818
292 48 3.20668
292.5 48 3.21444
293 48 3.22207
293.5 48 3.23175
294 48 3.24141
236 48.5 3.03409
236.5 48.5 3.06866
237 48.5 3.08718
237.5 48.5 3.09404
238 48.5 3.11025
238.5 48.5 3.14618
239 48.5 3.19144
239.5 48.5 3.23396
240 48.5 3.26193
240.5 48.5 3.26352
241 48.5 3.25378
241.5 48.5 3.251
242 48.5 3.24639
242.5 48.5 3.2423
243 48.5 3.24316
243.5 48.5 3.23488
244 48.5 3.22047
244.5 48.5 3.21397
245 48.5 3.2096
245.5 48.5 3.19488
246 48.5 3.17986
246.5 48.5 3.18557
247 48.5 3.22218
247.5 48.5 3.28152
248 48.5 3.32063
248.5 48.5 3.30348
249 48.5 3.25126
249.5 48.5 3.2237
250 48.5 3.23549
250.5 48.5 3.24185
251 48.5 3.22195
251.5 48.5 3.202
252 48.5 3.19397
252.5 48.5 3.18394
253 48.5 3.16568
253.5 48.5 3.14656
254 48.5 3.13176
254.5 48.5 3.11853
255 48.5 3.09899
255.5 48.5 3.06925
256 48.5 3.03872
256.5 48.5 3.02168
257 48.5 3.02434
257.5 48.5 3.04914
258 48.5 3.09057
258.5 48.5 3.13943
259 48.5 3.18935
259.5 48.5 3.22971
260 48.5 3.257
260.5 48.5 3.27571
261 48.5 3.28961
261.5 48.5 3.3054
262 48.5 3.32555
262.5 48.5 3.34529
263 48.5 3.36322
263.5 48.5 3.3757
264 48.5 3.37537
264.5 48.5 3.36711
265 48.5 3.36201
265.5 48.5 3.36342
266 48.5 3.36738
266.5 48.5 3.36625
267 48.5 3.35621
267.5 48.5 3.33727
268 48.5 3.30971
268.5 48.5 3.27742
269 48.5 3.24539
269.5 48.5 3.21741
270 48.5 3.19651
270.5 48.5 3.18425
271 48.5 3.18087
271.5 48.5 3.18472
272 48.5 3.19211
272.5 48.5 3.19942
273 48.5 3.20523
273.5 48.5 3.21169
274 48.5 3.22355
274.5 48.5 3.24397
275 48.5 3.27228
275.5 48.5 3.30551
276 48.5 3.33941
276.5 48.5 3.3692
277 48.5 3.39272
277.5 48.5 3.40955
278 48.5 3.42009
278.5 48.5 3.42574
279 48.5 3.42807
279.5 48.5 3.42726
280 48.5 3.42189
280.5 48.5 3.41215
281 48.5 3.40024
281.5 48.5 3.38914
282 48.5 3.38051
282.5 48.5 3.37457
283 48.5 3.37076
283.5 48.5 3.36836
284 48.5 3.36816
284.5 48.5 3.37064
285 48.5 3.37548
285.5 48.5 3.38254
286 48.5 3.38995
286.5 48.5 3.39288
287 48.5 3.38752
287.5 48.5 3.3732
288 48.5 3.3498
288.5 48.5 3.31661
289 48.5 3.2762
289.5 48.5 3.23725
290 48.5 3.20923
290.5 48.5 3.1954
291 48.5 3.19297
291.5 48.5 3.19695
292 48.5 3.20358
292.5 48.5 3.21138
293 48.5 3.22049
293.5 48.5 3.22989
294 48.5 3.23999
236 49 3.06031
236.5 49 3.09025
237 49 3.10884
237.5 49 3.12027
238 49 3.13733
238.5 49 3.17026
239 49 3.21854
239.5 49 3.26694
240 49 3.29384
240.5 49 3.29275
241 49 3.27862
241.5 49 3.26613
242 49 3.2541
242.5 49 3.24532
243 49 3.24245
243.5 49 3.23597
244 49 3.22643
244.5 49 3.22092
245 49 3.21376
245.5 49 3.19825
246 49 3.18364
246.5 49 3.1879
247 49 3.21767
247.5 49 3.25738
248 49 3.27544
248.5 49 3.26054
249 49 3.2308
249.5 49 3.20874
250 49 3.19509
250.5 49 3.1927
251 49 3.18641
251.5 49 3.18024
252 49 3.1786
252.5 49 3.17588
253 49 3.167
253.5 49 3.15476
254 49 3.14251
254.5 49 3.12836
255 49 3.10789
255.5 49 3.08115
256 49 3.0568
256.5 49 3.04559
257 49 3.05282
257.5 49 3.07969
258 49 3.1201
258.5 49 3.16588
259 49 3.21124
259.5 49 3.24809
260 49 3.27314
260.5 49 3.28928
261 49 3.30054
261.5 49 3.31191
262 49 3.32549
262.5 49 3.33909
263 49 3.35235
263.5 49 3.36295
264 49 3.36468
264.5 49 3.35956
265 49 3.35573
265.5 49 3.35585
266 49 3.35699
266.5 49 3.35394
267 49 3.34375
267.5 49 3.32566
268 49 3.30008
268.5 49 3.27016
269 49 3.23969
269.5 49 3.21222
270 49 3.19055
270.5 49 3.17653
271 49 3.17052
271.5 49 3.17137
272 49 3.17718
272.5 49 3.18561
273 49 3.19568
273.5 49 3.20802
274 49 3.2248
274.5 49 3.24773
275 49 3.27582
275.5 49 3.30686
276 49 3.33819
276.5 49 3.36643
277 49 3.38963
277.5 49 3.40723
278 49 3.41919
278.5 49 3.42647
279 49 3.42936
279.5 49 3.42839
280 49 3.42389
280.5 49 3.41569
281 49 3.40555
281.5 49 3.39585
282 49 3.38763
282.5 49 3.38136
283 49 3.37714
283.5 49 3.37472
284 49 3.37439
284.5 49 3.37608
285 49 3.37948
285.5 49 3.38392
286 49 3.38752
286.5 49 3.38729
287 49 3.38033
287.5 49 3.36594
288 49 3.34392
288.5 49 3.3142
289 49 3.28016
289.5 49 3.24752
290 49 3.22184
290.5 49 3.2063
291 49 3.19978
291.5 49 3.19989
292 49 3.20412
292.5 49 3.21092
293 49 3.21939
293.5 49 3.22856
294 49 3.23872
