236 26 883.304
236.5 26 872.605
237 26 862.225
237.5 26 852.267
238 26 842.789
238.5 26 833.853
239 26 825.524
239.5 26 817.859
240 26 810.909
240.5 26 804.715
241 26 799.308
241.5 26 794.702
242 26 790.892
242.5 26 787.828
243 26 785.261
243.5 26 781.468
244 26 777.957
244.5 26 774.929
245 26 772.362
245.5 26 770.25
246 26 768.652
246.5 26 767.552
247 26 766.326
247.5 26 764.832
248 26 763.547
248.5 26 762.749
249 26 762.501
249.5 26 762.793
250 26 763.593
250.5 26 764.826
251 26 766.242
251.5 26 767.746
252 26 769.478
252.5 26 771.402
253 26 773.722
253.5 26 776.459
254 26 779.459
254.5 26 782.483
255 26 783.337
255.5 26 784.681
256 26 786.726
256.5 26 789.473
257 26 792.887
257.5 26 796.916
258 26 801.547
258.5 26 806.101
259 26 809.622
259.5 26 813.793
260 26 818.425
260.5 26 823.405
261 26 828.545
261.5 26 833.919
262 26 839.656
262.5 26 845.256
263 26 851.366
263.5 26 858.672
264 26 866.865
264.5 26 875.84
265 26 885.742
265.5 26 896.549
266 26 908.143
266.5 26 920.383
267 26 933.094
267.5 26 945.923
268 26 958.492
268.5 26 971.095
269 26 983.904
269.5 26 993.789
270 26 1002.68
270.5 26 1011.55
271 26 1019.96
271.5 26 1027.54
272 26 1034.1
272.5 26 1040.58
273 26 1046.91
273.5 26 1051.84
274 26 1055.6
274.5 26 1059.7
275 26 1064.14
275.5 26 1068.79
276 26 1073.58
276.5 26 1078.53
277 26 1083.59
277.5 26 1088.77
278 26 1094.21
278.5 26 1099.97
279 26 1105.87
279.5 26 1111.98
280 26 1118.71
280.5 26 1126.15
281 26 1134.15
281.5 26 1142.54
282 26 1151.24
282.5 26 1160.27
283 26 1169.66
283.5 26 1179.41
284 26 1189.49
284.5 26 1199.85
285 26 1210.45
285.5 26 1221.2
286 26 1232.04
286.5 26 1242.97
287 26 1253.98
287.5 26 1265.1
288 26 1276.33
288.5 26 1287.64
289 26 1299.03
289.5 26 1310.48
290 26 1321.92
290.5 26 1333.23
291 26 1344.54
291.5 26 1355.97
292 26 1367.55
292.5 26 1379.12
293 26 1390.58
293.5 26 1402.1
294 26 1413.73
236 26.5 865.125
236.5 26.5 854.784
237 26.5 844.394
237.5 26.5 834.372
238 26.5 824.799
238.5 26.5 815.743
239 26.5 807.272
239.5 26.5 799.456
240 26.5 792.358
240.5 26.5 786.028
241 26.5 780.506
241.5 26.5 775.814
242 26.5 771.953
242.5 26.5 768.885
243 26.5 766.497
243.5 26.5 762.978
244 26.5 759.467
244.5 26.5 756.429
245 26.5 753.867
245.5 26.5 751.756
246 26.5 750.16
246.5 26.5 749.082
247 26.5 747.911
247.5 26.5 746.481
248 26.5 745.184
248.5 26.5 744.378
249 26.5 744.135
249.5 26.5 744.45
250 26.5 745.287
250.5 26.5 746.559
251 26.5 747.987
251.5 26.5 749.524
252 26.5 751.285
252.5 26.5 753.26
253 26.5 755.658
253.5 26.5 758.471
254 26.5 761.485
254.5 26.5 764.376
255 26.5 765.086
255.5 26.5 766.495
256 26.5 768.641
256.5 26.5 771.524
257 26.5 775.095
257.5 26.5 779.306
258 26.5 784.142
258.5 26.5 788.151
259 26.5 791.943
259.5 26.5 796.31
260 26.5 801.139
260.5 26.5 806.276
261 26.5 811.566
261.5 26.5 817.196
262 26.5 823.009
262.5 26.5 828.613
263 26.5 835.26
263.5 26.5 842.998
264 26.5 851.518
264.5 26.5 860.994
265 26.5 871.462
265.5 26.5 882.791
266 26.5 894.799
266.5 26.5 907.262
267 26.5 919.767
267.5 26.5 932.044
268 26.5 944.416
268.5 26.5 956.985
269 26.5 967.407
269.5 26.5 976.112
270 26.5 984.935
270.5 26.5 993.557
271 26.5 1001.52
271.5 26.5 1008.62
272 26.5 1015.11
272.5 26.5 1021.69
273 26.5 1027.77
273.5 26.5 1032.26
274 26.5 1036.24
274.5 26.5 1040.64
275 26.5 1045.37
275.5 26.5 1050.3
276 26.5 1055.4
276.5 26.5 1060.64
277 26.5 1065.98
277.5 26.5 1071.46
278 26.5 1077.26
278.5 26.5 1083.37
279 26.5 1089.57
279.5 26.5 1096.11
280 26.5 1103.35
280.5 26.5 1111.22
281 26.5 1119.54
281.5 26.5 1128.18
282 26.5 1137.14
282.5 26.5 1146.48
283 26.5 1156.2
283.5 26.5 1166.28
284 26.5 1176.67
284.5 26.5 1187.3
285 26.5 1198.09
285.5 26.5 1208.97
286 26.5 1219.93
286.5 26.5 1230.99
287 26.5 1242.14
287.5 26.5 1253.4
288 26.5 1264.74
288.5 26.5 1276.15
289 26.5 1287.61
289.5 26.5 1299.02
290 26.5 1310.3
290.5 26.5 1321.61
291 26.5 1333.07
291.5 26.5 1344.65
292 26.5 1356.17
292.5 26.5 1367.61
293 26.5 1379.13
293.5 26.5 1390.78
294 26.5 1402.55
236 27 846.664
236.5 27 837.047
237 27 826.823
237.5 27 816.758
238 27 807.1
238.5 27 797.927
239 27 789.313
239.5 27 781.338
240 27 774.075
240.5 27 767.59
241 27 761.931
241.5 27 757.133
242 27 753.202
242.5 27 750.107
243 27 747.741
243.5 27 744.64
244 27 741.128
244.5 27 738.067
245 27 735.495
245.5 27 733.376
246 27 731.772
246.5 27 730.703
247 27 729.581
247.5 27 728.213
248 27 726.9
248.5 27 726.078
249 27 725.838
249.5 27 726.174
250 27 727.05
250.5 27 728.359
251 27 729.799
251.5 27 731.375
252 27 733.166
252.5 27 735.203
253 27 737.686
253.5 27 740.572
254 27 743.592
254.5 27 746.179
255 27 746.915
255.5 27 748.393
256 27 750.65
256.5 27 753.675
257 27 757.407
257.5 27 761.808
258 27 766.773
258.5 27 770.309
259 27 774.281
259.5 27 778.818
260 27 783.806
260.5 27 789.045
261 27 794.521
261.5 27 800.412
262 27 806.135
262.5 27 812.048
263 27 819.236
263.5 27 827.286
264 27 836.27
264.5 27 846.35
265 27 857.393
265.5 27 869.17
266 27 881.394
266.5 27 893.609
267 27 905.636
267.5 27 917.8
268 27 930.167
268.5 27 941.212
269 27 949.672
269.5 27 958.387
270 27 967.104
270.5 27 975.358
271 27 982.966
271.5 27 989.686
272 27 996.304
272.5 27 1002.91
273 27 1008.63
273.5 27 1012.86
274 27 1017.11
274.5 27 1021.81
275 27 1026.84
275.5 27 1032.06
276 27 1037.47
276.5 27 1042.99
277 27 1048.59
277.5 27 1054.38
278 27 1060.49
278.5 27 1066.85
279 27 1073.4
279.5 27 1080.5
280 27 1088.27
280.5 27 1096.53
281 27 1105.14
281.5 27 1114.05
282 27 1123.33
282.5 27 1133.03
283 27 1143.1
283.5 27 1153.51
284 27 1164.17
284.5 27 1174.98
285 27 1185.9
285.5 27 1196.89
286 27 1207.99
286.5 27 1219.18
287 27 1230.47
287.5 27 1241.84
288 27 1253.27
288.5 27 1264.73
289 27 1276.11
289.5 27 1287.37
290 27 1298.7
290.5 27 1310.17
291 27 1321.75
291.5 27 1333.21
292 27 1344.64
292.5 27 1356.17
293 27 1367.83
293.5 27 1379.62
294 27 1391.54
236 27.5 828.334
236.5 27.5 819.018
237 27.5 809.428
237.5 27.5 799.415
238 27.5 789.688
238.5 27.5 780.409
239 27.5 771.657
239.5 27.5 763.517
240 27.5 756.078
240.5 27.5 749.418
241 27.5 743.601
241.5 27.5 738.672
242 27.5 734.648
242.5 27.5 731.508
243 27.5 729.133
243.5 27.5 726.448
244 27.5 722.946
244.5 27.5 719.849
245 27.5 717.252
245.5 27.5 715.115
246 27.5 713.491
246.5 27.5 712.421
247 27.5 711.347
247.5 27.5 710.037
248 27.5 708.704
248.5 27.5 707.861
249 27.5 707.619
249.5 27.5 707.977
250 27.5 708.893
250.5 27.5 710.238
251 27.5 711.693
251.5 27.5 713.312
252 27.5 715.136
252.5 27.5 717.246
253 27.5 719.819
253.5 27.5 722.77
254 27.5 725.797
254.5 27.5 728.056
255 27.5 728.83
255.5 27.5 730.386
256 27.5 732.763
256.5 27.5 735.94
257 27.5 739.84
257.5 27.5 744.438
258 27.5 749.163
258.5 27.5 752.532
259 27.5 756.648
259.5 27.5 761.319
260 27.5 766.404
260.5 27.5 771.702
261 27.5 777.4
261.5 27.5 783.473
262 27.5 789.167
262.5 27.5 795.622
263 27.5 803.191
263.5 27.5 811.62
264 27.5 821.222
264.5 27.5 831.925
265 27.5 843.45
265.5 27.5 855.435
266 27.5 867.392
266.5 27.5 879.203
267 27.5 891.184
267.5 27.5 903.387
268 27.5 915.083
268.5 27.5 923.327
269 27.5 931.896
269.5 27.5 940.612
270 27.5 949.103
270.5 27.5 957.039
271 27.5 964.263
271.5 27.5 970.914
272 27.5 977.701
272.5 27.5 984.168
273 27.5 989.484
273.5 27.5 993.683
274 27.5 998.218
274.5 27.5 1003.22
275 27.5 1008.54
275.5 27.5 1014.08
276 27.5 1019.81
276.5 27.5 1025.62
277 27.5 1031.52
277.5 27.5 1037.63
278 27.5 1044
278.5 27.5 1050.57
279 27.5 1057.57
279.5 27.5 1065.26
280 27.5 1073.5
280.5 27.5 1082.09
281 27.5 1090.98
281.5 27.5 1100.22
282 27.5 1109.89
282.5 27.5 1119.96
283 27.5 1130.39
283.5 27.5 1141.07
284 27.5 1151.91
284.5 27.5 1162.85
285 27.5 1173.87
285.5 27.5 1185
286 27.5 1196.23
286.5 27.5 1207.56
287 27.5 1218.95
287.5 27.5 1230.4
288 27.5 1241.86
288.5 27.5 1253.19
289 27.5 1264.44
289.5 27.5 1275.79
290 27.5 1287.29
290.5 27.5 1298.84
291 27.5 1310.25
291.5 27.5 1321.68
292 27.5 1333.22
292.5 27.5 1344.9
293 27.5 1356.71
293.5 27.5 1368.65
294 27.5 1380.71
236 28 810.233
236.5 28 800.942
237 28 791.873
237.5 28 782.295
238 28 772.557
238.5 28 763.187
239 28 754.308
239.5 28 746.009
240 28 738.386
240.5 28 731.534
241 28 725.536
241.5 28 720.45
242 28 716.308
242.5 28 713.098
243 28 710.71
243.5 28 708.389
244 28 704.928
244.5 28 701.782
245 28 699.143
245.5 28 696.977
246 28 695.324
246.5 28 694.244
247 28 693.216
247.5 28 691.96
248 28 690.605
248.5 28 689.737
249 28 689.49
249.5 28 689.869
250 28 690.828
250.5 28 692.21
251 28 693.683
251.5 28 695.349
252 28 697.211
252.5 28 699.404
253 28 702.072
253.5 28 705.069
254 28 708.112
254.5 28 710.029
255 28 710.84
255.5 28 712.48
256 28 714.991
256.5 28 718.331
257 28 722.412
257.5 28 727.2
258 28 731.286
258.5 28 734.82
259 28 739.062
259.5 28 743.83
260 28 748.926
260.5 28 754.261
261 28 760.155
261.5 28 766.252
262 28 772.279
262.5 28 779.247
263 28 787.126
263.5 28 796.144
264 28 806.402
264.5 28 817.614
265 28 829.342
265.5 28 841.063
266 28 852.684
266.5 28 864.506
267 28 876.574
267.5 28 888.686
268 28 897.037
268.5 28 905.439
269 28 914.088
269.5 28 922.724
270 28 930.927
270.5 28 938.619
271 28 945.533
271.5 28 952.357
272 28 959.245
272.5 28 965.446
273 28 970.373
273.5 28 974.729
274 28 979.562
274.5 28 984.864
275 28 990.478
275.5 28 996.362
276 28 1002.43
276.5 28 1008.56
277 28 1014.81
277.5 28 1021.29
278 28 1027.9
278.5 28 1034.73
279 28 1042.23
279.5 28 1050.43
280 28 1059.04
280.5 28 1067.92
281 28 1077.15
281.5 28 1086.8
282 28 1096.87
282.5 28 1107.31
283 28 1118.02
283.5 28 1128.88
284 28 1139.83
284.5 28 1150.89
285 28 1162.04
285.5 28 1173.31
286 28 1184.66
286.5 28 1196.07
287 28 1207.53
287.5 28 1218.98
288 28 1230.27
288.5 28 1241.53
289 28 1252.9
289.5 28 1264.43
290 28 1275.93
290.5 28 1287.3
291 28 1298.73
291.5 28 1310.29
292 28 1321.98
292.5 28 1333.82
293 28 1345.78
293.5 28 1357.85
294 28 1370
236 28.5 792.378
236.5 28.5 783.066
237 28.5 774.096
237.5 28.5 765.176
238 28.5 755.678
238.5 28.5 746.258
239 28.5 737.27
239.5 28.5 728.824
240 28.5 721.019
240.5 28.5 713.964
241 28.5 707.761
241.5 28.5 702.49
242 28.5 698.201
242.5 28.5 694.892
243 28.5 692.472
243.5 28.5 690.427
244 28.5 687.078
244.5 28.5 683.871
245 28.5 681.17
245.5 28.5 678.964
246 28.5 677.273
246.5 28.5 676.175
247 28.5 675.194
247.5 28.5 673.989
248 28.5 672.613
248.5 28.5 671.715
249 28.5 671.46
249.5 28.5 671.86
250 28.5 672.864
250.5 28.5 674.28
251 28.5 675.777
251.5 28.5 677.495
252 28.5 679.402
252.5 28.5 681.689
253 28.5 684.453
253.5 28.5 687.473
254 28.5 690.534
254.5 28.5 692.1
255 28.5 692.947
255.5 28.5 694.678
256 28.5 697.338
256.5 28.5 700.854
257 28.5 705.139
257.5 28.5 710.037
258 28.5 713.512
258.5 28.5 717.202
259 28.5 721.557
259.5 28.5 726.382
260 28.5 731.416
260.5 28.5 736.766
261 28.5 742.709
261.5 28.5 748.779
262 28.5 755.373
262.5 28.5 762.802
263 28.5 771.241
263.5 28.5 780.917
264 28.5 791.682
264.5 28.5 803.095
265 28.5 814.581
265.5 28.5 826.025
266 28.5 837.711
266.5 28.5 849.671
267 28.5 861.834
267.5 28.5 870.759
268 28.5 878.993
268.5 28.5 887.523
269 28.5 896.208
269.5 28.5 904.648
270 28.5 912.652
270.5 28.5 920.046
271 28.5 926.942
271.5 28.5 934.012
272 28.5 940.845
272.5 28.5 946.767
273 28.5 951.423
273.5 28.5 956.012
274 28.5 961.14
274.5 28.5 966.717
275 28.5 972.651
275.5 28.5 978.903
276 28.5 985.33
276.5 28.5 991.837
277 28.5 998.508
277.5 28.5 1005.33
278 28.5 1012.18
278.5 28.5 1019.43
279 28.5 1027.43
279.5 28.5 1036.02
280 28.5 1044.91
280.5 28.5 1054.12
281 28.5 1063.76
281.5 28.5 1073.85
282 28.5 1084.31
282.5 28.5 1095.03
283 28.5 1105.91
283.5 28.5 1116.87
284 28.5 1127.94
284.5 28.5 1139.12
285 28.5 1150.41
285.5 28.5 1161.78
286 28.5 1173.22
286.5 28.5 1184.69
287 28.5 1196.09
287.5 28.5 1207.36
288 28.5 1218.63
288.5 28.5 1230.04
289 28.5 1241.57
289.5 28.5 1253.01
290 28.5 1264.36
290.5 28.5 1275.81
291 28.5 1287.38
291.5 28.5 1299.1
292 28.5 1310.95
292.5 28.5 1322.93
293 28.5 1335.02
293.5 28.5 1347.15
294 28.5 1359.28
236 29 774.772
236.5 29 765.425
237 29 756.441
237.5 29 747.775
238 29 738.919
238.5 29 729.604
239 29 720.541
239.5 29 711.969
240 29 703.994
240.5 29 696.732
241 29 690.305
241.5 29 684.819
242 29 680.347
242.5 29 676.907
243 29 674.422
243.5 29 672.517
244 29 669.395
244.5 29 666.122
245 29 663.336
245.5 29 661.075
246 29 659.336
246.5 29 658.216
247 29 657.283
247.5 29 656.125
248 29 654.732
248.5 29 653.8
249 29 653.532
249.5 29 653.951
250 29 655.003
250.5 29 656.451
251 29 657.98
251.5 29 659.751
252 29 661.714
252.5 29 664.105
253 29 666.962
253.5 29 669.983
254 29 673.047
254.5 29 674.264
255 29 675.145
255.5 29 676.975
256 29 679.797
256.5 29 683.508
257 29 688.026
257.5 29 692.722
258 29 695.858
258.5 29 699.702
259 29 704.185
259.5 29 709.034
260 29 713.994
260.5 29 719.351
261 29 725.127
261.5 29 731.223
262 29 738.265
262.5 29 746.373
263 29 755.584
263.5 29 765.739
264 29 776.698
264.5 29 787.924
265 29 799.195
265.5 29 810.76
266 29 822.636
266.5 29 834.717
267 29 844.438
267.5 29 852.545
268 29 860.918
268.5 29 869.564
269 29 878.168
269.5 29 886.408
270 29 894.249
270.5 29 901.418
271 29 908.554
271.5 29 915.803
272 29 922.462
272.5 29 928.092
273 29 932.693
273.5 29 937.539
274 29 942.928
274.5 29 948.761
275 29 955.037
275.5 29 961.677
276 29 968.499
276.5 29 975.468
277 29 982.585
277.5 29 989.667
278 29 996.904
278.5 29 1004.75
279 29 1013.19
279.5 29 1022.03
280 29 1031.2
280.5 29 1040.81
281 29 1050.9
281.5 29 1061.39
282 29 1072.13
282.5 29 1083.01
283 29 1093.98
283.5 29 1105.06
284 29 1116.26
284.5 29 1127.57
285 29 1138.95
285.5 29 1150.4
286 29 1161.86
286.5 29 1173.22
287 29 1184.46
287.5 29 1195.75
288 29 1207.2
288.5 29 1218.72
289 29 1230.09
289.5 29 1241.44
290 29 1252.9
290.5 29 1264.5
291 29 1276.24
291.5 29 1288.12
292 29 1300.12
292.5 29 1312.2
293 29 1324.31
293.5 29 1336.41
294 29 1348.54
236 29.5 757.396
236.5 29.5 748.033
237 29.5 739.005
237.5 29.5 730.359
238 29.5 721.955
238.5 29.5 713.148
239 29.5 704.109
239.5 29.5 695.44
240 29.5 687.319
240.5 29.5 679.86
241 29.5 673.197
241.5 29.5 667.466
242 29.5 662.77
242.5 29.5 659.158
243 29.5 656.572
243.5 29.5 654.685
244 29.5 651.87
244.5 29.5 648.532
245 29.5 645.637
245.5 29.5 643.303
246 29.5 641.509
246.5 29.5 640.36
247 29.5 639.477
247.5 29.5 638.365
248 29.5 636.964
248.5 29.5 635.992
249 29.5 635.703
249.5 29.5 636.138
250 29.5 637.235
250.5 29.5 638.712
251 29.5 640.281
251.5 29.5 642.108
252 29.5 644.142
252.5 29.5 646.646
253 29.5 649.585
253.5 29.5 652.599
254 29.5 655.621
254.5 29.5 656.513
255 29.5 657.424
255.5 29.5 659.357
256 29.5 662.349
256.5 29.5 666.276
257 29.5 671.029
257.5 29.5 675.147
258 29.5 678.307
258.5 29.5 682.342
259 29.5 687.006
259.5 29.5 691.882
260 29.5 696.839
260.5 29.5 702.211
261 29.5 707.803
261.5 29.5 714.09
262 29.5 721.538
262.5 29.5 730.2
263 29.5 739.824
263.5 29.5 750.2
264 29.5 761.103
264.5 29.5 772.219
265 29.5 783.671
265.5 29.5 795.469
266 29.5 807.477
266.5 29.5 817.997
267 29.5 826.081
267.5 29.5 834.289
268 29.5 842.825
268.5 29.5 851.49
269 29.5 859.912
269.5 29.5 868.045
270 29.5 875.664
270.5 29.5 882.889
271 29.5 890.342
271.5 29.5 897.599
272 29.5 904.103
272.5 29.5 909.46
273 29.5 914.201
273.5 29.5 919.301
274 29.5 924.896
274.5 29.5 930.977
275 29.5 937.609
275.5 29.5 944.652
276 29.5 951.944
276.5 29.5 959.469
277 29.5 966.974
277.5 29.5 974.325
278 29.5 982.13
278.5 29.5 990.545
279 29.5 999.326
279.5 29.5 1008.43
280 29.5 1017.99
280.5 29.5 1028.07
281 29.5 1038.57
281.5 29.5 1049.32
282 29.5 1060.19
282.5 29.5 1071.17
283 29.5 1082.26
283.5 29.5 1093.47
284 29.5 1104.79
284.5 29.5 1116.18
285 29.5 1127.62
285.5 29.5 1139.06
286 29.5 1150.36
286.5 29.5 1161.59
287 29.5 1172.91
287.5 29.5 1184.39
288 29.5 1195.86
288.5 29.5 1207.19
289 29.5 1218.55
289.5 29.5 1230.03
290 29.5 1241.66
290.5 29.5 1253.43
291 29.5 1265.34
291.5 29.5 1277.35
292 29.5 1289.41
292.5 29.5 1301.48
293 29.5 1313.56
293.5 29.5 1325.67
294 29.5 1337.82
236 30 740.136
236.5 30 730.885
237 30 721.814
237.5 30 713.125
238 30 704.83
238.5 30 696.622
239 30 687.922
239.5 30 679.227
240 30 670.991
240.5 30 663.357
241 30 656.459
241.5 30 650.457
242 30 645.495
242.5 30 641.66
243 30 638.926
243.5 30 636.993
244 30 634.48
244.5 30 631.094
245 30 628.063
245.5 30 625.635
246 30 623.777
246.5 30 622.597
247 30 621.766
247.5 30 620.698
248 30 619.304
248.5 30 618.284
249 30 617.96
249.5 30 618.401
250 30 619.538
250.5 30 621.038
251 30 622.658
251.5 30 624.543
252 30 626.667
252.5 30 629.291
253 30 632.286
253.5 30 635.3
254 30 638.222
254.5 30 638.83
255 30 639.774
255.5 30 641.807
256 30 644.96
256.5 30 649.116
257 30 653.979
257.5 30 657.509
258 30 660.834
258.5 30 665.149
259 30 670.075
259.5 30 675.068
260 30 680.175
260.5 30 685.562
261 30 691.197
261.5 30 697.809
262 30 705.559
262.5 30 714.285
263 30 723.914
263.5 30 734.385
264 30 745.346
264.5 30 756.629
265 30 768.287
265.5 30 780.191
266 30 791.337
266.5 30 799.58
267 30 807.654
267.5 30 816.041
268 30 824.666
268.5 30 833.205
269 30 841.477
269.5 30 849.489
270 30 856.988
270.5 30 864.521
271 30 872.179
271.5 30 879.317
272 30 885.688
272.5 30 890.955
273 30 895.947
273.5 30 901.263
274 30 907.021
274.5 30 913.36
275 30 920.352
275.5 30 927.822
276 30 935.683
276.5 30 943.777
277 30 951.59
277.5 30 959.386
278 30 967.761
278.5 30 976.593
279 30 985.73
279.5 30 995.28
280 30 1005.36
280.5 30 1015.86
281 30 1026.6
281.5 30 1037.47
282 30 1048.44
282.5 30 1059.54
283 30 1070.76
283.5 30 1082.08
284 30 1093.47
284.5 30 1104.9
285 30 1116.29
285.5 30 1127.53
286 30 1138.76
286.5 30 1150.11
287 30 1161.61
287.5 30 1173.02
288 30 1184.31
288.5 30 1195.69
289 30 1207.2
289.5 30 1218.86
290 30 1230.66
290.5 30 1242.6
291 30 1254.61
291.5 30 1266.65
292 30 1278.68
292.5 30 1290.74
293 30 1302.83
293.5 30 1314.95
294 30 1327.1
236 30.5 722.17
236.5 30.5 713.927
237 30.5 704.875
237.5 30.5 696.127
238 30.5 687.809
238.5 30.5 679.859
239 30.5 671.788
239.5 30.5 663.287
240 30.5 654.989
240.5 30.5 647.215
241 30.5 640.101
241.5 30.5 633.815
242 30.5 628.543
242.5 30.5 624.428
243 30.5 621.489
243.5 30.5 619.457
244 30.5 617.182
244.5 30.5 613.786
245 30.5 610.596
245.5 30.5 608.048
246 30.5 606.119
246.5 30.5 604.906
247 30.5 604.131
247.5 30.5 603.108
248 30.5 601.74
248.5 30.5 600.661
249 30.5 600.283
249.5 30.5 600.71
250 30.5 601.872
250.5 30.5 603.387
251 30.5 605.069
251.5 30.5 607.014
252 30.5 609.251
252.5 30.5 612.004
253 30.5 615.019
253.5 30.5 618.039
254 30.5 620.814
254.5 30.5 621.195
255 30.5 622.186
255.5 30.5 624.322
256 30.5 627.601
256.5 30.5 631.937
257 30.5 636.565
257.5 30.5 639.785
258 30.5 643.444
258.5 30.5 648.181
259 30.5 653.383
259.5 30.5 658.589
260 30.5 663.975
260.5 30.5 669.467
261 30.5 675.342
261.5 30.5 682.197
262 30.5 690.02
262.5 30.5 698.686
263 30.5 708.289
263.5 30.5 718.844
264 30.5 729.937
264.5 30.5 741.328
265 30.5 753.024
265.5 30.5 764.449
266 30.5 773.026
266.5 30.5 781.059
267 30.5 789.259
267.5 30.5 797.769
268 30.5 806.326
268.5 30.5 814.683
269 30.5 822.864
269.5 30.5 830.702
270 30.5 838.367
270.5 30.5 846.248
271 30.5 853.904
271.5 30.5 860.922
272 30.5 867.131
272.5 30.5 872.57
273 30.5 877.859
273.5 30.5 883.361
274 30.5 889.326
274.5 30.5 895.963
275 30.5 903.319
275.5 30.5 911.267
276 30.5 919.69
276.5 30.5 928.192
277 30.5 936.412
277.5 30.5 944.788
278 30.5 953.604
278.5 30.5 962.859
279 30.5 972.553
279.5 30.5 982.69
280 30.5 993.216
280.5 30.5 1003.96
281 30.5 1014.82
281.5 30.5 1025.8
282 30.5 1036.91
282.5 30.5 1048.14
283 30.5 1059.46
283.5 30.5 1070.84
284 30.5 1082.24
284.5 30.5 1093.56
285 30.5 1104.75
285.5 30.5 1115.98
286 30.5 1127.37
286.5 30.5 1138.85
287 30.5 1150.18
287.5 30.5 1161.47
288 30.5 1172.87
288.5 30.5 1184.41
289 30.5 1196.11
289.5 30.5 1207.95
290 30.5 1219.9
290.5 30.5 1231.9
291 30.5 1243.91
291.5 30.5 1255.92
292 30.5 1267.95
292.5 30.5 1280.02
293 30.5 1292.12
293.5 30.5 1304.23
294 30.5 1316.35
236 31 703.838
236.5 31 696.835
237 31 688.161
237.5 31 679.383
238 31 670.996
238.5 31 663.077
239 31 655.435
239.5 31 647.481
240 31 639.268
240.5 31 631.4
241 31 624.109
241.5 31 617.547
242 31 611.931
242.5 31 607.472
243 31 604.259
243.5 31 602.065
244 31 599.917
244.5 31 596.574
245 31 593.209
245.5 31 590.512
246 31 588.507
246.5 31 587.258
247 31 586.543
247.5 31 585.572
248 31 584.254
248.5 31 583.104
249 31 582.64
249.5 31 583.022
250 31 584.181
250.5 31 585.696
251 31 587.45
251.5 31 589.459
252 31 591.832
252.5 31 594.719
253 31 597.725
253.5 31 600.736
254 31 603.338
254.5 31 603.58
255 31 604.66
255.5 31 606.922
256 31 610.295
256.5 31 614.654
257 31 618.811
257.5 31 622.146
258 31 626.343
258.5 31 631.499
259 31 636.853
259.5 31 642.298
260 31 647.978
260.5 31 653.721
261 31 659.94
261.5 31 666.997
262 31 674.829
262.5 31 683.459
263 31 693.071
263.5 31 703.625
264 31 714.719
264.5 31 726.111
265 31 737.523
265.5 31 746.472
266 31 754.563
266.5 31 762.574
267 31 770.881
267.5 31 779.337
268 31 787.701
268.5 31 795.957
269 31 804.034
269.5 31 811.842
270 31 819.804
270.5 31 827.878
271 31 835.462
271.5 31 842.35
272 31 848.456
272.5 31 854.141
273 31 859.718
273.5 31 865.552
274 31 871.942
274.5 31 878.992
275 31 886.764
275.5 31 895.159
276 31 903.927
276.5 31 912.744
277 31 921.539
277.5 31 930.507
278 31 939.802
278.5 31 949.614
279 31 959.923
279.5 31 970.534
280 31 981.312
280.5 31 992.199
281 31 1003.21
281.5 31 1014.36
282 31 1025.61
282.5 31 1036.92
283 31 1048.29
283.5 31 1059.64
284 31 1070.87
284.5 31 1082.02
285 31 1093.27
285.5 31 1104.69
286 31 1116.11
286.5 31 1127.38
287 31 1138.67
287.5 31 1150.1
288 31 1161.69
288.5 31 1173.43
289 31 1185.3
289.5 31 1197.26
290 31 1209.23
290.5 31 1221.2
291 31 1233.19
291.5 31 1245.21
292 31 1257.25
292.5 31 1269.32
293 31 1281.39
293.5 31 1293.47
294 31 1305.59
236 31.5 685.794
236.5 31.5 678.94
237 31.5 671.533
237.5 31.5 662.884
238 31.5 654.425
238.5 31.5 646.437
239 31.5 638.928
239.5 31.5 631.526
240 31.5 623.716
240.5 31.5 615.851
241 31.5 608.429
241.5 31.5 601.631
242 31.5 595.661
242.5 31.5 590.798
243 31.5 587.23
243.5 31.5 584.795
244 31.5 582.636
244.5 31.5 579.397
245 31.5 575.862
245.5 31.5 572.995
246 31.5 570.91
246.5 31.5 569.62
247 31.5 568.963
247.5 31.5 568.061
248 31.5 566.815
248.5 31.5 565.582
249 31.5 564.995
249.5 31.5 565.291
250 31.5 566.394
250.5 31.5 567.879
251 31.5 569.705
251.5 31.5 571.789
252 31.5 574.321
252.5 31.5 577.331
253 31.5 580.316
253.5 31.5 583.288
254 31.5 585.697
254.5 31.5 585.951
255 31.5 587.172
255.5 31.5 589.541
256 31.5 592.913
256.5 31.5 597.133
257 31.5 601.046
257.5 31.5 604.865
258 31.5 609.627
258.5 31.5 614.997
259 31.5 620.447
259.5 31.5 626.148
260 31.5 632.05
260.5 31.5 638.101
261 31.5 644.712
261.5 31.5 651.992
262 31.5 659.885
262.5 31.5 668.566
263 31.5 678.16
263.5 31.5 688.588
264 31.5 699.546
264.5 31.5 710.649
265 31.5 719.932
265.5 31.5 728.144
266 31.5 736.044
266.5 31.5 744.104
267 31.5 752.411
267.5 31.5 760.701
268 31.5 768.903
268.5 31.5 777.094
269 31.5 785.091
269.5 31.5 793.067
270 31.5 801.249
270.5 31.5 809.35
271 31.5 816.882
271.5 31.5 823.612
272 31.5 829.744
272.5 31.5 835.675
273 31.5 841.685
273.5 31.5 848.141
274 31.5 855.187
274.5 31.5 862.801
275 31.5 871.035
275.5 31.5 879.723
276 31.5 888.695
276.5 31.5 897.888
277 31.5 907.218
277.5 31.5 916.724
278 31.5 926.583
278.5 31.5 936.952
279 31.5 947.682
279.5 31.5 958.548
280 31.5 969.519
280.5 31.5 980.621
281 31.5 991.841
281.5 31.5 1003.14
282 31.5 1014.47
282.5 31.5 1025.82
283 31.5 1037.11
283.5 31.5 1048.26
284 31.5 1059.38
284.5 31.5 1070.65
285 31.5 1082.07
285.5 31.5 1093.4
286 31.5 1104.62
286.5 31.5 1115.93
287 31.5 1127.4
287.5 31.5 1139.03
288 31.5 1150.82
288.5 31.5 1162.72
289 31.5 1174.67
289.5 31.5 1186.61
290 31.5 1198.55
290.5 31.5 1210.52
291 31.5 1222.51
291.5 31.5 1234.53
292 31.5 1246.56
292.5 31.5 1258.6
293 31.5 1270.65
293.5 31.5 1282.76
294 31.5 1294.95
236 32 668.018
236.5 32 661.059
237 32 654.466
237.5 32 646.547
238 32 638.102
238.5 32 630.003
239 32 622.444
239.5 32 615.313
240 32 608.075
240.5 32 600.457
241 32 592.972
241.5 32 585.993
242 32 579.702
242.5 32 574.395
243 32 570.391
243.5 32 567.622
244 32 565.307
244.5 32 562.165
245 32 558.504
245.5 32 555.468
246 32 553.305
246.5 32 551.958
247 32 551.337
247.5 32 550.523
248 32 549.368
248.5 32 548.051
249 32 547.314
249.5 32 547.482
250 32 548.458
250.5 32 549.847
251 32 551.696
251.5 32 553.913
252 32 556.619
252.5 32 559.68
253 32 562.644
253.5 32 565.594
254 32 567.855
254.5 32 568.303
255 32 569.72
255.5 32 572.141
256 32 575.38
256.5 32 579.457
257 32 583.531
257.5 32 587.904
258 32 593.043
258.5 32 598.53
259 32 604.18
259.5 32 610.114
260 32 616.172
260.5 32 622.549
261 32 629.518
261.5 32 637.049
262 32 645.149
262.5 32 653.972
263 32 663.525
263.5 32 673.712
264 32 684.226
264.5 32 693.548
265 32 701.757
265.5 32 709.707
266 32 717.57
266.5 32 725.639
267 32 733.838
267.5 32 741.949
268 32 750.065
268.5 32 758.169
269 32 766.226
269.5 32 774.44
270 32 782.76
270.5 32 790.848
271 32 798.305
271.5 32 804.975
272 32 811.298
272.5 32 817.699
273 32 824.412
273.5 32 831.656
274 32 839.442
274.5 32 847.687
275 32 856.321
275.5 32 865.234
276 32 874.459
276.5 32 883.953
277 32 893.652
277.5 32 903.635
278 32 913.996
278.5 32 924.714
279 32 935.642
279.5 32 946.722
280 32 957.965
280.5 32 969.317
281 32 980.707
281.5 32 992.093
282 32 1003.44
282.5 32 1014.65
283 32 1025.73
283.5 32 1036.84
284 32 1048.13
284.5 32 1059.5
285 32 1070.72
285.5 32 1081.93
286 32 1093.26
286.5 32 1104.78
287 32 1116.46
287.5 32 1128.29
288 32 1140.2
288.5 32 1152.12
289 32 1164.03
289.5 32 1175.96
290 32 1187.91
290.5 32 1199.88
291 32 1211.87
291.5 32 1223.86
292 32 1235.86
292.5 32 1247.89
293 32 1260
293.5 32 1272.2
294 32 1284.5
236 32.5 650.553
236.5 32.5 643.458
237 32.5 636.861
237.5 32.5 630.097
238 32.5 621.976
238.5 32.5 613.792
239 32.5 606.081
239.5 32.5 598.957
240 32.5 592.115
240.5 32.5 584.989
241 32.5 577.604
241.5 32.5 570.495
242 32.5 563.95
242.5 32.5 558.214
243 32.5 553.718
243.5 32.5 550.515
244 32.5 547.891
244.5 32.5 544.759
245 32.5 541.066
245.5 32.5 537.92
246 32.5 535.694
246.5 32.5 534.274
247 32.5 533.621
247.5 32.5 532.874
248 32.5 531.811
248.5 32.5 530.441
249 32.5 529.58
249.5 32.5 529.6
250 32.5 530.43
250.5 32.5 531.699
251 32.5 533.541
251.5 32.5 535.931
252 32.5 538.805
252.5 32.5 541.832
253 32.5 544.776
253.5 32.5 547.758
254 32.5 549.939
254.5 32.5 550.682
255 32.5 552.38
255.5 32.5 554.853
256 32.5 557.966
256.5 32.5 562.002
257 32.5 566.384
257.5 32.5 571.144
258 32.5 576.478
258.5 32.5 582.152
259 32.5 588.075
259.5 32.5 594.155
260 32.5 600.374
260.5 32.5 607.079
261 32.5 614.385
261.5 32.5 622.216
262 32.5 630.579
262.5 32.5 639.511
263 32.5 648.94
263.5 32.5 658.684
264 32.5 667.786
264.5 32.5 675.674
265 32.5 683.516
265.5 32.5 691.343
266 32.5 699.197
266.5 32.5 707.203
267 32.5 715.249
267.5 32.5 723.232
268 32.5 731.3
268.5 32.5 739.399
269 32.5 747.633
269.5 32.5 756.049
270 32.5 764.474
270.5 32.5 772.595
271 32.5 780.052
271.5 32.5 786.936
272 32.5 793.721
272.5 32.5 800.817
273 32.5 808.366
273.5 32.5 816.431
274 32.5 824.916
274.5 32.5 833.666
275 32.5 842.612
275.5 32.5 851.813
276 32.5 861.242
276.5 32.5 870.908
277 32.5 880.927
277.5 32.5 891.309
278 32.5 901.968
278.5 32.5 912.842
279 32.5 923.938
279.5 32.5 935.277
280 32.5 946.775
280.5 32.5 958.305
281 32.5 969.781
281.5 32.5 981.131
282 32.5 992.288
282.5 32.5 1003.32
283 32.5 1014.44
283.5 32.5 1025.72
284 32.5 1036.99
284.5 32.5 1048.12
285 32.5 1059.32
285.5 32.5 1070.69
286 32.5 1082.25
286.5 32.5 1093.98
287 32.5 1105.84
287.5 32.5 1117.75
288 32.5 1129.64
288.5 32.5 1141.53
289 32.5 1153.44
289.5 32.5 1165.37
290 32.5 1177.32
290.5 32.5 1189.28
291 32.5 1201.23
291.5 32.5 1213.2
292 32.5 1225.22
292.5 32.5 1237.34
293 32.5 1249.55
293.5 32.5 1261.86
294 32.5 1274.33
236 33 633.449
236.5 33 626.167
237 33 619.417
237.5 33 613.096
238 33 605.874
238.5 33 597.783
239 33 589.881
239.5 33 582.569
240 33 575.829
240.5 33 569.144
241 33 562.095
241.5 33 554.939
242 33 548.198
242.5 33 542.105
243 33 537.131
243.5 33 533.425
244 33 530.339
244.5 33 527.072
245 33 523.483
245.5 33 520.358
246 33 518.102
246.5 33 516.646
247 33 515.927
247.5 33 515.213
248 33 514.194
248.5 33 512.776
249 33 511.836
249.5 33 511.758
250 33 512.488
250.5 33 513.671
251 33 515.492
251.5 33 518.021
252 33 521.041
252.5 33 523.996
253 33 526.941
253.5 33 530.011
254 33 532.092
254.5 33 533.155
255 33 535.203
255.5 33 537.741
256 33 540.845
256.5 33 544.923
257 33 549.529
257.5 33 554.535
258 33 560.074
258.5 33 566.018
259 33 572.146
259.5 33 578.271
260 33 584.687
260.5 33 591.744
261 33 599.413
261.5 33 607.547
262 33 616.091
262.5 33 624.975
263 33 634.075
263.5 33 642.85
264 33 650.297
264.5 33 657.724
265 33 665.36
265.5 33 673.126
266 33 680.965
266.5 33 688.933
267 33 696.915
267.5 33 704.931
268 33 713.048
268.5 33 721.251
269 33 729.651
269.5 33 738.213
270 33 746.703
270.5 33 754.843
271 33 762.541
271.5 33 769.941
272 33 777.373
272.5 33 785.212
273 33 793.611
273.5 33 802.423
274 33 811.388
274.5 33 820.426
275 33 829.689
275.5 33 839.142
276 33 848.736
276.5 33 858.645
277 33 868.968
277.5 33 879.618
278 33 890.481
278.5 33 901.535
279 33 912.817
279.5 33 924.334
280 33 935.973
280.5 33 947.553
281 33 958.927
281.5 33 970.05
282 33 981.072
282.5 33 992.201
283 33 1003.44
283.5 33 1014.56
284 33 1025.62
284.5 33 1036.82
285 33 1048.22
285.5 33 1059.83
286 33 1071.61
286.5 33 1083.48
287 33 1095.36
287.5 33 1107.22
288 33 1119.11
288.5 33 1131.01
289 33 1142.93
289.5 33 1154.85
290 33 1166.77
290.5 33 1178.69
291 33 1190.64
291.5 33 1202.67
292 33 1214.8
292.5 33 1227.02
293 33 1239.37
293.5 33 1251.79
294 33 1263.6
236 33.5 616.758
236.5 33.5 609.247
237 33.5 602.271
237.5 33.5 595.845
238 33.5 589.463
238.5 33.5 581.863
239 33.5 573.857
239.5 33.5 566.229
240 33.5 559.287
240.5 33.5 552.779
241 33.5 546.088
241.5 33.5 539.037
242 33.5 532.14
242.5 33.5 525.787
243 33.5 520.419
243.5 33.5 516.226
244 33.5 512.629
244.5 33.5 509.168
245 33.5 505.772
245.5 33.5 502.767
246 33.5 500.508
246.5 33.5 499.079
247 33.5 498.362
247.5 33.5 497.678
248 33.5 496.681
248.5 33.5 495.192
249 33.5 494.173
249.5 33.5 494.07
250 33.5 494.705
250.5 33.5 495.793
251 33.5 497.573
251.5 33.5 500.2
252 33.5 503.273
252.5 33.5 506.153
253 33.5 509.185
253.5 33.5 512.425
254 33.5 514.373
254.5 33.5 515.764
255 33.5 518.144
255.5 33.5 520.721
256 33.5 523.917
256.5 33.5 528.069
257 33.5 532.804
257.5 33.5 538.037
258 33.5 543.879
258.5 33.5 550.119
259 33.5 556.329
259.5 33.5 562.496
260 33.5 569.166
260.5 33.5 576.604
261 33.5 584.599
261.5 33.5 592.946
262 33.5 601.531
262.5 33.5 610.193
263 33.5 618.67
263.5 33.5 625.914
264 33.5 632.809
264.5 33.5 640.03
265 33.5 647.611
265.5 33.5 655.35
266 33.5 663.188
266.5 33.5 671.165
267 33.5 679.233
267.5 33.5 687.405
268 33.5 695.638
268.5 33.5 703.965
269 33.5 712.517
269.5 33.5 721.2
270 33.5 729.73
270.5 33.5 738.012
271 33.5 746.195
271.5 33.5 754.263
272 33.5 762.377
272.5 33.5 770.894
273 33.5 779.921
273.5 33.5 789.153
274 33.5 798.354
274.5 33.5 807.684
275 33.5 817.201
275.5 33.5 826.864
276 33.5 836.769
276.5 33.5 847.044
277 33.5 857.687
277.5 33.5 868.591
278 33.5 879.684
278.5 33.5 890.947
279 33.5 902.365
279.5 33.5 913.912
280 33.5 925.476
280.5 33.5 936.864
281 33.5 947.998
281.5 33.5 959.049
282 33.5 970.182
282.5 33.5 981.299
283 33.5 992.255
283.5 33.5 1003.25
284 33.5 1014.45
284.5 33.5 1025.89
285 33.5 1037.55
285.5 33.5 1049.35
286 33.5 1061.2
286.5 33.5 1073.04
287 33.5 1084.9
287.5 33.5 1096.78
288 33.5 1108.67
288.5 33.5 1120.58
289 33.5 1132.48
289.5 33.5 1144.36
290 33.5 1156.26
290.5 33.5 1168.22
291 33.5 1180.27
291.5 33.5 1192.41
292 33.5 1204.65
292.5 33.5 1217.03
293 33.5 1229.09
293.5 33.5 1240.56
294 33.5 1251.93
236 34 600.519
236.5 34 592.759
237 34 585.493
237.5 34 578.803
238 34 572.588
238.5 34 565.784
239 34 557.955
239.5 34 550.009
240 34 542.613
240.5 34 535.892
241 34 529.283
241.5 34 522.447
242 34 515.59
242.5 34 509.139
243 34 503.532
243.5 34 498.946
244 34 494.938
244.5 34 491.346
245 34 488.128
245.5 34 485.249
246 34 482.98
246.5 34 481.558
247 34 480.875
247.5 34 480.213
248 34 479.267
248.5 34 477.754
249 34 476.679
249.5 34 476.549
250 34 477.055
250.5 34 478.036
251 34 479.803
251.5 34 482.462
252 34 485.426
252.5 34 488.267
253 34 491.512
253.5 34 494.945
254 34 496.801
254.5 34 498.54
255 34 501.132
255.5 34 503.728
256 34 507.06
256.5 34 511.281
257 34 516.136
257.5 34 521.648
258 34 527.819
258.5 34 534.244
259 34 540.48
259.5 34 546.824
260 34 553.839
260.5 34 561.617
261 34 569.815
261.5 34 578.235
262 34 586.714
262.5 34 594.985
263 34 602.298
263.5 34 608.827
264 34 615.627
264.5 34 622.893
265 34 630.513
265.5 34 638.249
266 34 646.118
266.5 34 654.174
267 34 662.415
267.5 34 670.7
268 34 678.973
268.5 34 687.442
269 34 696.202
269.5 34 705.085
270 34 713.871
270.5 34 722.588
271 34 731.324
271.5 34 739.995
272 34 748.724
272.5 34 757.707
273 34 766.922
273.5 34 776.199
274 34 785.612
274.5 34 795.239
275 34 805.029
275.5 34 815.043
276 34 825.377
276.5 34 836.063
277 34 847.045
277.5 34 858.216
278 34 869.525
278.5 34 880.94
279 34 892.379
279.5 34 903.742
280 34 915.002
280.5 34 926.172
281 34 937.303
281.5 34 948.411
282 34 959.337
282.5 34 970.133
283 34 981.065
283.5 34 992.257
284 34 1003.72
284.5 34 1015.4
285 34 1027.19
285.5 34 1038.99
286 34 1050.82
286.5 34 1062.68
287 34 1074.55
287.5 34 1086.45
288 34 1098.34
288.5 34 1110.21
289 34 1122.08
289.5 34 1133.99
290 34 1145.97
290.5 34 1158.04
291 34 1170.2
291.5 34 1182.48
292 34 1194.68
292.5 34 1206.29
293 34 1217.62
293.5 34 1228.93
294 34 1240.31
236 34.5 584.708
236.5 34.5 576.757
237 34.5 569.158
237.5 34.5 562.108
238 34.5 555.642
238.5 34.5 549.329
239 34.5 541.995
239.5 34.5 533.955
240 34.5 526.036
240.5 34.5 518.803
241 34.5 511.983
241.5 34.5 505.367
242 34.5 498.862
242.5 34.5 492.503
243 34.5 486.733
243.5 34.5 481.783
244 34.5 477.449
244.5 34.5 473.762
245 34.5 470.643
245.5 34.5 467.844
246 34.5 465.536
246.5 34.5 464.071
247 34.5 463.405
247.5 34.5 462.773
248 34.5 461.893
248.5 34.5 460.425
249 34.5 459.335
249.5 34.5 459.14
250 34.5 459.537
250.5 34.5 460.471
251 34.5 462.268
251.5 34.5 464.871
252 34.5 467.618
252.5 34.5 470.476
253 34.5 473.945
253.5 34.5 477.422
254 34.5 479.346
254.5 34.5 481.475
255 34.5 484.122
255.5 34.5 486.733
256 34.5 490.201
256.5 34.5 494.516
257 34.5 499.574
257.5 34.5 505.408
258 34.5 511.818
258.5 34.5 518.253
259 34.5 524.588
259.5 34.5 531.261
260 34.5 538.651
260.5 34.5 546.669
261 34.5 554.921
261.5 34.5 563.201
262 34.5 571.418
262.5 34.5 578.984
263 34.5 585.509
263.5 34.5 592.025
264 34.5 598.958
264.5 34.5 606.355
265 34.5 614.032
265.5 34.5 621.839
266 34.5 629.82
266.5 34.5 638.048
267 34.5 646.402
267.5 34.5 654.677
268 34.5 663.021
268.5 34.5 671.753
269 34.5 680.83
269.5 34.5 690.095
270 34.5 699.398
270.5 34.5 708.644
271 34.5 717.807
271.5 34.5 726.916
272 34.5 736.05
272.5 34.5 745.188
273 34.5 754.33
273.5 34.5 763.641
274 34.5 773.266
274.5 34.5 783.199
275 34.5 793.398
275.5 34.5 803.874
276 34.5 814.624
276.5 34.5 825.649
277 34.5 836.891
277.5 34.5 848.252
278 34.5 859.683
278.5 34.5 871.129
279 34.5 882.449
279.5 34.5 893.571
280 34.5 904.652
280.5 34.5 915.8
281 34.5 926.843
281.5 34.5 937.6
282 34.5 948.266
282.5 34.5 959.115
283 34.5 970.282
283.5 34.5 981.748
284 34.5 993.4
284.5 34.5 1005.12
285 34.5 1016.89
285.5 34.5 1028.7
286 34.5 1040.56
286.5 34.5 1052.44
287 34.5 1064.33
287.5 34.5 1076.21
288 34.5 1088.08
288.5 34.5 1099.95
289 34.5 1111.89
289.5 34.5 1123.91
290 34.5 1136.02
290.5 34.5 1148.22
291 34.5 1160.44
291.5 34.5 1172.22
292 34.5 1183.56
292.5 34.5 1194.8
293 34.5 1206.06
293.5 34.5 1217.41
294 34.5 1228.85
236 35 569.243
236.5 35 561.237
237 35 553.336
237.5 35 545.858
238 35 538.965
238.5 35 532.561
239 35 525.772
239.5 35 517.938
240 35 509.707
240.5 35 501.927
241 35 494.8
241.5 35 488.299
242 35 482.197
242.5 35 476.056
243 35 470.141
243.5 35 464.797
244 35 460.143
244.5 35 456.307
245 35 453.208
245.5 35 450.449
246 35 448.084
246.5 35 446.566
247 35 445.918
247.5 35 445.343
248 35 444.519
248.5 35 443.118
249 35 442.032
249.5 35 441.77
250 35 442.131
250.5 35 443.092
251 35 444.936
251.5 35 447.43
252 35 449.965
252.5 35 452.83
253 35 456.357
253.5 35 459.694
254 35 461.921
254.5 35 464.476
255 35 467.085
255.5 35 469.733
256 35 473.314
256.5 35 477.804
257 35 483.18
257.5 35 489.35
258 35 495.853
258.5 35 502.264
259 35 508.795
259.5 35 515.813
260 35 523.451
260.5 35 531.507
261 35 539.55
261.5 35 547.526
262 35 555.365
262.5 35 562.408
263 35 569.013
263.5 35 575.83
264 35 582.939
264.5 35 590.412
265 35 598.135
265.5 35 606.05
266 35 614.206
266.5 35 622.591
267 35 631.002
267.5 35 639.383
268 35 648.038
268.5 35 657.166
269 35 666.655
269.5 35 676.365
270 35 686.098
270.5 35 695.689
271 35 705.159
271.5 35 714.541
272 35 723.798
272.5 35 732.931
273 35 742.157
273.5 35 751.688
274 35 761.6
274.5 35 771.88
275 35 782.494
275.5 35 793.367
276 35 804.428
276.5 35 815.665
277 35 827.023
277.5 35 838.439
278 35 849.877
278.5 35 861.277
279 35 872.514
279.5 35 883.59
280 35 894.598
280.5 35 905.45
281 35 916.097
281.5 35 926.704
282 35 937.481
282.5 35 948.576
283 35 959.982
283.5 35 971.543
284 35 983.177
284.5 35 994.898
285 35 1006.7
285.5 35 1018.55
286 35 1030.44
286.5 35 1042.33
287 35 1054.21
287.5 35 1066.09
288 35 1078.01
288.5 35 1090.01
289 35 1102.08
289.5 35 1114.23
290 35 1126.43
290.5 35 1138.33
291 35 1149.76
291.5 35 1160.96
292 35 1172.13
292.5 35 1183.36
293 35 1194.68
293.5 35 1206.09
294 35 1217.63
236 35.5 554.159
236.5 35.5 546.086
237 35.5 538.039
237.5 35.5 530.141
238 35.5 522.719
238.5 35.5 515.868
239 35.5 509.214
239.5 35.5 501.724
240 35.5 493.466
240.5 35.5 485.339
241 35.5 477.962
241.5 35.5 471.451
242 35.5 465.519
242.5 35.5 459.568
243 35.5 453.623
243.5 35.5 447.965
244 35.5 442.981
244.5 35.5 438.917
245 35.5 435.75
245.5 35.5 433.034
246 35.5 430.663
246.5 35.5 429.118
247 35.5 428.486
247.5 35.5 427.943
248 35.5 427.122
248.5 35.5 425.771
249 35.5 424.691
249.5 35.5 424.381
250 35.5 424.761
250.5 35.5 425.799
251 35.5 427.649
251.5 35.5 429.994
252 35.5 432.379
252.5 35.5 435.202
253 35.5 438.64
253.5 35.5 441.822
254 35.5 444.469
254.5 35.5 447.405
255 35.5 450.01
255.5 35.5 452.802
256 35.5 456.544
256.5 35.5 461.301
257 35.5 467.04
257.5 35.5 473.437
258 35.5 479.92
258.5 35.5 486.37
259 35.5 493.106
259.5 35.5 500.335
260 35.5 508.016
260.5 35.5 515.842
261 35.5 523.548
261.5 35.5 531.323
262 35.5 538.924
262.5 35.5 546.045
263 35.5 553.127
263.5 35.5 560.271
264 35.5 567.572
264.5 35.5 575.161
265 35.5 582.994
265.5 35.5 591.052
266 35.5 599.38
266.5 35.5 607.893
267 35.5 616.442
267.5 35.5 625.169
268 35.5 634.288
268.5 35.5 643.817
269 35.5 653.63
269.5 35.5 663.554
270 35.5 673.436
270.5 35.5 683.235
271 35.5 692.914
271.5 35.5 702.371
272 35.5 711.634
272.5 35.5 720.946
273 35.5 730.52
273.5 35.5 740.429
274 35.5 750.702
274.5 35.5 761.326
275 35.5 772.256
275.5 35.5 783.388
276 35.5 794.628
276.5 35.5 805.947
277 35.5 817.316
277.5 35.5 828.688
278 35.5 840.065
278.5 35.5 851.457
279 35.5 862.731
279.5 35.5 873.716
280 35.5 884.396
280.5 35.5 894.937
281 35.5 905.503
281.5 35.5 916.238
282 35.5 927.231
282.5 35.5 938.454
283 35.5 949.856
283.5 35.5 961.402
284 35.5 973.064
284.5 35.5 984.835
285 35.5 996.681
285.5 35.5 1008.56
286 35.5 1020.45
286.5 35.5 1032.35
287 35.5 1044.28
287.5 35.5 1056.28
288 35.5 1068.36
288.5 35.5 1080.5
289 35.5 1092.67
289.5 35.5 1104.65
290 35.5 1116.18
290.5 35.5 1127.41
291 35.5 1138.53
291.5 35.5 1149.66
292 35.5 1160.85
292.5 35.5 1172.14
293 35.5 1183.53
293.5 35.5 1195.05
294 35.5 1206.7
236 36 539.54
236.5 36 531.268
237 36 523.13
237.5 36 514.977
238 36 507.013
238.5 36 499.554
239 36 492.538
239.5 36 485.244
240 36 477.104
240.5 36 468.921
241 36 461.469
241.5 36 454.922
242 36 448.934
242.5 36 443.006
243 36 437.087
243.5 36 431.288
244 36 426.034
244.5 36 421.681
245 36 418.302
245.5 36 415.596
246 36 413.302
246.5 36 411.786
247 36 411.188
247.5 36 410.632
248 36 409.731
248.5 36 408.376
249 36 407.254
249.5 36 406.898
250 36 407.339
250.5 36 408.509
251 36 410.29
251.5 36 412.421
252 36 414.715
252.5 36 417.527
253 36 420.886
253.5 36 423.999
254 36 426.981
254.5 36 430.162
255 36 432.892
255.5 36 435.988
256 36 440.009
256.5 36 445.074
257 36 451.076
257.5 36 457.527
258 36 463.994
258.5 36 470.541
259 36 477.433
259.5 36 484.72
260 36 492.28
260.5 36 499.861
261 36 507.495
261.5 36 515.284
262 36 522.913
262.5 36 530.367
263 36 537.803
263.5 36 545.245
264 36 552.853
264.5 36 560.701
265 36 568.729
265.5 36 576.967
266 36 585.475
266.5 36 594.162
267 36 603.012
267.5 36 612.19
268 36 621.726
268.5 36 631.508
269 36 641.381
269.5 36 651.237
270 36 661.101
270.5 36 670.969
271 36 680.707
271.5 36 690.234
272 36 699.735
272.5 36 709.465
273 36 719.511
273.5 36 729.868
274 36 740.518
274.5 36 751.425
275 36 762.534
275.5 36 773.758
276 36 785.039
276.5 36 796.371
277 36 807.73
277.5 36 819.077
278 36 830.414
278.5 36 841.697
279 36 852.736
279.5 36 863.472
280 36 874.049
280.5 36 884.644
281 36 895.386
281.5 36 906.299
282 36 917.338
282.5 36 928.487
283 36 939.861
283.5 36 951.445
284 36 963.146
284.5 36 974.958
285 36 986.822
285.5 36 998.715
286 36 1010.66
286.5 36 1022.69
287 36 1034.8
287.5 36 1046.96
288 36 1059.14
288.5 36 1071.18
289 36 1082.8
289.5 36 1094.1
290 36 1105.21
290.5 36 1116.28
291 36 1127.38
291.5 36 1138.55
292 36 1149.82
292.5 36 1161.2
293 36 1172.71
293.5 36 1184.33
294 36 1196.03
236 36.5 525.396
236.5 36.5 516.869
237 36.5 508.487
237.5 36.5 500.192
238 36.5 491.851
238.5 36.5 483.747
239 36.5 476.106
239.5 36.5 468.581
240 36.5 460.669
240.5 36.5 452.739
241 36.5 445.387
241.5 36.5 438.718
242 36.5 432.535
242.5 36.5 426.486
243 36.5 420.519
243.5 36.5 414.682
244 36.5 409.252
244.5 36.5 404.605
245 36.5 400.902
245.5 36.5 398.086
246 36.5 395.864
246.5 36.5 394.441
247 36.5 393.944
247.5 36.5 393.374
248 36.5 392.343
248.5 36.5 390.934
249 36.5 389.735
249.5 36.5 389.362
250 36.5 389.915
250.5 36.5 391.237
251 36.5 392.89
251.5 36.5 394.774
252 36.5 397.005
252.5 36.5 399.869
253 36.5 403.223
253.5 36.5 406.358
254 36.5 409.539
254.5 36.5 412.785
255 36.5 415.73
255.5 36.5 419.226
256 36.5 423.643
256.5 36.5 429.038
257 36.5 435.196
257.5 36.5 441.661
258 36.5 448.164
258.5 36.5 454.834
259 36.5 461.837
259.5 36.5 469.112
260 36.5 476.574
260.5 36.5 484.19
261 36.5 492.007
261.5 36.5 499.879
262 36.5 507.62
262.5 36.5 515.274
263 36.5 522.945
263.5 36.5 530.749
264 36.5 538.745
264.5 36.5 546.877
265 36.5 555.12
265.5 36.5 563.577
266 36.5 572.297
266.5 36.5 581.265
267 36.5 590.529
267.5 36.5 600.11
268 36.5 609.9
268.5 36.5 619.734
269 36.5 629.504
269.5 36.5 639.242
270 36.5 649.014
270.5 36.5 658.811
271 36.5 668.589
271.5 36.5 678.401
272 36.5 688.378
272.5 36.5 698.63
273 36.5 709.169
273.5 36.5 719.936
274 36.5 730.861
274.5 36.5 741.919
275 36.5 753.088
275.5 36.5 764.288
276 36.5 775.5
276.5 36.5 786.801
277 36.5 798.194
277.5 36.5 809.523
278 36.5 820.639
278.5 36.5 831.556
279 36.5 842.359
279.5 36.5 853.105
280 36.5 863.849
280.5 36.5 874.666
281 36.5 885.574
281.5 36.5 896.539
282 36.5 907.573
282.5 36.5 918.727
283 36.5 930.108
283.5 36.5 941.701
284 36.5 953.432
284.5 36.5 965.26
285 36.5 977.176
285.5 36.5 989.21
286 36.5 1001.36
286.5 36.5 1013.57
287 36.5 1025.79
287.5 36.5 1037.88
288 36.5 1049.6
288.5 36.5 1060.98
289 36.5 1072.14
289.5 36.5 1083.19
290 36.5 1094.22
290.5 36.5 1105.31
291 36.5 1116.47
291.5 36.5 1127.73
292 36.5 1139.11
292.5 36.5 1150.61
293 36.5 1162.2
293.5 36.5 1173.81
294 36.5 1185.43
236 37 511.722
236.5 37 502.9
237 37 494.186
237.5 37 485.559
238 37 476.968
238.5 37 468.338
239 37 459.998
239.5 37 452.012
240 37 444.248
240.5 37 436.808
241 37 429.693
241.5 37 422.825
242 37 416.287
242.5 37 409.995
243 37 403.892
243.5 37 398
244 37 392.437
244.5 37 387.53
245 37 383.493
245.5 37 380.433
246 37 378.2
246.5 37 376.893
247 37 376.52
247.5 37 375.956
248 37 374.829
248.5 37 373.402
249 37 372.186
249.5 37 371.911
250 37 372.629
250.5 37 374.027
251 37 375.509
251.5 37 377.181
252 37 379.364
252.5 37 382.325
253 37 385.693
253.5 37 388.853
254 37 392.138
254.5 37 395.356
255 37 398.533
255.5 37 402.495
256 37 407.43
256.5 37 413.2
257 37 419.5
257.5 37 425.979
258 37 432.532
258.5 37 439.34
259 37 446.452
259.5 37 453.799
260 37 461.379
260.5 37 469.193
261 37 477.136
261.5 37 485.023
262 37 492.805
262.5 37 500.589
263 37 508.559
263.5 37 516.759
264 37 525.084
264.5 37 533.455
265 37 541.95
265.5 37 550.677
266 37 559.685
266.5 37 568.999
267 37 578.604
267.5 37 588.4
268 37 598.244
268.5 37 608.042
269 37 617.793
269.5 37 627.507
270 37 637.232
270.5 37 647.04
271 37 657.001
271.5 37 667.179
272 37 677.616
272.5 37 688.321
273 37 699.219
273.5 37 710.215
274 37 721.28
274.5 37 732.432
275 37 743.643
275.5 37 754.809
276 37 765.938
276.5 37 777.153
277 37 788.411
277.5 37 799.523
278 37 810.425
278.5 37 821.275
279 37 832.166
279.5 37 843.055
280 37 853.922
280.5 37 864.819
281 37 875.808
281.5 37 886.859
282 37 897.964
282.5 37 909.189
283 37 920.587
283.5 37 932.211
284 37 944.016
284.5 37 955.949
285 37 968.06
285.5 37 980.301
286 37 992.569
286.5 37 1004.71
287 37 1016.52
287.5 37 1028.01
288 37 1039.26
288.5 37 1050.33
289 37 1061.34
289.5 37 1072.38
290 37 1083.46
290.5 37 1094.63
291 37 1105.9
291.5 37 1117.28
292 37 1128.77
292.5 37 1140.29
293 37 1151.8
293.5 37 1163.34
294 37 1174.93
236 37.5 498.529
236.5 37.5 489.355
237 37.5 480.262
237.5 37.5 471.158
238 37.5 462.038
238.5 37.5 452.955
239 37.5 444.086
239.5 37.5 435.788
240 37.5 428.131
240.5 37.5 421.046
241 37.5 414.142
241.5 37.5 407.106
242 37.5 400.149
242.5 37.5 393.5
243 37.5 387.188
243.5 37.5 381.207
244 37.5 375.562
244.5 37.5 370.438
245 37.5 366.088
245.5 37.5 362.7
246 37.5 360.335
246.5 37.5 359.038
247 37.5 358.678
247.5 37.5 358.118
248 37.5 357.009
248.5 37.5 355.715
249 37.5 354.631
249.5 37.5 354.558
250 37.5 355.449
250.5 37.5 356.808
251 37.5 358.097
251.5 37.5 359.614
252 37.5 361.826
252.5 37.5 364.907
253 37.5 368.193
253.5 37.5 371.295
254 37.5 374.625
254.5 37.5 377.876
255 37.5 381.395
255.5 37.5 385.95
256 37.5 391.478
256.5 37.5 397.599
257 37.5 403.98
257.5 37.5 410.434
258 37.5 417.092
258.5 37.5 424.082
259 37.5 431.361
259.5 37.5 438.924
260 37.5 446.729
260.5 37.5 454.668
261 37.5 462.601
261.5 37.5 470.452
262 37.5 478.292
262.5 37.5 486.325
263 37.5 494.654
263.5 37.5 503.16
264 37.5 511.713
264.5 37.5 520.337
265 37.5 529.139
265.5 37.5 538.2
266 37.5 547.546
266.5 37.5 557.164
267 37.5 566.951
267.5 37.5 576.778
268 37.5 586.62
268.5 37.5 596.472
269 37.5 606.286
269.5 37.5 616.056
270 37.5 625.89
270.5 37.5 635.899
271 37.5 646.121
271.5 37.5 656.577
272 37.5 667.279
272.5 37.5 678.192
273 37.5 689.247
273.5 37.5 700.387
274 37.5 711.594
274.5 37.5 722.845
275 37.5 734.111
275.5 37.5 745.287
276 37.5 756.291
276.5 37.5 767.22
277 37.5 778.192
277.5 37.5 789.184
278 37.5 800.191
278.5 37.5 811.256
279 37.5 822.282
279.5 37.5 833.2
280 37.5 844.12
280.5 37.5 855.12
281 37.5 866.211
281.5 37.5 877.364
282 37.5 888.567
282.5 37.5 899.868
283 37.5 911.343
283.5 37.5 923.099
284 37.5 935.081
284.5 37.5 947.206
285 37.5 959.441
285.5 37.5 971.605
286 37.5 983.513
286.5 37.5 995.123
287 37.5 1006.49
287.5 37.5 1017.65
288 37.5 1028.69
288.5 37.5 1039.71
289 37.5 1050.74
289.5 37.5 1061.84
290 37.5 1073.02
290.5 37.5 1084.31
291 37.5 1095.71
291.5 37.5 1107.14
292 37.5 1118.58
292.5 37.5 1130.01
293 37.5 1141.49
293.5 37.5 1153.05
294 37.5 1164.72
236 38 485.637
236.5 38 476.241
237 38 466.732
237.5 38 457.135
238 38 447.372
238.5 38 437.68
239 38 428.477
239.5 38 420.059
240 38 412.471
240.5 38 405.425
241 38 398.468
241.5 38 391.292
242 38 384.074
242.5 38 377.109
243 38 370.525
243.5 38 364.393
244 38 358.679
244.5 38 353.423
245 38 348.815
245.5 38 345.074
246 38 342.414
246.5 38 340.937
247 38 340.416
247.5 38 339.82
248 38 338.836
248.5 38 337.84
249 38 337.056
249.5 38 337.219
250 38 338.247
250.5 38 339.5
251 38 340.605
251.5 38 342.051
252 38 344.401
252.5 38 347.544
253 38 350.64
253.5 38 353.651
254 38 357.002
254.5 38 360.47
255 38 364.528
255.5 38 369.72
256 38 375.731
256.5 38 382.076
257 38 388.478
257.5 38 394.991
258 38 401.851
258.5 38 409.062
259 38 416.576
259.5 38 424.376
260 38 432.331
260.5 38 440.289
261 38 448.169
261.5 38 456.033
262 38 464.093
262.5 38 472.497
263 38 481.133
263.5 38 489.84
264 38 498.622
264.5 38 507.553
265 38 516.716
265.5 38 526.13
266 38 535.775
266.5 38 545.593
267 38 555.443
267.5 38 565.302
268 38 575.216
268.5 38 585.141
269 38 595.043
269.5 38 604.975
270 38 615.041
270.5 38 625.298
271 38 635.755
271.5 38 646.42
272 38 657.277
272.5 38 668.313
273 38 679.49
273.5 38 690.746
274 38 702.043
274.5 38 713.329
275 38 724.557
275.5 38 735.621
276 38 746.429
276.5 38 757.125
277 38 767.918
277.5 38 778.866
278 38 789.979
278.5 38 801.176
279 38 812.322
279.5 38 823.422
280 38 834.554
280.5 38 845.726
281 38 856.932
281.5 38 868.171
282 38 879.442
282.5 38 890.802
283 38 902.363
283.5 38 914.234
284 38 926.34
284.5 38 938.472
285 38 950.461
285.5 38 962.221
286 38 973.755
286.5 38 985.065
287 38 996.2
287.5 38 1007.25
288 38 1018.29
288.5 38 1029.34
289 38 1040.45
289.5 38 1051.67
290 38 1062.98
290.5 38 1074.34
291 38 1085.71
291.5 38 1097.06
292 38 1108.44
292.5 38 1119.9
293 38 1131.46
293.5 38 1143.13
294 38 1154.9
236 38.5 472.595
236.5 38.5 463.3
237 38.5 453.559
237.5 38.5 443.54
238 38.5 433.346
238.5 38.5 423.193
239 38.5 413.628
239.5 38.5 405.055
240 38.5 397.297
240.5 38.5 389.954
241 38.5 382.675
241.5 38.5 375.344
242 38.5 368.055
242.5 38.5 360.929
243 38.5 354.081
243.5 38.5 347.69
244 38.5 341.834
244.5 38.5 336.491
245 38.5 331.716
245.5 38.5 327.673
246 38.5 324.645
246.5 38.5 322.836
247 38.5 322.023
247.5 38.5 321.311
248 38.5 320.451
248.5 38.5 319.791
249 38.5 319.415
249.5 38.5 319.835
250 38.5 320.939
250.5 38.5 322.055
251 38.5 323.059
251.5 38.5 324.561
252 38.5 327.089
252.5 38.5 330.183
253 38.5 333.097
253.5 38.5 336.095
254 38.5 339.534
254.5 38.5 343.332
255 38.5 347.94
255.5 38.5 353.608
256 38.5 359.918
256.5 38.5 366.422
257 38.5 372.958
257.5 38.5 379.715
258 38.5 386.84
258.5 38.5 394.294
259 38.5 402.047
259.5 38.5 410.007
260 38.5 418.012
260.5 38.5 425.94
261 38.5 433.813
261.5 38.5 441.853
262 38.5 450.282
262.5 38.5 459.038
263 38.5 467.895
263.5 38.5 476.814
264 38.5 485.902
264.5 38.5 495.206
265 38.5 504.72
265.5 38.5 514.415
266 38.5 524.268
266.5 38.5 534.196
267 38.5 544.123
267.5 38.5 554.075
268 38.5 564.063
268.5 38.5 574.073
269 38.5 584.138
269.5 38.5 594.294
270 38.5 604.586
270.5 38.5 615.052
271 38.5 625.72
271.5 38.5 636.591
272 38.5 647.632
272.5 38.5 658.796
273 38.5 670.026
273.5 38.5 681.307
274 38.5 692.601
274.5 38.5 703.801
275 38.5 714.87
275.5 38.5 725.799
276 38.5 736.55
276.5 38.5 747.219
277 38.5 757.93
277.5 38.5 768.761
278 38.5 779.805
278.5 38.5 791.074
279 38.5 802.466
279.5 38.5 813.886
280 38.5 825.298
280.5 38.5 836.674
281 38.5 848.011
281.5 38.5 859.316
282 38.5 870.596
282.5 38.5 881.93
283 38.5 893.462
283.5 38.5 905.279
284 38.5 917.229
284.5 38.5 929.127
285 38.5 940.897
285.5 38.5 952.451
286 38.5 963.781
286.5 38.5 974.962
287 38.5 986.064
287.5 38.5 997.127
288 38.5 1008.2
288.5 38.5 1019.35
289 38.5 1030.58
289.5 38.5 1041.87
290 38.5 1053.16
290.5 38.5 1064.44
291 38.5 1075.74
291.5 38.5 1087.11
292 38.5 1098.58
292.5 38.5 1110.16
293 38.5 1121.84
293.5 38.5 1133.59
294 38.5 1145.4
236 39 459.585
236.5 39 450.165
237 39 440.528
237.5 39 430.391
238 39 419.923
238.5 39 409.506
239 39 399.651
239.5 39 390.732
240 39 382.562
240.5 39 374.693
241 39 366.967
241.5 39 359.412
242 39 352.077
242.5 39 344.893
243 39 337.862
243.5 39 331.19
244 39 325.109
244.5 39 319.635
245 39 314.716
245.5 39 310.439
246 39 307.088
246.5 39 304.896
247 39 303.7
247.5 39 302.808
248 39 302.021
248.5 39 301.622
249 39 301.681
249.5 39 302.327
250 39 303.398
250.5 39 304.404
251 39 305.471
251.5 39 307.12
252 39 309.712
252.5 39 312.682
253 39 315.544
253.5 39 318.665
254 39 322.274
254.5 39 326.347
255 39 331.322
255.5 39 337.302
256 39 343.863
256.5 39 350.624
257 39 357.502
257.5 39 364.626
258 39 372.047
258.5 39 379.75
259 39 387.684
259.5 39 395.724
260 39 403.731
260.5 39 411.665
261 39 419.685
261.5 39 428.06
262 39 436.849
262.5 39 445.865
263 39 454.964
263.5 39 464.212
264 39 473.676
264.5 39 483.328
265 39 493.121
265.5 39 503.035
266 39 513.031
266.5 39 523.043
267 39 533.059
267.5 39 543.115
268 39 553.21
268.5 39 563.357
269 39 573.601
269.5 39 583.958
270 39 594.446
270.5 39 605.107
271 39 615.963
271.5 39 626.988
272 39 638.131
272.5 39 649.34
273 39 660.578
273.5 39 671.835
274 39 683.049
274.5 39 694.133
275 39 705.097
275.5 39 716.011
276 39 726.875
276.5 39 737.658
277 39 748.388
277.5 39 759.18
278 39 770.183
278.5 39 781.48
279 39 793.018
279.5 39 804.656
280 39 816.273
280.5 39 827.812
281 39 839.263
281.5 39 850.621
282 39 861.906
282.5 39 873.232
283 39 884.706
283.5 39 896.348
284 39 908.065
284.5 39 919.759
285 39 931.336
285.5 39 942.745
286 39 954.014
286.5 39 965.177
287 39 976.284
287.5 39 987.398
288 39 998.559
288.5 39 1009.75
289 39 1020.95
289.5 39 1032.13
290 39 1043.34
290.5 39 1054.63
291 39 1066.03
291.5 39 1077.54
292 39 1089.15
292.5 39 1100.83
293 39 1112.56
293.5 39 1124.31
294 39 1136.06
236 39.5 446.865
236.5 39.5 437.171
237 39.5 427.445
237.5 39.5 417.454
238 39.5 406.977
238.5 39.5 396.403
239 39.5 386.308
239.5 39.5 376.942
240 39.5 368.19
240.5 39.5 359.769
241 39.5 351.546
241.5 39.5 343.637
242 39.5 336.108
242.5 39.5 328.851
243 39.5 321.766
243.5 39.5 314.926
244 39.5 308.585
244.5 39.5 302.875
245 39.5 297.762
245.5 39.5 293.277
246 39.5 289.657
246.5 39.5 287.103
247 39.5 285.487
247.5 39.5 284.365
248 39.5 283.556
248.5 39.5 283.296
249 39.5 283.69
249.5 39.5 284.458
250 39.5 285.458
250.5 39.5 286.458
251 39.5 287.689
251.5 39.5 289.465
252 39.5 292.008
252.5 39.5 294.939
253 39.5 297.959
253.5 39.5 301.308
254 39.5 305.084
254.5 39.5 309.366
255 39.5 314.578
255.5 39.5 320.812
256 39.5 327.677
256.5 39.5 334.836
257 39.5 342.17
257.5 39.5 349.693
258 39.5 357.433
258.5 39.5 365.368
259 39.5 373.426
259.5 39.5 381.498
260 39.5 389.519
260.5 39.5 397.588
261 39.5 405.933
261.5 39.5 414.691
262 39.5 423.789
262.5 39.5 433.088
263 39.5 442.552
263.5 39.5 452.183
264 39.5 461.95
264.5 39.5 471.851
265 39.5 481.874
265.5 39.5 491.954
266 39.5 502.032
266.5 39.5 512.112
267 39.5 522.245
267.5 39.5 532.444
268 39.5 542.686
268.5 39.5 552.997
269 39.5 563.414
269.5 39.5 573.947
270 39.5 584.625
270.5 39.5 595.474
271 39.5 606.467
271.5 39.5 617.563
272 39.5 628.732
272.5 39.5 639.94
273 39.5 651.155
273.5 39.5 662.357
274 39.5 673.488
274.5 39.5 684.512
275 39.5 695.486
275.5 39.5 706.506
276 39.5 717.542
276.5 39.5 728.473
277 39.5 739.297
277.5 39.5 750.154
278 39.5 761.195
278.5 39.5 772.487
279 39.5 784.006
279.5 39.5 795.661
280 39.5 807.346
280.5 39.5 818.992
281 39.5 830.563
281.5 39.5 842.027
282 39.5 853.396
282.5 39.5 864.772
283 39.5 876.231
283.5 39.5 887.757
284 39.5 899.268
284.5 39.5 910.744
285 39.5 922.167
285.5 39.5 933.48
286 39.5 944.69
286.5 39.5 955.846
287 39.5 966.987
287.5 39.5 978.112
288 39.5 989.195
288.5 39.5 1000.24
289 39.5 1011.31
289.5 39.5 1022.46
290 39.5 1033.76
290.5 39.5 1045.2
291 39.5 1056.76
291.5 39.5 1068.4
292 39.5 1080.08
292.5 39.5 1091.77
293 39.5 1103.45
293.5 39.5 1115.11
294 39.5 1126.77
236 40 434.252
236.5 40 424.339
237 40 414.372
237.5 40 404.373
238 40 394.189
238.5 40 383.804
239 40 373.583
239.5 40 363.77
240 40 354.376
240.5 40 345.372
241 40 336.649
241.5 40 328.283
242 40 320.386
242.5 40 312.907
243 40 305.766
243.5 40 298.874
244 40 292.297
244.5 40 286.251
245 40 280.86
245.5 40 276.152
246 40 272.278
246.5 40 269.389
247 40 267.387
247.5 40 265.966
248 40 264.983
248.5 40 264.7
249 40 265.207
249.5 40 266
250 40 267.008
250.5 40 268.107
251 40 269.476
251.5 40 271.359
252 40 273.976
252.5 40 277.116
253 40 280.47
253.5 40 284.062
254 40 288.007
254.5 40 292.507
255 40 297.961
255.5 40 304.468
256 40 311.684
256.5 40 319.269
257 40 327.038
257.5 40 334.953
258 40 343.002
258.5 40 351.125
259 40 359.266
259.5 40 367.371
260 40 375.51
260.5 40 383.883
261 40 392.658
261.5 40 401.83
262 40 411.282
262.5 40 420.95
263 40 430.79
263.5 40 440.695
264 40 450.644
264.5 40 460.711
265 40 470.87
265.5 40 481.038
266 40 491.214
266.5 40 501.434
267 40 511.72
267.5 40 522.065
268 40 532.475
268.5 40 542.965
269 40 553.557
269.5 40 564.283
270 40 575.167
270.5 40 586.183
271 40 597.268
271.5 40 608.381
272 40 619.517
272.5 40 630.673
273 40 641.851
273.5 40 653.035
274 40 664.168
274.5 40 675.234
275 40 686.308
275.5 40 697.459
276 40 708.617
276.5 40 719.654
277 40 730.584
277.5 40 741.549
278 40 752.655
278.5 40 763.911
279 40 775.326
279.5 40 786.906
280 40 798.611
280.5 40 810.346
281 40 822.022
281.5 40 833.585
282 40 845.027
282.5 40 856.414
283 40 867.833
283.5 40 879.34
284 40 890.818
284.5 40 902.191
285 40 913.487
285.5 40 924.714
286 40 935.887
286.5 40 946.988
287 40 957.992
287.5 40 968.918
288 40 979.816
288.5 40 990.775
289 40 1001.88
289.5 40 1013.18
290 40 1024.65
290.5 40 1036.23
291 40 1047.87
291.5 40 1059.52
292 40 1071.16
292.5 40 1082.77
293 40 1094.38
293.5 40 1106.02
294 40 1117.73
236 40.5 421.826
236.5 40.5 411.596
237 40.5 401.4
237.5 40.5 391.344
238 40.5 381.359
238.5 40.5 371.287
239 40.5 361.176
239.5 40.5 351.115
240 40.5 341.188
240.5 40.5 331.578
241 40.5 322.37
241.5 40.5 313.575
242 40.5 305.229
242.5 40.5 297.36
243 40.5 289.974
243.5 40.5 282.965
244 40.5 276.214
244.5 40.5 269.85
245 40.5 264.114
245.5 40.5 259.118
246 40.5 254.948
246.5 40.5 251.721
247 40.5 249.358
247.5 40.5 247.616
248 40.5 246.35
248.5 40.5 245.88
249 40.5 246.296
249.5 40.5 247.066
250 40.5 248.143
250.5 40.5 249.369
251 40.5 250.825
251.5 40.5 252.861
252 40.5 255.763
252.5 40.5 259.297
253 40.5 263.029
253.5 40.5 266.867
254 40.5 271.061
254.5 40.5 275.884
255 40.5 281.683
255.5 40.5 288.531
256 40.5 296.113
256.5 40.5 304.073
257 40.5 312.213
257.5 40.5 320.46
258 40.5 328.742
258.5 40.5 337.007
259 40.5 345.236
259.5 40.5 353.488
260 40.5 361.93
260.5 40.5 370.742
261 40.5 379.987
261.5 40.5 389.594
262 40.5 399.441
262.5 40.5 409.435
263 40.5 419.504
263.5 40.5 429.574
264 40.5 439.645
264.5 40.5 449.778
265 40.5 460.017
265.5 40.5 470.336
266 40.5 480.68
266.5 40.5 491.054
267 40.5 501.484
267.5 40.5 511.988
268 40.5 522.584
268.5 40.5 533.288
269 40.5 544.109
269.5 40.5 555.056
270 40.5 566.109
270.5 40.5 577.224
271 40.5 588.339
271.5 40.5 599.438
272 40.5 610.548
272.5 40.5 621.697
273 40.5 632.89
273.5 40.5 644.098
274 40.5 655.283
274.5 40.5 666.442
275 40.5 677.63
275.5 40.5 688.868
276 40.5 700.08
276.5 40.5 711.196
277 40.5 722.24
277.5 40.5 733.307
278 40.5 744.447
278.5 40.5 755.666
279 40.5 767.013
279.5 40.5 778.53
280 40.5 790.201
280.5 40.5 801.924
281 40.5 813.596
281.5 40.5 825.156
282 40.5 836.598
282.5 40.5 848.003
283 40.5 859.488
283.5 40.5 871.063
284 40.5 882.566
284.5 40.5 893.943
285 40.5 905.212
285.5 40.5 916.341
286 40.5 927.321
286.5 40.5 938.173
287 40.5 948.953
287.5 40.5 959.751
288 40.5 970.652
288.5 40.5 981.714
289 40.5 992.96
289.5 40.5 1004.38
290 40.5 1015.92
290.5 40.5 1027.52
291 40.5 1039.13
291.5 40.5 1050.72
292 40.5 1062.31
292.5 40.5 1073.94
293 40.5 1085.62
293.5 40.5 1097.38
294 40.5 1109.2
236 41 409.932
236.5 41 399.322
237 41 388.892
237.5 41 378.756
238 41 368.741
238.5 41 358.641
239 41 348.557
239.5 41 338.505
240 41 328.394
240.5 41 318.376
241 41 308.712
241.5 41 299.493
242 41 290.695
242.5 41 282.353
243 41 274.554
243.5 41 267.239
244 41 260.265
244.5 41 253.657
245 41 247.597
245.5 41 242.264
246 41 237.761
246.5 41 234.162
247 41 231.413
247.5 41 229.318
248 41 227.744
248.5 41 226.976
249 41 227.153
249.5 41 227.865
250 41 229.013
250.5 41 230.353
251 41 231.903
251.5 41 234.173
252 41 237.475
252.5 41 241.446
253 41 245.527
253.5 41 249.677
254 41 254.265
254.5 41 259.545
255 41 265.785
255.5 41 273.026
256 41 280.981
256.5 41 289.294
257 41 297.761
257.5 41 306.241
258 41 314.673
258.5 41 323.065
259 41 331.507
259.5 41 340.133
260 41 349.065
260.5 41 358.397
261 41 368.117
261.5 41 378.121
262 41 388.258
262.5 41 398.409
263 41 408.558
263.5 41 418.698
264 41 428.834
264.5 41 439.054
265 41 449.433
265.5 41 459.905
266 41 470.4
266.5 41 480.946
267 41 491.572
267.5 41 502.299
268 41 513.151
268.5 41 524.107
269 41 535.141
269.5 41 546.232
270 41 557.352
270.5 41 568.484
271 41 579.618
271.5 41 590.773
272 41 601.967
272.5 41 613.185
273 41 624.41
273.5 41 635.641
274 41 646.88
274.5 41 658.124
275 41 669.395
275.5 41 680.687
276 41 691.942
276.5 41 703.131
277 41 714.271
277.5 41 725.419
278 41 736.61
278.5 41 747.849
279 41 759.161
279.5 41 770.581
280 41 782.11
280.5 41 793.686
281 41 805.247
281.5 41 816.804
282 41 828.364
282.5 41 839.898
283 41 851.437
283.5 41 863.018
284 41 874.527
284.5 41 885.853
285 41 896.956
285.5 41 907.848
286 41 918.601
286.5 41 929.308
287 41 940.086
287.5 41 950.998
288 41 962.028
288.5 41 973.168
289 41 984.432
289.5 41 995.836
290 41 1007.35
290.5 41 1018.91
291 41 1030.5
291.5 41 1042.14
292 41 1053.85
292.5 41 1065.62
293 41 1077.44
293.5 41 1089.28
294 41 1101.13
236 41.5 398.533
236.5 41.5 387.598
237 41.5 376.931
237.5 41.5 366.592
238 41.5 356.4
238.5 41.5 346.109
239 41.5 335.829
239.5 41.5 325.716
240 41.5 315.662
240.5 41.5 305.581
241 41.5 295.605
241.5 41.5 285.957
242 41.5 276.732
242.5 41.5 267.948
243 41.5 259.674
243.5 41.5 251.922
244 41.5 244.577
244.5 41.5 237.664
245 41.5 231.32
245.5 41.5 225.652
246 41.5 220.786
246.5 41.5 216.79
247 41.5 213.618
247.5 41.5 211.12
248 41.5 209.223
248.5 41.5 208.112
249 41.5 207.969
249.5 41.5 208.594
250 41.5 209.763
250.5 41.5 211.164
251 41.5 212.855
251.5 41.5 215.458
252 41.5 219.203
252.5 41.5 223.578
253 41.5 227.99
253.5 41.5 232.565
254 41.5 237.674
254.5 41.5 243.527
255 41.5 250.301
255.5 41.5 258
256 41.5 266.349
256.5 41.5 275.005
257 41.5 283.72
257.5 41.5 292.34
258 41.5 300.88
258.5 41.5 309.504
259 41.5 318.377
259.5 41.5 327.57
260 41.5 337.098
260.5 41.5 346.96
261 41.5 357.09
261.5 41.5 367.357
262 41.5 377.615
262.5 41.5 387.8
263 41.5 397.933
263.5 41.5 408.056
264 41.5 418.276
264.5 41.5 428.67
265 41.5 439.2
265.5 41.5 449.792
266 41.5 460.45
266.5 41.5 471.249
267 41.5 482.191
267.5 41.5 493.226
268 41.5 504.318
268.5 41.5 515.432
269 41.5 526.551
269.5 41.5 537.669
270 41.5 548.8
270.5 41.5 559.979
271 41.5 571.221
271.5 41.5 582.515
272 41.5 593.823
272.5 41.5 605.103
273 41.5 616.357
273.5 41.5 627.618
274 41.5 638.908
274.5 41.5 650.222
275 41.5 661.563
275.5 41.5 672.916
276 41.5 684.231
276.5 41.5 695.49
277 41.5 706.71
277.5 41.5 717.934
278 41.5 729.183
278.5 41.5 740.441
279 41.5 751.715
279.5 41.5 763.024
280 41.5 774.389
280.5 41.5 785.842
281 41.5 797.373
281.5 41.5 808.958
282 41.5 820.571
282.5 41.5 832.136
283 41.5 843.631
283.5 41.5 855.057
284 41.5 866.362
284.5 41.5 877.484
285 41.5 888.401
285.5 41.5 899.175
286 41.5 909.931
286.5 41.5 920.771
287 41.5 931.721
287.5 41.5 942.742
288 41.5 953.794
288.5 41.5 964.909
289 41.5 976.119
289.5 41.5 987.475
290 41.5 999.003
290.5 41.5 1010.65
291 41.5 1022.39
291.5 41.5 1034.19
292 41.5 1046.03
292.5 41.5 1057.87
293 41.5 1069.71
293.5 41.5 1081.56
294 41.5 1093.42
236 42 387.486
236.5 42 376.311
237 42 365.524
237.5 42 354.96
238 42 344.428
238.5 42 333.867
239 42 323.336
239.5 42 312.982
240 42 302.857
240.5 42 292.836
241 42 282.803
241.5 42 272.896
242 42 263.35
242.5 42 254.239
243 42 245.559
243.5 42 237.312
244 42 229.461
244.5 42 222.096
245 42 215.386
245.5 42 209.362
246 42 204.09
246.5 42 199.657
247 42 196.027
247.5 42 193.104
248 42 190.869
248.5 42 189.421
249 42 188.958
249.5 42 189.437
250 42 190.521
250.5 42 191.926
251 42 193.835
251.5 42 196.852
252 42 201.038
252.5 42 205.773
253 42 210.571
253.5 42 215.667
254 42 221.398
254.5 42 227.954
255 42 235.407
255.5 42 243.651
256 42 252.385
256.5 42 261.282
257 42 270.109
257.5 42 278.795
258 42 287.542
258.5 42 296.61
259 42 306.069
259.5 42 315.87
260 42 325.939
260.5 42 336.206
261 42 346.592
261.5 42 357.003
262 42 367.339
262.5 42 377.557
263 42 387.694
263.5 42 397.841
264 42 408.154
264.5 42 418.703
265 42 429.417
265.5 42 440.212
266 42 451.108
266.5 42 462.197
267 42 473.441
267.5 42 484.728
268 42 495.976
268.5 42 507.151
269 42 518.284
269.5 42 529.438
270 42 540.663
270.5 42 551.967
271 42 563.324
271.5 42 574.697
272 42 586.043
272.5 42 597.343
273 42 608.624
273.5 42 619.923
274 42 631.246
274.5 42 642.594
275 42 654.002
275.5 42 665.466
276 42 676.903
276.5 42 688.257
277 42 699.543
277.5 42 710.813
278 42 722.076
278.5 42 733.324
279 42 744.586
279.5 42 755.874
280 42 767.204
280.5 42 778.6
281 42 790.045
281.5 42 801.503
282 42 812.935
282.5 42 824.302
283 42 835.605
283.5 42 846.839
284 42 857.979
284.5 42 868.989
285 42 879.885
285.5 42 890.745
286 42 901.663
286.5 42 912.661
287 42 923.675
287.5 42 934.693
288 42 945.763
288.5 42 956.955
289 42 968.266
289.5 42 979.734
290 42 991.397
290.5 42 1003.17
291 42 1014.98
291.5 42 1026.82
292 42 1038.67
292.5 42 1050.52
293 42 1062.38
293.5 42 1074.23
294 42 1086.07
236 42.5 377.015
236.5 42.5 365.543
237 42.5 354.612
237.5 42.5 343.886
238 42.5 333.064
238.5 42.5 322.147
239 42.5 311.26
239.5 42.5 300.567
240 42.5 290.186
240.5 42.5 280.052
241 42.5 270.032
241.5 42.5 260.096
242 42.5 250.406
242.5 42.5 241.085
243 42.5 232.131
243.5 42.5 223.48
244 42.5 215.099
244.5 42.5 207.175
245 42.5 199.938
245.5 42.5 193.445
246 42.5 187.699
246.5 42.5 182.752
247 42.5 178.613
247.5 42.5 175.244
248 42.5 172.662
248.5 42.5 170.914
249 42.5 170.153
249.5 42.5 170.406
250 42.5 171.344
250.5 42.5 172.799
251 42.5 175.034
251.5 42.5 178.506
252 42.5 183.097
252.5 42.5 188.184
253 42.5 193.447
253.5 42.5 199.139
254 42.5 205.608
254.5 42.5 213.012
255 42.5 221.265
255.5 42.5 230.066
256 42.5 239.085
256.5 42.5 248.085
257 42.5 256.939
257.5 42.5 265.797
258 42.5 274.985
258.5 42.5 284.637
259 42.5 294.675
259.5 42.5 304.969
260 42.5 315.41
260.5 42.5 325.933
261 42.5 336.499
261.5 42.5 347.032
262 42.5 357.454
262.5 42.5 367.749
263 42.5 377.985
263.5 42.5 388.27
264 42.5 398.728
264.5 42.5 409.43
265 42.5 420.338
265.5 42.5 431.357
266 42.5 442.487
266.5 42.5 453.791
267 42.5 465.216
267.5 42.5 476.651
268 42.5 488.014
268.5 42.5 499.292
269 42.5 510.554
269.5 42.5 521.863
270 42.5 533.211
270.5 42.5 544.577
271 42.5 555.932
271.5 42.5 567.258
272 42.5 578.563
272.5 42.5 589.845
273 42.5 601.111
273.5 42.5 612.401
274 42.5 623.742
274.5 42.5 635.154
275 42.5 646.672
275.5 42.5 658.282
276 42.5 669.874
276.5 42.5 681.35
277 42.5 692.722
277.5 42.5 704.042
278 42.5 715.33
278.5 42.5 726.603
279 42.5 737.884
279.5 42.5 749.157
280 42.5 760.417
280.5 42.5 771.668
281 42.5 782.9
281.5 42.5 794.106
282 42.5 805.294
282.5 42.5 816.476
283 42.5 827.643
283.5 42.5 838.771
284 42.5 849.858
284.5 42.5 860.896
285 42.5 871.874
285.5 42.5 882.826
286 42.5 893.821
286.5 42.5 904.866
287 42.5 915.909
287.5 42.5 926.987
288 42.5 938.186
288.5 42.5 949.56
289 42.5 961.088
289.5 42.5 972.727
290 42.5 984.448
290.5 42.5 996.221
291 42.5 1008.04
291.5 42.5 1019.88
292 42.5 1031.73
292.5 42.5 1043.58
293 42.5 1055.4
293.5 42.5 1067.19
294 42.5 1078.97
236 43 367.202
236.5 43 355.444
237 43 344.227
237.5 43 333.228
238 43 322.16
238.5 43 310.965
239 43 299.772
239.5 43 288.756
240 43 278.032
240.5 43 267.596
241 43 257.414
241.5 43 247.445
242 43 237.689
242.5 43 228.206
243 43 219.039
243.5 43 210.103
244 43 201.323
244.5 43 192.881
245 43 185.044
245.5 43 177.935
246 43 171.594
246.5 43 166.044
247 43 161.335
247.5 43 157.506
248 43 154.569
248.5 43 152.527
249 43 151.469
249.5 43 151.469
250 43 152.332
250.5 43 153.97
251 43 156.607
251.5 43 160.51
252 43 165.456
252.5 43 170.916
253 43 176.698
253.5 43 183.09
254 43 190.443
254.5 43 198.789
255 43 207.817
255.5 43 217.06
256 43 226.249
256.5 43 235.316
257 43 244.352
257.5 43 253.669
258 43 263.458
258.5 43 273.669
259 43 284.169
259.5 43 294.83
260 43 305.548
260.5 43 316.284
261 43 326.993
261.5 43 337.608
262 43 348.122
262.5 43 358.561
263 43 369.003
263.5 43 379.539
264 43 390.238
264.5 43 401.107
265 43 412.114
265.5 43 423.243
266 43 434.534
266.5 43 445.997
267 43 457.571
267.5 43 469.201
268 43 480.767
268.5 43 492.213
269 43 503.608
269.5 43 514.986
270 43 526.335
270.5 43 537.648
271 43 548.906
271.5 43 560.109
272 43 571.308
272.5 43 582.541
273 43 593.824
273.5 43 605.18
274 43 616.604
274.5 43 628.098
275 43 639.697
275.5 43 651.413
276 43 663.137
276.5 43 674.752
277 43 686.257
277.5 43 697.657
278 43 708.949
278.5 43 720.169
279 43 731.354
279.5 43 742.512
280 43 753.648
280.5 43 764.755
281 43 775.833
281.5 43 786.909
282 43 797.991
282.5 43 809.081
283 43 820.178
283.5 43 831.266
284 43 842.343
284.5 43 853.413
285 43 864.467
285.5 43 875.497
286 43 886.534
286.5 43 897.597
287 43 908.698
287.5 43 919.873
288 43 931.181
288.5 43 942.677
289 43 954.353
289.5 43 966.13
290 43 977.919
290.5 43 989.698
291 43 1001.49
291.5 43 1013.29
292 43 1025.1
292.5 43 1036.9
293 43 1048.7
293.5 43 1060.49
294 43 1072.3
236 43.5 358.257
236.5 43.5 346.205
237 43.5 334.649
237.5 43.5 323.302
238 43.5 311.877
238.5 43.5 300.359
239 43.5 288.923
239.5 43.5 277.662
240 43.5 266.623
240.5 43.5 255.846
241 43.5 245.351
241.5 43.5 235.148
242 43.5 225.243
242.5 43.5 215.582
243 43.5 206.141
243.5 43.5 196.911
244 43.5 187.847
244.5 43.5 179.048
245 43.5 170.68
245.5 43.5 162.9
246 43.5 155.852
246.5 43.5 149.614
247 43.5 144.268
247.5 43.5 139.931
248 43.5 136.62
248.5 43.5 134.263
249 43.5 132.915
249.5 43.5 132.725
250 43.5 133.645
250.5 43.5 135.571
251 43.5 138.633
251.5 43.5 142.959
252 43.5 148.275
252.5 43.5 154.173
253 43.5 160.565
253.5 43.5 167.797
254 43.5 176.115
254.5 43.5 185.317
255 43.5 194.902
255.5 43.5 204.438
256 43.5 213.816
256.5 43.5 223.141
257 43.5 232.676
257.5 43.5 242.629
258 43.5 252.997
258.5 43.5 263.672
259 43.5 274.549
259.5 43.5 285.517
260 43.5 296.462
260.5 43.5 307.348
261 43.5 318.149
261.5 43.5 328.866
262 43.5 339.551
262.5 43.5 350.236
263 43.5 360.97
263.5 43.5 371.792
264 43.5 382.715
264.5 43.5 393.716
265 43.5 404.779
265.5 43.5 415.946
266 43.5 427.321
266.5 43.5 438.978
267 43.5 450.836
267.5 43.5 462.716
268 43.5 474.404
268.5 43.5 485.872
269 43.5 497.226
269.5 43.5 508.509
270 43.5 519.738
270.5 43.5 530.918
271 43.5 542.059
271.5 43.5 553.201
272 43.5 564.406
272.5 43.5 575.685
273 43.5 587.036
273.5 43.5 598.462
274 43.5 609.957
274.5 43.5 621.532
275 43.5 633.205
275.5 43.5 644.979
276 43.5 656.761
276.5 43.5 668.445
277 43.5 679.984
277.5 43.5 691.344
278 43.5 702.536
278.5 43.5 713.616
279 43.5 724.67
279.5 43.5 735.761
280 43.5 746.887
280.5 43.5 757.994
281 43.5 769.05
281.5 43.5 780.098
282 43.5 791.159
282.5 43.5 802.213
283 43.5 813.259
283.5 43.5 824.323
284 43.5 835.43
284.5 43.5 846.572
285 43.5 857.708
285.5 43.5 868.801
286 43.5 879.87
286.5 43.5 890.957
287 43.5 902.113
287.5 43.5 913.395
288 43.5 924.847
288.5 43.5 936.456
289 43.5 948.19
289.5 43.5 959.996
290 43.5 971.752
290.5 43.5 983.447
291 43.5 995.181
291.5 43.5 1006.99
292 43.5 1018.84
292.5 43.5 1030.7
293 43.5 1042.55
293.5 43.5 1054.36
294 43.5 1066.14
236 44 350.648
236.5 44 338.278
237 44 326.294
237.5 44 314.507
238 44 302.661
238.5 44 290.765
239 44 279.026
239.5 44 267.483
240 44 256.123
240.5 44 245.012
241 44 234.18
241.5 44 223.62
242 44 213.372
242.5 44 203.41
243 44 193.643
243.5 44 184.077
244 44 174.744
244.5 44 165.653
245 44 156.839
245.5 44 148.437
246 44 140.669
246.5 44 133.692
247 44 127.624
247.5 44 122.645
248 44 118.843
248.5 44 116.145
249 44 114.566
249.5 44 114.274
250 44 115.334
250.5 44 117.596
251 44 121.13
251.5 44 125.953
252 44 131.761
252.5 44 138.225
253 44 145.395
253.5 44 153.584
254 44 162.8
254.5 44 172.624
255 44 182.573
255.5 44 192.416
256 44 202.158
256.5 44 211.997
257 44 222.179
257.5 44 232.751
258 44 243.634
258.5 44 254.722
259 44 265.915
259.5 44 277.102
260 44 288.193
260.5 44 299.206
261 44 310.157
261.5 44 321.07
262 44 331.999
262.5 44 342.963
263 44 353.979
263.5 44 365.04
264 44 376.133
264.5 44 387.225
265 44 398.319
265.5 44 409.52
266 44 420.998
266.5 44 432.828
267 44 444.84
267.5 44 456.785
268 44 468.452
268.5 44 479.82
269 44 491.014
269.5 44 502.122
270 44 513.219
270.5 44 524.358
271 44 535.552
271.5 44 546.792
272 44 558.075
272.5 44 569.389
273 44 580.749
273.5 44 592.192
274 44 603.736
274.5 44 615.372
275 44 627.067
275.5 44 638.805
276 44 650.519
276.5 44 662.144
277 44 673.616
277.5 44 684.896
278 44 696.021
278.5 44 707.069
279 44 718.128
279.5 44 729.243
280 44 740.389
280.5 44 751.514
281 44 762.595
281.5 44 773.677
282 44 784.769
282.5 44 795.845
283 44 806.925
283.5 44 818.042
284 44 829.2
284.5 44 840.384
285 44 851.561
285.5 44 862.697
286 44 873.818
286.5 44 884.993
287 44 896.291
287.5 44 907.714
288 44 919.222
288.5 44 930.79
289 44 942.433
289.5 44 954.165
290 44 965.875
290.5 44 977.564
291 44 989.359
291.5 44 1001.26
292 44 1013.16
292.5 44 1024.98
293 44 1036.74
293.5 44 1048.44
294 44 1060.1
236 44.5 344.404
236.5 44.5 331.867
237 44.5 319.546
237.5 44.5 307.332
238 44.5 295.101
238.5 44.5 282.867
239 44.5 270.785
239.5 44.5 258.86
240 44.5 247.071
240.5 44.5 235.529
241 44.5 224.279
241.5 44.5 213.302
242 44.5 202.613
242.5 44.5 192.207
243 44.5 182.048
243.5 44.5 172.131
244 44.5 162.435
244.5 44.5 152.935
245 44.5 143.658
245.5 44.5 134.702
246 44.5 126.256
246.5 44.5 118.508
247 44.5 111.616
247.5 44.5 105.817
248 44.5 101.338
248.5 44.5 98.2076
249 44.5 96.4249
249.5 44.5 96.1029
250 44.5 97.3517
250.5 44.5 100.017
251 44.5 104.117
251.5 44.5 109.58
252 44.5 116.068
252.5 44.5 123.306
253 44.5 131.429
253.5 44.5 140.591
254 44.5 150.54
254.5 44.5 160.832
255 44.5 171.157
255.5 44.5 181.428
256 44.5 191.712
256.5 44.5 202.188
257 44.5 213.004
257.5 44.5 224.131
258 44.5 235.462
258.5 44.5 246.89
259 44.5 258.323
259.5 44.5 269.669
260 44.5 280.915
260.5 44.5 292.119
261 44.5 303.29
261.5 44.5 314.434
262 44.5 325.596
262.5 44.5 336.792
263 44.5 348.009
263.5 44.5 359.219
264 44.5 370.401
264.5 44.5 381.538
265 44.5 392.676
265.5 44.5 403.936
266 44.5 415.445
266.5 44.5 427.244
267 44.5 439.178
267.5 44.5 451.027
268 44.5 462.612
268.5 44.5 473.886
269 44.5 484.996
269.5 44.5 496.07
270 44.5 507.165
270.5 44.5 518.331
271 44.5 529.593
271.5 44.5 540.915
272 44.5 552.241
272.5 44.5 563.55
273 44.5 574.888
273.5 44.5 586.315
274 44.5 597.842
274.5 44.5 609.455
275 44.5 621.107
275.5 44.5 632.76
276 44.5 644.379
276.5 44.5 655.932
277 44.5 667.368
277.5 44.5 678.659
278 44.5 689.852
278.5 44.5 700.999
279 44.5 712.134
279.5 44.5 723.287
280 44.5 734.46
280.5 44.5 745.614
281 44.5 756.729
281.5 44.5 767.853
282 44.5 779.009
282.5 44.5 790.171
283 44.5 801.321
283.5 44.5 812.484
284 44.5 823.694
284.5 44.5 834.943
285 44.5 846.165
285.5 44.5 857.348
286 44.5 868.536
286.5 44.5 879.782
287 44.5 891.15
287.5 44.5 902.602
288 44.5 914.063
288.5 44.5 925.559
289 44.5 937.121
289.5 44.5 948.764
290 44.5 960.418
290.5 44.5 972.062
291 44.5 983.827
291.5 44.5 995.719
292 44.5 1007.57
292.5 44.5 1019.31
293 44.5 1030.98
293.5 44.5 1042.61
294 44.5 1054.21
236 45 339.206
236.5 45 326.676
237 45 314.249
237.5 45 301.851
238 45 289.467
238.5 45 277.075
239 45 264.736
239.5 45 252.429
240 45 240.151
240.5 45 228.051
241 45 216.221
241.5 45 204.683
242 45 193.462
242.5 45 182.556
243 45 171.948
243.5 45 161.603
244 45 151.433
244.5 45 141.39
245 45 131.54
245.5 45 121.986
246 45 112.843
246.5 45 104.265
247 45 96.4374
247.5 45 89.6601
248 45 84.3002
248.5 45 80.5615
249 45 78.5035
249.5 45 78.1974
250 45 79.7279
250.5 45 82.9669
251 45 87.8226
251.5 45 94.1315
252 45 101.508
252.5 45 109.729
253 45 118.869
253.5 45 128.88
254 45 139.434
254.5 45 150.197
255 45 160.987
255.5 45 171.782
256 45 182.678
256.5 45 193.792
257 45 205.172
257.5 45 216.759
258 45 228.445
258.5 45 240.127
259 45 251.744
259.5 45 263.267
260 45 274.723
260.5 45 286.157
261 45 297.547
261.5 45 308.885
262 45 320.215
262.5 45 331.553
263 45 342.88
263.5 45 354.166
264 45 365.384
264.5 45 376.561
265 45 387.784
265.5 45 399.111
266 45 410.564
266.5 45 422.183
267 45 433.903
267.5 45 445.613
268 45 457.192
268.5 45 468.504
269 45 479.629
269.5 45 490.722
270 45 501.835
270.5 45 512.995
271 45 524.243
271.5 45 535.554
272 45 546.869
272.5 45 558.18
273 45 569.54
273.5 45 580.984
274 45 592.503
274.5 45 604.093
275 45 615.717
275.5 45 627.325
276 45 638.891
276.5 45 650.389
277 45 661.81
277.5 45 673.161
278 45 684.472
278.5 45 695.739
279 45 706.961
279.5 45 718.172
280 45 729.384
280.5 45 740.555
281 45 751.677
281.5 45 762.814
282 45 774.02
282.5 45 785.269
283 45 796.5
283.5 45 807.718
284 45 818.972
284.5 45 830.235
285 45 841.43
285.5 45 852.58
286 45 863.756
286.5 45 875.005
287 45 886.372
287.5 45 897.8
288 45 909.222
288.5 45 920.612
289 45 931.978
289.5 45 943.429
290 45 954.969
290.5 45 966.569
291 45 978.339
291.5 45 990.257
292 45 1002.11
292.5 45 1013.82
293 45 1025.47
293.5 45 1037.06
294 45 1048.53
236 45.5 334.012
236.5 45.5 321.752
237 45.5 309.546
237.5 45.5 297.311
238 45.5 285.047
238.5 45.5 272.733
239 45.5 260.33
239.5 45.5 247.791
240 45.5 235.156
240.5 45.5 222.575
241 45.5 210.165
241.5 45.5 198.025
242 45.5 186.216
242.5 45.5 174.743
243 45.5 163.627
243.5 45.5 152.817
244 45.5 142.15
244.5 45.5 131.536
245 45.5 121.041
245.5 45.5 110.767
246 45.5 100.802
246.5 45.5 91.2868
247 45.5 82.4156
247.5 45.5 74.4975
248 45.5 67.9882
248.5 45.5 63.3183
249 45.5 60.7583
249.5 45.5 60.4703
250 45.5 62.4797
250.5 45.5 66.6053
251 45.5 72.5631
251.5 45.5 80.0088
252 45.5 88.5105
252.5 45.5 97.8339
253 45.5 107.918
253.5 45.5 118.639
254 45.5 129.737
254.5 45.5 140.987
255 45.5 152.283
255.5 45.5 163.622
256 45.5 175.084
256.5 45.5 186.742
257 45.5 198.587
257.5 45.5 210.544
258 45.5 222.515
258.5 45.5 234.411
259 45.5 246.218
259.5 45.5 257.945
260 45.5 269.604
260.5 45.5 281.217
261 45.5 292.755
261.5 45.5 304.21
262 45.5 315.634
262.5 45.5 327.049
263 45.5 338.439
263.5 45.5 349.772
264 45.5 361.041
264.5 45.5 372.286
265 45.5 383.565
265.5 45.5 394.882
266 45.5 406.234
266.5 45.5 417.685
267 45.5 429.24
267.5 45.5 440.833
268 45.5 452.356
268.5 45.5 463.692
269 45.5 474.88
269.5 45.5 486.025
270 45.5 497.166
270.5 45.5 508.335
271 45.5 519.582
271.5 45.5 530.903
272 45.5 542.242
272.5 45.5 553.583
273 45.5 564.963
273.5 45.5 576.417
274 45.5 587.977
274.5 45.5 599.637
275 45.5 611.323
275.5 45.5 622.959
276 45.5 634.503
276.5 45.5 645.965
277 45.5 657.378
277.5 45.5 668.76
278 45.5 680.103
278.5 45.5 691.398
279 45.5 702.666
279.5 45.5 713.919
280 45.5 725.137
280.5 45.5 736.309
281 45.5 747.458
281.5 45.5 758.625
282 45.5 769.832
282.5 45.5 781.048
283 45.5 792.233
283.5 45.5 803.407
284 45.5 814.588
284.5 45.5 825.751
285 45.5 836.873
285.5 45.5 847.975
286 45.5 859.092
286.5 45.5 870.265
287 45.5 881.537
287.5 45.5 892.878
288 45.5 904.215
288.5 45.5 915.513
289 45.5 926.813
289.5 45.5 938.234
290 45.5 949.807
290.5 45.5 961.492
291 45.5 973.271
291.5 45.5 985.066
292 45.5 996.771
292.5 45.5 1008.3
293 45.5 1019.64
293.5 45.5 1030.86
294 45.5 1042.05
236 46 328.393
236.5 46 316.207
237 46 304.194
237.5 46 292.229
238 46 280.255
238.5 46 268.195
239 46 255.906
239.5 46 243.354
240 46 230.639
240.5 46 217.893
241 46 205.254
241.5 46 192.856
242 46 180.72
242.5 46 168.833
243 46 157.275
243.5 46 146.016
244 46 134.886
244.5 46 123.766
245 46 112.666
245.5 46 101.654
246 46 90.803
246.5 46 80.2432
247 46 70.1625
247.5 46 60.8481
248 46 52.7894
250.5 46 51.1898
251 46 58.7663
251.5 46 67.6942
252 46 77.4993
252.5 46 87.9246
253 46 98.8613
253.5 46 110.205
254 46 121.782
254.5 46 133.469
255 46 145.225
255.5 46 157.043
256 46 168.967
256.5 46 181.044
257 46 193.245
257.5 46 205.518
258 46 217.779
258.5 46 229.913
259 46 241.901
259.5 46 253.768
260 46 265.543
260.5 46 277.255
261 46 288.895
261.5 46 300.447
262 46 311.932
262.5 46 323.371
263 46 334.763
263.5 46 346.089
264 46 357.359
264.5 46 368.621
265 46 379.896
265.5 46 391.156
266 46 402.408
266.5 46 413.718
267 46 425.131
267.5 46 436.593
268 46 448.003
268.5 46 459.334
269 46 470.647
269.5 46 481.948
270 46 493.222
270.5 46 504.51
271 46 515.863
271.5 46 527.26
272 46 538.647
272.5 46 550.011
273 46 561.387
273.5 46 572.878
274 46 584.564
274.5 46 596.377
275 46 608.174
275.5 46 619.86
276 46 631.393
276.5 46 642.804
277 46 654.139
277.5 46 665.424
278 46 676.649
278.5 46 687.847
279 46 699.048
279.5 46 710.219
280 46 721.337
280.5 46 732.444
281 46 743.58
281.5 46 754.731
282 46 765.888
282.5 46 777.028
283 46 788.136
283.5 46 799.215
284 46 810.259
284.5 46 821.294
285 46 832.341
285.5 46 843.398
286 46 854.449
286.5 46 865.526
287 46 876.679
287.5 46 887.907
288 46 899.167
288.5 46 910.488
289 46 921.853
289.5 46 933.326
290 46 944.949
290.5 46 956.598
291 46 968.141
291.5 46 979.508
292 46 990.805
292.5 46 1002.11
293 46 1013.42
293.5 46 1024.72
294 46 1036.01
236 46.5 323.561
236.5 46.5 311.163
237 46.5 298.979
237.5 46.5 286.966
238 46.5 275.037
238.5 46.5 263.066
239 46.5 250.904
239.5 46.5 238.486
240 46.5 225.897
240.5 46.5 213.277
241 46.5 200.772
241.5 46.5 188.495
242 46.5 176.43
242.5 46.5 164.526
243 46.5 152.813
243.5 46.5 141.267
244 46.5 129.782
244.5 46.5 118.267
245 46.5 106.704
245.5 46.5 95.1188
246 46.5 83.5411
246.5 46.5 72.0409
247 46.5 60.7389
247.5 46.5 49.8425
251 46.5 47.5216
251.5 46.5 58.1129
252 46.5 69.1756
252.5 46.5 80.5437
253 46.5 92.175
253.5 46.5 104.021
254 46.5 115.996
254.5 46.5 128.047
255 46.5 140.142
255.5 46.5 152.275
256 46.5 164.505
256.5 46.5 176.878
257 46.5 189.36
257.5 46.5 201.886
258 46.5 214.358
258.5 46.5 226.66
259 46.5 238.768
259.5 46.5 250.735
260 46.5 262.61
260.5 46.5 274.402
261 46.5 286.091
261.5 46.5 297.664
262 46.5 309.131
262.5 46.5 320.5
263 46.5 331.797
263.5 46.5 343.037
264 46.5 354.242
264.5 46.5 365.442
265 46.5 376.638
265.5 46.5 387.818
266 46.5 399.001
266.5 46.5 410.225
267 46.5 421.527
267.5 46.5 432.89
268 46.5 444.275
268.5 46.5 455.688
269 46.5 467.153
269.5 46.5 478.656
270 46.5 490.159
270.5 46.5 501.648
271 46.5 513.147
271.5 46.5 524.641
272 46.5 536.096
272.5 46.5 547.513
273 46.5 558.943
273.5 46.5 570.527
274 46.5 582.302
274.5 46.5 594.132
275 46.5 605.874
275.5 46.5 617.456
276 46.5 628.849
276.5 46.5 640.067
277 46.5 651.185
277.5 46.5 662.263
278 46.5 673.314
278.5 46.5 684.364
279 46.5 695.44
279.5 46.5 706.498
280 46.5 717.525
280.5 46.5 728.583
281 46.5 739.684
281.5 46.5 750.784
282 46.5 761.867
282.5 46.5 772.927
283 46.5 783.947
283.5 46.5 794.948
284 46.5 805.946
284.5 46.5 816.949
285 46.5 827.977
285.5 46.5 839.002
286 46.5 849.974
286.5 46.5 860.924
287 46.5 871.919
287.5 46.5 883.003
288 46.5 894.182
288.5 46.5 905.436
289 46.5 916.708
289.5 46.5 928.087
290 46.5 939.622
290.5 46.5 951.174
291 46.5 962.612
291.5 46.5 973.927
292 46.5 985.244
292.5 46.5 996.604
293 46.5 1007.96
293.5 46.5 1019.29
294 46.5 1030.58
236 47 319.91
236.5 47 307.274
237 47 294.838
237.5 47 282.635
238 47 270.573
238.5 47 258.556
239 47 246.486
239.5 47 234.28
240 47 221.961
240.5 47 209.637
241 47 197.441
241.5 47 185.43
242 47 173.575
242.5 47 161.807
243 47 150.1
243.5 47 138.436
244 47 126.759
244.5 47 115.022
245 47 103.221
245.5 47 91.3639
246 47 79.4451
246.5 47 67.4818
247 47 55.4908
251.5 47 52.8136
252 47 64.6117
252.5 47 76.4769
253 47 88.4618
253.5 47 100.565
254 47 112.758
254.5 47 125.013
255 47 137.269
255.5 47 149.534
256 47 161.911
256.5 47 174.443
257 47 187.069
257.5 47 199.711
258 47 212.283
258.5 47 224.674
259 47 236.849
259.5 47 248.868
260 47 260.778
260.5 47 272.566
261 47 284.207
261.5 47 295.705
262 47 307.083
262.5 47 318.335
263 47 329.495
263.5 47 340.628
264 47 351.763
264.5 47 362.913
265 47 374.054
265.5 47 385.192
266 47 396.351
266.5 47 407.526
267 47 418.747
267.5 47 430.037
268 47 441.412
268.5 47 452.873
269 47 464.4
269.5 47 475.983
270 47 487.586
270.5 47 499.173
271 47 510.747
271.5 47 522.286
272 47 533.764
272.5 47 545.2
273 47 556.658
273.5 47 568.238
274 47 579.941
274.5 47 591.655
275 47 603.271
275.5 47 614.732
276 47 626.018
276.5 47 637.144
277 47 648.174
277.5 47 659.16
278 47 670.124
278.5 47 681.084
279 47 692.053
279.5 47 702.998
280 47 713.916
280.5 47 724.865
281 47 735.868
281.5 47 746.892
282 47 757.92
282.5 47 768.94
283 47 779.919
283.5 47 790.892
284 47 801.887
284.5 47 812.856
285 47 823.829
285.5 47 834.801
286 47 845.705
286.5 47 856.547
287 47 867.402
287.5 47 878.339
288 47 889.342
288.5 47 900.387
289 47 911.551
289.5 47 922.949
290 47 934.518
290.5 47 946.087
291 47 957.561
291.5 47 968.936
292 47 980.279
292.5 47 991.623
293 47 1002.95
293.5 47 1014.24
294 47 1025.5
236 47.5 317.337
236.5 47.5 304.707
237 47.5 292.236
237.5 47.5 279.927
238 47.5 267.716
238.5 47.5 255.613
239 47.5 243.603
239.5 47.5 231.639
240 47.5 219.717
240.5 47.5 207.827
241 47.5 196.001
241.5 47.5 184.276
242 47.5 172.631
242.5 47.5 161.029
243 47.5 149.441
243.5 47.5 137.846
244 47.5 126.208
244.5 47.5 114.504
245 47.5 102.735
245.5 47.5 90.9313
246 47.5 79.0818
246.5 47.5 67.2208
247 47.5 55.384
251.5 47.5 52.9601
252 47.5 64.6185
252.5 47.5 76.3686
253 47.5 88.2537
253.5 47.5 100.279
254 47.5 112.407
254.5 47.5 124.6
255 47.5 136.81
255.5 47.5 149.047
256 47.5 161.398
256.5 47.5 173.895
257 47.5 186.46
257.5 47.5 199.027
258 47.5 211.519
258.5 47.5 223.833
259 47.5 235.928
259.5 47.5 247.843
260 47.5 259.636
260.5 47.5 271.309
261 47.5 282.846
261.5 47.5 294.271
262 47.5 305.607
262.5 47.5 316.821
263 47.5 327.932
263.5 47.5 339.009
264 47.5 350.096
264.5 47.5 361.202
265 47.5 372.304
265.5 47.5 383.392
266 47.5 394.476
266.5 47.5 405.559
267 47.5 416.671
267.5 47.5 427.829
268 47.5 439.073
268.5 47.5 450.433
269 47.5 461.888
269.5 47.5 473.436
270 47.5 485.044
270.5 47.5 496.674
271 47.5 508.306
271.5 47.5 519.907
272 47.5 531.455
272.5 47.5 542.966
273 47.5 554.486
273.5 47.5 566.067
274 47.5 577.7
274.5 47.5 589.315
275 47.5 600.833
275.5 47.5 612.209
276 47.5 623.428
276.5 47.5 634.505
277 47.5 645.484
277.5 47.5 656.405
278 47.5 667.294
278.5 47.5 678.169
279 47.5 689.037
279.5 47.5 699.886
280 47.5 710.721
280.5 47.5 721.583
281 47.5 732.491
281.5 47.5 743.433
282 47.5 754.391
282.5 47.5 765.35
283 47.5 776.288
283.5 47.5 787.225
284 47.5 798.172
284.5 47.5 809.096
285 47.5 820.009
285.5 47.5 830.905
286 47.5 841.743
286.5 47.5 852.525
287 47.5 863.306
287.5 47.5 874.14
288 47.5 885.029
288.5 47.5 895.988
289 47.5 907.103
289.5 47.5 918.44
290 47.5 929.93
290.5 47.5 941.443
291 47.5 952.904
291.5 47.5 964.293
292 47.5 975.635
292.5 47.5 986.948
293 47.5 998.23
293.5 47.5 1009.47
294 47.5 1020.68
236 48 315.612
236.5 48 303.259
237 48 291.036
237.5 48 278.858
238 48 266.704
238.5 48 254.671
239 48 242.806
239.5 48 231.1
240 48 219.529
240.5 48 208.008
241 48 196.482
241.5 48 184.994
242 48 173.559
242.5 48 162.151
243 48 150.766
243.5 48 139.39
244 48 127.986
244.5 48 116.554
245 48 105.139
245.5 48 93.7695
246 48 82.4445
246.5 48 71.2665
247 48 60.3725
247.5 48 50.01
251 48 48.4679
251.5 48 58.5898
252 48 69.229
252.5 48 80.2052
253 48 91.467
253.5 48 102.973
254 48 114.662
254.5 48 126.477
255 48 138.382
255.5 48 150.391
256 48 162.553
256.5 48 174.867
257 48 187.248
257.5 48 199.619
258 48 211.889
258.5 48 223.981
259 48 235.871
259.5 48 247.58
260 48 259.165
260.5 48 270.655
261 48 282.063
261.5 48 293.401
262 48 304.66
262.5 48 315.814
263 48 326.879
263.5 48 337.894
264 48 348.903
264.5 48 359.938
265 48 370.992
265.5 48 382.048
266 48 393.086
266.5 48 404.108
267 48 415.152
267.5 48 426.24
268 48 437.41
268.5 48 448.695
269 48 460.091
269.5 48 471.593
270 48 483.176
270.5 48 494.804
271 48 506.446
271.5 48 518.069
272 48 529.653
272.5 48 541.204
273 48 552.744
273.5 48 564.297
274 48 575.85
274.5 48 587.36
275 48 598.775
275.5 48 610.063
276 48 621.212
276.5 48 632.235
277 48 643.16
277.5 48 654.02
278 48 664.838
278.5 48 675.632
279 48 686.411
279.5 48 697.177
280 48 707.94
280.5 48 718.725
281 48 729.547
281.5 48 740.403
282 48 751.28
282.5 48 762.167
283 48 773.051
283.5 48 783.935
284 48 794.82
284.5 48 805.688
285 48 816.537
285.5 48 827.361
286 48 838.14
286.5 48 848.881
287 48 859.618
287.5 48 870.392
288 48 881.222
288.5 48 892.139
289 48 903.198
289.5 48 914.432
290 48 925.795
290.5 48 937.206
291 48 948.604
291.5 48 959.961
292 48 971.28
292.5 48 982.568
293 48 993.824
293.5 48 1005.05
294 48 1016.23
236 48.5 315.114
236.5 48.5 303.017
237 48.5 291.034
237.5 48.5 279.088
238 48.5 267.169
238.5 48.5 255.364
239 48.5 243.738
239.5 48.5 232.294
240 48.5 221.011
240.5 48.5 209.813
241 48.5 198.602
241.5 48.5 187.407
242 48.5 176.255
242.5 48.5 165.113
243 48.5 154.028
243.5 48.5 143.009
244 48.5 132.011
244.5 48.5 121.075
245 48.5 110.281
245.5 48.5 99.6488
246 48.5 89.1797
246.5 48.5 79.0072
247 48.5 69.3741
247.5 48.5 60.6741
248 48.5 53.4055
248.5 48.5 48.0361
249 48.5 45.0884
249.5 48.5 44.9891
250 48.5 47.665
250.5 48.5 52.8276
251 48.5 59.9282
251.5 48.5 68.372
252 48.5 77.6553
252.5 48.5 87.507
253 48.5 97.8218
253.5 48.5 108.519
254 48.5 119.509
254.5 48.5 130.718
255 48.5 142.112
255.5 48.5 153.701
256 48.5 165.503
256.5 48.5 177.474
257 48.5 189.528
257.5 48.5 201.571
258 48.5 213.504
258.5 48.5 225.287
259 48.5 236.899
259.5 48.5 248.353
260 48.5 259.706
260.5 48.5 270.992
261 48.5 282.233
261.5 48.5 293.436
262 48.5 304.578
262.5 48.5 315.651
263 48.5 326.665
263.5 48.5 337.622
264 48.5 348.556
264.5 48.5 359.516
265 48.5 370.504
265.5 48.5 381.497
266 48.5 392.475
266.5 48.5 403.441
267 48.5 414.425
267.5 48.5 425.455
268 48.5 436.562
268.5 48.5 447.774
269 48.5 459.098
269.5 48.5 470.529
270 48.5 482.047
270.5 48.5 493.624
271 48.5 505.227
271.5 48.5 516.825
272 48.5 528.397
272.5 48.5 539.939
273 48.5 551.456
273.5 48.5 562.953
274 48.5 574.418
274.5 48.5 585.822
275 48.5 597.132
275.5 48.5 608.327
276 48.5 619.398
276.5 48.5 630.355
277 48.5 641.22
277.5 48.5 652.015
278 48.5 662.762
278.5 48.5 673.479
279 48.5 684.178
279.5 48.5 694.867
280 48.5 705.558
280.5 48.5 716.268
281 48.5 727.007
281.5 48.5 737.778
282 48.5 748.572
282.5 48.5 759.382
283 48.5 770.198
283.5 48.5 781.017
284 48.5 791.833
284.5 48.5 802.637
285 48.5 813.421
285.5 48.5 824.178
286 48.5 834.901
286.5 48.5 845.598
287 48.5 856.294
287.5 48.5 867.02
288 48.5 877.804
288.5 48.5 888.68
289 48.5 899.683
289.5 48.5 910.829
290 48.5 922.091
290.5 48.5 933.419
291 48.5 944.764
291.5 48.5 956.097
292 48.5 967.406
292.5 48.5 978.687
293 48.5 989.937
293.5 48.5 1001.15
294 48.5 1012.33
236 49 315.656
236.5 49 303.791
237 49 292.031
237.5 49 280.331
238 49 268.688
238.5 49 257.157
239 49 245.808
239.5 49 234.687
240 49 223.755
240.5 49 212.911
241 49 202.077
241.5 49 191.262
242 49 180.485
242.5 49 169.746
243 49 159.097
243.5 49 148.562
244 49 138.134
244.5 49 127.867
245 49 117.825
245.5 49 108.028
246 49 98.514
246.5 49 89.4439
247 49 81.11
247.5 49 73.9058
248 49 68.1999
248.5 49 64.2173
249 49 62.1657
249.5 49 62.2021
250 49 64.2704
250.5 49 68.2218
251 49 73.8478
251.5 49 80.8292
252 49 88.8031
252.5 49 97.4966
253 49 106.773
253.5 49 116.539
254 49 126.704
254.5 49 137.189
255 49 147.953
255.5 49 158.984
256 49 170.27
256.5 49 181.754
257 49 193.347
257.5 49 204.954
258 49 216.485
258.5 49 227.903
259 49 239.191
259.5 49 250.36
260 49 261.452
260.5 49 272.501
261 49 283.527
261.5 49 294.536
262 49 305.515
262.5 49 316.456
263 49 327.362
263.5 49 338.229
264 49 349.076
264.5 49 359.94
265 49 370.828
265.5 49 381.724
266 49 392.617
266.5 49 403.51
267 49 414.426
267.5 49 425.388
268 49 436.425
268.5 49 447.559
269 49 458.8
269.5 49 470.145
270 49 481.579
270.5 49 493.078
271 49 504.612
271.5 49 516.153
272 49 527.679
272.5 49 539.176
273 49 550.639
273.5 49 562.061
274 49 573.432
274.5 49 584.73
275 49 595.934
275.5 49 607.031
276 49 618.017
276.5 49 628.898
277 49 639.692
277.5 49 650.416
278 49 661.09
278.5 49 671.73
279 49 682.349
279.5 49 692.961
280 49 703.576
280.5 49 714.206
281 49 724.862
281.5 49 735.545
282 49 746.251
282.5 49 756.975
283 49 767.71
283.5 49 778.451
284 49 789.192
284.5 49 799.926
285 49 810.648
285.5 49 821.353
286 49 832.041
286.5 49 842.72
287 49 853.409
287.5 49 864.134
288 49 874.918
288.5 49 885.789
289 49 896.771
289.5 49 907.87
290 49 919.071
290.5 49 930.341
291 49 941.643
291.5 49 952.952
292 49 964.248
292.5 49 975.523
293 49 986.768
293.5 49 997.981
294 49 1009.16
