236 26 -9.63124
236.5 26 -10.6584
237 26 -10.4399
237.5 26 -9.94787
238 26 -9.24689
238.5 26 -8.32683
239 26 -7.19642
239.5 26 -5.88117
240 26 -4.41029
240.5 26 -2.81643
241 26 -1.14417
241.5 26 0.549834
242 26 2.16102
242.5 26 3.28772
243 26 1.08111
243.5 26 -1.46848
244 26 -1.11788
244.5 26 -0.464359
245 26 0.143862
245.5 26 0.849536
246 26 1.63401
246.5 26 1.32716
247 26 -0.295462
247.5 26 -1.35237
248 26 -1.10042
248.5 26 -0.262279
249 26 0.66853
249.5 26 1.52961
250 26 2.21006
250.5 26 2.33413
251 26 1.86016
251.5 26 1.4718
252 26 1.26543
252.5 26 1.35857
253 26 1.85539
253.5 26 2.13143
254 26 1.71447
254.5 26 -2.91356
255 26 -6.78058
255.5 26 -5.60615
256 26 -4.04549
256.5 26 -2.51767
257 26 -1.11292
257.5 26 0.212003
258 26 0.422093
258.5 26 -2.61283
259 26 -3.94541
259.5 26 -2.72125
260 26 -1.97747
260.5 26 -1.74303
261 26 -1.71001
261.5 26 -1.21937
262 26 -1.43319
262.5 26 -1.60889
263 26 1.03811
263.5 26 4.31844
264 26 6.71329
264.5 26 9.2755
265 26 12.14
265.5 26 14.7375
266 26 16.7888
266.5 26 18.1154
267 26 18.1858
267.5 26 16.674
268 26 14.9794
268.5 26 14.3215
269 26 8.16318
269.5 26 -1.03653
270 26 -3.39734
270.5 26 -4.86286
271 26 -7.72569
271.5 26 -11.409
272 26 -13.7457
272.5 26 -14.4591
273 26 -17.3726
273.5 26 -22.0975
274 26 -23.7176
274.5 26 -22.908
275 26 -22.2636
275.5 26 -21.9101
276 26 -21.591
276.5 26 -21.2914
277 26 -21.0426
277.5 26 -20.4976
278 26 -19.5268
278.5 26 -18.7091
279 26 -18.1175
279.5 26 -16.5849
280 26 -14.0497
280.5 26 -11.6349
281 26 -9.86432
281.5 26 -8.61933
282 26 -7.49366
282.5 26 -6.20768
283 26 -4.79876
283.5 26 -3.40279
284 26 -2.13039
284.5 26 -1.05986
285 26 -0.257901
285.5 26 0.192381
286 26 0.501751
286.5 26 0.794494
287 26 1.14541
287.5 26 1.55468
288 26 1.89619
288.5 26 2.17004
289 26 2.36307
289.5 26 2.30097
290 26 1.73416
290.5 26 1.21021
291 26 1.32778
291.5 26 1.84879
292 26 1.98839
292.5 26 1.53774
293 26 1.20397
293.5 26 1.47117
294 26 1.941
236 26.5 -7.80343
236.5 26.5 -10.1318
237 26.5 -10.6008
237.5 26.5 -10.242
238 26.5 -9.62601
238.5 26.5 -8.77255
239 26.5 -7.67689
239.5 26.5 -6.35275
240 26.5 -4.83402
240.5 26.5 -3.16167
241 26.5 -1.38086
241.5 26.5 0.442836
242 26.5 2.21179
242.5 26.5 3.73481
243 26.5 2.04013
243.5 26.5 -0.924562
244 26.5 -1.04623
244.5 26.5 -0.378475
245 26.5 0.250864
245.5 26.5 0.952079
246 26.5 1.77199
246.5 26.5 1.54514
247 26.5 -0.0305634
247.5 26.5 -1.22548
248 26.5 -1.10812
248.5 26.5 -0.246524
249 26.5 0.731468
249.5 26.5 1.6402
250 26.5 2.33955
250.5 26.5 2.40646
251 26.5 1.9038
251.5 26.5 1.52918
252 26.5 1.33885
252.5 26.5 1.50784
253 26.5 2.04142
253.5 26.5 2.19682
254 26.5 1.39913
254.5 26.5 -3.60924
255 26.5 -7.12287
255.5 26.5 -5.52235
256 26.5 -3.83404
256.5 26.5 -2.20531
257 26.5 -0.720807
257.5 26.5 0.686891
258 26.5 -0.372767
258.5 26.5 -3.39294
259 26.5 -3.45856
259.5 26.5 -2.38721
260 26.5 -1.7496
260.5 26.5 -1.6559
261 26.5 -1.45106
261.5 26.5 -1.07373
262 26.5 -1.88709
262.5 26.5 -1.07472
263 26.5 2.35032
263.5 26.5 5.10413
264 26.5 7.64123
264.5 26.5 10.7038
265 26.5 13.6094
265.5 26.5 15.8791
266 26.5 17.2525
266.5 26.5 17.1634
267 26.5 15.6022
267.5 26.5 14.1517
268 26.5 13.6866
268.5 26.5 9.25451
269 26.5 -0.00931544
269.5 26.5 -3.58428
270 26.5 -4.36192
270.5 26.5 -6.49383
271 26.5 -9.6546
271.5 26.5 -12.7576
272 26.5 -13.9813
272.5 26.5 -15.0053
273 26.5 -18.897
273.5 26.5 -22.8397
274 26.5 -23.2613
274.5 26.5 -22.3076
275 26.5 -21.6672
275.5 26.5 -21.2559
276 26.5 -20.8886
276.5 26.5 -20.6278
277 26.5 -20.3556
277.5 26.5 -19.6607
278 26.5 -18.6195
278.5 26.5 -17.9601
279 26.5 -17.1873
279.5 26.5 -15.1386
280 26.5 -12.5215
280.5 26.5 -10.4441
281 26.5 -9.01499
281.5 26.5 -7.85487
282 26.5 -6.53598
282.5 26.5 -5.02858
283 26.5 -3.52996
283.5 26.5 -2.1425
284 26.5 -1
284.5 26.5 -0.198951
285 26.5 0.261173
285.5 26.5 0.530893
286 26.5 0.845183
286.5 26.5 1.18088
287 26.5 1.56131
287.5 26.5 1.89991
288 26.5 2.13371
288.5 26.5 2.27435
289 26.5 2.0729
289.5 26.5 1.42941
290 26.5 0.990608
290.5 26.5 1.24362
291 26.5 1.74985
291.5 26.5 1.70184
292 26.5 1.18762
292.5 26.5 0.989409
293 26.5 1.35435
293.5 26.5 1.85984
294 26.5 2.39449
236 27 -6.25711
236.5 27 -8.49382
237 27 -10.4276
237.5 27 -10.4828
238 27 -9.9859
238.5 27 -9.22184
239 27 -8.18607
239.5 27 -6.88046
240 27 -5.3323
240.5 27 -3.58648
241 27 -1.69603
241.5 27 0.267955
242 27 2.19551
242.5 27 3.8949
243 27 2.96073
243.5 27 -0.118553
244 27 -0.993939
244.5 27 -0.336091
245 27 0.322352
245.5 27 1.02702
246 27 1.87638
246.5 27 1.73626
247 27 0.225487
247.5 27 -1.10612
248 27 -1.13677
248.5 27 -0.247794
249 27 0.788921
249.5 27 1.75366
250 27 2.47237
250.5 27 2.47755
251 27 1.95993
251.5 27 1.60084
252 27 1.43552
252.5 27 1.6925
253 27 2.23978
253.5 27 2.24374
254 27 0.770142
254.5 27 -4.29677
255 27 -7.17104
255.5 27 -5.41703
256 27 -3.59432
256.5 27 -1.87223
257 27 -0.301465
257.5 27 1.0579
258 27 -1.33442
258.5 27 -4.13985
259 27 -3.17279
259.5 27 -2.17448
260 27 -1.71132
260.5 27 -1.63711
261 27 -1.14705
261.5 27 -1.27986
262 27 -2.08454
262.5 27 0.0660605
263 27 3.35685
263.5 27 5.90009
264 27 9.0543
264.5 27 12.3149
265 27 14.8639
265.5 27 16.3118
266 27 16.1186
266.5 27 14.5697
267 27 13.3505
267.5 27 13.0605
268 27 10.4605
268.5 27 1.07175
269 27 -4.03641
269.5 27 -4.23202
270 27 -5.64251
270.5 27 -8.17439
271 27 -11.3292
271.5 27 -13.5229
272 27 -14.0314
272.5 27 -15.9107
273 27 -20.3418
273.5 27 -23.1916
274 27 -22.7029
274.5 27 -21.6746
275 27 -21.0257
275.5 27 -20.5575
276 27 -20.176
276.5 27 -19.9725
277 27 -19.618
277.5 27 -18.8023
278 27 -17.8902
278.5 27 -17.2317
279 27 -15.8291
279.5 27 -13.3394
280 27 -11.0028
280.5 27 -9.37525
281 27 -8.15808
281.5 27 -6.86787
282 27 -5.27706
282.5 27 -3.65471
283 27 -2.15749
283.5 27 -0.93915
284 27 -0.140266
284.5 27 0.318543
285 27 0.586545
285.5 27 0.886029
286 27 1.24349
286.5 27 1.5962
287 27 1.90686
287.5 27 2.11319
288 27 2.17673
288.5 27 1.82364
289 27 1.12836
289.5 27 0.812648
290 27 1.17539
290.5 27 1.61749
291 27 1.38161
291.5 27 0.853852
292 27 0.815695
292.5 27 1.25365
293 27 1.79502
293.5 27 2.34064
294 27 2.87775
236 27.5 -5.71479
236.5 27.5 -6.6616
237 27.5 -9.18947
237.5 27.5 -10.5297
238 27.5 -10.3012
238.5 27.5 -9.65204
239 27.5 -8.70974
239.5 27.5 -7.45563
240 27.5 -5.9038
240.5 27.5 -4.09907
241 27.5 -2.10326
241.5 27.5 0.00441275
242 27.5 2.10883
242.5 27.5 3.97692
243 27.5 3.8116
243.5 27.5 0.737441
244 27.5 -0.941877
244.5 27.5 -0.338666
245 27.5 0.355222
245.5 27.5 1.06871
246 27.5 1.94764
246.5 27.5 1.91438
247 27.5 0.478908
247.5 27.5 -0.998174
248 27.5 -1.18175
248.5 27.5 -0.266587
249 27.5 0.840871
249.5 27.5 1.87375
250 27.5 2.609
250.5 27.5 2.55512
251 27.5 2.03123
251.5 27.5 1.68732
252 27.5 1.56045
252.5 27.5 1.91106
253 27.5 2.43887
253.5 27.5 2.27693
254 27.5 0.0888405
254.5 27.5 -4.99343
255 27.5 -7.18898
255.5 27.5 -5.28344
256 27.5 -3.32042
256.5 27.5 -1.50472
257 27.5 0.152249
257.5 27.5 0.819455
258 27.5 -2.53926
258.5 27.5 -4.46329
259 27.5 -3.00941
259.5 27.5 -2.13286
260 27.5 -1.87945
260.5 27.5 -1.64829
261 27.5 -0.969799
261.5 27.5 -1.66014
262 27.5 -1.64517
262.5 27.5 1.28088
263 27.5 4.10356
263.5 27.5 7.16685
264 27.5 10.768
264.5 27.5 13.6781
265 27.5 15.2691
265.5 27.5 15.054
266 27.5 13.5745
266.5 27.5 12.566
267 27.5 12.4388
267.5 27.5 11.4294
268 27.5 2.21055
268.5 27.5 -4.60596
269 27.5 -4.39587
269.5 27.5 -5.12038
270 27.5 -7.10039
270.5 27.5 -9.78916
271 27.5 -12.572
271.5 27.5 -13.6679
272 27.5 -14.2931
272.5 27.5 -17.2025
273 27.5 -21.5167
273.5 27.5 -23.1534
274 27.5 -22.1064
274.5 27.5 -21.0434
275 27.5 -20.3446
275.5 27.5 -19.7772
276 27.5 -19.4025
276.5 27.5 -19.1849
277 27.5 -18.7031
277.5 27.5 -17.8827
278 27.5 -17.1644
278.5 27.5 -16.1633
279 27.5 -13.9944
279.5 27.5 -11.4654
280 27.5 -9.64839
280.5 27.5 -8.39042
281 27.5 -7.11444
281.5 27.5 -5.50982
282 27.5 -3.76679
282.5 27.5 -2.1668
283 27.5 -0.877202
283.5 27.5 -0.0667627
284 27.5 0.365915
284.5 27.5 0.654628
285 27.5 0.940744
285.5 27.5 1.32049
286 27.5 1.65887
286.5 27.5 1.91688
287 27.5 2.07075
287.5 27.5 2.05727
288 27.5 1.54028
288.5 27.5 0.842527
289 27.5 0.674962
289.5 27.5 1.14762
290 27.5 1.43848
290.5 27.5 1.04
291 27.5 0.548075
291.5 27.5 0.682463
292 27.5 1.16851
292.5 27.5 1.74584
293 27.5 2.30291
293.5 27.5 2.82608
294 27.5 3.242
236 28 -5.62821
236.5 28 -5.6467
237 28 -7.26033
237.5 28 -9.77189
238 28 -10.4883
238.5 28 -10.0428
239 28 -9.21822
239.5 28 -8.05663
240 28 -6.54371
240.5 28 -4.70671
241 28 -2.61495
241.5 28 -0.360797
242 28 1.93037
242.5 28 4.01204
243 28 4.58975
243.5 28 1.60106
244 28 -0.854641
244.5 28 -0.390503
245 28 0.343982
245.5 28 1.08017
246 28 1.99195
246.5 28 2.07977
247 28 0.729073
247.5 28 -0.897757
248 28 -1.23852
248.5 28 -0.29812
249 28 0.887486
249.5 28 2.00072
250 28 2.75674
250.5 28 2.64215
251 28 2.11694
251.5 28 1.79216
252 28 1.71585
252.5 28 2.16219
253 28 2.61796
253.5 28 2.2892
254 28 -0.621309
254.5 28 -5.735
255 28 -7.20516
255.5 28 -5.11868
256 28 -3.0027
256.5 28 -1.09277
257 28 0.627839
257.5 28 -0.158052
258 28 -3.73812
258.5 28 -4.25129
259 28 -2.93031
259.5 28 -2.29067
260 28 -2.22686
260.5 28 -1.72905
261 28 -1.18504
261.5 28 -1.78368
262 28 -0.64549
262.5 28 2.15697
263 28 5.17411
263.5 28 8.91069
264 28 12.2177
264.5 28 14.0634
265 28 13.9494
265.5 28 12.6045
266 28 11.7964
266.5 28 11.8236
267 28 11.7056
267.5 28 3.45924
268 28 -4.78504
268.5 28 -4.77252
269 28 -4.94711
269.5 28 -6.31974
270 28 -8.51823
270.5 28 -11.238
271 28 -13.2172
271.5 28 -13.5352
272 28 -14.9399
272.5 28 -18.6981
273 28 -22.335
273.5 28 -22.7905
274 28 -21.4854
274.5 28 -20.4153
275 28 -19.6087
275.5 28 -18.9186
276 28 -18.5323
276.5 28 -18.216
277 28 -17.5434
277.5 28 -16.8505
278 28 -16.298
278.5 28 -14.6859
279 28 -12.0177
279.5 28 -9.8188
280 28 -8.48992
280.5 28 -7.2617
281 28 -5.66276
281.5 28 -3.84167
282 28 -2.14313
282.5 28 -0.800854
283 28 0.0211654
283.5 28 0.413311
284 28 0.701682
284.5 28 1.0101
285 28 1.37516
285.5 28 1.69847
286 28 1.91664
286.5 28 2.0182
287 28 1.87811
287.5 28 1.24707
288 28 0.584783
288.5 28 0.60165
289 28 1.10963
289.5 28 1.2125
290 28 0.663608
290.5 28 0.294475
291 28 0.576638
291.5 28 1.1113
292 28 1.69961
292.5 28 2.26726
293 28 2.76591
293.5 28 3.10594
294 28 3.18007
236 28.5 -5.60795
236.5 28.5 -5.43226
237 28.5 -5.75731
237.5 28.5 -7.95751
238 28.5 -10.1449
238.5 28.5 -10.3338
239 28.5 -9.68728
239.5 28.5 -8.65468
240 28.5 -7.22953
240.5 28.5 -5.40756
241 28.5 -3.24594
241.5 28.5 -0.846142
242 28.5 1.6411
242.5 28.5 3.96314
243 28.5 5.2108
243.5 28.5 2.48611
244 28.5 -0.656342
244.5 28.5 -0.496729
245 28.5 0.282805
245.5 28.5 1.06219
246 28.5 2.01209
246.5 28.5 2.24003
247 28.5 0.983879
247.5 28.5 -0.796807
248 28.5 -1.30289
248.5 28.5 -0.344028
249 28.5 0.930069
249.5 28.5 2.13423
250 28.5 2.90587
250.5 28.5 2.73546
251 28.5 2.22353
251.5 28.5 1.91887
252 28.5 1.90577
252.5 28.5 2.43892
253 28.5 2.75827
253.5 28.5 2.25927
254 28.5 -1.37267
254.5 28.5 -6.51884
255 28.5 -7.2202
255.5 28.5 -4.92142
256 28.5 -2.64051
256.5 28.5 -0.619265
257 28.5 1.01173
257.5 28.5 -1.38388
258 28.5 -4.79279
258.5 28.5 -4.0677
259 28.5 -2.91689
259.5 28.5 -2.61319
260 28.5 -2.67013
260.5 28.5 -2.01228
261 28.5 -1.74712
261.5 28.5 -1.53146
262 28.5 0.422385
262.5 28.5 3.266
263 28.5 6.86796
263.5 28.5 10.3538
264 28.5 12.5444
264.5 28.5 12.7392
265 28.5 11.6363
265.5 28.5 11.0442
266 28.5 11.2353
266.5 28.5 11.3918
267 28.5 4.84317
267.5 28.5 -4.13493
268 28.5 -5.28547
268.5 28.5 -5.0887
269 28.5 -5.82615
269.5 28.5 -7.60953
270 28.5 -9.88142
270.5 28.5 -12.3364
271 28.5 -13.2129
271.5 28.5 -13.5762
272 28.5 -15.9342
272.5 28.5 -20.0745
273 28.5 -22.7954
273.5 28.5 -22.2971
274 28.5 -20.9138
274.5 28.5 -19.8027
275 28.5 -18.8002
275.5 28.5 -17.995
276 28.5 -17.5301
276.5 28.5 -16.9893
277 28.5 -16.2675
277.5 28.5 -15.9123
278 28.5 -15.0959
278.5 28.5 -12.7488
279 28.5 -10.1238
279.5 28.5 -8.46935
280 28.5 -7.29586
280.5 28.5 -5.74355
281 28.5 -3.85059
281.5 28.5 -2.05305
282 28.5 -0.700853
282.5 28.5 0.108724
283 28.5 0.475014
283.5 28.5 0.736077
284 28.5 1.08005
284.5 28.5 1.43131
285 28.5 1.72727
285.5 28.5 1.91859
286 28.5 1.96776
286.5 28.5 1.6512
287 28.5 0.930638
287.5 28.5 0.378711
288 28.5 0.567664
288.5 28.5 1.03627
289 28.5 0.901802
289.5 28.5 0.289237
290 28.5 0.0929986
290.5 28.5 0.497853
291 28.5 1.06868
291.5 28.5 1.66854
292 28.5 2.23621
292.5 28.5 2.69409
293 28.5 2.9353
293.5 28.5 2.89964
294 28.5 2.79253
236 29 -5.53478
236.5 29 -5.41159
237 29 -5.24083
237.5 29 -6.08689
238 29 -8.65196
238.5 29 -10.2808
239 29 -10.0672
239.5 29 -9.21102
240 29 -7.92935
240.5 29 -6.18493
241 29 -3.9999
241.5 29 -1.47632
242 29 1.21614
242.5 29 3.79659
243 29 5.55427
243.5 29 3.36659
244 29 -0.246599
244.5 29 -0.648773
245 29 0.159112
245.5 29 1.00642
246 29 2.01399
246.5 29 2.40405
247 29 1.2433
247.5 29 -0.690307
248 29 -1.36714
248.5 29 -0.406312
249 29 0.961571
249.5 29 2.27187
250 29 3.05751
250.5 29 2.83829
251 29 2.34473
251.5 29 2.06464
252 29 2.13301
252.5 29 2.7282
253 29 2.84609
253.5 29 2.15531
254 29 -2.18309
254.5 29 -7.32962
255 29 -7.23653
255.5 29 -4.69755
256 29 -2.2347
256.5 29 -0.0727199
257 29 0.879815
257.5 29 -2.84321
258 29 -5.40928
258.5 29 -3.85339
259 29 -2.89608
259.5 29 -2.95664
260 29 -3.01849
260.5 29 -2.50958
261 29 -2.33976
261.5 29 -1.01958
262 29 1.84536
262.5 29 5.19571
263 29 8.3052
263.5 29 10.5225
264 29 11.2828
264.5 29 10.6714
265 29 10.3466
265.5 29 10.7147
266 29 10.9542
266.5 29 6.32009
267 29 -2.82546
267.5 29 -5.81539
268 29 -5.4762
268.5 29 -5.66318
269 29 -6.9887
269.5 29 -8.8325
270 29 -11.1606
270.5 29 -12.8275
271 29 -12.9127
271.5 29 -14.0267
272 29 -17.1757
272.5 29 -21.1618
273 29 -22.8514
273.5 29 -21.814
274 29 -20.4493
274.5 29 -19.2041
275 29 -17.9506
275.5 29 -17.0134
276 29 -16.3272
276.5 29 -15.5398
277 29 -15.1253
277.5 29 -14.8911
278 29 -13.2296
278.5 29 -10.6174
279 29 -8.64999
279.5 29 -7.34168
280 29 -5.81069
280.5 29 -3.83967
281 29 -1.92943
281.5 29 -0.559619
282 29 0.173645
282.5 29 0.524819
283 29 0.784654
283.5 29 1.13929
284 29 1.50118
284.5 29 1.75782
285 29 1.89721
285.5 29 1.86937
286 29 1.37579
286.5 29 0.602981
287 29 0.223101
287.5 29 0.560071
288 29 0.914778
288.5 29 0.542968
289 29 -0.0463093
289.5 29 -0.0449401
290 29 0.45822
290.5 29 1.05264
291 29 1.67692
291.5 29 2.21787
292 29 2.58967
292.5 29 2.70661
293 29 2.59591
293.5 29 2.47713
294 29 2.47227
236 29.5 -4.64961
236.5 29.5 -5.4002
237 29.5 -5.16126
237.5 29.5 -5.10118
238 29.5 -6.59811
238.5 29.5 -9.22568
239 29.5 -10.2092
239.5 29.5 -9.68136
240 29.5 -8.5897
240.5 29.5 -6.99944
241 29.5 -4.86789
241.5 29.5 -2.26722
242 29.5 0.621947
242.5 29.5 3.48575
243 29.5 5.62675
243.5 29.5 4.17874
244 29.5 0.338851
244.5 29.5 -0.834755
245 29.5 -0.031833
245.5 29.5 0.915214
246 29.5 1.99955
246.5 29.5 2.5697
247 29.5 1.51666
247.5 29.5 -0.561309
248 29.5 -1.42428
248.5 29.5 -0.493521
249 29.5 0.973923
249.5 29.5 2.39901
250 29.5 3.19568
250.5 29.5 2.94434
251 29.5 2.47941
251.5 29.5 2.23567
252 29.5 2.39822
252.5 29.5 3.0064
253 29.5 2.87867
253.5 29.5 1.93822
254 29.5 -3.07169
254.5 29.5 -8.13248
255 29.5 -7.26692
255.5 29.5 -4.46766
256 29.5 -1.80231
256.5 29.5 0.48246
257 29.5 -0.0273578
257.5 29.5 -4.30688
258 29.5 -5.35584
258.5 29.5 -3.47067
259 29.5 -2.73395
259.5 29.5 -3.07354
260 29.5 -3.04186
260.5 29.5 -2.82187
261 29.5 -2.22847
261.5 29.5 0.278676
262 29.5 3.66183
262.5 29.5 6.548
263 29.5 8.49745
263.5 29.5 9.70029
264 29.5 9.89625
264.5 29.5 9.89809
265 29.5 10.3677
265.5 29.5 10.6476
266 29.5 7.73187
266.5 29.5 -1.19991
267 29.5 -6.18321
267.5 29.5 -6.0014
268 29.5 -5.81423
268.5 29.5 -6.64576
269 29.5 -8.19286
269.5 29.5 -10.0462
270 29.5 -12.1157
270.5 29.5 -12.6852
271 29.5 -12.852
271.5 29.5 -14.8481
272 29.5 -18.4264
272.5 29.5 -21.879
273 29.5 -22.5906
273.5 29.5 -21.4402
274 29.5 -20.114
274.5 29.5 -18.6127
275 29.5 -17.085
275.5 29.5 -15.9193
276 29.5 -14.8372
276.5 29.5 -14.0511
277 29.5 -14.1635
277.5 29.5 -13.4615
278 29.5 -11.1164
278.5 29.5 -8.99582
279 29.5 -7.57042
279.5 29.5 -5.97736
280 29.5 -3.87045
280.5 29.5 -1.8332
281 29.5 -0.444567
281.5 29.5 0.226038
282 29.5 0.539226
282.5 29.5 0.834888
283 29.5 1.18733
283.5 29.5 1.53493
284 29.5 1.76474
284.5 29.5 1.8394
285 29.5 1.69694
285.5 29.5 1.05119
286 29.5 0.300285
286.5 29.5 0.118183
287 29.5 0.565634
287.5 29.5 0.719781
288 29.5 0.15992
288.5 29.5 -0.318828
289 29.5 -0.119898
289.5 29.5 0.444299
290 29.5 1.0753
290.5 29.5 1.69856
291 29.5 2.18936
291.5 29.5 2.43812
292 29.5 2.41949
292.5 29.5 2.29542
293 29.5 2.19947
293.5 29.5 2.19457
294 29.5 2.1833
236 30 -1.4921
236.5 30 -5.15066
237 30 -5.17929
237.5 30 -4.84792
238 30 -5.08266
238.5 30 -7.20166
239 30 -9.58069
239.5 30 -9.95732
240 30 -9.1573
240.5 30 -7.7922
241 30 -5.81589
241.5 30 -3.21893
242 30 -0.168674
242.5 30 2.98582
243 30 5.50455
243.5 30 4.87727
244 30 0.992272
244.5 30 -1.02488
245 30 -0.297581
245.5 30 0.783528
246 30 1.97725
246.5 30 2.74801
247 30 1.80365
247.5 30 -0.397947
248 30 -1.46477
248.5 30 -0.620274
249 30 0.942439
249.5 30 2.4964
250 30 3.30615
250.5 30 3.04779
251 30 2.62506
251.5 30 2.42989
252 30 2.69632
252.5 30 3.23135
253 30 2.84271
253.5 30 1.593
254 30 -4.03144
254.5 30 -8.88327
255 30 -7.31295
255.5 30 -4.27497
256 30 -1.39642
256.5 30 0.768527
257 30 -1.41674
257.5 30 -5.50063
258 30 -4.91603
258.5 30 -2.75696
259 30 -2.2548
259.5 30 -2.70057
260 30 -2.68903
260.5 30 -2.59256
261 30 -1.18231
261.5 30 1.87624
262 30 4.66587
262.5 30 6.6425
263 30 8.264
263.5 30 9.40513
264 30 9.84863
264.5 30 10.221
265 30 10.4746
265.5 30 8.79825
266 30 0.505388
266.5 30 -6.14654
267 30 -6.5253
267.5 30 -6.19346
268 30 -6.58783
268.5 30 -7.88515
269 30 -9.36675
269.5 30 -11.2192
270 30 -12.4383
270.5 30 -12.3536
271 30 -13.3361
271.5 30 -15.9178
272 30 -19.4649
272.5 30 -22.1071
273 30 -22.2412
273.5 30 -21.2471
274 30 -19.8364
274.5 30 -17.9766
275 30 -16.1607
275.5 30 -14.596
276 30 -13.1878
276.5 30 -12.8744
277 30 -13.132
277.5 30 -11.7171
278 30 -9.50455
278.5 30 -7.84611
279 30 -6.14952
279.5 30 -3.96069
280 30 -1.82036
280.5 30 -0.427324
281 30 0.218334
281.5 30 0.529322
282 30 0.860324
282.5 30 1.23663
283 30 1.557
283.5 30 1.7472
284 30 1.75705
284.5 30 1.44969
285 30 0.688562
285.5 30 0.0223005
286 30 0.0753898
286.5 30 0.533832
287 30 0.438075
287.5 30 -0.235761
288 30 -0.529281
288.5 30 -0.157142
289 30 0.455796
289.5 30 1.11134
290 30 1.70838
290.5 30 2.11161
291 30 2.22438
291.5 30 2.12058
292 30 1.98311
292.5 30 1.9362
293 30 1.92001
293.5 30 1.88304
294 30 1.77811
236 30.5 1.93548
236.5 30.5 -3.22918
237 30.5 -5.10204
237.5 30.5 -4.84372
238 30.5 -4.48765
238.5 30.5 -5.23542
239 30.5 -7.78966
239.5 30.5 -9.66745
240 30.5 -9.53935
240.5 30.5 -8.47841
241 30.5 -6.77019
241.5 30.5 -4.30848
242 30.5 -1.17547
242.5 30.5 2.2605
243 30.5 5.18292
243.5 30.5 5.38788
244 30.5 1.6556
244.5 30.5 -1.16189
245 30.5 -0.635163
245.5 30.5 0.61005
246 30.5 1.95421
246.5 30.5 2.94575
247 30.5 2.11628
247.5 30.5 -0.184295
248 30.5 -1.4839
248.5 30.5 -0.801261
249 30.5 0.837894
249.5 30.5 2.52343
250 30.5 3.36009
250.5 30.5 3.13746
251 30.5 2.77222
251.5 30.5 2.64472
252 30.5 3.02533
252.5 30.5 3.37056
253 30.5 2.70752
253.5 30.5 1.11622
254 30.5 -5.01439
254.5 30.5 -9.53016
255 30.5 -7.34305
255.5 30.5 -4.1486
256 30.5 -1.15797
256.5 30.5 0.261445
257 30.5 -3.05541
257.5 30.5 -5.87655
258 30.5 -3.84853
258.5 30.5 -1.70986
259 30.5 -1.62954
259.5 30.5 -2.00593
260 30.5 -2.09656
260.5 30.5 -1.92194
261 30.5 -0.0335107
261.5 30.5 2.71861
262 30.5 4.83128
262.5 30.5 6.59975
263 30.5 8.44098
263.5 30.5 9.70419
264 30.5 10.1185
264.5 30.5 10.2142
265 30.5 9.29294
265.5 30.5 2.0344
266 30.5 -5.52791
266.5 30.5 -6.88711
267 30.5 -6.72294
267.5 30.5 -6.81756
268 30.5 -7.82296
268.5 30.5 -9.13462
269 30.5 -10.5762
269.5 30.5 -12.0057
270 30.5 -12.2219
270.5 30.5 -12.4427
271 30.5 -14.2793
271.5 30.5 -17.11
272 30.5 -20.1879
272.5 30.5 -21.9291
273 30.5 -22.009
273.5 30.5 -21.093
274 30.5 -19.341
274.5 30.5 -17.1113
275 30.5 -14.9487
275.5 30.5 -13.0336
276 30.5 -11.8669
276.5 30.5 -11.9562
277 30.5 -11.6793
277.5 30.5 -10.0468
278 30.5 -8.15252
278.5 30.5 -6.16981
279 30.5 -3.94378
279.5 30.5 -1.87553
280 30.5 -0.520421
280.5 30.5 0.105923
281 30.5 0.471609
281.5 30.5 0.87491
282 30.5 1.28619
282.5 30.5 1.56701
283 30.5 1.70483
283.5 30.5 1.61205
284 30.5 1.11417
284.5 30.5 0.286999
285 30.5 -0.206893
285.5 30.5 0.069806
286 30.5 0.426909
286.5 30.5 0.0686256
287 30.5 -0.607118
287.5 30.5 -0.66524
288 30.5 -0.144768
288.5 30.5 0.517545
289 30.5 1.18432
289.5 30.5 1.71957
290 30.5 1.98663
290.5 30.5 1.96197
291 30.5 1.82051
291.5 30.5 1.6961
292 30.5 1.66218
292.5 30.5 1.64486
293 30.5 1.55944
293.5 30.5 1.43041
294 30.5 1.33074
236 31 4.23673
236.5 31 0.34688
237 31 -4.31767
237.5 31 -4.85605
238 31 -4.37553
238.5 31 -4.13902
239 31 -5.54926
239.5 31 -8.24348
240 31 -9.48813
240.5 31 -8.95919
241 31 -7.61246
241.5 31 -5.45614
242 31 -2.39038
242.5 31 1.27002
243 31 4.61693
243.5 31 5.60474
244 31 2.28735
244.5 31 -1.1686
245 31 -1.02772
245.5 31 0.397119
246 31 1.93563
246.5 31 3.16383
247 31 2.46812
247.5 31 0.103249
248 31 -1.47069
248.5 31 -1.0624
249 31 0.613871
249.5 31 2.43239
250 31 3.31445
250.5 31 3.18944
251 31 2.90987
251.5 31 2.86951
252 31 3.35885
252.5 31 3.40324
253 31 2.43107
253.5 31 0.490121
254 31 -5.92757
254.5 31 -9.96024
255 31 -7.27103
255.5 31 -4.06677
256 31 -1.31898
256.5 31 -1.06058
257 31 -4.2318
257.5 31 -4.98733
258 31 -2.27904
258.5 31 -0.907173
259 31 -1.25064
259.5 31 -1.35499
260 31 -1.45869
260.5 31 -1.06693
261 31 0.852536
261.5 31 3.03349
262 31 4.76756
262.5 31 6.65055
263 31 8.56269
263.5 31 9.62493
264 31 9.78906
264.5 31 9.15762
265 31 3.16263
265.5 31 -4.51119
266 31 -6.98265
266.5 31 -7.33867
267 31 -7.30165
267.5 31 -8.00532
268 31 -9.13449
268.5 31 -10.2473
269 31 -11.5817
269.5 31 -12.234
270 31 -12.0925
270.5 31 -13.0387
271 31 -15.3776
271.5 31 -18.277
272 31 -20.6714
272.5 31 -21.742
273 31 -21.6006
273.5 31 -20.2129
274 31 -18.0273
274.5 31 -15.5826
275 31 -13.2384
275.5 31 -11.5224
276 31 -10.8084
276.5 31 -10.5376
277 31 -9.6632
277.5 31 -8.17084
278 31 -6.18937
278.5 31 -3.85284
279 31 -1.88242
279.5 31 -0.693777
280 31 -0.0829765
280.5 31 0.378996
281 31 0.893531
281.5 31 1.33599
282 31 1.56385
282.5 31 1.62394
283 31 1.40282
283.5 31 0.713662
284 31 -0.104813
284.5 31 -0.349942
285 31 0.0756224
285.5 31 0.219326
286 31 -0.365208
286.5 31 -0.917823
287 31 -0.715258
287.5 31 -0.0836369
288 31 0.628092
288.5 31 1.27063
289 31 1.70577
289.5 31 1.81225
290 31 1.6778
290.5 31 1.53486
291 31 1.44527
291.5 31 1.39998
292 31 1.34705
292.5 31 1.23746
293 31 1.08469
293.5 31 1.04701
294 31 1.18402
236 31.5 4.59435
236.5 31.5 3.57597
237 31.5 -1.42911
237.5 31.5 -4.54874
238 31.5 -4.43079
238.5 31.5 -3.77905
239 31.5 -3.88303
239.5 31.5 -5.95325
240 31.5 -8.45856
240.5 31.5 -9.06562
241 31.5 -8.20837
241.5 31.5 -6.50286
242 31.5 -3.7367
242.5 31.5 0.00316275
243 31.5 3.75059
243.5 31.5 5.44022
244 31.5 2.80462
244.5 31.5 -1.00188
245 31.5 -1.40974
245.5 31.5 0.163952
246 31.5 1.92092
246.5 31.5 3.3882
247 31.5 2.86905
247.5 31.5 0.485088
248 31.5 -1.42202
248.5 31.5 -1.41083
249 31.5 0.241599
249.5 31.5 2.1571
250 31.5 3.09466
250.5 31.5 3.15131
251 31.5 3.01362
251.5 31.5 3.10531
252 31.5 3.64988
252.5 31.5 3.29736
253 31.5 1.98816
253.5 31.5 -0.303914
254 31.5 -6.63211
254.5 31.5 -10.0311
255 31.5 -7.15773
255.5 31.5 -4.24598
256 31.5 -2.0469
256.5 31.5 -2.31195
257 31.5 -4.15547
257.5 31.5 -3.2786
258 31.5 -1.0885
258.5 31.5 -0.71684
259 31.5 -0.971172
259.5 31.5 -0.862449
260 31.5 -0.969544
260.5 31.5 -0.235374
261 31.5 1.52886
261.5 31.5 3.16904
262 31.5 4.7869
262.5 31.5 6.71522
263 31.5 8.3415
263.5 31.5 9.03057
264 31.5 8.57484
264.5 31.5 3.78338
265 31.5 -3.39655
265.5 31.5 -6.7558
266 31.5 -7.82322
266.5 31.5 -7.88752
267 31.5 -8.29347
267.5 31.5 -9.30433
268 31.5 -10.2235
268.5 31.5 -11.2132
269 31.5 -12.1188
269.5 31.5 -12.1787
270 31.5 -12.3305
270.5 31.5 -13.794
271 31.5 -16.4122
271.5 31.5 -19.1633
272 31.5 -20.7811
272.5 31.5 -21.0751
273 31.5 -20.0632
273.5 31.5 -17.9665
274 31.5 -15.5622
274.5 31.5 -13.1636
275 31.5 -11.1659
275.5 31.5 -9.96788
276 31.5 -9.166
276.5 31.5 -8.35781
277 31.5 -7.35931
277.5 31.5 -5.87944
278 31.5 -3.81745
278.5 31.5 -1.90362
279 31.5 -0.819212
279.5 31.5 -0.236809
280 31.5 0.350372
280.5 31.5 0.969492
281 31.5 1.42912
281.5 31.5 1.61127
282 31.5 1.55341
282.5 31.5 1.14112
283 31.5 0.297215
283.5 31.5 -0.437265
284 31.5 -0.420136
284.5 31.5 0.0298025
285 31.5 -0.127677
285.5 31.5 -0.826783
286 31.5 -1.1436
286.5 31.5 -0.691924
287 31.5 0.0266305
287.5 31.5 0.763084
288 31.5 1.34188
288.5 31.5 1.61585
289 31.5 1.57481
289.5 31.5 1.39129
290 31.5 1.27295
290.5 31.5 1.20931
291 31.5 1.15135
291.5 31.5 1.04863
292 31.5 0.915131
292.5 31.5 0.787292
293 31.5 0.824798
293.5 31.5 1.0497
294 31.5 1.41256
236 32 4.50957
236.5 32 5.11397
237 32 2.21131
237.5 32 -2.897
238 32 -4.36591
238.5 32 -3.80494
239 32 -3.10447
239.5 32 -3.79072
240 32 -6.33251
240.5 32 -8.36845
241 32 -8.41503
241.5 32 -7.24537
242 32 -5.02249
242.5 32 -1.47258
243 32 2.56179
243.5 32 4.85079
244 32 3.08146
244.5 32 -0.670905
245 32 -1.65169
245.5 32 -0.039268
246 32 1.89664
246.5 32 3.55742
247 32 3.28551
247.5 32 0.965656
248 32 -1.31216
248.5 32 -1.80075
249 32 -0.262396
249.5 32 1.66551
250 32 2.61845
250.5 32 2.898
251 32 3.12003
251.5 32 3.46371
252 32 3.81505
252.5 32 3.01597
253 32 1.53766
253.5 32 -0.996925
254 32 -6.91857
254.5 32 -9.6688
255 32 -7.04713
255.5 32 -4.76881
256 32 -2.9725
256.5 32 -2.69007
257 32 -3.08676
257.5 32 -1.83394
258 32 -0.615914
258.5 32 -0.591174
259 32 -0.545453
259.5 32 -0.592714
260 32 -0.588999
260.5 32 0.499625
261 32 2.06852
261.5 32 3.49128
262 32 5.08833
262.5 32 6.6792
263 32 7.6588
263.5 32 7.51992
264 32 3.87148
264.5 32 -2.6778
265 32 -6.38818
265.5 32 -7.86672
266 32 -8.43142
266.5 32 -8.66791
267 32 -9.43931
267.5 32 -10.3953
268 32 -11.1142
268.5 32 -11.8616
269 32 -12.1471
269.5 32 -12.0655
270 32 -12.6417
270.5 32 -14.4152
271 32 -17.0938
271.5 32 -19.2529
272 32 -19.7961
272.5 32 -18.9568
273 32 -17.0521
273.5 32 -14.5826
274 32 -12.2291
274.5 32 -10.287
275 32 -8.9693
275.5 32 -7.94216
276 32 -6.97499
276.5 32 -6.14048
277 32 -5.03934
277.5 32 -3.4612
278 32 -1.84905
278.5 32 -0.80384
279 32 -0.190177
279.5 32 0.501485
280 32 1.21894
280.5 32 1.67228
281 32 1.7825
281.5 32 1.54708
282 32 0.869612
282.5 32 -0.0986861
283 32 -0.660376
283.5 32 -0.442313
284 32 -0.131138
284.5 32 -0.590664
285 32 -1.25499
285.5 32 -1.24724
286 32 -0.608348
286.5 32 0.18493
287 32 0.896386
287.5 32 1.37629
288 32 1.46502
288.5 32 1.31284
289 32 1.13931
289.5 32 1.0457
290 32 0.98363
290.5 32 0.901734
291 32 0.763489
291.5 32 0.606244
292 32 0.540552
292.5 32 0.676494
293 32 0.988228
293.5 32 1.37794
294 32 1.89778
236 32.5 4.27563
236.5 32.5 5.17685
237 32.5 4.90582
237.5 32.5 0.499343
238 32.5 -3.5832
238.5 32.5 -3.92496
239 32.5 -2.98114
239.5 32.5 -2.45995
240 32.5 -3.86742
240.5 32.5 -6.54039
241 32.5 -7.95097
241.5 32.5 -7.5139
242 32.5 -5.94139
242.5 32.5 -2.91075
243 32.5 1.12171
243.5 32.5 3.81755
244 32.5 2.96108
244.5 32.5 -0.223733
245 32.5 -1.54425
245.5 32.5 -0.087266
246 32.5 1.87975
246.5 32.5 3.57253
247 32.5 3.5407
247.5 32.5 1.41751
248 32.5 -1.12747
248.5 32.5 -2.07453
249 32.5 -0.757293
249.5 32.5 1.10339
250 32.5 2.08519
250.5 32.5 2.59421
251 32.5 3.31201
251.5 32.5 3.94218
252 32.5 3.87144
252.5 32.5 2.65173
253 32.5 1.26083
253.5 32.5 -1.39412
254 32.5 -6.87283
254.5 32.5 -8.95503
255 32.5 -6.76243
255.5 32.5 -5.24847
256 32.5 -3.56611
256.5 32.5 -2.42124
257 32.5 -2.01907
257.5 32.5 -1.10695
258 32.5 -0.35254
258.5 32.5 -0.111122
259 32.5 -0.141531
259.5 32.5 -0.52322
260 32.5 -0.186641
260.5 32.5 1.21153
261 32.5 2.71569
261.5 32.5 4.03689
262 32.5 5.28242
262.5 32.5 6.08868
263 32.5 6.00059
263.5 32.5 3.41428
264 32.5 -2.58823
264.5 32.5 -6.55798
265 32.5 -7.77545
265.5 32.5 -8.60895
266 32.5 -9.07353
266.5 32.5 -9.54744
267 32.5 -10.3866
267.5 32.5 -11.0615
268 32.5 -11.5198
268.5 32.5 -11.8241
269 32.5 -11.734
269.5 32.5 -11.7979
270 32.5 -12.6592
270.5 32.5 -14.5786
271 32.5 -16.8159
271.5 32.5 -17.9129
272 32.5 -17.3411
272.5 32.5 -15.566
273 32.5 -13.1366
273.5 32.5 -10.7109
274 32.5 -8.93328
274.5 32.5 -7.82449
275 32.5 -6.86361
275.5 32.5 -5.92466
276 32.5 -5.18527
276.5 32.5 -4.20507
277 32.5 -2.80627
277.5 32.5 -1.4619
278 32.5 -0.509949
278.5 32.5 0.171407
279 32.5 0.912557
279.5 32.5 1.6802
280 32.5 2.14552
280.5 32.5 2.15049
281 32.5 1.66006
281.5 32.5 0.686958
282 32.5 -0.359251
282.5 32.5 -0.731594
283 32.5 -0.429357
283.5 32.5 -0.433596
284 32.5 -1.10939
284.5 32.5 -1.60027
285 32.5 -1.25383
285.5 32.5 -0.476954
286 32.5 0.367453
286.5 32.5 1.01544
287 32.5 1.33309
287.5 32.5 1.26111
288 32.5 1.07282
288.5 32.5 0.937118
289 32.5 0.869866
289.5 32.5 0.782333
290 32.5 0.663397
290.5 32.5 0.489555
291 32.5 0.345953
291.5 32.5 0.380451
292 32.5 0.627977
292.5 32.5 1.00257
293 32.5 1.44595
293.5 32.5 1.94281
294 32.5 1.21902
236 33 3.8618
236.5 33 4.87589
237 33 5.76758
237.5 33 3.84814
238 33 -1.17979
238.5 33 -3.69616
239 33 -3.24664
239.5 33 -2.02937
240 33 -1.98816
240.5 33 -4.03811
241 33 -6.46441
241.5 33 -7.13899
242 33 -6.23374
242.5 33 -3.89795
243 33 -0.262168
243.5 33 2.45175
244 33 2.34278
244.5 33 0.245321
245 33 -0.907601
245.5 33 0.192457
246 33 2.01099
246.5 33 3.59723
247 33 3.66289
247.5 33 1.70224
248 33 -1.04555
248.5 33 -2.26977
249 33 -1.08005
249.5 33 0.725226
250 33 1.71821
250.5 33 2.35962
251 33 3.46978
251.5 33 4.36485
252 33 3.83778
252.5 33 2.29617
253 33 1.18921
253.5 33 -1.66616
254 33 -6.80565
254.5 33 -8.05303
255 33 -6.33001
255.5 33 -5.51654
256 33 -3.79165
256.5 33 -2.15761
257 33 -1.47107
257.5 33 -0.684048
258 33 0.165279
258.5 33 0.470229
259 33 -0.0938329
259.5 33 -0.576566
260 33 0.348977
260.5 33 2.05675
261 33 3.45041
261.5 33 4.37876
262 33 4.84753
262.5 33 4.56001
263 33 2.66615
263.5 33 -2.76085
264 33 -7.22714
264.5 33 -8.15804
265 33 -8.57524
265.5 33 -9.06596
266 33 -9.49004
266.5 33 -9.98872
267 33 -10.5724
267.5 33 -10.8955
268 33 -11.1352
268.5 33 -11.1691
269 33 -11.0082
269.5 33 -11.2529
270 33 -12.3441
270.5 33 -13.9454
271 33 -15.0904
271.5 33 -15.1578
272 33 -13.9089
272.5 33 -11.6217
273 33 -9.16489
273.5 33 -7.55366
274 33 -6.87219
274.5 33 -6.18781
275 33 -5.30736
275.5 33 -4.65554
276 33 -3.78549
276.5 33 -2.35595
277 33 -0.89831
277.5 33 0.156542
278 33 0.925701
278.5 33 1.66221
279 33 2.36866
279.5 33 2.79785
280 33 2.69615
280.5 33 1.93982
281 33 0.692121
281.5 33 -0.368828
282 33 -0.616216
282.5 33 -0.448153
283 33 -0.875101
283.5 33 -1.66097
284 33 -1.83722
284.5 33 -1.20063
285 33 -0.284327
285.5 33 0.55901
286 33 1.08196
286.5 33 1.18939
287 33 1.03225
287.5 33 0.86564
288 33 0.779514
288.5 33 0.714144
289 33 0.604296
289.5 33 0.42513
290 33 0.252095
290.5 33 0.184264
291 33 0.344216
291.5 33 0.679351
292 33 1.0948
292.5 33 1.59965
293 33 1.54388
293.5 33 -0.21711
294 33 -2.83708
236 33.5 3.32718
236.5 33.5 4.31356
237 33.5 5.51292
237.5 33.5 5.78318
238 33.5 2.20456
238.5 33.5 -2.37806
239 33.5 -3.51473
239.5 33.5 -2.37972
240 33.5 -1.16061
240.5 33.5 -1.83776
241 33.5 -4.19705
241.5 33.5 -5.94477
242 33.5 -5.89424
242.5 33.5 -4.24798
243 33.5 -1.27048
243.5 33.5 1.11482
244 33.5 1.51483
244.5 33.5 0.668555
245 33.5 0.0282304
245.5 33.5 0.707504
246 33.5 2.32403
246.5 33.5 3.8914
247 33.5 3.92073
247.5 33.5 1.94525
248 33.5 -1.06457
248.5 33.5 -2.53513
249 33.5 -1.27598
249.5 33.5 0.492051
250 33.5 1.33504
250.5 33.5 2.05843
251 33.5 3.51933
251.5 33.5 4.53827
252 33.5 3.57189
252.5 33.5 2.05633
253 33.5 1.42531
253.5 33.5 -1.8645
254 33.5 -6.79089
254.5 33.5 -7.15941
255 33.5 -6.02859
255.5 33.5 -5.71656
256 33.5 -3.88061
256.5 33.5 -2.17146
257 33.5 -1.27325
257.5 33.5 -0.171002
258 33.5 0.863218
258.5 33.5 0.710021
259 33.5 -0.44455
259.5 33.5 -0.549001
260 33.5 1.06077
260.5 33.5 2.86137
261 33.5 3.81946
261.5 33.5 4.06325
262 33.5 3.57122
262.5 33.5 1.94985
263 33.5 -2.65893
263.5 33.5 -7.68311
264 33.5 -8.96492
264.5 33.5 -8.77937
265 33.5 -8.75306
265.5 33.5 -9.12035
266 33.5 -9.45388
266.5 33.5 -9.73732
267 33.5 -9.93024
267.5 33.5 -10.1358
268 33.5 -10.4139
268.5 33.5 -10.343
269 33.5 -10.1236
269.5 33.5 -10.4711
270 33.5 -11.3867
270.5 33.5 -11.9894
271 33.5 -11.9923
271.5 33.5 -11.5127
272 33.5 -10.0858
272.5 33.5 -7.97289
273 33.5 -6.4577
273.5 33.5 -6.11665
274 33.5 -5.88489
274.5 33.5 -5.13882
275 33.5 -4.41226
275.5 33.5 -3.54319
276 33.5 -2.11648
276.5 33.5 -0.458736
277 33.5 0.900823
277.5 33.5 1.85016
278 33.5 2.59212
278.5 33.5 3.18632
279 33.5 3.46311
279.5 33.5 3.16534
280 33.5 2.21707
280.5 33.5 0.908305
281 33.5 -0.0655158
281.5 33.5 -0.312089
282 33.5 -0.56981
282.5 33.5 -1.43024
283 33.5 -2.17626
283.5 33.5 -1.96343
284 33.5 -1.07469
284.5 33.5 -0.0698602
285 33.5 0.698173
285.5 33.5 1.00916
286 33.5 0.968963
286.5 33.5 0.822316
287 33.5 0.716823
287.5 33.5 0.672131
288 33.5 0.581249
288.5 33.5 0.434368
289 33.5 0.221578
289.5 33.5 0.101789
290 33.5 0.171048
290.5 33.5 0.443658
291 33.5 0.833006
291.5 33.5 1.29032
292 33.5 1.56635
292.5 33.5 0.491912
293 33.5 -1.93362
293.5 33.5 -4.22387
294 33.5 -4.88465
236 34 2.87902
236.5 34 3.53074
237 34 4.80113
237.5 34 6.01311
238 34 4.88421
238.5 34 0.297128
239 34 -3.11512
239.5 34 -3.18544
240 34 -1.59467
240.5 34 -0.953539
241 34 -2.23626
241.5 34 -4.13906
242 34 -4.99766
242.5 34 -4.12266
243 34 -1.87475
243.5 34 0.0939608
244 34 0.88398
244.5 34 1.05064
245 34 0.889531
245.5 34 1.20954
246 34 2.59082
246.5 34 4.23304
247 34 4.25218
247.5 34 2.25373
248 34 -0.918707
248.5 34 -2.66933
249 34 -1.43883
249.5 34 0.179283
250 34 0.845622
250.5 34 1.78024
251 34 3.51445
251.5 34 4.29307
252 34 3.06654
252.5 34 2.1264
253 34 1.93143
253.5 34 -2.02345
254 34 -6.68028
254.5 34 -6.45858
255 34 -6.0593
255.5 34 -5.93407
256 34 -4.00728
256.5 34 -2.34179
257 34 -1.04316
257.5 34 0.470913
258 34 1.27761
258.5 34 0.373619
259 34 -0.804531
259.5 34 -0.163005
260 34 1.79682
260.5 34 3.21617
261 34 3.47903
261.5 34 2.89632
262 34 1.39567
262.5 34 -2.30613
263 34 -7.51149
263.5 34 -9.70338
264 34 -9.29013
264.5 34 -8.64352
265 34 -8.5996
265.5 34 -8.90254
266 34 -9.01607
266.5 34 -8.94535
267 34 -9.04265
267.5 34 -9.55851
268 34 -9.81214
268.5 34 -9.34899
269 34 -8.87221
269.5 34 -8.8983
270 34 -9.01522
270.5 34 -8.73979
271 34 -8.38675
271.5 34 -7.85123
272 34 -6.76211
272.5 34 -5.77439
273 34 -5.62313
273.5 34 -5.6466
274 34 -5.03917
274.5 34 -4.16695
275 34 -3.16135
275.5 34 -1.74511
276 34 -0.0921214
276.5 34 1.41201
277 34 2.50977
277.5 34 3.22727
278 34 3.69189
278.5 34 3.81841
279 34 3.35361
279.5 34 2.30216
280 34 1.17038
280.5 34 0.45455
281 34 0.0296092
281.5 34 -0.83322
282 34 -2.04887
282.5 34 -2.58417
283 34 -1.99628
283.5 34 -0.907854
284 34 0.0975985
284.5 34 0.684013
285 34 0.809208
285.5 34 0.716883
286 34 0.654834
286.5 34 0.615734
287 34 0.570153
287.5 34 0.468821
288 34 0.290394
288.5 34 0.10322
289 34 0.0963873
289.5 34 0.307118
290 34 0.672266
290.5 34 1.10417
291 34 1.47876
291.5 34 0.965333
292 34 -1.03825
292.5 34 -3.59523
293 34 -5.02263
293.5 34 -5.16512
294 34 -4.93431
236 34.5 2.76716
236.5 34.5 2.72648
237 34.5 3.75227
237.5 34.5 5.24043
238 34.5 5.93687
238.5 34.5 3.16872
239 34.5 -1.49876
239.5 34.5 -3.62584
240 34.5 -2.83697
240.5 34.5 -1.47926
241 34.5 -1.33226
241.5 34.5 -2.26173
242 34.5 -3.58655
242.5 34.5 -3.81884
243 34.5 -2.45933
243.5 34.5 -0.803327
244 34.5 0.428121
244.5 34.5 1.36851
245 34.5 1.5633
245.5 34.5 1.61682
246 34.5 2.74364
246.5 34.5 4.4739
247 34.5 4.59349
247.5 34.5 2.63022
248 34.5 -0.581847
248.5 34.5 -2.56532
249 34.5 -1.58928
249.5 34.5 -0.180981
250 34.5 0.495177
250.5 34.5 1.69885
251 34.5 3.42665
251.5 34.5 3.67554
252 34.5 2.50954
252.5 34.5 2.36304
253 34.5 2.12654
253.5 34.5 -2.28057
254 34.5 -6.22241
254.5 34.5 -6.0216
255 34.5 -6.46254
255.5 34.5 -6.20809
256 34.5 -4.16769
256.5 34.5 -2.35725
257 34.5 -0.556284
257.5 34.5 1.04033
258 34.5 1.11582
258.5 34.5 -0.204444
259 34.5 -0.722983
259.5 34.5 0.500415
260 34.5 2.19457
260.5 34.5 2.79484
261 34.5 2.06613
261.5 34.5 0.647042
262 34.5 -1.97633
262.5 34.5 -6.6138
263 34.5 -9.76072
263.5 34.5 -9.73193
264 34.5 -8.86915
264.5 34.5 -8.29686
265 34.5 -8.32863
265.5 34.5 -8.44837
266 34.5 -8.27211
266.5 34.5 -8.11161
267 34.5 -8.56433
267.5 34.5 -9.14261
268 34.5 -8.7275
268.5 34.5 -7.62267
269 34.5 -6.72724
269.5 34.5 -6.15626
270 34.5 -5.78128
270.5 34.5 -5.6085
271 34.5 -5.53194
271.5 34.5 -5.27167
272 34.5 -5.08763
272.5 34.5 -5.34212
273 34.5 -5.48344
273.5 34.5 -4.85772
274 34.5 -3.73435
274.5 34.5 -2.49111
275 34.5 -1.06502
275.5 34.5 0.438141
276 34.5 1.78117
276.5 34.5 2.82186
277 34.5 3.43732
277.5 34.5 3.70501
278 34.5 3.70076
278.5 34.5 3.27733
279 34.5 2.34917
279.5 34.5 1.4134
280 34.5 0.864475
280.5 34.5 0.160794
281 34.5 -1.19663
281.5 34.5 -2.55261
282 34.5 -2.82482
282.5 34.5 -1.98135
283 34.5 -0.774069
283.5 34.5 0.122647
284 34.5 0.481528
284.5 34.5 0.514331
285 34.5 0.483194
285.5 34.5 0.509145
286 34.5 0.532076
286.5 34.5 0.476173
287 34.5 0.366667
287.5 34.5 0.201038
288 34.5 0.11947
288.5 34.5 0.268249
289 34.5 0.606441
289.5 34.5 1.02544
290 34.5 1.43304
290.5 34.5 1.24217
291 34.5 -0.268985
291.5 34.5 -2.76971
292 34.5 -4.80095
292.5 34.5 -5.43251
293 34.5 -5.36269
293.5 34.5 -5.06713
294 34.5 -4.66995
236 35 2.82331
236.5 35 2.28602
237 35 2.56908
237.5 35 3.92392
238 35 5.4116
238.5 35 4.89933
239 35 0.949941
239.5 35 -2.91625
240 35 -3.72609
240.5 35 -2.49645
241 35 -1.25556
241.5 35 -0.868379
242 35 -1.91452
242.5 35 -3.18493
243 35 -3.02521
243.5 35 -1.73683
244 35 -0.0717432
244.5 35 1.53343
245 35 2.10864
245.5 35 1.98218
246 35 2.87899
246.5 35 4.71859
247 35 5.0101
247.5 35 3.05959
248 35 -0.197868
248.5 35 -2.34989
249 35 -1.69227
249.5 35 -0.408253
250 35 0.418168
250.5 35 1.77242
251 35 3.20823
251.5 35 2.89235
252 35 1.92017
252.5 35 2.22563
253 35 1.55526
253.5 35 -2.50604
254 35 -5.29741
254.5 35 -5.79035
255 35 -7.06009
255.5 35 -6.50112
256 35 -4.20806
256.5 35 -1.95149
257 35 0.219784
257.5 35 1.33539
258 35 0.571369
258.5 35 -0.573325
259 35 -0.389083
259.5 35 0.806043
260 35 1.67524
260.5 35 1.10938
261 35 -0.49947
261.5 35 -2.22654
262 35 -5.17232
262.5 35 -8.47121
263 35 -9.35669
263.5 35 -8.89771
264 35 -8.33528
264.5 35 -7.96009
265 35 -7.87912
265.5 35 -7.71142
266 35 -7.37778
266.5 35 -7.41302
267 35 -7.91002
267.5 35 -7.75453
268 35 -6.47475
268.5 35 -5.01065
269 35 -3.95942
269.5 35 -3.45096
270 35 -3.52316
270.5 35 -3.80511
271 35 -4.01979
271.5 35 -4.40886
272 35 -5.09044
272.5 35 -5.36511
273 35 -4.65163
273.5 35 -3.2915
274 35 -1.78169
274.5 35 -0.290738
275 35 1.1045
275.5 35 2.21884
276 35 3.01496
276.5 35 3.46921
277 35 3.56037
277.5 35 3.38492
278 35 3.01834
278.5 35 2.4429
279 35 1.73714
279.5 35 1.02612
280 35 -0.0340752
280.5 35 -1.5367
281 35 -2.70173
281.5 35 -2.75952
282 35 -1.88724
282.5 35 -0.786462
283 35 -0.0841558
283.5 35 0.126071
284 35 0.168314
284.5 35 0.280465
285 35 0.386869
285.5 35 0.443656
286 35 0.400663
286.5 35 0.294872
287 35 0.222378
287.5 35 0.320115
288 35 0.635025
288.5 35 1.07033
289 35 1.45693
289.5 35 1.45849
290 35 0.323873
290.5 35 -1.91324
291 35 -4.24694
291.5 35 -5.45383
292 35 -5.66083
292.5 35 -5.46379
293 35 -5.1271
293.5 35 -4.68879
294 35 -4.16238
236 35.5 2.60251
236.5 35.5 2.22132
237 35.5 1.75444
237.5 35.5 2.35901
238 35.5 3.92553
238.5 35.5 4.92232
239 35.5 2.90301
239.5 35.5 -1.24617
240 35.5 -3.50275
240.5 35.5 -3.02418
241 35.5 -1.41007
241.5 35.5 -0.215485
242 35.5 -0.642729
242.5 35.5 -2.17486
243 35.5 -3.06022
243.5 35.5 -2.49849
244 35.5 -0.726601
244.5 35.5 1.40744
245 35.5 2.54402
245.5 35.5 2.49782
246 35.5 3.18072
246.5 35.5 5.02173
247 35.5 5.38841
247.5 35.5 3.34816
248 35.5 0.0613819
248.5 35.5 -2.14501
249 35.5 -1.74014
249.5 35.5 -0.491592
250 35.5 0.532332
250.5 35.5 1.82654
251 35.5 2.74353
251.5 35.5 2.04065
252 35.5 1.25442
252.5 35.5 1.62341
253 35.5 0.638903
253.5 35.5 -2.50301
254 35.5 -4.29071
254.5 35.5 -5.69739
255 35.5 -7.43172
255.5 35.5 -6.48984
256 35.5 -3.89945
256.5 35.5 -1.20054
257 35.5 0.850684
257.5 35.5 1.06606
258 35.5 -0.135545
258.5 35.5 -0.822687
259 35.5 -0.389489
259.5 35.5 0.274993
260 35.5 0.0865176
260.5 35.5 -1.33395
261 35.5 -2.78068
261.5 35.5 -4.10044
262 35.5 -6.29881
262.5 35.5 -7.79115
263 35.5 -8.01553
263.5 35.5 -8.00823
264 35.5 -7.66724
264.5 35.5 -7.24693
265 35.5 -6.96568
265.5 35.5 -6.59953
266 35.5 -6.24665
266.5 35.5 -6.28973
267 35.5 -6.17992
267.5 35.5 -5.10995
268 35.5 -3.55189
268.5 35.5 -2.38019
269 35.5 -1.93251
269.5 35.5 -2.2061
270 35.5 -2.75543
270.5 35.5 -3.23011
271 35.5 -3.90232
271.5 35.5 -4.81865
272 35.5 -5.19174
272.5 35.5 -4.41877
273 35.5 -2.9132
273.5 35.5 -1.23505
274 35.5 0.351361
274.5 35.5 1.70364
275 35.5 2.68
275.5 35.5 3.21672
276 35.5 3.43331
276.5 35.5 3.41838
277 35.5 3.19471
277.5 35.5 2.83309
278 35.5 2.45335
278.5 35.5 1.91779
279 35.5 0.912544
279.5 35.5 -0.527047
280 35.5 -1.90938
280.5 35.5 -2.61707
281 35.5 -2.43361
281.5 35.5 -1.65895
282 35.5 -0.873084
282.5 35.5 -0.474375
283 35.5 -0.296998
283.5 35.5 -0.117612
284 35.5 0.0839495
284.5 35.5 0.275083
285 35.5 0.346794
285.5 35.5 0.327654
286 35.5 0.305702
286.5 35.5 0.426609
287 35.5 0.743201
287.5 35.5 1.18926
288 35.5 1.60347
288.5 35.5 1.6671
289 35.5 0.797532
289.5 35.5 -1.1396
290 35.5 -3.53399
290.5 35.5 -5.17236
291 35.5 -5.77528
291.5 35.5 -5.77984
292 35.5 -5.50431
292.5 35.5 -5.11303
293 35.5 -4.63277
293.5 35.5 -4.0895
294 35.5 -3.64488
236 36 2.0329
236.5 36 2.01177
237 36 1.54392
237.5 36 1.17771
238 36 2.06332
238.5 36 3.55584
239 36 3.43601
239.5 36 0.465161
240 36 -2.41031
240.5 36 -2.71967
241 36 -1.33081
241.5 36 -0.0212904
242 36 -0.129334
242.5 36 -1.35603
243 36 -2.56456
243.5 36 -2.74729
244 36 -1.36498
244.5 36 0.88589
245 36 2.65739
245.5 36 3.1675
246 36 3.81827
246.5 36 5.51443
247 36 5.74078
247.5 36 3.39706
248 36 0.0580287
248.5 36 -2.13389
249 36 -1.87393
249.5 36 -0.48899
250 36 0.833011
250.5 36 1.81781
251 36 1.95769
251.5 36 1.12836
252 36 0.696896
252.5 36 1.06134
253 36 -0.062963
253.5 36 -2.4345
254 36 -3.73483
254.5 36 -5.69428
255 36 -7.28685
255.5 36 -5.98192
256 36 -3.29438
256.5 36 -0.601422
257 36 0.829584
257.5 36 0.367955
258 36 -0.746369
258.5 36 -1.0924
259 36 -0.818629
259.5 36 -0.819941
260 36 -1.63664
260.5 36 -2.77385
261 36 -3.39592
261.5 36 -4.34011
262 36 -5.7581
262.5 36 -6.58925
263 36 -7.02384
263.5 36 -7.03163
264 36 -6.55114
264.5 36 -6.13514
265 36 -5.85659
265.5 36 -5.40703
266 36 -4.98749
266.5 36 -4.64589
267 36 -3.75491
267.5 36 -2.36685
268 36 -1.28372
268.5 36 -1.00489
269 36 -1.50164
269.5 36 -2.26545
270 36 -2.88596
270.5 36 -3.5597
271 36 -4.41331
271.5 36 -4.79465
272 36 -4.0539
272.5 36 -2.48573
273 36 -0.736274
273.5 36 0.858347
274 36 2.10817
274.5 36 2.94149
275 36 3.33117
275.5 36 3.31559
276 36 3.10144
276.5 36 2.87858
277 36 2.6528
277.5 36 2.30218
278 36 1.61078
278.5 36 0.357017
279 36 -1.19512
279.5 36 -2.33275
280 36 -2.6405
280.5 36 -2.24869
281 36 -1.56087
281.5 36 -1.05094
282 36 -0.875205
282.5 36 -0.727137
283 36 -0.394728
283.5 36 -0.0983322
284 36 0.116116
284.5 36 0.245342
285 36 0.306362
285.5 36 0.489478
286 36 0.884241
286.5 36 1.38478
287 36 1.82655
287.5 36 1.93403
288 36 1.22436
288.5 36 -0.50639
289 36 -2.79115
289.5 36 -4.69791
290 36 -5.68998
290.5 36 -5.93776
291 36 -5.81337
291.5 36 -5.48309
292 36 -5.02389
292.5 36 -4.50063
293 36 -3.98911
293.5 36 -3.67702
294 36 -3.62292
236 36.5 1.32332
236.5 36.5 1.39619
237 36.5 1.34728
237.5 36.5 0.840042
238 36.5 0.66027
238.5 36.5 1.7052
239 36.5 2.56445
239.5 36.5 1.46481
240 36.5 -0.693732
240.5 36.5 -1.63589
241 36.5 -1.0946
241.5 36.5 -0.178631
242 36.5 -0.102461
242.5 36.5 -0.929401
243 36.5 -1.92944
243.5 36.5 -2.44466
244 36.5 -1.66302
244.5 36.5 0.245531
245 36.5 2.37317
245.5 36.5 3.67303
246 36.5 4.67776
246.5 36.5 6.34918
247 36.5 6.28078
247.5 36.5 3.38507
248 36.5 -0.113963
248.5 36.5 -2.2777
249 36.5 -2.02215
249.5 36.5 -0.32553
250 36.5 1.29251
250.5 36.5 1.7263
251 36.5 0.97907
251.5 36.5 0.219287
252 36.5 0.32107
252.5 36.5 0.774962
253 36.5 -0.43863
253.5 36.5 -2.45976
254 36.5 -3.80966
254.5 36.5 -5.88764
255 36.5 -6.83357
255.5 36.5 -5.14613
256 36.5 -2.50846
256.5 36.5 -0.252934
257 36.5 0.492525
257.5 36.5 -0.241939
258 36.5 -1.14172
258.5 36.5 -1.34369
259 36.5 -1.35532
259.5 36.5 -1.71334
260 36.5 -2.26952
260.5 36.5 -2.58806
261 36.5 -2.96439
261.5 36.5 -4.02932
262 36.5 -5.2453
262.5 36.5 -6.0211
263 36.5 -6.19971
263.5 36.5 -5.82183
264 36.5 -5.41453
264.5 36.5 -5.27978
265 36.5 -5.0273
265.5 36.5 -4.4634
266 36.5 -3.80177
266.5 36.5 -2.91827
267 36.5 -1.75024
267.5 36.5 -0.846314
268 36.5 -0.694716
268.5 36.5 -1.27234
269 36.5 -2.10529
269.5 36.5 -2.795
270 36.5 -3.37423
270.5 36.5 -3.91459
271 36.5 -4.08102
271.5 36.5 -3.4319
272 36.5 -2.04078
272.5 36.5 -0.391228
273 36.5 1.05652
273.5 36.5 2.06432
274 36.5 2.65592
274.5 36.5 2.96305
275 36.5 2.95767
275.5 36.5 2.62189
276 36.5 2.2371
276.5 36.5 2.0096
277 36.5 1.63692
277.5 36.5 0.72958
278 36.5 -0.611953
278.5 36.5 -1.82339
279 36.5 -2.46103
279.5 36.5 -2.53899
280 36.5 -2.25168
280.5 36.5 -1.81761
281 36.5 -1.46977
281.5 36.5 -1.29211
282 36.5 -1.13049
282.5 36.5 -0.760448
283 36.5 -0.356915
283.5 36.5 -0.0376808
284 36.5 0.240134
284.5 36.5 0.489424
285 36.5 0.939528
285.5 36.5 1.56355
286 36.5 2.09671
286.5 36.5 2.22994
287 36.5 1.59872
287.5 36.5 0.0552574
288 36.5 -2.08971
288.5 36.5 -4.12105
289 36.5 -5.39016
289.5 36.5 -5.94811
290 36.5 -5.98997
290.5 36.5 -5.74734
291 36.5 -5.36086
291.5 36.5 -4.85809
292 36.5 -4.31633
292.5 36.5 -3.91361
293 36.5 -3.80907
293.5 36.5 -3.8991
294 36.5 -4.01188
236 37 0.473738
236.5 37 0.599656
237 37 0.642402
237.5 37 0.597255
238 37 0.252482
238.5 37 0.412237
239 37 1.30902
239.5 37 1.63924
240 37 1.08051
240.5 37 0.21326
241 37 -0.498326
241.5 37 -0.600926
242 37 -0.465417
242.5 37 -0.777662
243 37 -1.38402
243.5 37 -1.91627
244 37 -1.62972
244.5 37 -0.209162
245 37 1.87923
245.5 37 3.80939
246 37 5.48873
246.5 37 7.34782
247 37 6.97108
247.5 37 3.55629
248 37 -0.0806388
248.5 37 -2.20035
249 37 -1.81924
249.5 37 0.184908
250 37 1.71864
250.5 37 1.36891
251 37 -0.0505382
251.5 37 -0.609988
252 37 0.0660906
252.5 37 0.608415
253 37 -0.841853
253.5 37 -2.7904
254 37 -4.3615
254.5 37 -6.26447
255 37 -6.24742
255.5 37 -3.94862
256 37 -1.40489
256.5 37 0.130423
257 37 0.133344
257.5 37 -0.825976
258 37 -1.47692
258.5 37 -1.54404
259 37 -1.63767
259.5 37 -1.8014
260 37 -1.87536
260.5 37 -2.09665
261 37 -2.94359
261.5 37 -4.26277
262 37 -5.33517
262.5 37 -5.6186
263 37 -5.20783
263.5 37 -4.79809
264 37 -4.7824
264.5 37 -4.78588
265 37 -4.36563
265.5 37 -3.59954
266 37 -2.65794
266.5 37 -1.64609
267 37 -0.934297
267.5 37 -0.893197
268 37 -1.4096
268.5 37 -2.08044
269 37 -2.68226
269.5 37 -3.19029
270 37 -3.4625
270.5 37 -3.32108
271 37 -2.67833
271.5 37 -1.61483
272 37 -0.360875
272.5 37 0.734937
273 37 1.43365
273.5 37 1.80041
274 37 2.04475
274.5 37 2.16796
275 37 2.01377
275.5 37 1.58928
276 37 1.07788
276.5 37 0.451531
277 37 -0.500636
277.5 37 -1.63515
278 37 -2.34052
278.5 37 -2.37298
279 37 -2.22832
279.5 37 -2.22016
280 37 -2.15496
280.5 37 -1.92712
281 37 -1.65103
281.5 37 -1.40651
282 37 -1.1108
282.5 37 -0.700243
283 37 -0.241767
283.5 37 0.317028
284 37 0.886981
284.5 37 1.51795
285 37 2.1816
285.5 37 2.42664
286 37 1.89406
286.5 37 0.492895
287 37 -1.47898
287.5 37 -3.46163
288 37 -4.94038
288.5 37 -5.77151
289 37 -6.03383
289.5 37 -5.93129
290 37 -5.61899
290.5 37 -5.16333
291 37 -4.62804
291.5 37 -4.17087
292 37 -3.95204
292.5 37 -4.04233
293 37 -4.18078
293.5 37 -4.1652
294 37 -3.93345
236 37.5 -0.114321
236.5 37.5 -0.316335
237 37.5 -0.356603
237.5 37.5 -0.446685
238 37.5 -0.358623
238.5 37.5 -0.122715
239 37.5 0.669816
239.5 37.5 1.73241
240 37.5 2.32894
240.5 37.5 1.99343
241 37.5 0.581191
241.5 37.5 -0.700863
242 37.5 -0.99743
242.5 37.5 -0.926093
243 37.5 -1.01459
243.5 37.5 -1.31449
244 37.5 -1.36284
244.5 37.5 -0.510894
245 37.5 1.26756
245.5 37.5 3.53002
246 37.5 5.86981
246.5 37.5 7.95755
247 37.5 7.48198
247.5 37.5 4.01382
248 37.5 0.536819
248.5 37.5 -1.49194
249 37.5 -1.09296
249.5 37.5 0.933839
250 37.5 1.90121
250.5 37.5 0.679573
251 37.5 -1.06637
251.5 37.5 -1.22757
252 37.5 -0.0193147
252.5 37.5 0.232209
253 37.5 -1.7172
253.5 37.5 -3.53703
254 37.5 -5.03245
254.5 37.5 -6.33349
255 37.5 -5.13857
255.5 37.5 -2.27901
256 37.5 -0.236713
256.5 37.5 0.205877
257 37.5 -0.604565
257.5 37.5 -1.51774
258 37.5 -1.70224
258.5 37.5 -1.60818
259 37.5 -1.54897
259.5 37.5 -1.47576
260 37.5 -1.67557
260.5 37.5 -2.4557
261 37.5 -3.74388
261.5 37.5 -4.95769
262 37.5 -5.3816
262.5 37.5 -4.91577
263 37.5 -4.37696
263.5 37.5 -4.35526
264 37.5 -4.50952
264.5 37.5 -4.29156
265 37.5 -3.6024
265.5 37.5 -2.67897
266 37.5 -1.76038
266.5 37.5 -1.14818
267 37.5 -1.16719
267.5 37.5 -1.60747
268 37.5 -2.05543
268.5 37.5 -2.48294
269 37.5 -2.93335
269.5 37.5 -3.12571
270 37.5 -2.81935
270.5 37.5 -2.14117
271 37.5 -1.30494
271.5 37.5 -0.426685
272 37.5 0.33731
272.5 37.5 0.856077
273 37.5 1.15963
273.5 37.5 1.36113
274 37.5 1.49087
274.5 37.5 1.43875
275 37.5 1.08024
275.5 37.5 0.345108
276 37.5 -0.668194
276.5 37.5 -1.67353
277 37.5 -2.46295
277.5 37.5 -2.86655
278 37.5 -2.71089
278.5 37.5 -2.4258
279 37.5 -2.45515
279.5 37.5 -2.48127
280 37.5 -2.18735
280.5 37.5 -1.7598
281 37.5 -1.42714
281.5 37.5 -1.17619
282 37.5 -0.906229
282.5 37.5 -0.531221
283 37.5 0.0891348
283.5 37.5 0.874034
284 37.5 1.57878
284.5 37.5 2.01808
285 37.5 1.79175
285.5 37.5 0.693079
286 37.5 -1.00323
286.5 37.5 -2.82804
287 37.5 -4.33789
287.5 37.5 -5.38486
288 37.5 -5.89294
288.5 37.5 -5.98312
289 37.5 -5.79809
289.5 37.5 -5.41591
290 37.5 -4.91481
290.5 37.5 -4.42855
291 37.5 -4.15531
291.5 37.5 -4.16991
292 37.5 -4.33402
292.5 37.5 -4.37946
293 37.5 -4.16945
293.5 37.5 -3.7809
294 37.5 -3.29064
236 38 0.762902
236.5 38 -0.752486
237 38 -1.33187
237.5 38 -1.77399
238 38 -1.90448
238.5 38 -1.1765
239 38 0.215696
239.5 38 1.80415
240 38 2.91439
240.5 38 2.87821
241 38 1.54356
241.5 38 -0.13919
242 38 -1.04302
242.5 38 -1.17353
243 38 -0.976368
243.5 38 -0.854589
244 38 -0.891232
244.5 38 -0.527575
245 38 0.699958
245.5 38 2.83788
246 38 5.53789
246.5 38 7.86853
247 38 7.60136
247.5 38 4.61777
248 38 1.69753
248.5 38 -0.098962
249 38 0.0664753
249.5 38 1.67955
250 38 1.82948
250.5 38 -0.177184
251 38 -1.93642
251.5 38 -1.49149
252 38 -0.0434338
252.5 38 -0.575196
253 38 -2.94767
253.5 38 -4.41882
254 38 -5.37219
254.5 38 -5.60681
255 38 -3.51511
255.5 38 -0.850452
256 38 0.175567
256.5 38 -0.421175
257 38 -1.53337
257.5 38 -1.94243
258 38 -1.73004
258.5 38 -1.54249
259 38 -1.40412
259.5 38 -1.53329
260 38 -2.2696
260.5 38 -3.54473
261 38 -4.84736
261.5 38 -5.40213
262 38 -4.91882
262.5 38 -4.18948
263 38 -4.0506
263.5 38 -4.23578
264 38 -4.11443
264.5 38 -3.5304
265 38 -2.70021
265.5 38 -1.92227
266 38 -1.38074
266.5 38 -1.34215
267 38 -1.72167
267.5 38 -2.05728
268 38 -2.33558
268.5 38 -2.68314
269 38 -2.85812
269.5 38 -2.60694
270 38 -2.0094
270.5 38 -1.30369
271 38 -0.576636
271.5 38 0.108121
272 38 0.661379
272.5 38 1.03956
273 38 1.20335
273.5 38 1.21579
274 38 1.06313
274.5 38 0.617807
275 38 -0.198255
275.5 38 -1.31584
276 38 -2.37729
276.5 38 -2.99224
277 38 -3.25444
277.5 38 -3.28602
278 38 -3.13379
278.5 38 -3.01292
279 38 -2.81756
279.5 38 -2.31701
280 38 -1.7066
280.5 38 -1.24068
281 38 -0.955664
281.5 38 -0.797945
282 38 -0.675648
282.5 38 -0.419695
283 38 0.11248
283.5 38 0.674214
284 38 0.803232
284.5 38 0.276194
285 38 -0.845753
285.5 38 -2.26195
286 38 -3.63423
286.5 38 -4.74998
287 38 -5.47936
287.5 38 -5.77857
288 38 -5.78152
288.5 38 -5.56327
289 38 -5.12381
289.5 38 -4.65858
290 38 -4.37042
290.5 38 -4.33513
291 38 -4.49872
291.5 38 -4.58068
292 38 -4.41942
292.5 38 -4.01242
293 38 -3.50234
293.5 38 -3.00483
294 38 -2.60745
236 38.5 2.23723
236.5 38.5 0.342906
237 38.5 -1.55957
237.5 38.5 -2.64881
238 38.5 -3.1693
238.5 38.5 -2.65891
239 38.5 -0.840517
239.5 38.5 1.27848
240 38.5 2.57667
240.5 38.5 2.73902
241 38.5 1.95471
241.5 38.5 0.743243
242 38.5 -0.374691
242.5 38.5 -1.07325
243 38.5 -1.15291
243.5 38.5 -0.773104
244 38.5 -0.456756
244.5 38.5 -0.204735
245 38.5 0.48858
245.5 38.5 2.13005
246 38.5 4.7444
246.5 38.5 7.2246
247 38.5 7.32945
247.5 38.5 5.06485
248 38.5 2.92441
248.5 38.5 1.5984
249 38.5 1.51073
249.5 38.5 2.33287
250 38.5 1.52091
250.5 38.5 -0.971403
251 38.5 -2.41365
251.5 38.5 -1.45248
252 38.5 -0.32022
252.5 38.5 -1.73054
253 38.5 -4.07921
253.5 38.5 -5.02532
254 38.5 -5.31746
254.5 38.5 -4.67005
255 38.5 -2.42272
255.5 38.5 -0.51172
256 38.5 -0.306024
256.5 38.5 -1.23132
257 38.5 -1.9847
257.5 38.5 -1.9441
258 38.5 -1.677
258.5 38.5 -1.52691
259 38.5 -1.59204
259.5 38.5 -2.19732
260 38.5 -3.40229
260.5 38.5 -4.79298
261 38.5 -5.55907
261.5 38.5 -5.16528
262 38.5 -4.23946
262.5 38.5 -3.84917
263 38.5 -3.98622
263.5 38.5 -3.87632
264 38.5 -3.31191
264.5 38.5 -2.58631
265 38.5 -1.97415
265.5 38.5 -1.55696
266 38.5 -1.44353
266.5 38.5 -1.72243
267 38.5 -2.07612
267.5 38.5 -2.30702
268 38.5 -2.53312
268.5 38.5 -2.65152
269 38.5 -2.48921
269.5 38.5 -2.078
270 38.5 -1.53442
270.5 38.5 -0.910332
271 38.5 -0.244299
271.5 38.5 0.33693
272 38.5 0.728382
272.5 38.5 0.851431
273 38.5 0.748887
273.5 38.5 0.516695
274 38.5 0.0137101
274.5 38.5 -0.810727
275 38.5 -1.76635
275.5 38.5 -2.61529
276 38.5 -3.10118
276.5 38.5 -3.25454
277 38.5 -3.34924
277.5 38.5 -3.34955
278 38.5 -3.15437
278.5 38.5 -2.78245
279 38.5 -2.24024
279.5 38.5 -1.63291
280 38.5 -1.15135
280.5 38.5 -0.853586
281 38.5 -0.712148
281.5 38.5 -0.72648
282 38.5 -0.787734
282.5 38.5 -0.661954
283 38.5 -0.35767
283.5 38.5 -0.327291
284 38.5 -0.868781
284.5 38.5 -1.74407
285 38.5 -2.75832
285.5 38.5 -3.80204
286 38.5 -4.6586
286.5 38.5 -5.18434
287 38.5 -5.41299
287.5 38.5 -5.40352
288 38.5 -5.16991
288.5 38.5 -4.82033
289 38.5 -4.55729
289.5 38.5 -4.56277
290 38.5 -4.72784
290.5 38.5 -4.82341
291 38.5 -4.6844
291.5 38.5 -4.27253
292 38.5 -3.71706
292.5 38.5 -3.17476
293 38.5 -2.74406
293.5 38.5 -2.47898
294 38.5 -2.3921
236 39 2.55138
236.5 39 1.72242
237 39 -0.318908
237.5 39 -2.54857
238 39 -3.70013
238.5 39 -3.52409
239 39 -1.96364
239.5 39 0.234326
240 39 1.60758
240.5 39 1.94396
241 39 1.82597
241.5 39 1.43545
242 39 0.662166
242.5 39 -0.383006
243 39 -1.05684
243.5 39 -0.866877
244 39 -0.256744
244.5 39 0.168946
245 39 0.603764
245.5 39 1.7744
246 39 3.995
246.5 39 6.31773
247 39 6.77944
247.5 39 5.31361
248 39 3.93073
248.5 39 3.22235
249 39 2.95511
249.5 39 2.6592
250 39 0.987677
250.5 39 -1.42301
251 39 -2.43542
251.5 39 -1.58384
252 39 -1.19078
252.5 39 -2.94297
253 39 -4.78988
253.5 39 -5.29647
254 39 -5.32783
254.5 39 -4.41232
255 39 -2.35178
255.5 39 -0.905269
256 39 -0.873887
256.5 39 -1.50664
257 39 -1.84584
257.5 39 -1.78747
258 39 -1.70445
258.5 39 -1.7805
259 39 -2.25306
259.5 39 -3.29121
260 39 -4.66178
260.5 39 -5.65051
261 39 -5.5331
261.5 39 -4.56735
262 39 -3.81199
262.5 39 -3.66424
263 39 -3.50968
263.5 39 -2.96927
264 39 -2.35209
264.5 39 -1.8962
265 39 -1.60129
265.5 39 -1.50535
266 39 -1.72488
266.5 39 -2.11395
267 39 -2.36719
267.5 39 -2.48643
268 39 -2.54947
268.5 39 -2.44162
269 39 -2.1559
269.5 39 -1.76682
270 39 -1.26566
270.5 39 -0.670836
271 39 -0.150326
271.5 39 0.148221
272 39 0.202521
272.5 39 0.0509945
273 39 -0.220913
273.5 39 -0.649902
274 39 -1.35559
274.5 39 -2.15939
275 39 -2.74421
275.5 39 -2.97408
276 39 -2.95731
276.5 39 -2.96032
277 39 -2.98424
277.5 39 -2.79762
278 39 -2.37265
278.5 39 -1.88565
279 39 -1.47946
279.5 39 -1.20809
280 39 -1.06715
280.5 39 -0.99126
281 39 -0.971627
281.5 39 -1.03392
282 39 -1.0407
282.5 39 -0.864171
283 39 -0.712693
283.5 39 -0.948821
284 39 -1.587
284.5 39 -2.39575
285 39 -3.25472
285.5 39 -3.99371
286 39 -4.49426
286.5 39 -4.76246
287 39 -4.80328
287.5 39 -4.68402
288 39 -4.60502
288.5 39 -4.72551
289 39 -4.97545
289.5 39 -5.16745
290 39 -5.03061
290.5 39 -4.59161
291 39 -3.97966
291.5 39 -3.36426
292 39 -2.87509
292.5 39 -2.57713
293 39 -2.48338
293.5 39 -2.5651
294 39 -2.75812
236 39.5 2.79899
236.5 39.5 2.29011
237 39.5 1.26215
237.5 39.5 -0.971232
238 39.5 -3.15747
238.5 39.5 -3.797
239 39.5 -2.85841
239.5 39.5 -1.11456
240 39.5 0.313906
240.5 39.5 0.867461
241 39.5 1.14238
241.5 39.5 1.44767
242 39.5 1.38336
242.5 39.5 0.666838
243 39.5 -0.318761
243.5 39.5 -0.716609
244 39.5 -0.280229
244.5 39.5 0.327782
245 39.5 0.806686
245.5 39.5 1.72968
246 39.5 3.52175
246.5 39.5 5.44795
247 39.5 6.09976
247.5 39.5 5.32688
248 39.5 4.56018
248.5 39.5 4.42727
249 39.5 3.95897
249.5 39.5 2.63634
250 39.5 0.541621
250.5 39.5 -1.52111
251 39.5 -2.41534
251.5 39.5 -2.18199
252 39.5 -2.28169
252.5 39.5 -3.64351
253 39.5 -4.93845
253.5 39.5 -5.47266
254 39.5 -5.62181
254.5 39.5 -4.6686
255 39.5 -2.67541
255.5 39.5 -1.21823
256 39.5 -0.923313
256.5 39.5 -1.19564
257 39.5 -1.47882
257.5 39.5 -1.65884
258 39.5 -1.87248
258.5 39.5 -2.35335
259 39.5 -3.26745
259.5 39.5 -4.54208
260 39.5 -5.62715
260.5 39.5 -5.79163
261 39.5 -4.96133
261.5 39.5 -3.92358
262 39.5 -3.31361
262.5 39.5 -2.92933
263 39.5 -2.43121
263.5 39.5 -2.01435
264 39.5 -1.80298
264.5 39.5 -1.65417
265 39.5 -1.63497
265.5 39.5 -1.89301
266 39.5 -2.28586
266.5 39.5 -2.53062
267 39.5 -2.5723
267.5 39.5 -2.57102
268 39.5 -2.50037
268.5 39.5 -2.27808
269 39.5 -1.96101
269.5 39.5 -1.54189
270 39.5 -0.996653
270.5 39.5 -0.494581
271 39.5 -0.237084
271.5 39.5 -0.246641
272 39.5 -0.447968
272.5 39.5 -0.77356
273 39.5 -1.15249
273.5 39.5 -1.62501
274 39.5 -2.20498
274.5 39.5 -2.66021
275 39.5 -2.73966
275.5 39.5 -2.54734
276 39.5 -2.43802
276.5 39.5 -2.51648
277 39.5 -2.49401
277.5 39.5 -2.15246
278 39.5 -1.65694
278.5 39.5 -1.32738
279 39.5 -1.24353
279.5 39.5 -1.27507
280 39.5 -1.27993
280.5 39.5 -1.2347
281 39.5 -1.21069
281.5 39.5 -1.22711
282 39.5 -1.18076
282.5 39.5 -1.07364
283 39.5 -1.06568
283.5 39.5 -1.27273
284 39.5 -1.73223
284.5 39.5 -2.34315
285 39.5 -2.97272
285.5 39.5 -3.51381
286 39.5 -3.86614
286.5 39.5 -4.06465
287 39.5 -4.27202
287.5 39.5 -4.62587
288 39.5 -5.10551
288.5 39.5 -5.45523
289 39.5 -5.46759
289.5 39.5 -5.03133
290 39.5 -4.33243
290.5 39.5 -3.628
291 39.5 -3.06013
291.5 39.5 -2.71803
292 39.5 -2.60246
292.5 39.5 -2.67721
293 39.5 -2.85064
293.5 39.5 -2.99507
294 39.5 -2.98432
236 40 3.29035
236.5 40 2.87487
237 40 2.33192
237.5 40 1.09638
238 40 -1.04783
238.5 40 -2.78527
239 40 -3.14835
239.5 40 -2.41672
240 40 -1.24879
240.5 40 -0.389173
241 40 0.0981246
241.5 40 0.692001
242 40 1.23035
242.5 40 1.27934
243 40 0.695864
243.5 40 -0.114779
244 40 -0.319147
244.5 40 0.191445
245 40 0.887172
245.5 40 1.79637
246 40 3.26535
246.5 40 4.8081
247 40 5.41832
247.5 40 4.96095
248 40 4.62022
248.5 40 4.8925
249 40 4.30367
249.5 40 2.5587
250 40 0.439353
250.5 40 -1.52913
251 40 -2.6108
251.5 40 -2.7048
252 40 -2.69078
252.5 40 -3.53539
253 40 -4.79202
253.5 40 -5.74646
254 40 -5.99386
254.5 40 -4.90421
255 40 -2.79707
255.5 40 -1.13652
256 40 -0.568629
256.5 40 -0.735819
257 40 -1.15931
257.5 40 -1.62455
258 40 -2.27554
258.5 40 -3.23253
259 40 -4.44721
259.5 40 -5.54979
260 40 -5.88248
260.5 40 -5.19787
261 40 -4.01343
261.5 40 -3.01697
262 40 -2.35106
262.5 40 -1.84853
263 40 -1.61477
263.5 40 -1.71349
264 40 -1.8566
264.5 40 -1.98084
265 40 -2.2381
265.5 40 -2.54259
266 40 -2.72536
266.5 40 -2.75584
267 40 -2.72831
267.5 40 -2.65971
268 40 -2.46667
268.5 40 -2.14328
269 40 -1.70958
269.5 40 -1.17017
270 40 -0.670502
270.5 40 -0.414169
271 40 -0.466005
271.5 40 -0.721975
272 40 -1.05731
272.5 40 -1.37625
273 40 -1.64262
273.5 40 -1.93802
274 40 -2.23555
274.5 40 -2.33513
275 40 -2.13982
275.5 40 -1.92661
276 40 -1.98639
276.5 40 -2.15107
277 40 -2.07122
277.5 40 -1.70932
278 40 -1.3772
278.5 40 -1.27642
279 40 -1.29897
279.5 40 -1.30226
280 40 -1.26371
280.5 40 -1.27966
281 40 -1.4026
281.5 40 -1.59172
282 40 -1.74674
282.5 40 -1.79494
283 40 -1.68756
283.5 40 -1.60586
284 40 -1.80685
284.5 40 -2.18871
285 40 -2.60892
285.5 40 -3.04359
286 40 -3.54447
286.5 40 -4.19739
287 40 -4.9351
287.5 40 -5.53693
288 40 -5.75915
288.5 40 -5.48746
289 40 -4.83576
289.5 40 -4.03097
290 40 -3.369
290.5 40 -2.94071
291 40 -2.77319
291.5 40 -2.81828
292 40 -2.95867
292.5 40 -3.04293
293 40 -2.97402
293.5 40 -2.68638
294 40 -2.26957
236 40.5 3.00461
236.5 40.5 3.10249
237 40.5 2.95229
237.5 40.5 2.428
238 40.5 1.17585
238.5 40.5 -0.431566
239 40.5 -1.74812
239.5 40.5 -2.46446
240 40.5 -2.33878
240.5 40.5 -1.5846
241 40.5 -0.855517
241.5 40.5 -0.23152
242 40.5 0.44889
242.5 40.5 1.05076
243 40.5 1.20197
243.5 40.5 0.662896
244 40.5 0.0172195
244.5 40.5 0.0675473
245 40.5 0.758551
245.5 40.5 1.72164
246 40.5 3.01122
246.5 40.5 4.31405
247 40.5 4.83403
247.5 40.5 4.4025
248 40.5 4.18677
248.5 40.5 4.66973
249 40.5 4.18152
249.5 40.5 2.52888
250 40.5 0.50015
250.5 40.5 -1.63652
251 40.5 -2.88286
251.5 40.5 -2.76948
252 40.5 -2.37292
252.5 40.5 -3.096
253 40.5 -4.75798
253.5 40.5 -6.05165
254 40.5 -6.13071
254.5 40.5 -4.78789
255 40.5 -2.57115
255.5 40.5 -0.831645
256 40.5 -0.220294
256.5 40.5 -0.456873
257 40.5 -1.05382
257.5 40.5 -1.90064
258 40.5 -3.02432
258.5 40.5 -4.28409
259 40.5 -5.35705
259.5 40.5 -5.74122
260 40.5 -5.17555
260.5 40.5 -3.95347
261 40.5 -2.69474
261.5 40.5 -1.80095
262 40.5 -1.3373
262.5 40.5 -1.29814
263 40.5 -1.627
263.5 40.5 -2.10184
264 40.5 -2.50509
264.5 40.5 -2.76333
265 40.5 -2.87144
265.5 40.5 -2.94176
266 40.5 -3.02082
266.5 40.5 -3.01184
267 40.5 -2.8915
267.5 40.5 -2.6352
268 40.5 -2.22292
268.5 40.5 -1.71811
269 40.5 -1.20011
269.5 40.5 -0.78314
270 40.5 -0.605633
270.5 40.5 -0.702349
271 40.5 -0.964891
271.5 40.5 -1.20597
272 40.5 -1.3436
272.5 40.5 -1.42138
273 40.5 -1.53271
273.5 40.5 -1.70403
274 40.5 -1.82153
274.5 40.5 -1.76135
275 40.5 -1.57491
275.5 40.5 -1.51834
276 40.5 -1.67471
276.5 40.5 -1.78896
277 40.5 -1.67193
277.5 40.5 -1.42362
278 40.5 -1.25351
278.5 40.5 -1.17053
279 40.5 -1.11359
279.5 40.5 -1.10863
280 40.5 -1.24128
280.5 40.5 -1.54997
281 40.5 -1.95686
281.5 40.5 -2.27221
282 40.5 -2.32298
282.5 40.5 -2.11351
283 40.5 -1.80398
283.5 40.5 -1.71541
284 40.5 -1.90918
284.5 40.5 -2.25348
285 40.5 -2.82913
285.5 40.5 -3.6617
286 40.5 -4.60802
286.5 40.5 -5.42468
287 40.5 -5.81817
287.5 40.5 -5.69017
288 40.5 -5.18034
288.5 40.5 -4.51019
289 40.5 -3.86431
289.5 40.5 -3.37362
290 40.5 -3.09298
290.5 40.5 -3.01837
291 40.5 -3.06788
291.5 40.5 -3.06741
292 40.5 -2.88612
292.5 40.5 -2.52044
293 40.5 -2.03889
293.5 40.5 -1.55956
294 40.5 -1.20494
236 41 2.33582
236.5 41 2.81461
237 41 3.12311
237.5 41 3.08146
238 41 2.35504
238.5 41 1.42272
239 41 0.524555
239.5 41 -0.691388
240 41 -1.82043
240.5 41 -2.06312
241 41 -1.54814
241.5 41 -0.923961
242 41 -0.350699
242.5 41 0.353259
243 41 0.970235
243.5 41 0.988072
244 41 0.544463
244.5 41 0.3174
245 41 0.69512
245.5 41 1.56015
246 41 2.69387
246.5 41 3.78533
247 41 4.22437
247.5 41 3.80953
248 41 3.53383
248.5 41 3.97801
249 41 3.74617
249.5 41 2.46086
250 41 0.525537
250.5 41 -1.8068
251 41 -3.03563
251.5 41 -2.49512
252 41 -1.83837
252.5 41 -2.81026
253 41 -4.87079
253.5 41 -6.11016
254 41 -5.85487
254.5 41 -4.34166
255 41 -2.1764
255.5 41 -0.519701
256 41 0.0140861
256.5 41 -0.340696
257 41 -1.25167
257.5 41 -2.57369
258 41 -3.99149
258.5 41 -5.04512
259 41 -5.333
259.5 41 -4.77643
260 41 -3.60425
260.5 41 -2.25972
261 41 -1.22197
261.5 41 -0.768857
262 41 -0.945883
262.5 41 -1.53233
263 41 -2.26094
263.5 41 -2.95708
264 41 -3.35342
264.5 41 -3.33838
265 41 -3.23498
265.5 41 -3.29869
266 41 -3.32473
266.5 41 -3.09029
267 41 -2.63713
267.5 41 -2.0681
268 41 -1.51519
268.5 41 -1.11361
269 41 -0.902393
269.5 41 -0.907541
270 41 -1.07658
270.5 41 -1.27596
271 41 -1.35437
271.5 41 -1.27385
272 41 -1.16793
272.5 41 -1.1787
273 41 -1.2965
273.5 41 -1.4103
274 41 -1.43433
274.5 41 -1.35038
275 41 -1.23929
275.5 41 -1.24028
276 41 -1.33955
276.5 41 -1.37974
277 41 -1.27932
277.5 41 -1.09968
278 41 -0.942294
278.5 41 -0.852657
279 41 -0.864807
279.5 41 -1.03642
280 41 -1.40488
280.5 41 -1.83368
281 41 -2.11584
281.5 41 -2.12935
282 41 -1.94428
282.5 41 -1.76555
283 41 -1.73297
283.5 41 -2.00749
284 41 -2.58135
284.5 41 -3.40346
285 41 -4.41201
285.5 41 -5.34073
286 41 -5.88621
286.5 41 -5.86711
287 41 -5.36448
287.5 41 -4.72995
288 41 -4.23026
288.5 41 -3.86896
289 41 -3.60564
289.5 41 -3.39812
290 41 -3.2142
290.5 41 -3.02724
291 41 -2.71383
291.5 41 -2.24122
292 41 -1.69817
292.5 41 -1.23072
293 41 -0.873009
293.5 41 -0.653245
294 41 -0.513402
236 41.5 2.18088
236.5 41.5 2.74051
237 41.5 3.10186
237.5 41.5 3.34476
238 41.5 3.03886
238.5 41.5 2.39775
239 41.5 2.02583
239.5 41.5 1.47234
240 41.5 0.232653
240.5 41.5 -1.04869
241 41.5 -1.51066
241.5 41.5 -1.24968
242 41.5 -0.845835
242.5 41.5 -0.37916
243 41.5 0.226149
243.5 41.5 0.573206
244 41.5 0.558844
244.5 41.5 0.581968
245 41.5 0.839316
245.5 41.5 1.45309
246 41.5 2.37816
246.5 41.5 3.23849
247 41.5 3.53695
247.5 41.5 3.16749
248 41.5 2.81877
248.5 41.5 3.06966
249 41.5 3.12951
249.5 41.5 2.25803
250 41.5 0.327373
250.5 41.5 -2.05171
251 41.5 -2.97468
251.5 41.5 -2.01599
252 41.5 -1.40023
252.5 41.5 -2.79158
253 41.5 -4.93722
253.5 41.5 -5.81166
254 41.5 -5.222
254.5 41.5 -3.58885
255 41.5 -1.51669
255.5 41.5 -0.0244768
256 41.5 0.302954
256.5 41.5 -0.401713
257 41.5 -1.8495
257.5 41.5 -3.56006
258 41.5 -4.75254
258.5 41.5 -4.9144
259 41.5 -4.20779
259.5 41.5 -3.06787
260 41.5 -1.84361
260.5 41.5 -0.880006
261 41.5 -0.46351
261.5 41.5 -0.692374
262 41.5 -1.41243
262.5 41.5 -2.30724
263 41.5 -3.16836
263.5 41.5 -3.75081
264 41.5 -3.814
264.5 41.5 -3.58604
265 41.5 -3.45985
265.5 41.5 -3.40148
266 41.5 -3.10112
266.5 41.5 -2.47769
267 41.5 -1.77494
267.5 41.5 -1.22086
268 41.5 -0.950576
268.5 41.5 -0.967234
269 41.5 -1.16001
269.5 41.5 -1.37416
270 41.5 -1.45174
270.5 41.5 -1.35737
271 41.5 -1.16598
271.5 41.5 -1.01687
272 41.5 -1.03253
272.5 41.5 -1.17822
273 41.5 -1.31092
273.5 41.5 -1.35397
274 41.5 -1.34226
274.5 41.5 -1.29028
275 41.5 -1.189
275.5 41.5 -1.08935
276 41.5 -1.0312
276.5 41.5 -0.987707
277 41.5 -0.901259
277.5 41.5 -0.77727
278 41.5 -0.716291
278.5 41.5 -0.753568
279 41.5 -0.848164
279.5 41.5 -1.02111
280 41.5 -1.23494
280.5 41.5 -1.38876
281 41.5 -1.47187
281.5 41.5 -1.5717
282 41.5 -1.80826
282.5 41.5 -2.19419
283 41.5 -2.69937
283.5 41.5 -3.41751
284 41.5 -4.28803
284.5 41.5 -5.17894
285 41.5 -5.87368
285.5 41.5 -6.09714
286 41.5 -5.76063
286.5 41.5 -5.08609
287 41.5 -4.50684
287.5 41.5 -4.20722
288 41.5 -4.01187
288.5 41.5 -3.72636
289 41.5 -3.35871
289.5 41.5 -2.88737
290 41.5 -2.3238
290.5 41.5 -1.74918
291 41.5 -1.22282
291.5 41.5 -0.77527
292 41.5 -0.470266
292.5 41.5 -0.288874
293 41.5 -0.153792
293.5 41.5 -0.0511931
294 41.5 0.0152021
236 42 2.12619
236.5 42 3.07259
237 42 3.36774
237.5 42 3.30701
238 42 3.13691
238.5 42 2.87064
239 42 2.76658
239.5 42 2.81264
240 42 2.38042
240.5 42 1.20112
241 42 -0.0645362
241.5 42 -0.630939
242 42 -0.645619
242.5 42 -0.570129
243 42 -0.456607
243.5 42 -0.318968
244 42 -0.131515
244.5 42 0.309027
245 42 0.850554
245.5 42 1.36962
246 42 2.0652
246.5 42 2.72011
247 42 2.89589
247.5 42 2.5759
248 42 2.17382
248.5 42 2.2112
249 42 2.40966
249.5 42 1.72009
250 42 -0.240458
250.5 42 -2.33107
251 42 -2.6791
251.5 42 -1.47001
252 42 -1.18088
252.5 42 -2.88886
253 42 -4.80162
253.5 42 -5.2242
254 42 -4.21752
254.5 42 -2.33007
255 42 -0.370139
255.5 42 0.6738
256 42 0.38324
256.5 42 -0.999806
257 42 -2.94783
257.5 42 -4.45044
258 42 -4.63544
258.5 42 -3.75094
259 42 -2.56192
259.5 42 -1.52405
260 42 -0.827132
260.5 42 -0.571626
261 42 -0.764083
261.5 42 -1.36571
262 42 -2.22821
262.5 42 -3.11532
263 42 -3.78737
263.5 42 -3.99735
264 42 -3.7657
264.5 42 -3.41151
265 42 -3.12368
265.5 42 -2.81008
266 42 -2.26755
266.5 42 -1.59081
267 42 -1.08785
267.5 42 -0.8843
268 42 -0.961895
268.5 42 -1.17348
269 42 -1.29138
269.5 42 -1.19524
270 42 -0.98049
270.5 42 -0.81267
271 42 -0.803538
271.5 42 -0.980583
272 42 -1.25744
272.5 42 -1.50425
273 42 -1.65674
273.5 42 -1.72674
274 42 -1.74414
274.5 42 -1.64291
275 42 -1.38139
275.5 42 -1.07369
276 42 -0.857092
276.5 42 -0.758902
277 42 -0.685186
277.5 42 -0.62998
278 42 -0.654284
278.5 42 -0.688035
279 42 -0.687444
279.5 42 -0.720034
280 42 -0.814913
280.5 42 -1.04541
281 42 -1.46607
281.5 42 -2.07025
282 42 -2.81046
282.5 42 -3.51823
283 42 -4.1425
283.5 42 -4.74972
284 42 -5.30302
284.5 42 -5.68139
285 42 -5.73873
285.5 42 -5.42332
286 42 -4.88264
286.5 42 -4.43585
287 42 -4.23638
287.5 42 -4.04837
288 42 -3.5959
288.5 42 -2.90501
289 42 -2.09304
289.5 42 -1.26583
290 42 -0.627799
290.5 42 -0.240507
291 42 0.00445331
291.5 42 0.169301
292 42 0.264388
292.5 42 0.362348
293 42 0.409263
293.5 42 0.380361
294 42 0.306289
236 42.5 1.76616
236.5 42.5 3.11758
237 42.5 3.82206
237.5 42.5 3.6905
238 42.5 3.22858
238.5 42.5 2.96039
239 42.5 3.001
239.5 42.5 3.31974
240 42.5 3.55176
240.5 42.5 3.20263
241 42.5 2.21074
241.5 42.5 1.19071
242 42.5 0.635159
242.5 42.5 0.327217
243 42.5 -0.0883018
243.5 42.5 -0.606047
244 42.5 -0.811122
244.5 42.5 -0.356279
245 42.5 0.464954
245.5 42.5 1.16572
246 42.5 1.74394
246.5 42.5 2.23149
247 42.5 2.37266
247.5 42.5 2.13506
248 42.5 1.7392
248.5 42.5 1.55309
249 42.5 1.58229
249.5 42.5 0.854539
250 42.5 -0.917931
250.5 42.5 -2.39059
251 42.5 -2.17473
251.5 42.5 -1.04154
252 42.5 -1.22236
252.5 42.5 -3.01229
253 42.5 -4.52771
253.5 42.5 -4.40898
254 42.5 -2.80529
254.5 42.5 -0.66464
255 42.5 0.829316
255.5 42.5 0.891645
256 42.5 -0.3523
256.5 42.5 -2.31866
257 42.5 -4.05475
257.5 42.5 -4.41073
258 42.5 -3.43738
258.5 42.5 -2.15107
259 42.5 -1.19068
259.5 42.5 -0.688013
260 42.5 -0.594248
260.5 42.5 -0.786301
261 42.5 -1.24246
261.5 42.5 -1.98495
262 42.5 -2.82054
262.5 42.5 -3.47179
263 42.5 -3.72023
263.5 42.5 -3.49896
264 42.5 -3.00023
264.5 42.5 -2.53384
265 42.5 -2.23919
265.5 42.5 -1.96536
266 42.5 -1.50614
266.5 42.5 -1.04413
267 42.5 -0.793219
267.5 42.5 -0.69058
268 42.5 -0.690448
268.5 42.5 -0.676142
269 42.5 -0.518233
269.5 42.5 -0.342824
270 42.5 -0.330232
270.5 42.5 -0.524679
271 42.5 -0.913561
271.5 42.5 -1.40521
272 42.5 -1.84098
272.5 42.5 -2.13598
273 42.5 -2.26629
273.5 42.5 -2.23392
274 42.5 -2.07765
274.5 42.5 -1.79086
275 42.5 -1.40927
275.5 42.5 -1.04354
276 42.5 -0.804167
276.5 42.5 -0.669907
277 42.5 -0.529613
277.5 42.5 -0.452648
278 42.5 -0.493097
278.5 42.5 -0.579622
279 42.5 -0.730212
279.5 42.5 -0.977015
280 42.5 -1.3187
280.5 42.5 -1.80738
281 42.5 -2.42543
281.5 42.5 -3.05619
282 42.5 -3.60813
282.5 42.5 -4.03739
283 42.5 -4.38663
283.5 42.5 -4.66775
284 42.5 -4.83063
284.5 42.5 -4.82477
285 42.5 -4.64145
285.5 42.5 -4.32418
286 42.5 -4.00021
286.5 42.5 -3.80289
287 42.5 -3.58396
287.5 42.5 -3.12811
288 42.5 -2.40841
288.5 42.5 -1.56333
289 42.5 -0.69318
289.5 42.5 0.02201
290 42.5 0.404434
290.5 42.5 0.573192
291 42.5 0.680862
291.5 42.5 0.726602
292 42.5 0.756667
292.5 42.5 0.739807
293 42.5 0.683542
293.5 42.5 0.647208
294 42.5 0.676494
236 43 1.33256
236.5 43 2.67488
237 43 3.67391
237.5 43 3.90464
238 43 3.61559
238.5 43 3.32143
239 43 3.24033
239.5 43 3.45513
240 43 3.8382
240.5 43 4.06091
241 43 3.87724
241.5 43 3.27643
242 43 2.57363
242.5 43 2.02766
243 43 1.42531
243.5 43 0.483233
244 43 -0.390116
244.5 43 -0.545292
245 43 0.0041576
245.5 43 0.752503
246 43 1.3554
246.5 43 1.78374
247 43 2.01424
247.5 43 1.92213
248 43 1.50699
248.5 43 1.03814
249 43 0.73011
249.5 43 0.0254394
250 43 -1.27941
250.5 43 -2.14017
251 43 -1.71108
251.5 43 -0.960742
252 43 -1.53428
252.5 43 -3.17591
253 43 -4.11581
253.5 43 -3.21968
254 43 -1.06159
254.5 43 0.822138
255 43 1.20417
255.5 43 0.0245853
256 43 -1.88939
256.5 43 -3.62319
257 43 -4.13775
257.5 43 -3.22267
258 43 -1.8726
258.5 43 -0.880361
259 43 -0.374731
259.5 43 -0.281251
260 43 -0.497436
260.5 43 -0.922009
261 43 -1.58242
261.5 43 -2.33561
262 43 -2.88995
262.5 43 -3.07159
263 43 -2.82932
263.5 43 -2.28779
264 43 -1.72939
264.5 43 -1.41954
265 43 -1.35087
265.5 43 -1.24173
266 43 -0.915295
266.5 43 -0.460322
267 43 0.0242476
267.5 43 0.391922
268 43 0.447158
268.5 43 0.332708
269 43 0.181569
269.5 43 -0.114614
270 43 -0.556155
270.5 43 -1.11044
271 43 -1.71187
271.5 43 -2.20402
272 43 -2.46554
272.5 43 -2.51196
273 43 -2.37423
273.5 43 -2.13146
274 43 -1.85551
274.5 43 -1.52435
275 43 -1.15789
275.5 43 -0.857956
276 43 -0.705593
276.5 43 -0.616616
277 43 -0.57824
277.5 43 -0.730868
278 43 -1.06553
278.5 43 -1.48432
279 43 -1.90983
279.5 43 -2.24556
280 43 -2.5013
280.5 43 -2.77415
281 43 -3.06569
281.5 43 -3.28851
282 43 -3.44732
282.5 43 -3.60115
283 43 -3.75581
283.5 43 -3.83565
284 43 -3.77964
284.5 43 -3.59458
285 43 -3.33791
285.5 43 -3.07962
286 43 -2.87259
286.5 43 -2.68182
287 43 -2.33029
287.5 43 -1.74452
288 43 -0.980323
288.5 43 -0.212045
289 43 0.426095
289.5 43 0.859143
290 43 0.99822
290.5 43 0.966486
291 43 0.941963
291.5 43 1.00049
292 43 1.09423
292.5 43 1.19704
293 43 1.33308
293.5 43 1.47286
294 43 1.58385
236 43.5 0.133619
236.5 43.5 1.40761
237 43.5 2.5685
237.5 43.5 3.09836
238 43.5 3.19421
238.5 43.5 3.27424
239 43.5 3.37131
239.5 43.5 3.52539
240 43.5 3.83676
240.5 43.5 4.1788
241 43.5 4.4262
241.5 43.5 4.5088
242 43.5 4.2743
242.5 43.5 3.75602
243 43.5 3.14451
243.5 43.5 2.27044
244 43.5 1.15852
244.5 43.5 0.321246
245 43.5 0.0922786
245.5 43.5 0.39978
246 43.5 0.897739
246.5 43.5 1.331
247 43.5 1.72137
247.5 43.5 1.88572
248 43.5 1.47012
248.5 43.5 0.672234
249 43.5 0.0718515
249.5 43.5 -0.457851
250 43.5 -1.28292
250.5 43.5 -1.82384
251 43.5 -1.48577
251.5 43.5 -1.15469
252 43.5 -1.90994
252.5 43.5 -3.17605
253 43.5 -3.28134
253.5 43.5 -1.58458
254 43.5 0.5402
254.5 43.5 1.37721
255 43.5 0.450109
255.5 43.5 -1.39008
256 43.5 -3.06219
256.5 43.5 -3.70026
257 43.5 -2.9773
257.5 43.5 -1.66796
258 43.5 -0.604111
258.5 43.5 0.00300584
259 43.5 0.202839
259.5 43.5 0.0120838
260 43.5 -0.469622
260.5 43.5 -1.07367
261 43.5 -1.68121
261.5 43.5 -2.07697
262 43.5 -2.13781
262.5 43.5 -1.87946
263 43.5 -1.39271
263.5 43.5 -0.878204
264 43.5 -0.537971
264.5 43.5 -0.468965
265 43.5 -0.555566
265.5 43.5 -0.498922
266 43.5 -0.0840147
266.5 43.5 0.601704
267 43.5 1.18237
267.5 43.5 1.27738
268 43.5 0.867016
268.5 43.5 0.253296
269 43.5 -0.415706
269.5 43.5 -1.1271
270 43.5 -1.77549
270.5 43.5 -2.27321
271 43.5 -2.53757
271.5 43.5 -2.53412
272 43.5 -2.37736
272.5 43.5 -2.20782
273 43.5 -2.0348
273.5 43.5 -1.84103
274 43.5 -1.58419
274.5 43.5 -1.26215
275 43.5 -0.988701
275.5 43.5 -0.898362
276 43.5 -1.01377
276.5 43.5 -1.21969
277 43.5 -1.5592
277.5 43.5 -2.05802
278 43.5 -2.57514
278.5 43.5 -2.96917
279 43.5 -3.14489
279.5 43.5 -3.12551
280 43.5 -3.06991
280.5 43.5 -3.07795
281 43.5 -3.09462
281.5 43.5 -3.041
282 43.5 -2.97601
282.5 43.5 -2.96451
283 43.5 -2.9298
283.5 43.5 -2.77015
284 43.5 -2.50899
284.5 43.5 -2.23821
285 43.5 -2.02126
285.5 43.5 -1.84377
286 43.5 -1.64139
286.5 43.5 -1.30572
287 43.5 -0.735778
287.5 43.5 -0.000342476
288 43.5 0.676098
288.5 43.5 1.1064
289 43.5 1.30211
289.5 43.5 1.34281
290 43.5 1.22725
290.5 43.5 1.16754
291 43.5 1.36442
291.5 43.5 1.71625
292 43.5 2.00087
292.5 43.5 2.13916
293 43.5 2.14747
293.5 43.5 2.0637
294 43.5 1.88019
236 44 -1.64171
236.5 44 -0.792845
237 44 0.273728
237.5 44 1.03838
238 44 1.39973
238.5 44 1.76157
239 44 2.1999
239.5 44 2.61511
240 44 3.11931
240.5 44 3.66218
241 44 4.11893
241.5 44 4.52581
242 44 4.82894
242.5 44 4.75779
243 44 4.33303
243.5 44 3.69846
244 44 2.80559
244.5 44 1.76813
245 44 0.898967
245.5 44 0.532871
246 44 0.643287
246.5 44 0.921574
247 44 1.32827
247.5 44 1.72392
248 44 1.5203
248.5 44 0.644568
249 44 -0.185671
249.5 44 -0.65491
250 44 -1.23039
250.5 44 -1.66398
251 44 -1.45571
251.5 44 -1.39159
252 44 -2.12414
252.5 44 -2.78269
253 44 -1.9543
253.5 44 0.0223032
254 44 1.30279
254.5 44 0.911663
255 44 -0.602071
255.5 44 -2.15692
256 44 -2.94527
256.5 44 -2.54868
257 44 -1.38962
257.5 44 -0.277605
258 44 0.439217
258.5 44 0.74228
259 44 0.646941
259.5 44 0.185538
260 44 -0.372243
260.5 44 -0.78713
261 44 -1.00668
261.5 44 -0.989362
262 44 -0.757836
262.5 44 -0.381769
263 44 0.00944364
263.5 44 0.274973
264 44 0.33173
264.5 44 0.199311
265 44 0.0949114
265.5 44 0.280747
266 44 0.741358
266.5 44 1.13481
267 44 1.11881
267.5 44 0.610414
268 44 -0.185664
268.5 44 -1.04776
269 44 -1.80847
269.5 44 -2.35946
270 44 -2.66141
270.5 44 -2.69889
271 44 -2.50663
271.5 44 -2.22084
272 44 -2.03169
272.5 44 -1.97507
273 44 -1.93347
273.5 44 -1.81582
274 44 -1.63594
274.5 44 -1.47515
275 44 -1.43914
275.5 44 -1.61693
276 44 -1.95942
276.5 44 -2.35571
277 44 -2.79748
277.5 44 -3.19229
278 44 -3.37482
278.5 44 -3.2971
279 44 -3.07065
279.5 44 -2.85239
280 44 -2.72275
280.5 44 -2.6555
281 44 -2.54471
281.5 44 -2.3542
282 44 -2.14416
282.5 44 -1.91388
283 44 -1.63985
283.5 44 -1.33882
284 44 -1.03828
284.5 44 -0.769036
285 44 -0.586777
285.5 44 -0.401217
286 44 -0.0853869
286.5 44 0.411133
287 44 1.04799
287.5 44 1.58229
288 44 1.80597
288.5 44 1.82804
289 44 1.78148
289.5 44 1.6809
290 44 1.59629
290.5 44 1.69162
291 44 2.01278
291.5 44 2.33485
292 44 2.3934
292.5 44 2.22015
293 44 1.96741
293.5 44 1.73049
294 44 1.50975
236 44.5 -2.73069
236.5 44.5 -2.56186
237 44.5 -2.12758
237.5 44.5 -1.65778
238 44.5 -1.44099
238.5 44.5 -1.2176
239 44.5 -0.775454
239.5 44.5 -0.179267
240 44.5 0.63912
240.5 44.5 1.62637
241 44.5 2.56334
241.5 44.5 3.35904
242 44.5 4.02737
242.5 44.5 4.44373
243 44.5 4.47608
243.5 44.5 4.16256
244 44.5 3.57957
244.5 44.5 2.80674
245 44.5 1.93216
245.5 44.5 1.19802
246 44.5 0.833731
246.5 44.5 0.749242
247 44.5 0.922621
247.5 44.5 1.36788
248 44.5 1.5128
248.5 44.5 0.885179
249 44.5 -0.057638
249.5 44.5 -0.699203
250 44.5 -1.28625
250.5 44.5 -1.68133
251 44.5 -1.51187
251.5 44.5 -1.49337
252 44.5 -1.97859
252.5 44.5 -1.91049
253 44.5 -0.553386
253.5 44.5 0.894158
254 44.5 1.0893
254.5 44.5 0.121531
255 44.5 -1.14835
255.5 44.5 -1.98463
256 44.5 -1.9451
256.5 44.5 -1.08794
257 44.5 -0.02507
257.5 44.5 0.758627
258 44.5 1.13848
258.5 44.5 1.13649
259 44.5 0.818255
259.5 44.5 0.367838
260 44.5 0.0906511
260.5 44.5 0.0408877
261 44.5 0.104463
261.5 44.5 0.255367
262 44.5 0.476089
262.5 44.5 0.703651
263 44.5 0.838808
263.5 44.5 0.834061
264 44.5 0.670997
264.5 44.5 0.496277
265 44.5 0.552547
265.5 44.5 0.813157
266 44.5 0.961979
266.5 44.5 0.747034
267 44.5 0.163813
267.5 44.5 -0.603107
268 44.5 -1.31091
268.5 44.5 -1.89457
269 44.5 -2.27023
269.5 44.5 -2.39201
270 44.5 -2.3614
270.5 44.5 -2.25029
271 44.5 -2.0864
271.5 44.5 -1.96038
272 44.5 -1.94933
272.5 44.5 -1.96568
273 44.5 -1.88486
273.5 44.5 -1.73992
274 44.5 -1.63314
274.5 44.5 -1.60014
275 44.5 -1.66471
275.5 44.5 -1.87092
276 44.5 -2.15204
276.5 44.5 -2.46257
277 44.5 -2.71644
277.5 44.5 -2.75978
278 44.5 -2.53118
278.5 44.5 -2.17003
279 44.5 -1.84092
279.5 44.5 -1.59022
280 44.5 -1.41452
280.5 44.5 -1.31493
281 44.5 -1.19697
281.5 44.5 -0.995645
282 44.5 -0.696462
282.5 44.5 -0.331753
283 44.5 0.00620083
283.5 44.5 0.310259
284 44.5 0.62778
284.5 44.5 0.864039
285 44.5 0.943911
285.5 44.5 1.04369
286 44.5 1.28635
286.5 44.5 1.64806
287 44.5 2.01896
287.5 44.5 2.20454
288 44.5 2.20906
288.5 44.5 2.10796
289 44.5 1.8855
289.5 44.5 1.62434
290 44.5 1.47724
290.5 44.5 1.54236
291 44.5 1.81036
291.5 44.5 2.02626
292 44.5 1.97142
292.5 44.5 1.79577
293 44.5 1.67217
293.5 44.5 1.57965
294 44.5 1.37767
236 45 -1.56336
236.5 45 -2.09665
237 45 -2.54034
237.5 45 -2.87498
238 45 -3.26129
238.5 45 -3.60552
239 45 -3.61907
239.5 45 -3.27541
240 45 -2.56503
240.5 45 -1.4684
241 45 -0.173709
241.5 45 1.08515
242 45 2.20279
242.5 45 3.09446
243 45 3.60282
243.5 45 3.65336
244 45 3.3523
244.5 45 2.90959
245 45 2.40689
245.5 45 1.84006
246 45 1.32716
246.5 45 0.935739
247 45 0.781968
247.5 45 1.08615
248 45 1.499
248.5 45 1.25677
249 45 0.329282
249.5 45 -0.620196
250 45 -1.36607
250.5 45 -1.71754
251 45 -1.50101
251.5 45 -1.36666
252 45 -1.44202
252.5 45 -0.870696
253 45 0.251244
253.5 45 0.80813
254 45 0.393501
254.5 45 -0.499402
255 45 -1.24796
255.5 45 -1.4517
256 45 -0.986856
256.5 45 -0.129404
257 45 0.650004
257.5 45 1.11307
258 45 1.23353
258.5 45 1.07287
259 45 0.797007
259.5 45 0.619747
260 45 0.629427
260.5 45 0.720993
261 45 0.78489
261.5 45 0.840176
262 45 0.906526
262.5 45 0.941032
263 45 0.901854
263.5 45 0.773564
264 45 0.614941
264.5 45 0.597171
265 45 0.756483
265.5 45 0.847201
266 45 0.64324
266.5 45 0.135525
267 45 -0.512422
267.5 45 -1.10404
268 45 -1.55931
268.5 45 -1.85221
269 45 -1.93635
269.5 45 -1.86486
270 45 -1.76537
270.5 45 -1.67771
271 45 -1.59993
271.5 45 -1.55234
272 45 -1.5228
272.5 45 -1.42211
273 45 -1.23582
273.5 45 -1.05074
274 45 -0.860531
274.5 45 -0.671541
275 45 -0.557556
275.5 45 -0.571857
276 45 -0.710795
276.5 45 -0.896804
277 45 -0.971777
277.5 45 -0.831022
278 45 -0.569751
278.5 45 -0.309823
279 45 -0.0460579
279.5 45 0.19934
280 45 0.335889
280.5 45 0.395787
281 45 0.52466
281.5 45 0.753733
282 45 1.01735
282.5 45 1.22856
283 45 1.3729
283.5 45 1.516
284 45 1.60968
284.5 45 1.54
285 45 1.41124
285.5 45 1.38069
286 45 1.45211
286.5 45 1.58698
287 45 1.6774
287.5 45 1.66046
288 45 1.56009
288.5 45 1.32779
289 45 1.07889
289.5 45 0.98261
290 45 1.09712
290.5 45 1.46435
291 45 1.84828
291.5 45 1.89454
292 45 1.66152
292.5 45 1.32676
293 45 0.864712
293.5 45 0.229908
294 45 -0.507683
236 45.5 2.18513
236.5 45.5 1.60184
237 45.5 0.752322
237.5 45.5 -0.215408
238 45.5 -1.19965
238.5 45.5 -2.14057
239 45.5 -2.74261
239.5 45.5 -2.95688
240 45.5 -2.84953
240.5 45.5 -2.35333
241 45.5 -1.55128
241.5 45.5 -0.627778
242 45.5 0.363056
242.5 45.5 1.39444
243 45.5 2.23977
243.5 45.5 2.64385
244 45.5 2.58656
244.5 45.5 2.3298
245 45.5 2.08984
245.5 45.5 1.84332
246 45.5 1.56549
246.5 45.5 1.27003
247 45.5 1.02847
247.5 45.5 1.13334
248 45.5 1.58866
248.5 45.5 1.68849
249 45.5 0.849453
249.5 45.5 -0.468742
250 45.5 -1.47972
250.5 45.5 -1.74381
251 45.5 -1.40061
251.5 45.5 -1.10938
252 45.5 -0.886023
252.5 45.5 -0.35547
253 45.5 0.153571
253.5 45.5 0.127665
254 45.5 -0.397355
254.5 45.5 -0.99805
255 45.5 -1.2971
255.5 45.5 -1.14393
256 45.5 -0.608729
256.5 45.5 0.0592132
257 45.5 0.584153
257.5 45.5 0.897716
258 45.5 1.02319
258.5 45.5 0.991347
259 45.5 0.918068
259.5 45.5 0.891469
260 45.5 0.912249
260.5 45.5 0.919301
261 45.5 0.907863
261.5 45.5 0.90852
262 45.5 0.894495
262.5 45.5 0.82683
263 45.5 0.699421
263.5 45.5 0.532514
264 45.5 0.428366
264.5 45.5 0.459342
265 45.5 0.489914
265.5 45.5 0.33794
266 45.5 0.0148662
266.5 45.5 -0.426516
267 45.5 -0.880819
267.5 45.5 -1.33086
268 45.5 -1.7877
268.5 45.5 -1.98523
269 45.5 -1.7979
269.5 45.5 -1.46865
270 45.5 -1.162
270.5 45.5 -0.850666
271 45.5 -0.544131
271.5 45.5 -0.302032
272 45.5 -0.121706
272.5 45.5 0.0454827
273 45.5 0.199094
273.5 45.5 0.44716
274 45.5 0.909262
274.5 45.5 1.41838
275 45.5 1.76794
275.5 45.5 1.90369
276 45.5 1.84228
276.5 45.5 1.7159
277 45.5 1.62128
277.5 45.5 1.56841
278 45.5 1.47447
278.5 45.5 1.41806
279 45.5 1.46436
279.5 45.5 1.47644
280 45.5 1.3807
280.5 45.5 1.34454
281 45.5 1.48215
281.5 45.5 1.6606
282 45.5 1.72926
282.5 45.5 1.65573
283 45.5 1.54767
283.5 45.5 1.43887
284 45.5 1.20861
284.5 45.5 0.919025
285 45.5 0.762987
285.5 45.5 0.738805
286 45.5 0.716202
286.5 45.5 0.677355
287 45.5 0.583386
287.5 45.5 0.444765
288 45.5 0.294118
288.5 45.5 0.299556
289 45.5 0.532838
289.5 45.5 0.909144
290 45.5 1.37282
290.5 45.5 1.73947
291 45.5 1.60787
291.5 45.5 0.84957
292 45.5 -0.0555902
292.5 45.5 -0.814907
293 45.5 -1.44299
293.5 45.5 -1.86731
294 45.5 -2.02517
236 46 4.51019
236.5 46 4.89679
237 46 4.89377
237.5 46 4.43945
238 46 3.69532
238.5 46 2.77408
239 46 1.88282
239.5 46 1.1853
240 46 0.685049
240.5 46 0.400293
241 46 0.284283
241.5 46 0.253452
242 46 0.336858
242.5 46 0.65255
243 46 1.17259
243.5 46 1.63738
244 46 1.79783
244.5 46 1.71084
245 46 1.58022
245.5 46 1.46754
246 46 1.36578
246.5 46 1.28781
247 46 1.23176
247.5 46 1.36065
248 46 1.77765
250.5 46 -1.7117
251 46 -1.25949
251.5 46 -0.991689
252 46 -0.817285
252.5 46 -0.605125
253 46 -0.503628
253.5 46 -0.694123
254 46 -1.05855
254.5 46 -1.31074
255 46 -1.31593
255.5 46 -1.07318
256 46 -0.630681
256.5 46 -0.125059
257 46 0.318965
257.5 46 0.675743
258 46 0.908493
258.5 46 1.00492
259 46 1.00778
259.5 46 0.997027
260 46 1.02408
260.5 46 1.04168
261 46 1.03694
261.5 46 1.01109
262 46 0.906583
262.5 46 0.684776
263 46 0.393345
263.5 46 0.113779
264 46 -0.0722057
264.5 46 -0.176214
265 46 -0.334576
265.5 46 -0.58312
266 46 -0.835103
266.5 46 -1.11133
267 46 -1.42144
267.5 46 -1.76813
268 46 -2.02918
268.5 46 -1.90828
269 46 -1.40691
269.5 46 -0.765267
270 46 -0.0926206
270.5 46 0.563709
271 46 1.12284
271.5 46 1.51578
272 46 1.78604
272.5 46 2.00324
273 46 2.24211
273.5 46 2.69618
274 46 3.29047
274.5 46 3.72221
275 46 3.87691
275.5 46 3.79776
276 46 3.54869
276.5 46 3.16955
277 46 2.73244
277.5 46 2.28606
278 46 1.87108
278.5 46 1.57015
279 46 1.36014
279.5 46 1.11552
280 46 0.889086
280.5 46 0.842903
281 46 0.926175
281.5 46 0.965589
282 46 0.891775
282.5 46 0.742393
283 46 0.571402
283.5 46 0.38555
284 46 0.196563
284.5 46 0.0789496
285 46 0.0867038
285.5 46 0.112553
286 46 0.0372652
286.5 46 -0.108145
287 46 -0.302892
287.5 46 -0.489479
288 46 -0.520874
288.5 46 -0.357647
289 46 -0.134603
289.5 46 0.14024
290 46 0.364103
290.5 46 0.262769
291 46 -0.311996
291.5 46 -1.08959
292 46 -1.58281
292.5 46 -1.67024
293 46 -1.4817
293.5 46 -1.15712
294 46 -0.862948
236 46.5 4.24667
236.5 46.5 5.1809
237 46.5 6.05447
237.5 46.5 6.56899
238 46.5 6.71025
238.5 46.5 6.46265
239 46.5 5.80645
239.5 46.5 4.96594
240 46.5 4.15811
240.5 46.5 3.42488
241 46.5 2.73741
241.5 46.5 2.12023
242 46.5 1.5686
242.5 46.5 1.19119
243 46.5 1.16952
243.5 46.5 1.40617
244 46.5 1.63961
244.5 46.5 1.74292
245 46.5 1.74141
245.5 46.5 1.67317
246 46.5 1.56017
246.5 46.5 1.43974
247 46.5 1.35421
247.5 46.5 1.33604
251 46.5 -1.03749
251.5 46.5 -1.10336
252 46.5 -1.1856
252.5 46.5 -1.20517
253 46.5 -1.21375
253.5 46.5 -1.30294
254 46.5 -1.3742
254.5 46.5 -1.32687
255 46.5 -1.2221
255.5 46.5 -1.03346
256 46.5 -0.682486
256.5 46.5 -0.24679
257 46.5 0.164665
257.5 46.5 0.484832
258 46.5 0.692539
258.5 46.5 0.816714
259 46.5 0.881237
259.5 46.5 0.957748
260 46.5 1.05447
260.5 46.5 1.07458
261 46.5 0.978939
261.5 46.5 0.805261
262 46.5 0.559989
262.5 46.5 0.199976
263 46.5 -0.213827
263.5 46.5 -0.538594
264 46.5 -0.734103
264.5 46.5 -0.868466
265 46.5 -1.03751
265.5 46.5 -1.17579
266 46.5 -1.2315
266.5 46.5 -1.31708
267 46.5 -1.48169
267.5 46.5 -1.63122
268 46.5 -1.56164
268.5 46.5 -1.19854
269 46.5 -0.688483
269.5 46.5 -0.0862304
270 46.5 0.576493
270.5 46.5 1.19832
271 46.5 1.69697
271.5 46.5 2.04803
272 46.5 2.30473
272.5 46.5 2.55118
273 46.5 2.88421
273.5 46.5 3.28778
274 46.5 3.53614
274.5 46.5 3.50446
275 46.5 3.26465
275.5 46.5 2.90777
276 46.5 2.49491
276.5 46.5 2.04049
277 46.5 1.60326
277.5 46.5 1.20815
278 46.5 0.898614
278.5 46.5 0.65782
279 46.5 0.421508
279.5 46.5 0.166394
280 46.5 -0.0156163
280.5 46.5 -0.0815213
281 46.5 -0.1211
281.5 46.5 -0.183875
282 46.5 -0.262339
282.5 46.5 -0.339156
283 46.5 -0.428393
283.5 46.5 -0.455298
284 46.5 -0.369991
284.5 46.5 -0.294414
285 46.5 -0.236005
285.5 46.5 -0.245772
286 46.5 -0.371922
286.5 46.5 -0.579142
287 46.5 -0.810582
287.5 46.5 -0.987805
288 46.5 -1.11246
288.5 46.5 -1.31659
289 46.5 -1.37309
289.5 46.5 -1.12766
290 46.5 -0.913937
290.5 46.5 -0.931504
291 46.5 -1.03432
291.5 46.5 -0.93296
292 46.5 -0.64852
292.5 46.5 -0.379295
293 46.5 -0.194475
293.5 46.5 -0.0784067
294 46.5 -0.00419806
236 47 3.67371
236.5 47 4.29753
237 47 5.0547
237.5 47 5.81495
238 47 6.47612
238.5 47 6.80969
239 47 6.61042
239.5 47 5.91758
240 47 4.95338
240.5 47 3.97
241 47 3.09932
241.5 47 2.40102
242 47 1.8553
242.5 47 1.45109
243 47 1.30414
243.5 47 1.40215
244 47 1.61454
244.5 47 1.82835
245 47 2.01012
245.5 47 2.1291
246 47 2.21759
246.5 47 2.27741
247 47 2.34529
251.5 47 -1.889
252 47 -1.77938
252.5 47 -1.66166
253 47 -1.54544
253.5 47 -1.43486
254 47 -1.29662
254.5 47 -1.13621
255 47 -0.984813
255.5 47 -0.792986
256 47 -0.520422
256.5 47 -0.229999
257 47 -0.014204
257.5 47 0.121451
258 47 0.20188
258.5 47 0.252746
259 47 0.274653
259.5 47 0.2583
260 47 0.202749
260.5 47 0.0793998
261 47 -0.105204
261.5 47 -0.279938
262 47 -0.424337
262.5 47 -0.605
263 47 -0.812927
263.5 47 -0.951914
264 47 -0.997324
264.5 47 -1.00226
265 47 -1.01116
265.5 47 -1.00452
266 47 -1.00138
266.5 47 -1.05936
267 47 -1.17864
267.5 47 -1.304
268 47 -1.31003
268.5 47 -1.17315
269 47 -0.975135
269.5 47 -0.702821
270 47 -0.357544
270.5 47 0.0365361
271 47 0.412302
271.5 47 0.730042
272 47 1.02408
272.5 47 1.34943
273 47 1.72252
273.5 47 1.97149
274 47 1.95623
274.5 47 1.75019
275 47 1.46795
275.5 47 1.17764
276 47 0.927676
276.5 47 0.757472
277 47 0.635955
277.5 47 0.51468
278 47 0.402869
278.5 47 0.284141
279 47 0.0998544
279.5 47 -0.10393
280 47 -0.249467
280.5 47 -0.356275
281 47 -0.460211
281.5 47 -0.530361
282 47 -0.559962
282.5 47 -0.574531
283 47 -0.555946
283.5 47 -0.469698
284 47 -0.372738
284.5 47 -0.333368
285 47 -0.339187
285.5 47 -0.412331
286 47 -0.533717
286.5 47 -0.661904
287 47 -0.771738
287.5 47 -0.902106
288 47 -1.12001
288.5 47 -1.30329
289 47 -1.12515
289.5 47 -0.730388
290 47 -0.498696
290.5 47 -0.432333
291 47 -0.335098
291.5 47 -0.114984
292 47 0.0950321
292.5 47 0.200942
293 47 0.238053
293.5 47 0.240498
294 47 0.24239
236 47.5 3.84022
236.5 47.5 3.74285
237 47.5 3.77037
237.5 47.5 4.07933
238 47.5 4.56912
238.5 47.5 4.94999
239 47.5 4.97353
239.5 47.5 4.51941
240 47.5 3.66805
240.5 47.5 2.73659
241 47.5 2.03613
241.5 47.5 1.58907
242 47.5 1.33132
242.5 47.5 1.20567
243 47.5 1.18935
243.5 47.5 1.29154
244 47.5 1.50008
244.5 47.5 1.75921
245 47.5 2.01694
245.5 47.5 2.29144
246 47.5 2.65469
246.5 47.5 3.09046
247 47.5 3.63008
251.5 47.5 -2.78489
252 47.5 -2.17249
252.5 47.5 -1.84049
253 47.5 -1.67005
253.5 47.5 -1.55586
254 47.5 -1.46308
254.5 47.5 -1.39131
255 47.5 -1.27561
255.5 47.5 -1.09198
256 47.5 -0.905606
256.5 47.5 -0.764107
257 47.5 -0.695981
257.5 47.5 -0.69864
258 47.5 -0.782859
258.5 47.5 -0.900731
259 47.5 -1.03076
259.5 47.5 -1.22515
260 47.5 -1.46455
260.5 47.5 -1.68388
261 47.5 -1.81401
261.5 47.5 -1.82982
262 47.5 -1.79054
262.5 47.5 -1.72913
263 47.5 -1.65488
263.5 47.5 -1.60432
264 47.5 -1.5612
264.5 47.5 -1.50613
265 47.5 -1.41406
265.5 47.5 -1.31722
266 47.5 -1.28832
266.5 47.5 -1.30897
267 47.5 -1.35985
267.5 47.5 -1.43735
268 47.5 -1.4972
268.5 47.5 -1.50233
269 47.5 -1.43745
269.5 47.5 -1.30024
270 47.5 -1.08559
270.5 47.5 -0.790387
271 47.5 -0.468437
271.5 47.5 -0.137715
272 47.5 0.227608
272.5 47.5 0.625769
273 47.5 0.99635
273.5 47.5 1.19687
274 47.5 1.1718
274.5 47.5 1.01272
275 47.5 0.814586
275.5 47.5 0.633965
276 47.5 0.504401
276.5 47.5 0.447035
277 47.5 0.41345
277.5 47.5 0.366934
278 47.5 0.30175
278.5 47.5 0.211736
279 47.5 0.0773224
279.5 47.5 -0.0417596
280 47.5 -0.0980032
280.5 47.5 -0.140076
281 47.5 -0.205967
281.5 47.5 -0.262725
282 47.5 -0.305983
282.5 47.5 -0.337695
283 47.5 -0.306069
283.5 47.5 -0.247944
284 47.5 -0.236995
284.5 47.5 -0.222762
285 47.5 -0.244469
285.5 47.5 -0.334279
286 47.5 -0.409703
286.5 47.5 -0.411653
287 47.5 -0.37679
287.5 47.5 -0.382139
288 47.5 -0.391316
288.5 47.5 -0.260352
289 47.5 0.00236463
289.5 47.5 0.166984
290 47.5 0.148451
290.5 47.5 0.0848351
291 47.5 0.0918632
291.5 47.5 0.192889
292 47.5 0.310668
292.5 47.5 0.387107
293 47.5 0.430432
293.5 47.5 0.485226
294 47.5 0.508212
236 48 3.8623
236.5 48 3.46502
237 48 3.12782
237.5 48 2.99053
238 48 2.98615
238.5 48 2.99315
239 48 2.87582
239.5 48 2.5495
240 48 2.04978
240.5 48 1.50872
241 48 1.14658
241.5 48 0.97202
242 48 0.929106
242.5 48 1.03386
243 48 1.17894
243.5 48 1.35615
244 48 1.61807
244.5 48 1.87918
245 48 2.06529
245.5 48 2.31785
246 48 2.7246
246.5 48 3.24594
247 48 3.75192
247.5 48 3.89017
251 48 -3.16332
251.5 48 -2.5115
252 48 -1.96332
252.5 48 -1.69716
253 48 -1.64868
253.5 48 -1.69434
254 48 -1.76232
254.5 48 -1.83305
255 48 -1.84969
255.5 48 -1.78787
256 48 -1.70741
256.5 48 -1.66523
257 48 -1.64791
257.5 48 -1.69724
258 48 -1.85123
258.5 48 -2.02417
259 48 -2.19014
259.5 48 -2.38599
260 48 -2.6
260.5 48 -2.76643
261 48 -2.81276
261.5 48 -2.76155
262 48 -2.68954
262.5 48 -2.54966
263 48 -2.3473
263.5 48 -2.19201
264 48 -2.09844
264.5 48 -1.99984
265 48 -1.85808
265.5 48 -1.6976
266 48 -1.56751
266.5 48 -1.45784
267 48 -1.36346
267.5 48 -1.26301
268 48 -1.16773
268.5 48 -1.08721
269 48 -0.980798
269.5 48 -0.858682
270 48 -0.706819
270.5 48 -0.51137
271 48 -0.293728
271.5 48 -0.0482961
272 48 0.235183
272.5 48 0.533787
273 48 0.78335
273.5 48 0.899129
274 48 0.861176
274.5 48 0.725145
275 48 0.56506
275.5 48 0.428457
276 48 0.338187
276.5 48 0.300333
277 48 0.286807
277.5 48 0.267186
278 48 0.230986
278.5 48 0.17438
279 48 0.101052
279.5 48 0.0468948
280 48 0.0340065
280.5 48 0.0241614
281 48 -0.00916186
281.5 48 -0.0518114
282 48 -0.092618
282.5 48 -0.118603
283 48 -0.103657
283.5 48 -0.0801951
284 48 -0.0878581
284.5 48 -0.0874931
285 48 -0.107467
285.5 48 -0.159612
286 48 -0.179319
286.5 48 -0.127081
287 48 -0.0338547
287.5 48 0.0540924
288 48 0.175891
288.5 48 0.383332
289 48 0.591108
289.5 48 0.663965
290 48 0.611911
290.5 48 0.553199
291 48 0.554808
291.5 48 0.637115
292 48 0.761222
292.5 48 0.889788
293 48 1.01842
293.5 48 1.14616
294 48 1.26829
236 48.5 3.49835
236.5 48.5 3.24232
237 48.5 3.04279
237.5 48.5 2.84818
238 48.5 2.62016
238.5 48.5 2.40929
239 48.5 2.18389
239.5 48.5 1.87097
240 48.5 1.52634
240.5 48.5 1.22738
241 48.5 1.00747
241.5 48.5 0.889589
242 48.5 0.90791
242.5 48.5 1.03138
243 48.5 1.16987
243.5 48.5 1.35235
244 48.5 1.56594
244.5 48.5 1.69692
245 48.5 1.80427
245.5 48.5 2.08808
246 48.5 2.54431
246.5 48.5 3.00107
247 48.5 3.07311
247.5 48.5 2.31034
248 48.5 0.84517
248.5 48.5 -0.585409
249 48.5 -1.30152
249.5 48.5 -1.04578
250 48.5 -0.869011
250.5 48.5 -1.42987
251 48.5 -1.90699
251.5 48.5 -1.82802
252 48.5 -1.46932
252.5 48.5 -1.26353
253 48.5 -1.28636
253.5 48.5 -1.41167
254 48.5 -1.54859
254.5 48.5 -1.67998
255 48.5 -1.79453
255.5 48.5 -1.89467
256 48.5 -1.9903
256.5 48.5 -2.08993
257 48.5 -2.17313
257.5 48.5 -2.26573
258 48.5 -2.38839
258.5 48.5 -2.49859
259 48.5 -2.58789
259.5 48.5 -2.67493
260 48.5 -2.76989
260.5 48.5 -2.8419
261 48.5 -2.86379
261.5 48.5 -2.83339
262 48.5 -2.75237
262.5 48.5 -2.58839
263 48.5 -2.35934
263.5 48.5 -2.13638
264 48.5 -1.96014
264.5 48.5 -1.81676
265 48.5 -1.67937
265.5 48.5 -1.5461
266 48.5 -1.40069
266.5 48.5 -1.23842
267 48.5 -1.08188
267.5 48.5 -0.926602
268 48.5 -0.785761
268.5 48.5 -0.677273
269 48.5 -0.578481
269.5 48.5 -0.48816
270 48.5 -0.392733
270.5 48.5 -0.275317
271 48.5 -0.136181
271.5 48.5 0.0335511
272 48.5 0.233625
272.5 48.5 0.435401
273 48.5 0.595702
273.5 48.5 0.66133
274 48.5 0.630734
274.5 48.5 0.532253
275 48.5 0.415875
275.5 48.5 0.316362
276 48.5 0.254395
276.5 48.5 0.227372
277 48.5 0.22389
277.5 48.5 0.218112
278 48.5 0.205597
278.5 48.5 0.181094
279 48.5 0.149864
279.5 48.5 0.133646
280 48.5 0.136499
280.5 48.5 0.136176
281 48.5 0.121344
281.5 48.5 0.0923404
282 48.5 0.0607186
282.5 48.5 0.0359137
283 48.5 0.0291932
283.5 48.5 0.0280902
284 48.5 0.017789
284.5 48.5 0.0157488
285 48.5 0.0172309
285.5 48.5 0.0239314
286 48.5 0.0771695
286.5 48.5 0.194813
287 48.5 0.363613
287.5 48.5 0.559202
288 48.5 0.790386
288.5 48.5 1.0544
289 48.5 1.29033
289.5 48.5 1.42517
290 48.5 1.48111
290.5 48.5 1.52503
291 48.5 1.60384
291.5 48.5 1.73921
292 48.5 1.9061
292.5 48.5 2.08522
293 48.5 2.26217
293.5 48.5 2.43411
294 48.5 2.62331
236 49 3.63804
236.5 49 3.47663
237 49 3.35902
237.5 49 3.20307
238 49 2.95905
238.5 49 2.67376
239 49 2.33929
239.5 49 1.93717
240 49 1.58242
240.5 49 1.35296
241 49 1.16051
241.5 49 1.03427
242 49 1.01755
242.5 49 1.02273
243 49 1.05911
243.5 49 1.17464
244 49 1.28793
244.5 49 1.37649
245 49 1.58613
245.5 49 2.01166
246 49 2.48319
246.5 49 2.68164
247 49 2.2407
247.5 49 1.07448
248 49 -0.252925
248.5 49 -1.13476
249 49 -1.4886
249.5 49 -1.34587
250 49 -0.991571
250.5 49 -0.965382
251 49 -1.20772
251.5 49 -1.30119
252 49 -1.12061
252.5 49 -0.925377
253 49 -0.912674
253.5 49 -1.03364
254 49 -1.18769
254.5 49 -1.34031
255 49 -1.50587
255.5 49 -1.70194
256 49 -1.92679
256.5 49 -2.13368
257 49 -2.29335
257.5 49 -2.40053
258 49 -2.45633
258.5 49 -2.48661
259 49 -2.49295
259.5 49 -2.48767
260 49 -2.50666
260.5 49 -2.53586
261 49 -2.55799
261.5 49 -2.55835
262 49 -2.49599
262.5 49 -2.37158
263 49 -2.20358
263.5 49 -1.99901
264 49 -1.79971
264.5 49 -1.65237
265 49 -1.53766
265.5 49 -1.42308
266 49 -1.28385
266.5 49 -1.11601
267 49 -0.945862
267.5 49 -0.781329
268 49 -0.634807
268.5 49 -0.519799
269 49 -0.426968
269.5 49 -0.348425
270 49 -0.269774
270.5 49 -0.182728
271 49 -0.076004
271.5 49 0.0525442
272 49 0.201351
272.5 49 0.346451
273 49 0.458936
273.5 49 0.509917
274 49 0.493615
274.5 49 0.431692
275 49 0.356495
275.5 49 0.291117
276 49 0.249073
276.5 49 0.236011
277 49 0.235202
277.5 49 0.242136
278 49 0.249852
278.5 49 0.254502
279 49 0.260641
279.5 49 0.277102
280 49 0.306283
280.5 49 0.340567
281 49 0.372161
281.5 49 0.398599
282 49 0.433372
282.5 49 0.478672
283 49 0.544631
283.5 49 0.622358
284 49 0.709532
284.5 49 0.812957
285 49 0.934952
285.5 49 1.08259
286 49 1.27812
286.5 49 1.52611
287 49 1.81605
287.5 49 2.13202
288 49 2.46035
288.5 49 2.77876
289 49 3.04896
289.5 49 3.24329
290 49 3.37426
290.5 49 3.48353
291 49 3.6092
291.5 49 3.76632
292 49 3.94295
292.5 49 4.13336
293 49 4.32846
293.5 49 4.53254
294 49 4.72812
