86.4 23.2 397.04
89.2 23.2 421.132
104.2 23.2 567.509
104.6 23.2 575.925
107.8 23.2 733.417
114 23.2 1607.45
116.6 23.2 984.26
117.2 23.2 953.721
86.4 23.4 438.255
92.2 23.4 538.874
94.6 23.4 1064.67
122 23.4 1681.58
129.6 23.4 1149.91
87.6 23.6 374.898
88 23.6 376.461
105.4 23.6 605.31
108.4 23.6 725.782
126.2 23.6 1615.74
88.2 23.8 384.838
88.4 23.8 388.02
89.4 23.8 430.205
89.6 23.8 438.304
92.8 23.8 546.244
97.4 23.8 930.149
105.8 23.8 613.697
130.4 23.8 1040.39
88.2 24 388.687
88.6 24 397.226
89.4 24 429.135
90.4 24 468.817
98.4 24 519.304
130.4 24 1067.7
87.6 24.2 449.512
88.8 24.2 404.545
89.4 24.2 431.097
90 24.2 449.554
106.2 24.2 645.589
108.4 24.2 816.945
111.2 24.2 954.525
127 24.2 1634.86
89.2 24.4 420.831
89.4 24.4 430.95
89.6 24.4 442.635
101.8 24.4 515.401
105.8 24.4 678.924
106 24.4 674.101
118.8 24.4 1112.62
131.4 24.4 1273.26
87.8 24.6 513.651
89.8 24.6 451.31
105.8 24.6 705.077
106.8 24.6 671.481
108.6 24.6 863.788
110.4 24.6 774.468
131.4 24.6 1257.51
107.2 24.8 688.788
109 24.8 855.129
131.4 24.8 1235.85
89.6 25 441.209
101.6 25 536.96
110 25 808.477
90 25.2 454.223
94.4 25.2 564.45
106 25.2 826.346
106.8 25.2 756.293
108.4 25.2 829.237
118.4 25.2 1244.87
86.4 25.4 505.972
90.8 25.4 494.743
91.8 25.4 521.831
106.2 25.4 862.832
110.4 25.4 839.969
122.2 25.4 2015.26
131.6 25.4 1372.63
90.2 25.6 479.599
93.4 25.6 605.142
102.8 25.6 585.475
109 25.6 870.526
109.8 25.6 887.162
118.6 25.6 1313.7
87 25.8 516.13
89.4 25.8 592.466
90.6 25.8 490.383
91.2 25.8 501.615
105 25.8 908.973
118.8 25.8 1339.42
87.4 26 532.365
89.6 26 620.481
91.6 26 517.761
92 26 540.471
105.6 26 950.502
107.8 26 850.164
88 26.2 547.186
109.8 26.2 919.56
111 26.2 928.717
111.2 26.2 923.671
86.4 26.4 466.034
87.8 26.4 549.742
92.4 26.4 548.865
95 26.4 709.564
105.6 26.4 888.529
109.8 26.4 910.966
110.6 26.4 938.204
111.4 26.4 955.557
112.4 26.4 979.251
86.8 26.6 474.986
90.4 26.6 678.671
94.4 26.6 635.279
98.6 26.6 1513.48
104 26.6 680.882
104.8 26.6 741.115
130.4 26.6 1376.64
86.8 26.8 456.232
87.2 26.8 493.717
88 26.8 569.885
91 26.8 625.196
91.6 26.8 558.757
103.4 26.8 727.971
103.6 26.8 719.43
104 26.8 709.313
105.6 26.8 852.526
109.8 26.8 907.035
128.4 26.8 1999.87
87.4 27 496.504
92.8 27 551.61
93.6 27 634.585
112.6 27 1064.99
119.4 27 1600.8
105.8 27.2 862.819
106.4 27.2 920.447
111.4 27.2 1034.98
119.4 27.2 1632.98
125.8 27.2 2390.39
128.4 27.2 2001.36
89.4 27.4 649.905
93.8 27.4 630.364
95.4 27.4 694.946
95.6 27.4 688.715
100.8 27.4 1434.22
104.6 27.4 836.916
106.4 27.4 927.318
109.2 27.4 1039.16
113.4 27.4 1114.75
113.6 27.4 1110.91
114.4 27.4 1181.57
119 27.4 1627.29
87.2 27.6 445.519
88.4 27.6 549.96
92.2 27.6 671.329
95.2 27.6 696.238
96.8 27.6 734.559
106.4 27.6 938.815
106.6 27.6 954.849
108.2 27.6 1060.35
109.4 27.6 1066.61
86.4 27.8 451.728
93.2 27.8 620.135
94.6 27.8 673.528
95.4 27.8 697.898
98.4 27.8 765.824
108.4 27.8 1064.89
108.8 27.8 1113.49
119.4 27.8 1708.58
121.4 27.8 2470.12
129.2 27.8 1946.76
87.8 28 471.045
89.2 28 603.347
96.4 28 692.203
102.2 28 987.541
108.4 28 1052.01
87.4 28.2 466.742
87.8 28.2 474.593
88.4 28.2 507.102
89.4 28.2 602.177
91.2 28.2 765.987
107.4 28.2 1039.42
108.6 28.2 1059.24
110.4 28.2 1110.71
112 28.2 1100.25
119.6 28.2 1777.35
87.8 28.4 482.982
88.4 28.4 506.182
91.2 28.4 765.467
93.2 28.4 749.263
94 28.4 685.875
95.6 28.4 679.308
95.8 28.4 687.693
110.6 28.4 1140.19
114.4 28.4 1240.01
119.6 28.4 1803.17
120 28.4 1877.19
86.6 28.6 341.512
87.8 28.6 489.806
88.4 28.6 509.834
92.2 28.6 785.198
93.6 28.6 760.358
95.6 28.6 678.933
109.4 28.6 1151.48
90.6 28.8 654.362
108.2 28.8 1126.16
111.8 28.8 1182.56
119.8 28.8 1874.36
87.4 29 308.212
89.4 29 534.18
97.8 29 791.961
114.2 29 1322.77
97.6 29.2 773.386
104.2 29.2 1175.46
104.4 29.2 1225.76
107.4 29.2 1286.81
108.8 29.2 1183.63
109.8 29.2 1212.33
112.4 29.2 1264.86
115.4 29.2 1329.31
124.4 29.2 2608.48
130.6 29.2 1849.68
88.6 29.4 360.067
90.8 29.4 569.097
93.2 29.4 786.645
93.4 29.4 800.115
95.8 29.4 827.721
97 29.4 773.02
100.2 29.4 990.318
100.6 29.4 1048.34
106.4 29.4 1345.55
108 29.4 1326.28
111.8 29.4 1329.92
115 29.4 1387.44
115.6 29.4 1351.2
91.2 29.6 567.315
93.6 29.6 806.558
97 29.6 790.164
97.8 29.6 796.813
99.8 29.6 975.32
110.4 29.6 1286.46
122.4 29.6 3085.67
98.4 29.8 852.679
99.2 29.8 926.5
114.6 29.8 1471.71
115.4 29.8 1449.54
100.4 30 1030.22
115.4 30 1483.68
130.2 30 2081.66
96.4 30.2 990.012
99.8 30.2 969.821
107.4 30.2 1416.28
111.4 30.2 1450.03
111.6 30.2 1475.26
112.2 30.2 1513.86
115.4 30.2 1512.92
120.8 30.2 2273.25
123.4 30.2 3343.69
88.2 30.4 336.864
89.8 30.4 195.873
92.6 30.4 455.967
96.2 30.4 1017.6
98.2 30.4 971.315
101 30.4 1129.47
111.6 30.4 1514.13
122.6 30.4 3334.23
93.4 30.6 442.414
95.8 30.6 965.409
97.6 30.6 1065.01
101.4 30.6 1208.11
90.2 30.8 241.34
91.6 30.8 241.86
97.8 30.8 1117.41
112.4 30.8 1636.72
120.6 30.8 2248.75
129.4 30.8 2554.66
86.4 31 369.619
92.6 31 258.294
110 31 1608.62
113.8 31 1573.48
126.4 31 3081.35
87.2 31.2 463.054
100.4 31.2 1134.32
101.8 31.2 1264.07
103.4 31.2 2054.57
124.6 31.2 3431.57
87 31.4 321.488
87.4 31.4 416.895
90.4 31.4 429.608
105.4 31.4 1903.86
109.8 31.4 1480.22
112.4 31.4 1770.76
96.4 31.6 717.16
115.8 31.6 1806.05
116.2 31.6 1818.71
93.8 31.8 341.526
98.8 31.8 1056.94
109 31.8 1302.81
109.6 31.8 1360.23
94.4 32 359.802
86.4 32.2 203.107
89.4 32.2 513.474
109.4 32.2 1271.08
121 32.2 2676.12
126.4 32.2 3414.35
89.8 32.4 515.311
92.4 32.4 492.096
95.8 32.4 415.636
108 32.4 1036.35
108.2 32.4 1072.9
109.2 32.4 1215.7
109.4 32.4 1245.13
109.8 32.4 1292.92
110 32.4 1314.66
112 32.4 1749.31
116.2 32.4 2064.82
117.4 32.4 2083.34
117.6 32.4 2090.82
87.4 32.6 228.273
88.2 32.6 239.158
95 32.6 383.552
116.4 32.6 2141.06
87.4 32.8 233.905
87.8 32.8 239.781
89 32.8 275.378
91 32.8 631.858
97.8 32.8 469.327
111.6 32.8 1572.77
117.2 32.8 2183.29
86.8 33 279.169
88.4 33 249.777
109.4 33 1205.86
124.2 33 4410.04
126.4 33 3718.55
88.2 33.2 247.79
88.4 33.2 249.498
94.4 33.2 512.379
117.2 33.2 2338.79
126.4 33.2 3797.73
88.8 33.4 254.888
89.4 33.4 275.808
94.6 33.4 573.282
96.8 33.4 378.709
113.8 33.4 2062.29
114.2 33.4 2236.39
117.4 33.4 2430.78
126.4 33.4 3878.47
90 33.6 294.091
92.4 33.6 594.799
101 33.6 921.596
101.2 33.6 941.864
102 33.6 910.444
117 33.6 2485.5
89 33.8 225.423
90.4 33.8 303.947
91.8 33.8 411.735
110.4 33.8 1339.92
112.4 33.8 1639.53
119.4 33.8 2856.45
120.2 33.8 3596.85
124.2 33.8 4511.8
126.4 33.8 4032.87
127.4 33.8 4081.16
97 34 511.153
98.4 34 510.866
127.4 34 4137.89
96.4 34.2 607.637
113.2 34.2 1790.8
88.4 34.4 646.673
91 34.4 302.365
91.2 34.4 308.95
93.6 34.4 559.229
93.8 34.4 593.315
97.6 34.4 581.96
98.8 34.4 557.381
115.2 34.4 2540.47
118.2 34.4 2832.02
91.6 34.6 321.782
94 34.6 555.02
98.6 34.6 578.86
101.4 34.6 855.944
105.4 34.6 934.203
97.4 34.8 699.664
99 34.8 608.936
116.6 34.8 2701.63
118.4 34.8 2979.15
92.6 35 364.598
94.4 35 508.059
120.4 35 3407.18
124.4 35 4563.58
101.4 35.2 813.7
116.6 35.2 2672.18
116.8 35.2 2694.41
96.2 35.4 665.288
96.4 35.4 700.559
98.4 35.4 757.406
101.6 35.4 829.457
107 35.4 1041.1
108.6 35.4 1481.59
119.8 35.4 3419.79
98.8 35.6 792.172
99.2 35.6 766.082
101.8 35.6 845.572
102.8 35.6 929.381
118.6 35.6 3306.28
121.2 35.6 3868.36
92.2 35.8 475.266
97.4 35.8 793.504
99 35.8 840.859
101.6 35.8 823.183
102.8 35.8 908.804
103.4 35.8 994.628
119.4 35.8 3577.65
125 35.8 4965.82
130.8 35.8 5683.82
89 36 1470.78
97.2 36 742.235
99.4 36 879.186
100.4 36 885.559
100.8 36 867.269
102 36 848.588
103.4 36 975.07
117.4 36 2992.24
96.2 36.2 663.03
96.6 36.2 662.82
97.4 36.2 747.993
100.6 36.2 933.74
103.2 36.2 931.095
104.6 36.2 1126.01
117.4 36.2 3030.34
127.8 36.2 5203.86
103.2 36.4 935.257
104.8 36.4 1134.44
119.4 36.4 3930.21
98.6 36.6 796.864
101.4 36.6 965.655
103.4 36.6 974.854
110 36.6 1340.87
110.2 36.6 1397.66
122 36.6 4537.49
125.4 36.6 5360.6
86.6 36.8 368.377
100.8 36.8 1055.43
101.4 36.8 1008.91
105.6 36.8 1233.9
106.2 36.8 1330.43
120.6 36.8 4273.85
124.4 36.8 5121.03
125.4 36.8 5465.88
106.2 37 1325.98
107.8 37.2 1498.18
111 37.2 1468.29
88 37.4 430.296
88.6 37.4 368.772
88.8 37.4 346.16
89.2 37.4 317.004
97.4 37.4 657.749
98.8 37.4 693.5
107.2 37.4 1488.35
109 37.4 1432.2
109.2 37.4 1407
120.6 37.4 4716.34
88.4 37.8 537.32
92.4 37.8 1065.54
100 37.8 717.197
109.2 37.8 1570.14
110 37.8 1510.69
113.6 37.8 2367.41
124.8 37.8 5905.69
100.2 38 755.828
103.4 38 1082.32
107.2 38 1528.68
122.4 38 5463.99
86.2 38.2 795.266
86.6 38.2 810.568
110.4 38.2 1667.49
126.6 38.2 6883.59
131.6 38.2 7460.32
89.8 38.4 600.807
90 38.4 580.901
91.2 38.4 444.932
91.4 38.4 436.769
101.6 38.4 829.485
120.6 38.4 5061.66
89.6 38.6 691.747
91.4 38.6 510.714
101.4 38.6 886.94
108.2 38.6 1630.72
111 38.6 1795.12
123.4 38.6 6122.91
88.8 38.8 829.087
89.4 38.8 773.021
128.2 38.8 8778.63
92.8 39 509.415
90.8 39.2 789.524
93.4 39.2 533.567
131.6 39.2 8077.82
87.6 39.4 778.096
111.8 39.4 2023.54
125.4 39.4 7554.65
87.8 39.6 786.001
88 39.8 784.326
90 39.8 891.659
107.4 39.8 1895.89
125.8 39.8 8164.1
94.2 40 840.476
97.8 40 626.265
115.6 40 2989.02
86.2 40.4 894.578
89.8 40.4 924.328
91 40.4 929.427
93.6 40.4 916.441
93.8 40.4 915.282
98.2 40.4 858.225
115.6 40.4 3075.04
94 40.6 925.925
99.4 40.6 971.6
121.2 40.6 5257.3
123 40.6 5802.83
96.6 41 1012.37
98.4 41 1098.08
98.6 41 1103.43
125.2 41 7854.89
93.2 41.2 1178.61
93.4 41.2 1173.43
94 41.2 1181.44
94.6 41.2 1157.52
89.4 41.4 1065.42
89.6 41.4 1086.41
92.8 41.4 1238.99
94.8 41.4 1244.46
95.2 41.4 1231.82
108.4 41.4 2416.74
112.2 41.4 2610.08
115.6 41.4 3194.23
116.6 41.4 3443.58
118.2 41.4 3982.26
124.2 41.4 6989.89
94 41.6 1334.33
101.2 41.6 1482.59
102 41.6 1523.69
124.4 41.6 7156.67
86.6 41.8 1010.02
88.8 41.8 1022.98
122.4 41.8 6111.04
93.4 42 1296.02
94 42 1335
109.4 42 2538.11
114.4 42 3226.09
126.4 42 9747.89
89.4 42.2 1061.06
90.6 42.2 1080.12
118.4 42.2 3987.99
119.4 42.2 4277.92
123 42.2 6193.47
92.4 42.4 1174.39
92.6 42.4 1186.32
93.2 42.4 1222.32
93.4 42.4 1235.34
94.4 42.4 1281.32
95.2 42.4 1313.76
95.6 42.4 1346.42
96.2 42.4 1394.49
97.2 42.4 1460.91
97.4 42.4 1471.35
98.4 42.4 1542.76
99.2 42.4 1608.12
99.6 42.4 1632.31
101 42.4 1714.89
101.4 42.4 1734.58
102.2 42.4 1789.65
102.6 42.4 1824.6
109 42.4 2489.42
123.4 42.4 6397.13
127 42.4 10212
110.6 42.6 2583.79
87 42.8 870.472
126 42.8 8367.56
88.8 43 915.234
97 43 1385.79
103.4 43 1911.03
87.2 43.2 695.425
92.6 43.2 993.755
95.4 43.2 1153.21
97 43.2 1288.7
93 43.4 936.204
94.4 43.4 1015.23
94.6 43.4 1024.41
94.8 43.4 1034.39
95.6 43.4 1084.7
95.8 43.4 1100.65
97 43.4 1189.81
98.8 43.4 1324.14
104.8 43.4 1823.39
106.4 43.4 1984.7
116.6 43.4 3350.01
92.6 43.6 831.583
93 43.6 852.555
94 43.6 907.744
100.4 43.6 1339.79
102.4 43.6 1480.12
111.4 43.6 2323
130 43.6 9089.92
88.4 43.8 784.302
109.4 43.8 2079.29
115.2 43.8 3166.99
115.4 43.8 3204.53
87.6 44 854.725
88.4 44 830.941
102.8 44 1279.78
109.4 44 2073.47
86.2 44.2 919.375
107.4 44.2 1823.39
112 44.2 2458.95
91.4 44.4 823.387
91.6 44.4 816.777
100.2 44.4 1167.02
100.6 44.4 1199.79
100.8 44.4 1216.53
102.2 44.4 1307.51
105.2 44.4 1567.52
106.6 44.4 1734.93
109 44.4 2023.89
111.8 44.4 2390.43
115.6 44.4 3368.02
116.4 44.4 3543.71
130 44.4 7711.77
93.8 44.6 872.684
96.6 44.6 972.19
103.8 44.6 1500.5
109.4 44.6 2095.54
126.2 44.6 7314.3
90.4 44.8 890.411
95.4 44.8 968.326
96.6 44.8 1016.47
100.6 44.8 1276.72
106.4 44.8 1773.06
106.6 44.8 1799.18
107.2 44.8 1872.9
127.6 44.8 6894.16
88.8 45 861.889
102.4 45 1431.05
103.4 45 1518.73
104 45 1577.48
127 45 6887.2
88.4 45.2 838.585
90.4 45.2 875.605
91.4 45.2 871.698
92 45.2 888.783
92.2 45.2 898.594
96.4 45.2 1066.03
100.4 45.2 1306.16
100.6 45.2 1324.66
102 45.2 1415.61
102.8 45.2 1469.08
106.2 45.2 1777.43
106.4 45.2 1796.85
112.4 45.2 2619.12
125.8 45.2 6740.53
88 45.4 818.962
88.6 45.4 838.142
92.4 45.4 903.369
92.6 45.4 913.213
94.4 45.4 984.354
94.8 45.4 1002.43
95.6 45.4 1043.97
95.8 45.4 1053.9
96 45.4 1061.36
97.6 45.4 1151.02
99.4 45.4 1264.73
101.4 45.4 1407.98
103.8 45.4 1575.04
104.8 45.4 1655.4
105.2 45.4 1690.99
111.6 45.4 2502.38
87 45.6 778.668
89.4 45.6 861.41
97.4 45.6 1167.35
103.4 45.6 1579.2
105.4 45.6 1732.57
109.4 45.6 2228.08
125.4 45.6 6384.56
128.4 45.6 5946.96
94.8 45.8 1027.84
97.4 45.8 1201.88
98.4 45.8 1265.21
100.4 45.8 1398.59
101 45.8 1455.12
104.4 45.8 1677.92
105.4 45.8 1758.08
106.4 45.8 1861.55
97.4 46 1238.77
105.4 46 1786.67
105.6 46 1807.38
114.2 46 2685.16
117.4 46 3153.86
88.4 46.2 933.082
92 46.2 988.992
92.6 46.2 1012.49
97.4 46.2 1284.37
100.2 46.2 1449.27
101.4 46.2 1519.16
108.4 46.2 2200.51
88.4 46.4 974.693
88.6 46.4 974.924
89.2 46.4 978.728
89.8 46.4 979.693
94.4 46.4 1148.74
94.8 46.4 1170.1
95.4 46.4 1209.41
98.2 46.4 1374.72
100.4 46.4 1490.83
101.4 46.4 1539.14
106 46.4 1935.38
116.4 46.4 2999.12
129.4 46.4 5515.07
86.2 46.6 934.194
86.4 46.6 939.424
87 46.6 961.49
89.8 46.6 1031.38
92.4 46.6 1119.55
93.4 46.6 1155.96
95.8 46.6 1292.89
100 46.6 1506.24
100.4 46.6 1518.96
101.4 46.6 1568.7
102.4 46.6 1630.39
103 46.6 1676.45
112.4 46.6 2374.17
120.6 46.6 4379.67
121.4 46.6 4373.29
86.4 46.8 979.43
90.2 46.8 1105.52
101.2 46.8 1586.12
101.4 46.8 1597.14
101.8 46.8 1623.17
115.4 46.8 2757.99
88.4 47 1118.33
93 47 1243.19
94 47 1289.73
95 47 1323.06
96 47 1360.41
101.6 47 1639.56
109.4 47 2129.28
113.4 47 2337.07
96.2 47.2 1348.01
97.6 47.2 1414.3
98 47.2 1432.75
98.6 47.2 1478.35
99 47.2 1506.64
102.6 47.2 1717.79
102.8 47.2 1730.79
106.6 47.2 1964.8
108.4 47.2 2016.66
111 47.2 2079.05
129.2 47.2 4559.07
95.4 47.4 1304.31
96.4 47.4 1341.05
96.8 47.4 1358.19
97 47.4 1371.67
97.2 47.4 1383.27
97.6 47.4 1402.91
98 47.4 1423.89
98.4 47.4 1455.43
104.6 47.4 1798.49
105 47.4 1814.19
106.6 47.4 1894.58
111 47.4 2051.35
112.2 47.4 2177.09
112.6 47.4 2218.7
88.8 47.6 1112.86
91.4 47.6 1161.39
92.8 47.6 1200.25
95.4 47.6 1288.03
95.6 47.6 1297.95
96.4 47.6 1331.31
98.4 47.6 1445.56
100 47.6 1547.92
101.8 47.6 1631.82
104.4 47.6 1740.88
105.8 47.6 1782.89
115 47.6 2599.5
120 47.6 3862.12
88.4 47.8 1068.48
89.4 47.8 1072.45
91.4 47.8 1130.06
91.8 47.8 1137.49
92.4 47.8 1154.92
92.6 47.8 1162.88
94.4 47.8 1233.86
95.4 47.8 1271.9
95.8 47.8 1292.89
97 47.8 1350.5
100.2 47.8 1533.73
102 47.8 1605.25
103.4 47.8 1659.23
104.4 47.8 1684.77
104.6 47.8 1685.13
105.4 47.8 1702.59
106.4 47.8 1736.08
108 47.8 1769.44
111.4 47.8 2090.48
124.4 47.8 4803.06
130 47.8 4782.54
89.4 48 1033.93
91.2 48 1086.05
93.6 48 1169.87
98.4 48 1401.56
102.2 48 1562.35
103.4 48 1603.11
103.6 48 1610.47
104.4 48 1624.35
104.6 48 1623.28
106.8 48 1674.83
110.4 48 1988.05
111.4 48 2090.83
112.8 48 2228.64
114.2 48 2483.5
119 48 3759.6
86.2 48.2 927.542
89.2 48.2 988.801
90.4 48.2 1029.33
91 48.2 1045.31
93.2 48.2 1126.62
93.6 48.2 1145.89
94.4 48.2 1192.21
98.2 48.2 1357.35
98.4 48.2 1370.65
98.6 48.2 1384.67
100 48.2 1451.66
101.2 48.2 1484.26
102.8 48.2 1523.98
103.4 48.2 1546.74
104.2 48.2 1560.34
110 48.2 1952.41
112.6 48.2 2214.6
113.2 48.2 2317.66
120.4 48.2 3624.88
86.2 48.4 894.75
87 48.4 924.418
87.4 48.4 938.87
87.6 48.4 942.929
89.2 48.4 958.931
90.2 48.4 992.588
90.4 48.4 1001.74
91.8 48.4 1049.26
92.8 48.4 1089.14
94.6 48.4 1180.57
94.8 48.4 1187.87
95.8 48.4 1239.47
96.6 48.4 1270.42
97.8 48.4 1308.42
98.2 48.4 1325.12
98.4 48.4 1337.7
99 48.4 1372.49
99.6 48.4 1395.55
100.4 48.4 1416.25
100.6 48.4 1418.93
101.2 48.4 1434.03
101.4 48.4 1438.56
109.4 48.4 1893.82
115.2 48.4 3117.18
119.2 48.4 3557.55
120.2 48.4 3544.33
127.6 48.4 4113.75
130.4 48.4 4929.33
86.2 48.6 867.369
90 48.6 964.438
90.4 48.6 980.437
92 48.6 1033.16
94.2 48.6 1141.53
95.4 48.6 1192.63
96 48.6 1219.29
96.4 48.6 1233.51
97.4 48.6 1266.06
98.2 48.6 1290.44
98.4 48.6 1301.93
99.4 48.6 1343.79
99.6 48.6 1349.97
100.4 48.6 1370.92
102.2 48.6 1406.87
103 48.6 1428.51
107.6 48.6 1704.21
108 48.6 1749.48
108.2 48.6 1770.4
108.4 48.6 1791.48
108.6 48.6 1813.32
108.8 48.6 1835.19
114.4 48.6 2907.87
87.2 48.8 886.131
87.4 48.8 893.274
89.4 48.8 928.785
93.4 48.8 1078.81
95 48.8 1149.45
95.4 48.8 1164.85
96.4 48.8 1208.79
97.4 48.8 1236.88
105.6 48.8 1516.77
107.4 48.8 1702.9
125 48.8 3934.85
129.6 48.8 3661.93
87.8 49 887.502
88.6 49 895.212
91.4 49 983.95
92.2 49 1013.64
92.4 49 1022.83
93.2 49 1049.38
93.4 49 1057.04
94.4 49 1103.89
95.4 49 1138.55
96.4 49 1180.77
97.4 49 1203.09
99.4 49 1266.67
100.4 49 1298.7
100.8 49 1302.99
109.4 49 1898.91
115.8 49 3380.5
128.4 49 3537.02
86.6 49.2 837.633
87 49.2 852.11
87.4 49.2 864.067
87.6 49.2 867.776
88.8 49.2 882.58
89.2 49.2 891.832
90.4 49.2 934.832
90.6 49.2 941.295
90.8 49.2 949.189
91.4 49.2 970.96
91.8 49.2 984.452
92.4 49.2 1004.58
93.6 49.2 1045.05
93.8 49.2 1057.19
94.4 49.2 1084.03
95.8 49.2 1131.97
96.2 49.2 1143.44
96.4 49.2 1147.9
105 49.2 1494.98
105.4 49.2 1531.12
106 49.2 1589.07
106.6 49.2 1651.9
122.8 49.2 4176.87
87.4 49.4 851.737
87.6 49.4 855.943
88.6 49.4 872.376
89.4 49.4 891.508
90 49.4 910.85
90.6 49.4 931.239
90.8 49.4 937.288
91.2 49.4 948.39
91.4 49.4 952.848
91.8 49.4 964.422
92 49.4 970.097
92.4 49.4 983.23
93.6 49.4 1024.05
93.8 49.4 1035.75
94.4 49.4 1060.13
94.6 49.4 1065.23
95.4 49.4 1088.96
96 49.4 1109.75
96.2 49.4 1114.88
99.2 49.4 1204.46
103.8 49.4 1424.81
104.2 49.4 1454
105 49.4 1516.47
107 49.4 1694.59
108 49.4 1771.13
108.2 49.4 1786.93
112.4 49.4 2704.63
87.4 49.6 846.037
88.4 49.6 862.289
89 49.6 877.578
89.4 49.6 884.799
89.6 49.6 887.969
90.8 49.6 922.11
92.8 49.6 977.825
93.6 49.6 1005.14
94.4 49.6 1036.16
96 49.6 1084.27
96.2 49.6 1090.55
97.4 49.6 1129.57
98.6 49.6 1165.89
100.6 49.6 1240.32
101 49.6 1256.04
101.2 49.6 1265.17
104.4 49.6 1488.18
104.8 49.6 1519.27
106.4 49.6 1642.63
86.4 49.8 811.264
88.2 49.8 854.453
88.4 49.8 855.862
89.4 49.8 871.22
90.4 49.8 896.889
92.4 49.8 954.946
94.2 49.8 1013.52
94.4 49.8 1017.74
102.4 49.8 1348.35
105.8 49.8 1597.18
107 49.8 1687.65
111.4 49.8 2632.43
120.6 49.8 3980.78
125.4 49.8 3289.92
86.4 50 796.835
88.4 50 842.555
89.4 50 859.622
90.2 50 881.894
90.4 50 888.094
92.6 50 946.247
94.2 50 997.204
97.4 50 1106.45
100.4 50 1243.16
101.4 50 1300.21
102.4 50 1365.21
105.4 50 1568.49
106 50 1606.74
86.4 50.2 788.82
91.4 50.2 906.886
93.6 50.2 960.99
94.2 50.2 987.977
94.6 50.2 998.847
100.4 50.2 1250.43
101.4 50.2 1311.13
102.4 50.2 1376.89
102.6 50.2 1390.61
105.6 50.2 1582.25
106 50.2 1609.98
120 50.2 3716.9
125.4 50.2 3145.1
87.8 50.4 825.866
92.8 50.4 927.018
93.6 50.4 955.138
93.8 50.4 966.937
95 50.4 1007.76
95.6 50.4 1029.04
96 50.4 1045.4
96.2 50.4 1052.59
98.4 50.4 1149.49
98.8 50.4 1171.68
99.2 50.4 1194.67
99.6 50.4 1218.38
99.8 50.4 1230.04
100 50.4 1242.01
100.6 50.4 1276.16
100.8 50.4 1286.57
101 50.4 1297.9
101.2 50.4 1309.97
101.4 50.4 1323.03
102.4 50.4 1386.78
102.6 50.4 1397.94
102.8 50.4 1409.49
103 50.4 1421.69
103.2 50.4 1435.13
103.4 50.4 1448.67
121.4 50.4 3984.31
91.4 50.6 877.316
97.4 50.6 1111.65
101.4 50.6 1332.26
102.4 50.6 1392.93
103.8 50.6 1470.73
108.8 50.6 2359.01
109.2 50.6 2496.3
112.8 50.6 2700.1
97.4 50.8 1112.86
101.4 50.8 1335.07
107.8 50.8 2196.2
