# dist ab Ms amp Vgr az
4328.3 24.9699 3.10498 17.4244 2.88227 253.976
4308.19 24.7401 3.09715 18.1789 2.86354 253.746
4288.11 26.4707 3.12269 32.0172 2.86298 253.515
4270.84 25.8444 3.109 20.8577 2.87043 253.827
4268.04 29.6307 3.16784 51.6947 2.86875 253.282
4250.75 27.2058 3.12746 19.4699 2.86265 253.595
4233.54 26.2246 3.10821 22.7277 2.88214 253.911
4248 29.4114 3.16078 61.2166 2.87178 253.048
4230.67 30.8448 3.17813 25.8045 2.86775 253.362
4213.44 28.4137 3.13916 18.9226 2.8821 253.679
4196.3 26.6319 3.10773 26.513 2.88057 253.998
4210.63 31.3179 3.18089 44.8466 2.86892 253.128
4193.36 27.0442 3.11384 23.9954 2.85348 253.445
4176.18 28.2602 3.12962 24.2577 2.88134 253.765
4173.3 30.8838 3.16762 28.724 2.8622 253.21
4156.09 26.0569 3.09048 22.0318 2.85334 253.531
4138.98 28.637 3.12816 27.6142 2.87987 253.854
4136.03 28.2864 3.12224 26.5824 2.85281 253.295
4118.88 29.6095 3.13875 26.1039 2.88036 253.619
4101.84 28.5754 3.11999 24.2646 2.87894 253.946
4115.99 32.1413 3.17382 26.1887 2.86211 253.058
4098.81 32.3667 3.1735 20.3071 2.87279 253.383
4081.73 29.6513 3.1321 28.9213 2.87846 253.71
4078.76 35.362 3.20801 1.35111 2.87144 253.146
4061.65 30.9272 3.14646 27.7978 2.87904 253.474
4044.63 30.193 3.13267 24.8766 2.87622 253.805
4041.59 33.0551 3.17141 24.3384 2.87895 253.236
4024.54 31.6352 3.14897 31.1946 2.87637 253.567
4007.59 30.3204 3.12719 17.6908 2.88019 253.902
4004.47 33.5345 3.17032 30.4303 2.87768 253.329
3987.49 32.1209 3.14825 22.7602 2.8779 253.664
3984.43 35.4855 3.1909 27.9285 2.87724 253.089
3967.41 33.472 3.16215 33.2171 2.87596 253.425
3950.5 32.2839 3.14308 21.3125 2.88041 253.764
3947.36 34.929 3.17665 24.467 2.87578 253.184
3930.41 34.2668 3.16495 24.1896 2.87703 253.524
3913.57 31.7511 3.12845 24.9166 2.88141 253.867
3910.35 35.104 3.1714 36.4171 2.87421 253.283
3893.47 33.4522 3.14707 24.3488 2.87953 253.627
3876.7 31.8349 3.12217 21.6711 2.8793 253.973
3890.31 37.152 3.19199 37.059 2.87461 253.04
3873.39 34.6141 3.15785 29.0667 2.8716 253.385
3856.59 33.2514 3.13701 27.276 2.88015 253.732
3853.35 37.6633 3.19046 38.6176 2.87216 253.142
3836.5 35.4624 3.16089 25.6589 2.87761 253.49
3819.77 33.3563 3.13089 25.0586 2.8786 253.841
3816.44 38.1887 3.18897 25.4335 2.8736 253.246
3799.68 34.1876 3.13748 20.1341 2.87671 253.599
3783.02 33.2431 3.12191 32.5869 2.87977 253.954
3796.41 40.9444 3.21514 39.4912 2.87122 253.001
3779.61 38.2786 3.18246 25.9083 2.87603 253.354
3762.91 34.7001 3.13641 31.9115 2.87816 253.711
3759.56 42.3399 3.22214 26.9071 2.8738 253.109
3742.83 38.3104 3.17526 27.5672 2.87672 253.466
3726.22 33.9332 3.11913 25.2256 2.87607 253.826
3722.77 41.9546 3.21058 24.6865 2.8755 253.22
3706.12 37.6748 3.1604 29.3784 2.87664 253.581
3689.59 35.6784 3.13332 33.3963 2.87813 253.946
3686.05 41.3418 3.19656 27.7147 2.87634 253.334
3669.48 38.7575 3.16508 30.8854 2.87712 253.7
3666.01 43.1463 3.21094 30.0565 2.87482 253.086
3649.4 41.5503 3.1911 31.9683 2.87696 253.453
3632.91 37.9573 3.14836 33.0129 2.87733 253.823
3629.34 43.4454 3.20626 32.5585 2.87511 253.204
3612.81 41.3572 3.18139 31.669 2.87741 253.575
3596.41 40.0114 3.16356 38.2886 2.87801 253.949
3592.75 41.8059 3.18184 31.6746 2.87596 253.325
3576.3 41.6746 3.17699 38.3305 2.87814 253.701
3572.7 44.0661 3.20046 32.8896 2.87522 253.074
3556.22 43.1575 3.18791 37.7509 2.87786 253.451
3539.86 42.0467 3.1731 43.2101 2.87899 253.832
3536.16 43.4576 3.18665 35.5657 2.87654 253.199
3519.76 41.139 3.15933 29.8264 2.8768 253.581
3503.49 41.7611 3.16236 33.275 2.87796 253.966
3499.69 41.5573 3.15942 38.4129 2.87447 253.329
3483.38 43.3327 3.17408 34.6079 2.87797 253.715
3479.65 43.6696 3.17664 41.6299 2.8741 253.075
3463.29 44.2043 3.17839 38.0157 2.87708 253.463
3447.07 43.6117 3.16902 34.8336 2.8789 253.854
3443.24 44.4425 3.17638 36.3677 2.87649 253.208
3426.97 43.0332 3.15885 38.7192 2.87706 253.601
3410.84 43.709 3.16211 36.6785 2.87969 253.997
3406.9 43.6024 3.16019 43.6485 2.8763 253.346
3390.73 43.7806 3.15842 35.2835 2.87892 253.743
3386.86 45.7947 3.17711 33.8365 2.87935 253.088
3370.64 42.7805 3.14398 38.5534 2.87728 253.488
3354.56 43.8107 3.15077 34.9871 2.8784 253.891
3350.58 42.3563 3.13523 41.8941 2.87712 253.23
3334.46 42.2401 3.13048 39.378 2.87653 253.635
3314.39 41.7726 3.12119 38.7612 2.87659 253.377
3298.36 43.1581 3.1318 35.4823 2.87659 253.786
3294.34 43.7218 3.13654 39.9232 2.87601 253.117
3278.27 42.7996 3.12369 34.7081 2.87662 253.528
3262.35 43.7013 3.12918 37.6242 2.87372 253.943
3258.21 44.0627 3.13183 40.3991 2.87278 253.267
3242.24 43.2427 3.12008 39.5387 2.87264 253.684
3238.17 46.0206 3.14621 45.247 2.87109 253.005
3222.16 44.996 3.13281 42.2737 2.87087 253.424
3206.29 46.1248 3.13998 38.9603 2.87056 253.846
3202.11 46.9887 3.14709 37.7395 2.87055 253.16
3186.2 47.3431 3.14674 41.8966 2.86917 253.585
3166.13 48.0596 3.14869 44.1185 2.86722 253.321
3150.32 49.1897 3.15516 42.8411 2.8666 253.751
3146.09 50.2839 3.16375 45.8749 2.86626 253.055
3130.23 50.1686 3.15911 45.6944 2.86507 253.488
3114.53 50.5671 3.15892 46.3515 2.86316 253.924
3110.17 51.8743 3.169 45.8454 2.86437 253.221
3094.43 51.3071 3.16058 48.1659 2.86144 253.66
3074.35 53.5027 3.17412 48.032 2.86126 253.393
3058.71 52.4167 3.16156 45.9524 2.85999 253.837
3054.3 53.6572 3.17069 47.4388 2.85978 253.124
3038.62 53.6477 3.16694 50.4742 2.85831 253.571
3018.55 55.0233 3.17322 52.3745 2.85599 253.301
3002.98 55.9604 3.17689 58.1474 2.85491 253.754
2998.51 56.495 3.17996 50.658 2.85398 253.029
2982.89 59.0355 3.19536 59.2111 2.85372 253.484
2967.44 60.4881 3.20224 47.4638 2.85415 253.944
2962.84 59.2983 3.19252 60.0038 2.8514 253.212
2947.33 61.846 3.20709 55.8419 2.85113 253.674
2927.25 63.1032 3.21102 63.6404 2.84873 253.402
2911.87 63.8322 3.21231 50.8277 2.85001 253.87
2907.21 61.9654 3.19829 60.5653 2.84631 253.127
2891.77 64.4887 3.2119 55.6269 2.84667 253.598
2871.7 64.7377 3.2087 61.1455 2.84359 253.322
2856.39 67.9986 3.22631 50.2304 2.8459 253.8
2851.66 64.3857 3.20145 62.5337 2.84051 253.044
2836.3 68.5368 3.22483 58.1378 2.84164 253.525
2816.24 69.1341 3.22367 67.2887 2.83709 253.246
2801 72.2669 3.23916 58.2757 2.84087 253.734
2780.92 72.4861 3.2355 58.8561 2.83609 253.456
2765.81 76.1274 3.25303 62.9986 2.83868 253.951
2760.86 74.403 3.24184 73.0912 2.83076 253.174
2745.7 78.7528 3.26273 64.227 2.83489 253.673
2725.63 80.3567 3.26645 65.1644 2.82984 253.391
2710.6 83.3785 3.2787 67.1531 2.83305 253.897
2705.58 81.5964 3.26805 78.0194 2.82425 253.106
2690.5 83.6272 3.2749 66.7134 2.82868 253.615
2670.43 86.9439 3.28669 77.6634 2.82242 253.331
2655.48 88.0327 3.28828 75.9201 2.82791 253.848
2650.39 87.2137 3.28292 73.4436 2.81839 253.043
2635.39 89.7135 3.29134 73.0541 2.82311 253.563
2615.32 92.5633 3.29975 82.0557 2.81612 253.275
2600.47 94.7301 3.30595 85.9826 2.82244 253.804
2580.38 97.9391 3.3152 84.7763 2.81687 253.516
2560.32 103.559 3.33418 91.2767 2.80944 253.224
2545.55 103.029 3.32808 92.8238 2.8161 253.765
2525.46 111.225 3.35602 101.723 2.81081 253.474
2505.41 120.211 3.38444 126.014 2.80317 253.179
2490.73 115.673 3.36382 102.694 2.81086 253.733
2470.65 123.776 3.38785 101.83 2.8045 253.438
2450.6 133.541 3.41543 142.929 2.80124 253.14
2436.02 130.286 3.40077 110.969 2.80561 253.707
2415.94 143.409 3.437 112.422 2.79726 253.409
2401.52 135.626 3.40883 112.922 2.80679 253.985
2395.89 159.508 3.47772 192.782 2.79795 253.107
2381.41 148.269 3.44202 124.776 2.80136 253.687
2361.34 159.977 3.46948 134.567 2.79438 253.386
2347.02 148.122 3.43207 120.934 2.80185 253.977
2341.29 176.559 3.50675 203.765 2.79429 253.08
2326.92 166.023 3.47602 139.478 2.79583 253.675
2306.84 182.871 3.51237 190.115 2.79331 253.37
2292.63 161.805 3.45521 119.793 2.79925 253.976
2286.79 197.508 3.54015 220.723 2.79027 253.061
2272.53 179.966 3.49571 132.276 2.79137 253.671
2252.45 197.015 3.5293 164.762 2.7858 253.362
2238.36 171.601 3.46529 140.182 2.79488 253.984
2232.41 212.489 3.55639 220.985 2.7838 253.049
2218.25 197.598 3.52076 137.888 2.78615 253.675
2198.17 216.84 3.5553 146.706 2.77816 253.363
2178.13 237.048 3.58815 228.023 2.77699 253.045
2164.09 213.041 3.53766 152.877 2.78091 253.689
2144.01 240.522 3.58443 154.501 2.77294 253.372
2123.97 259.808 3.61198 210.541 2.76868 253.051
2110.05 232.928 3.5604 212.865 2.77581 253.712
2089.97 276.835 3.62937 181.467 2.77064 253.391
2069.92 299.418 3.65737 201.103 2.76413 253.065
2056.12 245.16 3.56635 217.009 2.76599 253.745
2036.04 299.014 3.64645 237.695 2.76295 253.42
2015.99 331.347 3.68487 288.39 2.76089 253.09
2002.33 267.735 3.58806 274.81 2.76087 253.79
1982.24 336.727 3.68138 328.296 2.76134 253.461
1962.19 374.049 3.72074 421.387 2.76015 253.127
1948.66 298.445 3.6184 322.228 2.75908 253.847
1928.57 358.915 3.69215 412.74 2.76077 253.514
1908.51 395.277 3.72764 536.05 2.75901 253.175
1895.12 314.129 3.62354 300.719 2.75923 253.918
1875.02 365.951 3.68334 494.742 2.76038 253.58
1854.96 385.745 3.69966 581.525 2.75719 253.236
1821.62 385.867 3.68879 571.577 2.75777 253.66
1801.54 400.528 3.69829 648.388 2.75302 253.312
1768.35 387.293 3.67251 615.353 2.75366 253.757
1748.27 397.835 3.67732 668.028 2.74817 253.404
1728.22 384.11 3.65518 622.303 2.74182 253.044
1715.23 407.072 3.6759 667.964 2.7462 253.87
1695.13 415.508 3.6778 718.069 2.74112 253.512
1675.08 405.14 3.65977 672.727 2.73537 253.148
1642.15 421.783 3.66553 739.066 2.73431 253.639
1622.08 420.002 3.65647 709.428 2.72855 253.269
1589.31 439.228 3.66396 779.901 2.72303 253.787
1569.23 459.356 3.676 804.942 2.71784 253.411
1549.18 432.779 3.64264 689.175 2.71155 253.029
1536.64 397.966 3.60151 713.601 2.71016 253.957
1516.54 432.267 3.6298 780.634 2.70395 253.576
1496.48 439.937 3.62976 742.045 2.69935 253.188
1464.02 390.784 3.56572 683.464 2.6896 253.766
1443.93 413.008 3.58184 701.756 2.6851 253.371
1411.66 350.534 3.49775 579.931 2.67485 253.983
1391.56 396.073 3.54266 670.704 2.67236 253.583
1371.5 435.622 3.57579 737.763 2.6676 253.173
1339.37 340.13 3.45499 539.122 2.66202 253.825
1319.28 390.362 3.50635 631.076 2.66061 253.409
1267.25 426.947 3.52285 616.31 2.65259 253.679
1247.18 473.337 3.55881 732.749 2.65405 253.246
1215.41 358.225 3.42358 575.686 2.65984 253.989
1195.31 375.498 3.43488 585.663 2.66154 253.549
1175.26 391.612 3.44387 593.204 2.66475 253.097
1143.65 388.905 3.42602 474.783 2.66928 253.895
1123.56 416.489 3.44617 507.113 2.66787 253.435
1072.08 440.589 3.44534 617.668 2.67073 253.825
1052 461.739 3.45558 654.537 2.67477 253.344
1000.71 412.074 3.37956 487.5 2.69673 253.783
980.632 435.786 3.39314 505.626 2.69894 253.278
929.539 446.069 3.37516 568.196 2.70697 253.776
909.464 442.609 3.36038 560.205 2.71299 253.244
858.578 475.767 3.36189 534.392 2.735 253.813
838.501 469.206 3.34366 522.477 2.74527 253.25
787.837 467.628 3.31029 521.644 2.76759 253.905
767.752 471.233 3.30049 514.499 2.77671 253.307
697.225 495.746 3.27391 531.296 2.78734 253.431
626.934 529.092 3.24929 541.419 2.78382 253.644
556.898 590.125 3.23853 588.919 2.7662 253.979
536.815 605.351 3.23171 587.77 2.75694 253.196
467.011 706.851 3.23182 652.303 2.71871 253.635
377.402 853.892 3.21274 760.685 2.65535 253.296
