# dist ab Ms amp Vgr az
3291.67 47.1202 3.16845 94.3019 2.94573 300.122
3291.89 47.3615 3.17072 90.9572 2.94284 300.628
3273.56 47.4293 3.16725 94.459 2.94576 300.124
3273.87 47.8968 3.17158 90.6786 2.94307 300.632
3255.45 47.7131 3.16578 95.4242 2.94571 300.127
3255.86 48.2094 3.17036 91.1252 2.94321 300.638
3237.34 48.0141 3.16444 95.9723 2.94558 300.131
3237.84 48.5699 3.16955 91.5905 2.94324 300.645
3219.24 48.7668 3.1671 96.2186 2.9454 300.136
3219.83 48.3493 3.1635 91.8316 2.94319 300.653
3201.13 49.6033 3.17039 97.186 2.94503 300.143
3201.82 48.8017 3.16347 92.7744 2.94292 300.662
3183.03 49.8136 3.16811 96.8089 2.94468 300.15
3183.81 49.065 3.16171 92.8219 2.94259 300.672
3164.92 50.2298 3.16759 97.0982 2.94433 300.159
3165.81 49.6507 3.16276 93.6961 2.94218 300.684
3146.82 50.3781 3.16473 97.4946 2.94413 300.169
3147.8 50.1454 3.16294 94.38 2.94187 300.696
3128.72 51.4224 3.16948 98.8938 2.94381 300.181
3129.8 50.6921 3.16352 95.6874 2.94148 300.71
3110.62 52.1256 3.1712 99.4119 2.94344 300.193
3111.8 50.8725 3.16091 96.3248 2.94107 300.726
3092.53 52.6144 3.17107 99.6304 2.94307 300.207
3093.81 50.8801 3.15681 96.9209 2.94065 300.743
3074.44 52.8768 3.16903 100.001 2.94273 300.223
3075.82 51.7806 3.16025 97.7011 2.94022 300.761
3056.35 53.1655 3.16717 100.008 2.94243 300.239
3057.83 52.5265 3.16227 98.0505 2.93983 300.78
3038.26 53.9908 3.16963 100.547 2.94208 300.257
3039.84 53.1823 3.16345 99.0333 2.93947 300.801
3020.18 54.6614 3.17074 101.533 2.94178 300.276
3021.86 53.6548 3.16306 100.393 2.93901 300.823
3002.1 54.9934 3.16911 102.254 2.94138 300.297
3003.88 54.0124 3.16171 101.208 2.93847 300.847
2984.03 55.0161 3.16501 102.518 2.94095 300.319
2985.91 54.3669 3.1603 101.4 2.93806 300.872
2965.96 55.9497 3.16802 103.554 2.94069 300.343
2967.94 55.7598 3.16702 102.621 2.93778 300.898
2947.89 56.9128 3.17112 104.428 2.94047 300.368
2949.98 56.6784 3.16983 103.512 2.93745 300.926
2929.83 56.8924 3.16664 104.458 2.94019 300.395
2932.02 56.9571 3.16766 103.009 2.93702 300.956
2911.77 57.1895 3.16456 105.888 2.9399 300.423
2914.07 57.5067 3.16752 103.106 2.93678 300.987
2893.72 57.8587 3.16525 107.747 2.93968 300.452
2875.68 59.1038 3.17013 109.721 2.93943 300.484
2857.64 60.156 3.1734 111.265 2.9392 300.517
2839.61 60.588 3.1721 111.701 2.93905 300.551
2819 63.2558 3.18575 116.77 2.94072 300.006
2821.58 60.954 3.17029 112.356 2.93894 300.587
2800.87 63.8437 3.1853 117.034 2.94062 300.041
2803.56 61.737 3.17139 112.77 2.93875 300.625
2782.75 63.9344 3.18143 117.005 2.94041 300.077
2785.55 62.1671 3.16995 112.901 2.93853 300.665
2764.64 64.2117 3.17881 118.28 2.94018 300.115
2767.54 62.6879 3.1691 114.099 2.93828 300.706
2746.53 65.6848 3.18414 119.698 2.93991 300.155
2749.55 63.2887 3.16875 115.324 2.93797 300.749
2728.43 66.3679 3.18409 119.804 2.93974 300.196
2731.56 63.5611 3.16611 115.984 2.93782 300.794
2710.34 66.8893 3.18293 120.144 2.93963 300.24
2713.58 64.5707 3.16843 117.455 2.93773 300.841
2692.26 66.2335 3.17408 120.102 2.93953 300.285
2695.61 65.2004 3.1681 118.565 2.93752 300.89
2674.18 67.1954 3.17575 119.802 2.93947 300.332
2677.64 65.672 3.16667 119.024 2.9372 300.94
2656.12 68.1403 3.1772 120.21 2.93933 300.381
2659.69 66.3137 3.16632 119.417 2.93691 300.993
2638.06 68.787 3.17668 120.639 2.93917 300.432
2620.01 68.7229 3.17162 120.901 2.93891 300.485
2601.98 68.9954 3.16868 120.54 2.93872 300.54
2583.95 69.9147 3.16974 121.152 2.93841 300.597
2562.05 72.3546 3.17892 129.501 2.9403 300.024
2565.93 70.2489 3.16711 120.979 2.93801 300.656
2543.93 73.1946 3.17917 130.449 2.93979 300.082
2547.93 70.9975 3.16699 121.975 2.93755 300.718
2525.82 73.7666 3.17777 131.737 2.93946 300.142
2529.94 71.6264 3.16607 122.977 2.93718 300.782
2507.72 74.9613 3.17995 133.248 2.93907 300.204
2511.96 72.2396 3.16502 124.149 2.93679 300.847
2489.63 75.9212 3.18066 133.409 2.93862 300.268
2493.99 73.1258 3.16553 124.209 2.93653 300.916
2471.56 76.7714 3.18066 133.898 2.93807 300.334
2476.03 74.1934 3.16702 125.039 2.93615 300.986
2453.49 77.1382 3.17787 133.658 2.9376 300.403
2435.44 77.7072 3.17618 133.808 2.93721 300.475
2417.41 79.1885 3.17948 134.755 2.9368 300.548
2399.38 80.2942 3.18058 135.668 2.93625 300.625
2376.58 81.2891 3.17967 139.376 2.93833 300.028
2381.38 80.9561 3.1792 135.681 2.93574 300.703
2358.46 82.5259 3.18122 139.534 2.9378 300.105
2363.38 80.9687 3.17431 134.815 2.9353 300.785
2340.36 83.0863 3.17913 139.561 2.93731 300.185
2345.4 80.673 3.16773 134.664 2.93495 300.869
2322.27 82.7891 3.17252 138.772 2.93684 300.267
2327.44 81.851 3.16902 135 2.93451 300.956
2304.19 83.3966 3.17063 139.111 2.93643 300.353
2286.13 84.735 3.17245 140.286 2.93585 300.44
2268.09 85.4454 3.17095 140.699 2.93519 300.531
2250.07 85.6171 3.16668 140.314 2.93471 300.625
2226.55 89.1369 3.17743 149.697 2.93597 300.007
2232.06 86.7021 3.16699 140.2 2.93427 300.722
2208.43 90.7402 3.17993 149.415 2.93541 300.102
2214.07 87.5413 3.16598 140.555 2.93377 300.821
2190.33 91.8644 3.18002 150.031 2.93483 300.2
2196.1 88.1802 3.16393 141.466 2.93311 300.924
2172.24 92.4322 3.17741 150.764 2.93418 300.301
2154.17 92.9585 3.17457 150.398 2.93361 300.405
2136.13 94.2687 3.17531 150.549 2.93293 300.513
2118.1 94.4333 3.1707 150.015 2.93226 300.624
2100.1 93.912 3.16291 149.532 2.93156 300.738
2075.84 98.9712 3.17839 156.15 2.93264 300.097
2082.11 94.5501 3.16044 149.781 2.93065 300.857
2057.74 98.9443 3.17278 156.158 2.93182 300.213
2064.15 96.3345 3.16312 150.306 2.92972 300.978
2039.66 100.027 3.17198 156.763 2.93101 300.333
2021.6 100.649 3.16913 156.696 2.92993 300.457
2003.56 102.308 3.17065 157.396 2.92887 300.584
1985.55 102.973 3.16786 158.448 2.92779 300.716
1960.78 106.895 3.17632 164.971 2.92875 300.052
1967.56 104.689 3.1694 158.32 2.92674 300.851
1942.67 110.617 3.18546 167.789 2.92744 300.186
1949.6 107.211 3.17408 160.496 2.9255 300.991
1924.58 111.537 3.18331 166.586 2.9262 300.324
1906.53 112.533 3.18138 167.821 2.92486 300.466
1888.49 113.309 3.17855 167.604 2.9237 300.613
1870.49 115.691 3.18173 167.82 2.92238 300.764
1845.18 121.664 3.19531 178.274 2.92288 300.077
1852.51 116.946 3.18054 168.562 2.9212 300.92
1827.08 120.638 3.18565 178.234 2.92155 300.231
1809.01 122.305 3.1856 179.371 2.92012 300.39
1790.96 124.706 3.188 179.551 2.91869 300.554
1772.95 125.203 3.18364 179.195 2.91756 300.723
1747.22 131.849 3.19734 190.267 2.91698 300.013
1754.97 126.026 3.18037 180.76 2.91643 300.898
1729.11 133.943 3.19796 189.885 2.91556 300.186
1711.03 134.886 3.19474 191.181 2.9143 300.364
1692.98 136.711 3.19427 191.755 2.91313 300.547
1674.97 138.618 3.19395 193.905 2.9117 300.737
1648.82 144.806 3.20362 200.906 2.91091 300.001
1656.99 140.752 3.1942 196.17 2.91012 300.932
1630.7 147.676 3.20564 201.14 2.90931 300.195
1612.63 149.835 3.2054 202.786 2.90779 300.395
1594.59 150.568 3.20093 205.239 2.90652 300.601
1576.59 151.611 3.19731 210.038 2.90464 300.815
1549.99 158.546 3.20683 212.858 2.9039 300.051
1531.89 159.972 3.20391 216.48 2.90225 300.27
1513.83 160.832 3.19939 218.753 2.90058 300.496
1495.81 163.766 3.20034 221.65 2.89864 300.729
1477.84 166.226 3.19987 223.476 2.89669 300.97
1450.78 168.176 3.19435 228.903 2.89642 300.177
1432.71 170.312 3.19268 230.756 2.89451 300.425
1414.68 173.516 3.19357 232.849 2.89217 300.681
1396.7 174.494 3.18876 230.805 2.88981 300.946
1369.32 185.596 3.20436 254.683 2.88744 300.121
1351.24 189.203 3.20523 256.401 2.88543 300.394
1333.21 190.596 3.20088 253.558 2.88374 300.676
1315.23 194.496 3.20207 256.742 2.88163 300.969
1287.52 210.3 3.22413 276.083 2.87743 300.111
1269.44 214.274 3.2244 282.467 2.8755 300.412
1251.41 219.812 3.22756 286.13 2.87457 300.725
1205.39 245.005 3.25405 299.559 2.87232 300.154
1187.32 249.674 3.25397 308.199 2.87154 300.489
1169.31 255.639 3.25588 312.378 2.87051 300.837
1122.96 253.538 3.23032 303.508 2.86911 300.262
1104.92 254.511 3.22323 305.685 2.8673 300.637
1058.34 262.325 3.21323 317.567 2.86419 300.046
1040.25 269.841 3.21629 324.172 2.8614 300.452
1022.25 278.069 3.22004 333.43 2.85842 300.875
975.334 300.324 3.2286 347.714 2.85438 300.284
957.297 305.412 3.22607 350.756 2.85099 300.744
910.159 323.892 3.22516 361.41 2.84385 300.137
892.099 329.201 3.22179 364.855 2.8387 300.64
844.733 339.02 3.20634 368.897 2.82895 300.015
826.655 348.928 3.20773 380.903 2.82202 300.57
760.973 398.643 3.22334 436.188 2.80243 300.54
695.06 476.453 3.25511 498.581 2.78501 300.564
628.925 513.217 3.23763 518.314 2.77277 300.659
562.581 586.56 3.24085 583.033 2.75385 300.848
514.06 656.449 3.24591 623.833 2.74147 300.127
447.284 736.49 3.22902 672.635 2.71217 300.443
380.341 850.965 3.2149 763.357 2.6659 300.978
331.227 979.878 3.21138 806.867 2.62147 300.122
214.43 1381.31 3.16038 1038.31 2.424 300.017
