# az ab Ms amp Vgr
280.395 177.755 3.3191 200.611 2.94439
281.328 174.532 3.31064 244.447 2.93805
282.263 168.413 3.29478 266.337 2.93554
283.198 169.097 3.29633 232.553 2.93167
284.135 154.462 3.25695 165.665 2.9374
285.071 139.4 3.21248 182.858 2.94052
286.006 135.822 3.20143 211.707 2.9388
286.941 132.472 3.19098 213.724 2.93785
287.874 135.546 3.20148 196.548 2.93847
274.74 148.341 3.23954 164.251 2.95614
275.667 170.533 3.29869 244.947 2.94781
276.598 166.467 3.28696 233.771 2.9438
277.532 171.992 3.30004 272.797 2.94184
278.47 185.323 3.3315 276.557 2.93816
279.41 177.393 3.31171 224.727 2.94338
280.353 176.474 3.30881 206.851 2.94579
281.297 177.962 3.31196 244.747 2.93811
282.243 171.576 3.29574 274.931 2.93476
283.19 171.375 3.29505 236.106 2.93205
284.137 157.53 3.25843 170.999 2.93841
285.084 138.772 3.20349 185.151 2.94057
286.03 137.979 3.20128 215.25 2.93816
286.975 134.843 3.19172 217.788 2.93639
287.919 136.387 3.19725 195.13 2.93789
288.861 136.024 3.19683 174.415 2.94092
289.8 143.244 3.22018 175.742 2.9374
290.736 145.545 3.22814 195.086 2.93668
291.669 139.157 3.20984 192.282 2.93885
292.598 139.367 3.21183 195.134 2.93785
293.523 149.859 3.24484 218.436 2.93339
270.929 131.461 3.18688 194.839 2.94472
271.847 144.424 3.22574 205.432 2.94431
272.77 173.538 3.30366 254.859 2.94011
273.698 195.784 3.35435 246.636 2.93568
274.631 142.818 3.2158 161.431 2.95789
275.569 164.234 3.27508 234.962 2.95051
276.511 164.925 3.27566 228.38 2.94624
277.457 168.975 3.28509 268.468 2.94336
278.406 186.137 3.32616 276.156 2.93915
279.358 179.366 3.30928 226.994 2.94372
280.312 174.999 3.29794 210.336 2.94648
281.268 177.271 3.30307 242.682 2.93843
282.225 172.149 3.29001 279.647 2.93384
283.183 172.102 3.28973 236.249 2.93199
284.141 156.436 3.24828 174.49 2.93887
285.099 141.085 3.20357 189.704 2.94021
286.056 138.488 3.19582 219.005 2.93725
287.012 139.759 3.20025 220.761 2.93525
287.967 139.842 3.20114 196.93 2.93758
288.919 140.715 3.20462 182.587 2.93978
289.869 146.943 3.22437 180.95 2.93662
290.815 146.757 3.22491 198.674 2.93581
291.758 140.888 3.20843 196.197 2.93803
292.697 143.827 3.21879 200.409 2.93617
293.631 152.391 3.24545 224.458 2.93132
294.561 156.822 3.25959 244.2 2.92832
295.485 155.569 3.25794 231.455 2.92828
296.404 160.16 3.27254 232.718 2.92357
268.029 119.958 3.14666 133.79 2.94472
268.937 119.929 3.14414 166.22 2.94781
269.853 120.071 3.14237 172.648 2.94605
270.775 131.201 3.17873 194.841 2.94587
271.703 141.678 3.2101 201.337 2.94592
272.637 168.359 3.28319 250.595 2.94218
273.577 194.611 3.34442 251.965 2.93521
274.522 144.684 3.21412 165.2 2.95835
275.471 164.782 3.2692 233.904 2.95238
291.851 142.167 3.20552 201.884 2.93684
292.8 146.78 3.22084 207.17 2.9347
293.744 157.069 3.25186 228.893 2.92938
294.683 158.915 3.25869 246.161 2.92647
295.616 155.9 3.25227 232.189 2.9265
296.544 162.133 3.27134 234.794 2.92154
297.465 156.212 3.25737 232.803 2.91955
298.379 149.122 3.23952 215.181 2.91861
299.286 140.541 3.21624 199.303 2.91725
265.129 119.715 3.14661 169.106 2.92104
266.025 123.953 3.15888 159.919 2.92873
266.928 128.487 3.17177 152.521 2.93519
267.84 124.457 3.15536 135.786 2.94386
268.759 121.744 3.14335 164.651 2.94794
269.685 122.208 3.1427 173.051 2.94694
270.618 132.667 3.17621 194.316 2.94659
295.752 157.952 3.25132 234.462 2.9245
296.689 164.011 3.26978 235.299 2.91948
297.618 159.032 3.25865 233.215 2.91789
298.541 148.694 3.23186 215.404 2.91717
299.456 141.924 3.21415 200.699 2.91574
300.364 134.886 3.19474 191.181 2.9143
301.263 131.334 3.18595 186.121 2.91392
263.12 106.874 3.09621 151.668 2.90395
264.008 115.752 3.12774 168.516 2.9111
264.905 120.834 3.1434 168.388 2.91794
265.811 127.065 3.16236 166.505 2.92592
266.725 130.935 3.17265 158.452 2.93319
267.647 129.457 3.16511 135.614 2.9425
298.709 151.484 3.23347 215.231 2.91549
299.632 144.413 3.21532 201.308 2.91428
300.547 136.711 3.19427 191.755 2.91313
301.454 134.095 3.18877 188.659 2.91249
302.352 133.744 3.19064 189.553 2.91032
303.241 133.465 3.19288 189.914 2.90883
261.103 93.0319 3.03545 122.529 2.88561
261.982 99.0821 3.0594 136.476 2.89351
262.871 106.781 3.0886 150.359 2.90068
263.769 116.545 3.12343 169.966 2.90826
264.677 123.521 3.14563 173.625 2.91504
301.651 136.239 3.1894 192.335 2.9108
302.557 136.632 3.19375 193.688 2.9087
303.453 136.138 3.1954 192.917 2.90741
304.339 136.817 3.20091 192.259 2.90624
305.216 136.944 3.20479 185.501 2.90468
259.084 94.9933 3.04458 110.85 2.86157
259.952 91.9999 3.02698 118.456 2.87157
260.831 93.4131 3.03002 120.043 2.88129
261.719 97.845 3.04669 129.872 2.88946
262.618 106.386 3.07969 149.065 2.8968
303.67 137.785 3.19451 194.349 2.90598
304.563 138.737 3.20094 192.375 2.90492
305.446 137.394 3.20028 185.337 2.90326
306.318 138.401 3.20713 182.566 2.9006
257.065 115.654 3.13073 115.213 2.8335
257.921 105.068 3.08507 147.54 2.83818
258.787 100.589 3.06228 114.959 2.85212
259.665 94.2762 3.03038 119.553 2.86514
260.553 95.8678 3.03402 123.755 2.87605
304.794 141.14 3.20234 192.874 2.90379
305.683 141.194 3.20616 186.59 2.90194
306.561 138.729 3.20228 183.97 2.89914
307.428 141.694 3.21535 186.728 2.89667
308.285 148.475 3.23965 191.627 2.89317
255.051 163.673 3.28283 184.389 2.72799
255.892 123.057 3.15471 268.313 2.7972
256.745 134.784 3.19011 117.358 2.76476
257.609 109.197 3.09465 144.246 2.83209
258.485 106.917 3.08156 125.275 2.83944
306.81 143.04 3.20968 187.117 2.89739
307.683 146.439 3.22386 190.671 2.89481
308.544 152.629 3.24593 197.748 2.89134
309.394 160.111 3.2709 212.729 2.888
253.87 407.072 3.6759 667.964 2.7462
254.707 256.229 3.47045 298.622 2.73745
255.557 99.0405 3.05333 193.845 2.80487
256.419 152.273 3.23594 242.426 2.77999
307.945 149.423 3.2268 194.365 2.8929
308.811 158.238 3.25588 204.343 2.88959
309.665 164.364 3.27667 220.919 2.88617
310.508 181.933 3.32517 246.067 2.88197
251.858 199.783 3.36901 270.602 2.71758
252.679 340.453 3.59585 496.914 2.7335
253.512 415.508 3.6778 718.069 2.74112
254.358 336.038 3.58114 498.297 2.74223
309.944 171.763 3.29015 231.261 2.88411
310.79 188.234 3.33441 258.781 2.87974
311.624 199.182 3.36355 292.842 2.87587
312.446 201.921 3.37417 316.987 2.87376
250.662 80.2304 2.9707 145.487 2.79718
251.478 133.436 3.18681 168.548 2.70634
252.306 280.147 3.50419 375.312 2.72397
253.148 405.14 3.65977 672.727 2.73537
311.08 193.602 3.34107 272.322 2.87749
311.918 205.306 3.37125 306.811 2.87416
312.743 206.675 3.37892 321.304 2.87253
313.555 197.915 3.36499 313.358 2.87258
248.662 103.647 3.08508 143.981 2.80547
249.458 103.948 3.08128 143.229 2.78613
250.268 90.5561 3.0164 176.817 2.7904
251.091 81.848 2.96759 96.2595 2.70802
312.218 208.986 3.3735 318.36 2.87257
313.047 206.926 3.37409 322.887 2.87157
313.862 197.437 3.35868 307.139 2.872
314.663 183.034 3.33084 280.077 2.87224
247.456 104.576 3.08741 152.732 2.80986
248.246 103.25 3.07665 154.968 2.80417
249.049 106.612 3.08543 140.14 2.79715
249.866 97.6078 3.04205 186.567 2.78002
313.358 206.129 3.36705 321.497 2.87074
314.175 193.393 3.34443 300.196 2.87134
314.98 179.263 3.31664 271.823 2.87147
315.771 166.778 3.29053 246.084 2.8699
246.245 108.108 3.1005 158.178 2.81812
247.027 107.898 3.09428 151.938 2.81049
247.823 106.1 3.08168 154.694 2.80348
314.497 191.965 3.33594 292.098 2.87056
315.303 177.44 3.30704 262.503 2.87054
316.096 163.184 3.27601 237.547 2.86904
245.027 115.049 3.12638 163.008 2.82495
245.801 112.683 3.11183 163.407 2.81841
246.589 111.758 3.1028 157.639 2.81065
315.634 175.319 3.29665 253.06 2.86963
316.429 163.944 3.27297 232.695 2.86813
243.804 121.702 3.14986 162.206 2.83249
244.569 121.351 3.14293 167.944 2.82468
245.349 116.928 3.12119 169.21 2.81888
316.769 162.889 3.2651 231.922 2.86694
242.577 129.724 3.17686 176.298 2.83989
243.333 125.846 3.15785 165.746 2.83359
244.103 125.547 3.15105 167.227 2.82601
240.615 141.977 3.22156 179.512 2.85375
241.346 137.916 3.20294 178.848 2.84771
242.092 136.642 3.19294 181.759 2.84138
239.392 147.505 3.23799 185.003 2.86474
240.112 146.682 3.2294 183.083 2.85638
240.848 140.458 3.20446 179.612 2.84943
238.167 136.494 3.20435 167.593 2.87672
238.876 148.654 3.23512 180.95 2.86819
239.601 153.459 3.24268 193.057 2.85897
236.941 129.445 3.18158 167.916 2.88321
237.639 134.931 3.19318 170.288 2.87846
238.352 143.953 3.2149 177.81 2.87155
236.401 131.354 3.18187 163.368 2.88521
237.102 137.918 3.19653 176.105 2.87941
235.164 121.329 3.14796 159.469 2.89248
235.852 130.991 3.17459 165.681 2.88758
233.928 114.599 3.12396 151.028 2.89461
234.603 118.987 3.13351 158.529 2.89256
232.693 114.414 3.12427 159.627 2.89332
233.355 118.205 3.13153 160.767 2.89268
231.462 115.235 3.1286 151.743 2.88824
232.11 117.234 3.12906 161.235 2.88948
232.772 120.36 3.1335 164.585 2.88906
230.234 109.666 3.10853 146.961 2.88119
230.867 114.807 3.1213 149.251 2.88248
231.516 117.395 3.12388 156.18 2.88495
229.629 110.948 3.108 155.906 2.87484
230.263 115.928 3.11986 157.475 2.87613
228.396 108.413 3.09973 159.711 2.86524
229.015 111.181 3.10336 162.464 2.86769
227.168 104.278 3.08483 155.446 2.85568
227.772 107.803 3.09185 155.592 2.85848
225.947 97.8796 3.05952 125.962 2.85362
226.535 101.538 3.06794 148.608 2.85256
227.137 106.2 3.07992 156.196 2.85279
225.305 106.532 3.09111 102.335 2.84376
225.891 101.962 3.06446 133.379 2.84841
224.082 93.3133 3.03611 158.527 2.83539
224.653 110.755 3.10283 173.729 2.81981
222.868 226.264 3.42352 193.887 2.77163
223.422 128.951 3.17155 76.8483 2.75128
223.99 101.534 3.05993 161.423 2.8295
222.201 312.175 3.55839 408.536 2.7827
222.752 244.667 3.44468 210.527 2.76783
220.989 315.699 3.56634 490.671 2.78735
221.523 347.086 3.59955 524.705 2.78137
220.305 245.707 3.45274 359.318 2.78305
220.836 305.495 3.53927 478.802 2.78135
219.097 73.595 2.93258 79.0642 2.75777
219.611 145.288 3.21984 164.621 2.77118
217.901 90.5697 3.02632 208.412 2.81115
218.397 62.1559 2.85465 134.499 2.8219
218.907 52.0115 2.76905 60.5551 2.74668
217.196 127.976 3.17204 246.981 2.80092
217.688 106.012 3.082 231.703 2.8016
216.007 131.441 3.18759 108.053 2.81969
216.481 138.247 3.20119 169.852 2.8003
216.969 133.233 3.17678 226.773 2.79603
215.288 125.634 3.16373 143.792 2.82554
215.757 130.822 3.17289 132.476 2.81819
214.108 122.98 3.15872 154.865 2.83289
214.56 124.445 3.15542 158.562 2.82736
213.376 124.262 3.15919 160.364 2.83446
213.822 127.824 3.16293 163.026 2.82921
212.208 124.621 3.16504 157.436 2.8389
212.636 125.744 3.16037 162.054 2.83525
213.076 131.079 3.16978 169.564 2.83037
211.464 128.698 3.17519 160.865 2.83728
211.886 131.113 3.17461 161.121 2.83478
210.712 133.077 3.18596 165.601 2.83435
211.128 135.282 3.18435 167.07 2.83255
209.555 134.038 3.19415 163.22 2.83184
209.952 139.099 3.20148 167.644 2.83078
208.793 145.996 3.22772 182.133 2.82395
209.183 148.372 3.22588 183.103 2.82453
207.651 145.831 3.2326 173.356 2.81488
208.023 151.075 3.23909 179.718 2.81726
206.881 169.382 3.29429 223.235 2.80026
207.245 169.818 3.28647 216.025 2.80433
206.102 169.478 3.29129 214.616 2.79136
206.458 169.402 3.28208 206.389 2.79521
204.979 188.118 3.34244 273.567 2.77653
205.316 192.702 3.34388 276.981 2.7804
204.193 163.548 3.27863 221.823 2.76989
204.523 171.74 3.29077 233.03 2.77372
203.401 171.206 3.29556 258.896 2.76075
203.722 176.927 3.30068 268.367 2.76366
202.299 142.331 3.22161 210.916 2.75649
202.602 151.304 3.23903 218.913 2.75876
201.502 145.341 3.22799 219.144 2.75001
201.795 154.295 3.24476 226.3 2.75212
200.698 140.094 3.2094 196.463 2.75111
200.982 142.452 3.20738 200.301 2.75305
199.888 156.365 3.25459 235.28 2.74439
198.814 138.355 3.20829 191.922 2.74657
199.071 144.345 3.2174 200.306 2.74743
198.001 134.626 3.19413 202.008 2.74138
198.249 141.411 3.20613 209.062 2.74241
197.183 121.498 3.14736 156.365 2.74406
197.421 125.685 3.15267 161.662 2.74559
196.36 122.135 3.14752 184.101 2.73883
195.321 126.169 3.16903 157.487 2.73431
195.531 126.137 3.15951 158.978 2.73767
194.498 136.583 3.20161 218.406 2.72797
194.697 137.656 3.19555 216.399 2.73031
193.67 146.75 3.23102 206.244 2.72335
193.859 148.555 3.22683 204.032 2.72585
192.837 147.082 3.23033 231.773 2.7244
193.015 150.501 3.23076 235.445 2.72598
192.001 151.063 3.24035 222.3 2.71985
191.009 137.496 3.20753 199.52 2.71974
191.16 143.308 3.216 208.047 2.72124
190.176 134.408 3.19633 186.056 2.71661
190.316 139.736 3.20367 196.628 2.71785
189.34 122.039 3.15318 135.791 2.7196
189.469 124.824 3.1534 141.253 2.72215
188.501 133.662 3.19156 196.179 2.71563
188.618 136.252 3.19028 195.702 2.7173
187.659 147.501 3.23332 222.975 2.71004
187.765 150.215 3.23161 222.998 2.71188
186.814 144.973 3.22489 233.737 2.7089
186.909 151.543 3.23448 237.366 2.7098
185.967 138.902 3.2055 226.207 2.71137
186.05 144.842 3.21401 228.637 2.71191
185.118 133.641 3.18803 226.09 2.7166
185.19 140.368 3.19966 244.05 2.71628
184.268 140.444 3.20899 226.268 2.71371
183.416 135.917 3.19428 195.96 2.71614
182.563 131.022 3.17796 176.319 2.71995
181.709 139.138 3.20379 183.004 2.71824
180.855 129.231 3.17155 165.863 2.72432
180 121.288 3.14395 159.12 2.72648
179.145 117.892 3.13167 168.489 2.73123
178.291 105.408 3.08322 161.184 2.74121
177.437 94.9892 3.03829 138.508 2.74868
176.584 98.7587 3.05558 161.664 2.74648
175.732 93.0499 3.03021 165.918 2.74472
174.882 80.017 2.96527 109.562 2.74588
174.81 79.3191 2.95177 103.82 2.74587
174.033 88.0352 3.00745 124.986 2.56641
173.95 86.9791 2.99253 126.333 2.56133
173.186 80.6022 2.96995 120.395 2.57296
173.091 82.3969 2.96986 129.661 2.56855
172.341 84.1022 2.98933 100.644 2.57313
172.235 87.8156 2.99846 96.8036 2.5706
171.499 109.09 3.10333 143.59 2.59177
171.382 114.237 3.11375 135.874 2.58633
170.66 131.992 3.18722 232.568 2.63937
170.531 138.984 3.20006 216.496 2.6354
169.824 194.216 3.35619 258.307 2.70021
169.684 211.07 3.38279 280.992 2.69612
168.991 234.19 3.43881 131.868 2.71921
168.84 250.492 3.45852 149.811 2.71239
