# az ab Ms amp Vgr dist
271.383 666.622 3.26145 639.561 2.78089 523.553
274.426 701.61 3.28311 656.195 2.77585 522.959
277.468 660.089 3.25743 614.914 2.78613 523.834
258.936 592.265 3.20658 579.851 2.76904 519.78
261.934 607.785 3.21174 595.55 2.77046 513.302
265 624.955 3.21907 589.619 2.77372 508.256
268.119 635.343 3.22282 624.994 2.77725 504.686
271.272 672.587 3.24558 645.793 2.77307 502.622
274.442 703.093 3.26433 641.973 2.76908 502.085
277.609 677.122 3.24894 631.829 2.77713 503.079
280.754 674.081 3.24939 631.392 2.78027 505.595
283.859 662.495 3.24569 617.606 2.78361 509.611
286.907 672.866 3.2576 659.082 2.77798 515.092
289.884 634.006 3.23821 601.766 2.7769 521.992
252.358 629.37 3.2302 607.333 2.74633 516.817
255.282 648.661 3.23438 629.456 2.74618 507.355
258.308 622.343 3.20862 599.253 2.75529 499.255
261.425 632.564 3.20921 603.486 2.75792 492.586
264.618 641.205 3.21002 585.517 2.76404 487.406
267.869 648.328 3.2112 629.326 2.76713 483.762
271.159 680.153 3.22995 647.546 2.76354 481.691
274.466 710.999 3.24874 638.992 2.76089 481.212
277.769 690.947 3.23743 631.818 2.76731 482.331
281.046 675.869 3.23054 619.146 2.77145 485.036
284.277 677.228 3.23562 623.031 2.77326 489.302
287.442 683.547 3.24532 672.889 2.76715 495.089
290.526 650.234 3.23064 609.323 2.76857 502.343
293.513 662.708 3.24714 612.37 2.76143 511.004
296.394 639.245 3.24086 610.701 2.75812 521
245.782 673.972 3.26324 647.631 2.72932 520.357
248.556 684.593 3.25842 651.043 2.72842 508.015
251.46 655.521 3.22891 626.781 2.73302 496.915
254.489 673.231 3.23092 635.48 2.73232 487.143
257.633 651.354 3.20825 611.856 2.74027 478.779
288.029 709.905 3.24198 681.781 2.75353 475.147
291.227 673.26 3.22662 626.331 2.7569 482.781
294.316 685.334 3.2433 630.439 2.75068 491.864
297.285 657.819 3.23565 616.564 2.74888 502.318
300.127 656.449 3.24591 623.833 2.74147 514.06
241.925 694.296 3.2714 663.833 2.72191 515.278
244.634 699.19 3.26121 659.015 2.71984 501.35
247.491 713.946 3.25786 667.569 2.71712 488.599
250.494 687.912 3.2303 642.924 2.71942 477.122
298.252 687.896 3.23696 645.864 2.73813 483.792
301.17 687.886 3.249 647.008 2.72887 496.047
303.941 681.133 3.25765 662.96 2.72233 509.521
306.564 672.577 3.26583 672.473 2.71398 524.12
238.005 693.062 3.26792 658.565 2.72096 512.404
240.623 715.378 3.26686 674.388 2.71324 496.917
243.403 722.655 3.25711 672.439 2.70962 482.528
302.298 717.838 3.24992 664.616 2.71803 478.24
305.131 715.887 3.26265 680.027 2.71232 492.273
307.802 710.428 3.27396 690.967 2.70644 507.439
310.313 695.868 3.28017 697.42 2.70203 523.638
234.054 684.82 3.26213 656.312 2.72232 511.782
236.555 714.063 3.26399 669.7 2.71355 494.788
239.228 734.078 3.2602 680.419 2.7054 478.799
306.413 736.244 3.25794 689.274 2.70528 475.285
309.129 726.618 3.26791 685.819 2.69912 491.045
311.671 721.577 3.2811 715.089 2.69512 507.834
230.106 677.678 3.25914 649.685 2.72268 513.431
232.467 704.728 3.25849 665.361 2.71439 495.003
235.005 731.988 3.25763 675.218 2.70588 477.475
313.12 751.903 3.28406 730.2 2.68827 492.371
315.508 726.943 3.28703 737.402 2.68812 510.692
226.194 646.672 3.24247 621.527 2.72144 517.339
228.395 683.152 3.24748 639.615 2.71427 497.569
230.775 714.649 3.24834 652.804 2.70658 478.59
314.667 769.246 3.27899 739.667 2.68449 477.282
317.062 724.467 3.27167 709.347 2.68847 496.222
319.278 689.238 3.26886 684.091 2.69421 515.963
222.349 612.884 3.22486 603.71 2.71596 523.465
224.377 652.73 3.23241 620.211 2.70929 502.46
226.578 693.15 3.23862 638.772 2.70319 482.135
318.712 733.524 3.26325 703.183 2.68486 482.181
320.916 725.74 3.27853 722.068 2.69025 502.531
322.946 714.753 3.29173 737.286 2.69074 523.564
220.446 626.859 3.22168 612.155 2.70269 509.619
222.456 661.546 3.22423 620.399 2.69716 488.069
322.647 745.591 3.27766 730.885 2.68709 489.577
324.647 704.692 3.274 718.046 2.69467 511.196
216.63 634.828 3.23595 625.691 2.69591 518.961
218.442 650.119 3.22474 626.741 2.68863 496.316
324.475 763.488 3.27559 730.905 2.68752 477.139
326.436 715.85 3.2695 705.993 2.69452 499.349
328.229 692.125 3.2764 690.034 2.70296 522.092
214.568 653.482 3.23704 628.96 2.68515 506.773
216.336 677.389 3.23009 651.937 2.6766 483.601
328.313 735.249 3.2701 709.552 2.69548 488.059
330.052 708.629 3.27657 697.01 2.70372 511.351
210.854 629.816 3.23284 594.984 2.68891 519.315
212.41 657.375 3.22849 624.695 2.67696 495.219
330.281 757.699 3.27251 710.84 2.69655 477.368
331.955 724.479 3.27649 708.646 2.7049 501.201
208.668 638.91 3.22929 584.801 2.68258 508.921
210.156 663.435 3.22179 606.083 2.66901 484.346
333.938 739.398 3.2761 723.573 2.70916 491.677
335.385 687.858 3.26839 694.245 2.71823 516.385
205.123 630.272 3.23802 565.685 2.68412 524.555
206.397 649.402 3.22709 591.729 2.67265 499.242
336 746.561 3.27153 733.236 2.70984 482.817
337.361 703.566 3.27027 692.79 2.72053 507.993
202.857 635.861 3.23393 580.259 2.67605 516.041
204.043 671.42 3.23288 598.546 2.66156 490.32
339.403 665.598 3.23879 633.813 2.72866 500.278
200.52 641.897 3.23073 606.233 2.66436 508.303
201.608 678.889 3.22965 622.844 2.64803 482.196
341.51 686.087 3.24516 636.277 2.72644 493.273
342.552 664.018 3.25597 632.552 2.73886 519.491
198.117 641.01 3.2235 592.195 2.65367 501.375
343.675 681.581 3.23614 611.604 2.72945 487.008
344.61 649.652 3.24093 592.161 2.74368 513.572
194.88 614.745 3.22498 595.701 2.65653 522.175
195.653 652.011 3.225 609.21 2.64055 495.293
345.896 699.386 3.24189 629.786 2.72642 481.513
346.715 659.63 3.24264 619.765 2.74067 508.387
192.477 613.504 3.21949 589.575 2.64567 517.224
193.134 650.793 3.2191 609.814 2.62799 490.087
348.166 693.6 3.23357 603.476 2.72782 476.813
348.861 657.874 3.23726 594.25 2.74154 503.957
190.033 614.18 3.21613 580.943 2.63391 513.137
190.568 665.714 3.22471 614.113 2.61543 485.787
351.044 656.83 3.23306 619.598 2.74173 500.304
187.555 632.683 3.226 574.736 2.61675 509.935
187.962 664.169 3.22035 598.734 2.59924 482.415
353.256 650.119 3.22583 617.263 2.74016 497.444
185.051 632.034 3.22337 591.292 2.59488 507.636
185.325 662.617 3.21691 607.414 2.57552 479.993
355.491 622.354 3.20488 586.61 2.74885 495.391
355.749 587.976 3.20649 553.686 2.76398 523.083
182.53 653.482 3.23654 664.597 2.57269 506.252
182.668 702.497 3.24083 697.956 2.55116 478.533
357.742 606.504 3.19247 574.526 2.75229 494.155
357.871 574.027 3.19498 540.902 2.76764 521.918
180 657.662 3.23887 647.786 2.55147 505.79
180 711.635 3.24595 693.533 2.53216 478.046
177.47 682.819 3.25561 699.976 2.51876 506.252
177.332 730.67 3.25791 736.393 2.50203 478.533
174.949 712.693 3.27553 809.391 2.49714 507.636
174.675 739.922 3.26484 832.021 2.4793 479.993
172.445 678.917 3.25663 737.022 2.47951 509.935
172.038 714.178 3.25188 758.405 2.46731 482.415
169.967 677.344 3.25865 761.514 2.46662 513.137
169.432 722.312 3.26014 763.339 2.45693 485.787
167.523 656.369 3.24882 715.828 2.46057 517.224
166.866 705.195 3.25397 728.271 2.454 490.087
165.12 666.678 3.2602 720.055 2.46105 522.175
164.347 691.039 3.25025 722.149 2.45453 495.293
161.883 678.147 3.24796 694.753 2.45809 501.375
159.48 649.94 3.23613 679.143 2.45769 508.303
158.392 715.256 3.25231 735.343 2.44994 482.196
157.143 669.935 3.2566 734.983 2.45374 516.041
155.957 710.388 3.25738 756.476 2.44775 490.32
154.877 650.987 3.25206 724.866 2.44991 524.555
153.603 678.118 3.24588 742.629 2.44468 499.242
151.332 673.511 3.25219 741.307 2.43973 508.921
149.844 722.18 3.25863 815.005 2.42865 484.346
149.146 672.476 3.26131 799.256 2.43487 519.315
147.59 706.03 3.2595 842.879 2.42557 495.219
145.432 725.227 3.28228 788.42 2.42628 506.773
143.664 733.578 3.2647 802.676 2.42539 483.601
