# az ab Ms amp Vgr dist
268.38 227.043 3.18267 288.531 2.88023 1123.54
269.786 276.274 3.26566 354.916 2.87279 1118.91
271.203 272.803 3.25825 226.637 2.88846 1114.94
272.629 249.294 3.21752 319.334 2.90115 1111.65
274.062 268.605 3.24865 359.088 2.89536 1109.03
275.502 277.426 3.26174 267.724 2.89055 1107.1
276.945 277.658 3.26149 271.172 2.89618 1105.85
278.391 288.661 3.2781 349.448 2.89389 1105.3
279.838 304.632 3.30155 351.978 2.88318 1105.43
281.283 273.119 3.25453 298.573 2.89526 1106.25
282.726 238.29 3.19602 252.124 2.90927 1107.77
284.164 255.608 3.22756 302.707 2.89883 1109.96
285.595 261.556 3.23895 338.971 2.89511 1112.84
287.018 255.659 3.23077 308.531 2.89688 1116.4
288.432 268.358 3.25387 274.739 2.8951 1120.63
263.968 244.514 3.2134 324.309 2.80609 1120.52
265.358 260.116 3.23706 335.059 2.8195 1113.9
266.763 285.813 3.27508 238.996 2.83822 1107.93
268.183 230.89 3.17981 288.03 2.87451 1102.62
269.615 285.134 3.26918 365.125 2.86867 1097.97
271.059 280.43 3.26001 230.867 2.88555 1094.01
272.512 259.137 3.2241 330.006 2.89615 1090.73
273.973 276.025 3.25024 369.018 2.89076 1088.15
275.44 275.343 3.24823 262.196 2.88908 1086.26
276.911 282.908 3.25941 275.63 2.89412 1085.07
278.384 299.559 3.28401 362.512 2.89015 1084.58
279.858 308.208 3.29648 341.048 2.88145 1084.8
281.331 277.398 3.2512 303 2.89316 1085.72
282.8 238.259 3.18594 259.593 2.90791 1087.35
284.264 260.076 3.22514 302.082 2.89694 1089.67
285.721 272.836 3.24743 340.779 2.89331 1092.69
287.169 265.252 3.23701 308.038 2.89549 1096.39
288.606 273.115 3.25185 281.539 2.89418 1100.78
290.032 288.48 3.27809 369.578 2.8886 1105.84
291.444 264.571 3.24331 338.605 2.89201 1111.57
292.84 294.229 3.29255 373.661 2.88101 1117.95
294.221 291.55 3.29196 384.575 2.8774 1124.97
259.555 257.622 3.23755 346.417 2.72193 1123.55
260.913 284.311 3.27621 420.291 2.73197 1114.97
262.291 275.844 3.25922 335.692 2.76599 1107.02
263.688 258.62 3.22764 334.497 2.79766 1099.7
265.103 270.2 3.24339 367.144 2.8108 1093.03
266.535 307.018 3.2959 292.574 2.8263 1087.03
267.981 243.488 3.19257 292.242 2.86814 1081.69
269.441 294.84 3.27336 379.642 2.86344 1077.04
287.328 266.018 3.22837 303.68 2.89403 1076.4
288.79 274.454 3.24419 285.987 2.89293 1080.95
290.24 289.222 3.26955 368.692 2.88659 1086.18
291.675 266.47 3.23689 338.393 2.88919 1092.1
293.094 297.859 3.28848 379.135 2.87822 1098.67
294.495 291.348 3.28242 377.93 2.87563 1105.9
295.877 268.535 3.25084 329.942 2.87438 1113.77
297.24 273.498 3.2629 331.21 2.8722 1122.27
256.496 318.86 3.32948 431.329 2.68152 1122.14
257.833 290.998 3.28499 370.453 2.70128 1112.25
259.193 271.725 3.25071 351.826 2.71738 1102.97
260.575 281.63 3.26201 422.416 2.72923 1094.31
261.978 288.913 3.26913 350.162 2.75467 1086.28
263.401 272.822 3.24058 341.615 2.78976 1078.9
293.359 304.465 3.28851 389.268 2.87559 1079.43
294.781 290.814 3.27227 374 2.8741 1086.87
296.184 272.736 3.24839 325.598 2.87329 1094.96
297.566 271.693 3.251 333.508 2.87081 1103.68
298.926 254.168 3.22659 313.886 2.87054 1113.02
300.262 253.538 3.23032 303.508 2.86911 1122.96
253.435 416.489 3.44617 507.113 2.66787 1123.56
254.744 392.644 3.41517 466.48 2.66779 1112.39
256.078 338.373 3.3454 465.568 2.68457 1101.8
257.437 305.407 3.29597 365.301 2.7012 1091.8
258.821 285.009 3.26131 358.168 2.71084 1082.42
296.505 274.366 3.24169 327.763 2.87156 1076.2
297.906 276.646 3.24973 335.583 2.86905 1085.15
299.284 258.393 3.22482 314.456 2.86874 1094.73
300.637 254.511 3.22323 305.685 2.8673 1104.92
301.966 254.338 3.22818 309.455 2.86718 1115.7
251.661 401.427 3.42623 541.428 2.6769 1115.39
252.962 438.632 3.45895 536.501 2.66885 1103.52
254.291 425.281 3.43997 556.16 2.66863 1092.21
255.647 355.179 3.35644 496.362 2.68726 1081.5
299.657 259.775 3.21811 315.625 2.86639 1076.5
301.028 258.856 3.22175 312.691 2.86466 1086.94
302.372 257.956 3.22568 314.818 2.86411 1097.98
303.689 249.559 3.21698 292.919 2.86484 1109.59
304.978 255.435 3.23299 294.401 2.86303 1121.78
248.598 276.995 3.26793 296.523 2.73449 1121.25
249.861 405.598 3.42719 528.815 2.69949 1108.13
251.153 382.162 3.39519 482.668 2.68518 1095.55
252.475 462.99 3.47258 558.901 2.67115 1083.53
302.794 263.864 3.2268 318.709 2.86161 1080.33
304.125 254.604 3.21716 295.306 2.86268 1092.22
305.428 257.049 3.22742 294.252 2.86114 1104.67
306.701 261.543 3.24127 300.59 2.85818 1117.67
246.788 284.253 3.27643 342.318 2.7667 1115.61
248.038 270.456 3.2481 296.178 2.7461 1101.8
249.318 397.533 3.40884 508.758 2.70886 1088.51
250.63 369.066 3.37025 456.792 2.69576 1075.77
305.895 266.863 3.23534 305.636 2.8581 1087.66
307.179 266.884 3.2419 307.503 2.8552 1100.93
308.433 284.497 3.27638 329.436 2.84954 1114.74
244.961 261.041 3.23716 332.849 2.79917 1110.91
246.195 288.724 3.27385 359.325 2.77432 1096.41
247.461 270.701 3.23894 308.403 2.75518 1082.42
307.675 277.316 3.25037 314.899 2.85171 1084.31
308.939 290.799 3.27793 342.064 2.84633 1098.39
310.171 306.259 3.30755 376.258 2.84128 1112.99
241.936 263.197 3.2465 315.034 2.838 1122.84
243.118 273.365 3.25538 329.736 2.82072 1107.18
244.334 270.475 3.24332 340.273 2.80482 1091.99
245.583 294.173 3.27251 374.74 2.78022 1077.3
309.462 302.652 3.28727 361.102 2.84258 1082.17
310.703 316.017 3.31339 390.369 2.8385 1097.06
311.909 321.106 3.32784 408.722 2.83459 1112.44
240.103 264.705 3.24797 309.93 2.85341 1120.75
241.264 269.875 3.24845 319.141 2.8426 1104.43
242.459 283.68 3.26232 340.557 2.82558 1088.56
311.253 327.39 3.32094 406.818 2.8358 1081.25
312.466 329.449 3.3314 413.099 2.83265 1096.93
313.645 327.094 3.33617 416.708 2.82976 1113.07
238.263 268.012 3.25283 315.896 2.85872 1119.63
239.4 273.613 3.25356 320.591 2.85325 1102.66
240.572 277.62 3.25174 325.033 2.84468 1086.13
313.042 336.423 3.33291 419.423 2.82949 1081.55
314.226 325.339 3.32648 416.949 2.82738 1097.99
315.375 310.602 3.31458 408.572 2.82527 1114.88
236.418 262.205 3.24325 313.887 2.85625 1119.51
237.529 271.948 3.25054 321.109 2.85516 1101.9
238.676 283.776 3.26057 333.076 2.85245 1084.71
314.825 324.618 3.31815 419.439 2.82467 1083.07
315.977 307.664 3.30332 404.566 2.82301 1100.25
317.094 293.007 3.29069 382.898 2.82155 1117.86
234.573 254.592 3.23088 316.331 2.84897 1120.37
235.656 268.411 3.24497 327.478 2.85199 1102.14
236.775 281.395 3.25671 327.605 2.85192 1084.31
316.597 306.969 3.29522 402.647 2.81986 1085.78
317.716 294.655 3.28624 378.768 2.81837 1103.69
318.799 286.731 3.28329 365.796 2.81691 1121.99
232.729 249.322 3.22269 297.622 2.84075 1122.23
233.783 260.353 3.23235 314.026 2.84189 1103.4
234.872 272.907 3.24372 335.69 2.84404 1084.94
318.356 296.858 3.2826 375.37 2.81503 1089.69
319.438 290.299 3.28202 375.33 2.81297 1108.29
231.913 254.353 3.22333 310.566 2.83322 1105.66
232.971 258.089 3.22029 312.436 2.8373 1086.59
319.015 298.141 3.27762 375.199 2.81039 1075.87
320.097 291.321 3.27693 377.768 2.80882 1094.77
321.141 279.336 3.26809 371.265 2.80986 1114.04
230.049 263.132 3.23966 319.27 2.82044 1108.94
231.074 263.472 3.23059 319.699 2.82495 1089.28
320.773 290.556 3.26919 377.531 2.80544 1081.43
321.815 277.069 3.2582 366.85 2.80753 1101
322.821 268.371 3.25403 341.97 2.80912 1120.91
228.195 254.818 3.2278 294.983 2.81142 1113.23
229.185 269.541 3.24231 322.979 2.81525 1092.99
322.507 277.768 3.25298 360.388 2.80466 1088.16
323.508 271.976 3.25374 333.93 2.8054 1108.36
226.354 280.657 3.27231 292.218 2.78995 1118.51
227.308 258.524 3.22651 273.531 2.80419 1097.73
228.298 265.596 3.22811 307.976 2.80957 1077.25
323.218 282.397 3.25388 349.963 2.80174 1075.52
324.214 280.653 3.26134 332.113 2.80076 1096.02
325.173 282.044 3.27363 350.02 2.79987 1116.83
224.528 366.284 3.39098 446.042 2.76482 1124.79
225.445 337.914 3.34563 390.698 2.77521 1103.47
226.398 295.942 3.27768 310.337 2.78948 1082.45
324.937 290.583 3.27045 344.299 2.79548 1083.88
325.889 294.1 3.28605 368.774 2.79662 1104.98
223.599 395.692 3.41747 494.498 2.75054 1110.22
224.513 377.629 3.38662 469.094 2.76207 1088.68
326.623 305.496 3.29686 387.649 2.79402 1093.35
327.532 313.295 3.31839 412.883 2.79438 1115.01
221.774 412.536 3.43933 566.243 2.73007 1117.96
222.648 403.728 3.41921 539.112 2.74001 1095.91
327.374 323.062 3.3155 419.115 2.78914 1081.94
328.273 336.684 3.34425 456.089 2.78874 1103.89
220.806 382.441 3.39972 504.133 2.72464 1104.15
221.675 398.201 3.40628 540.379 2.73266 1081.86
329.032 356.368 3.36358 493.671 2.78431 1093
329.886 354.342 3.37208 494.445 2.78938 1115.47
218.988 265.718 3.24606 355.469 2.74253 1113.36
219.815 319.84 3.31544 385.653 2.73346 1090.6
329.807 370.555 3.37527 499.319 2.78245 1082.34
330.649 355.091 3.36795 462.748 2.78965 1105.08
217.197 257.392 3.23715 351.23 2.75321 1123.54
217.983 260.663 3.23137 367.284 2.74987 1100.33
218.802 276.273 3.24527 374.476 2.74665 1077.34
331.429 347.537 3.35364 441.413 2.79126 1094.95
332.225 336.377 3.35079 431.442 2.79875 1118.17
216.18 267.562 3.24793 343.646 2.76133 1111.03
216.956 263.08 3.22911 356.667 2.75889 1087.6
332.225 341.534 3.3412 437.255 2.7913 1085.06
333.007 331.911 3.34032 437.569 2.79794 1108.54
214.408 242.065 3.21007 279.42 2.77374 1122.66
215.141 263.094 3.23466 315.766 2.77026 1098.82
215.907 265.92 3.22759 338.852 2.76576 1075.16
333.036 338.377 3.33238 440.314 2.78908 1075.44
333.804 329.117 3.33207 425.446 2.79661 1099.17
334.539 309.492 3.31699 382.329 2.80522 1123.08
213.36 252.458 3.22268 299.123 2.77821 1110.99
214.082 253.241 3.21222 298.812 2.77686 1086.93
334.616 321.113 3.31689 385.554 2.7985 1090.06
335.335 300.236 3.29951 353.466 2.81047 1114.21
211.614 300.134 3.30413 376.106 2.77982 1124.08
212.292 286.413 3.27194 354.921 2.77972 1099.64
213.001 276.598 3.24479 337.386 2.78024 1075.36
335.443 307.719 3.29401 364.521 2.8042 1081.22
336.146 290.328 3.28076 352.878 2.81428 1105.61
210.54 313.006 3.31715 389.252 2.78053 1113.27
211.204 312.223 3.30399 386.869 2.78049 1088.63
336.97 288.557 3.27402 355.615 2.81436 1097.28
337.626 282.432 3.27676 339.909 2.82304 1122.06
209.447 322.593 3.32515 383.764 2.78047 1102.81
210.096 328.89 3.32128 391.331 2.78089 1077.95
337.808 288.401 3.26982 334.917 2.817 1089.23
338.445 275.227 3.26175 310.584 2.82794 1114.22
207.731 328.677 3.34059 390.073 2.779 1117.87
208.335 338.029 3.34049 397.796 2.77901 1092.69
338.659 280.449 3.25384 319.804 2.82269 1081.47
339.278 269.023 3.24817 301.84 2.8328 1106.67
206.617 339.43 3.34993 401.499 2.77895 1108.31
207.203 344.113 3.34341 406.17 2.77868 1082.94
340.123 266.061 3.23982 300.485 2.83468 1099.41
340.694 254.818 3.23346 282.639 2.84257 1124.94
204.942 327.781 3.34274 395.197 2.77975 1124.78
205.485 349.512 3.35815 417.771 2.77852 1099.12
340.979 264.819 3.23436 285.113 2.83618 1092.44
341.53 252.164 3.22564 266.77 2.84442 1118.16
203.812 309.803 3.31407 373.611 2.78066 1116.14
204.336 329.525 3.32824 395.423 2.77982 1090.3
341.848 261.588 3.22573 264.484 2.84012 1085.77
342.378 250.377 3.21941 253.349 2.8488 1111.67
202.666 306.133 3.30488 351.687 2.78159 1107.88
203.17 322.133 3.31421 367.103 2.78161 1081.86
342.729 255.03 3.21154 261.85 2.84629 1079.4
343.236 243.067 3.20353 259.678 2.85416 1105.49
201.504 287.338 3.27352 343.583 2.78227 1100.01
344.105 243.109 3.20073 277.61 2.85554 1099.6
199.888 271.62 3.2583 326.499 2.78616 1118.94
200.327 278.277 3.25593 330.186 2.78585 1092.53
344.984 238.886 3.19038 282.344 2.85894 1094.02
345.423 229.453 3.18579 277.579 2.86488 1120.52
198.718 264.227 3.24296 323.056 2.78829 1112.02
199.135 271.126 3.24113 324.461 2.78886 1085.46
345.872 240.652 3.19098 291.909 2.86207 1088.75
346.288 228.458 3.18143 282.737 2.86812 1115.4
197.535 260.185 3.2331 326.056 2.78852 1105.51
197.929 271.902 3.23907 333.264 2.78903 1078.81
346.77 244.662 3.19571 299.441 2.86624 1083.8
347.161 234.904 3.19118 288.625 2.87188 1110.59
196.34 247.97 3.20923 302.373 2.79031 1099.41
347.676 251.534 3.20544 303.494 2.86994 1079.17
348.043 239.204 3.19687 298.804 2.87446 1106.1
194.804 250.409 3.22385 311.333 2.78588 1120.72
195.132 256.284 3.22077 316.317 2.78795 1093.73
348.932 246.582 3.20802 311.566 2.87664 1101.92
193.609 250.91 3.22223 304.252 2.78389 1115.58
193.913 258.214 3.22143 314.125 2.78605 1088.48
349.828 247.837 3.20834 305.131 2.8788 1098.06
192.405 254.355 3.22587 310.405 2.77668 1110.87
192.684 264.268 3.22911 324.525 2.77887 1083.66
350.731 249.342 3.20923 293.898 2.88299 1094.52
351.005 241.983 3.20952 286.287 2.88655 1121.83
191.192 265.669 3.24268 312.452 2.77131 1106.59
191.445 272.92 3.24093 317.967 2.77327 1079.28
351.64 251.191 3.21086 294.22 2.88291 1091.32
351.888 245.26 3.21386 289.168 2.8868 1118.72
189.97 256.753 3.22598 312.546 2.76707 1102.74
190.196 260.505 3.21875 317.675 2.76819 1075.35
352.554 248.265 3.20435 276.046 2.88585 1088.44
352.776 242.213 3.20708 268.974 2.88828 1115.92
188.741 261.289 3.23192 336.272 2.75956 1099.34
353.474 243.809 3.19522 282.49 2.88758 1085.89
353.669 235.981 3.19456 274.678 2.88949 1113.45
187.341 272.305 3.2618 303.603 2.75104 1123.92
187.505 275.766 3.25389 309.816 2.7532 1096.38
354.398 245.101 3.19642 298.822 2.88476 1083.68
354.566 235.413 3.19247 294.176 2.88686 1111.31
186.126 258.127 3.23739 285.354 2.74833 1121.46
186.263 264.264 3.23415 283.021 2.75095 1093.87
355.325 248.162 3.20088 308.042 2.88372 1081.8
355.466 238.267 3.19682 299.581 2.88622 1109.49
184.906 253.76 3.22901 357.956 2.74671 1119.45
185.016 264.347 3.23327 364.183 2.7457 1091.81
356.256 246.176 3.19663 296.618 2.88447 1080.27
356.369 235.555 3.19112 288.585 2.88729 1108
183.683 241.686 3.20708 337.19 2.74797 1117.88
183.766 253.053 3.21352 343.447 2.7474 1090.21
357.19 236.731 3.17904 275.026 2.88964 1079.07
357.275 226.576 3.17368 266.258 2.89162 1106.84
182.457 204.717 3.13444 248.857 2.75658 1116.76
182.512 215.038 3.14226 266.034 2.75682 1089.06
358.126 226.559 3.15955 267.876 2.8954 1078.21
358.182 216.457 3.15343 251.857 2.89747 1106.01
181.229 198.753 3.12127 234.679 2.75282 1116.09
181.257 212.195 3.13614 251.252 2.75284 1088.38
359.062 221.846 3.15016 262.717 2.89598 1077.7
359.091 211.118 3.14234 244.012 2.89704 1105.51
180 221.493 3.16821 234.364 2.734 1115.86
180 227.593 3.16645 225.016 2.73582 1088.15
178.771 217.867 3.16115 269.673 2.71105 1116.09
178.743 225.673 3.16288 261.539 2.71069 1088.38
177.543 204.229 3.1334 264.114 2.71164 1116.76
177.488 214.478 3.14113 270.903 2.71184 1089.06
176.317 206.254 3.13823 246.703 2.70985 1117.88
176.234 214.651 3.14204 251.647 2.71043 1090.21
175.094 202.915 3.1319 241.636 2.70607 1119.45
174.984 214.614 3.14276 245.924 2.70404 1091.81
173.874 214.532 3.15705 214.493 2.70062 1121.46
173.737 230.095 3.17402 218.253 2.69687 1093.87
172.659 251.58 3.22742 223.588 2.68701 1123.92
172.495 280.334 3.26102 244.058 2.67986 1096.38
171.259 328.428 3.33124 273.256 2.65947 1099.34
170.03 404.881 3.42379 453.038 2.63059 1102.74
169.804 436.346 3.44277 553.486 2.62331 1075.35
168.808 447.375 3.46901 659.511 2.62439 1106.59
168.555 457.165 3.46497 704.819 2.61584 1079.28
167.595 419.413 3.44307 612.885 2.61369 1110.87
167.316 410.544 3.42043 612.839 2.60484 1083.66
166.391 333.733 3.34611 571.036 2.58937 1115.58
166.087 336.159 3.336 548.758 2.58132 1088.48
165.196 207.337 3.14187 363.728 2.61474 1120.72
164.868 202.851 3.11922 355.463 2.60723 1093.73
163.66 262.848 3.23454 171.837 2.6117 1099.41
